Flutter crash report.
Please report a bug at https://github.com/flutter/flutter/issues.

## command

flutter run

## exception

ShaderCompilerException: ShaderCompilerException: Shader compilation of "D:\flutter_windows_3.13.7-stable\flutter\packages\flutter\lib\src\material\shaders\ink_sparkle.frag" to "build\flutter_assets\shaders/ink_sparkle.frag" failed with exit code 1.
impellerc stdout:

impellerc stderr:
Could not write file to build\flutter_assets\shaders/ink_sparkle.frag.spirv




```
#0      ShaderCompiler.compileShader (package:flutter_tools/src/build_system/targets/shader_compiler.dart:200:9)
<asynchronous suspension>
#1      writeBundle.<anonymous closure> (package:flutter_tools/src/bundle_builder.dart:193:25)
<asynchronous suspension>
#2      Future.wait.<anonymous closure> (dart:async/future.dart:518:21)
<asynchronous suspension>
#3      writeBundle (package:flutter_tools/src/bundle_builder.dart:171:3)
<asynchronous suspension>
#4      WebDevFS.update (package:flutter_tools/src/isolated/devfs_web.dart:882:9)
<asynchronous suspension>
#5      ResidentWebRunner._updateDevFS (package:flutter_tools/src/isolated/resident_web_runner.dart:545:35)
<asynchronous suspension>
#6      ResidentWebRunner.run.<anonymous closure> (package:flutter_tools/src/isolated/resident_web_runner.dart:320:41)
<asynchronous suspension>
#7      asyncGuard.<anonymous closure> (package:flutter_tools/src/base/async_guard.dart:111:24)
<asynchronous suspension>
```

## flutter doctor

```
[32m[✓][39m Flutter (Channel beta, 3.18.0-0.2.pre, on Microsoft Windows [Version 10.0.19045.3930], locale en-US)
    [32m•[39m Flutter version 3.18.0-0.2.pre on channel beta at D:\flutter_windows_3.13.7-stable\flutter
    [32m•[39m Upstream repository https://github.com/flutter/flutter.git
    [32m•[39m Framework revision fed06b31d9 (6 weeks ago), 2023-12-13 14:53:33 -0800
    [32m•[39m Engine revision 39c6dc9bdd
    [32m•[39m Dart version 3.3.0 (build 3.3.0-174.3.beta)
    [32m•[39m DevTools version 2.30.0

[32m[✓][39m Windows Version (Installed version of Windows is version 10 or higher)

[33m[!][39m Android toolchain - develop for Android devices (Android SDK version 33.0.1)
    [32m•[39m Android SDK at C:\Users\Blue\AppData\Local\Android\sdk
    [31m✗[39m cmdline-tools component is missing
      Run `path/to/sdkmanager --install "cmdline-tools;latest"`
      See https://developer.android.com/studio/command-line for more details.
    [31m✗[39m Android license status unknown.
      Run `flutter doctor --android-licenses` to accept the SDK licenses.
      See https://flutter.dev/docs/get-started/install/windows#android-setup for more details.

[32m[✓][39m Chrome - develop for the web
    [32m•[39m Chrome at C:\Program Files\Google\Chrome\Application\chrome.exe

[32m[✓][39m Visual Studio - develop Windows apps (Visual Studio Community 2022 17.2.6)
    [32m•[39m Visual Studio at C:\Program Files\Microsoft Visual Studio\2022\Community
    [32m•[39m Visual Studio Community 2022 version 17.2.32630.192
    [32m•[39m Windows 10 SDK version 10.0.19041.0

[32m[✓][39m Android Studio (version 2022.3)
    [32m•[39m Android Studio at D:\Android\Android Studio
    [32m•[39m Flutter plugin can be installed from:
      🔨 https://plugins.jetbrains.com/plugin/9212-flutter
    [32m•[39m Dart plugin can be installed from:
      🔨 https://plugins.jetbrains.com/plugin/6351-dart
    [32m•[39m Java version OpenJDK Runtime Environment (build 17.0.6+0-b2043.56-10027231)

[32m[✓][39m Connected device (3 available)
    [32m•[39m Windows (desktop) • windows • windows-x64    • Microsoft Windows [Version 10.0.19045.3930]
    [32m•[39m Chrome (web)      • chrome  • web-javascript • Google Chrome 121.0.6167.85
    [32m•[39m Edge (web)        • edge    • web-javascript • Microsoft Edge 120.0.2210.91

[32m[✓][39m Network resources
    [32m•[39m All expected network resources are available.

[33m![39m Doctor found issues in 1 category.
```
