#
# There is insufficient memory for the Java Runtime Environment to continue.
# Native memory allocation (mmap) failed to map 132120576 bytes for G1 virtual space
# Possible reasons:
#   The system is out of physical RAM or swap space
#   The process is running with CompressedOops enabled, and the Java Heap may be blocking the growth of the native heap
# Possible solutions:
#   Reduce memory load on the system
#   Increase physical memory or swap space
#   Check if swap backing store is full
#   Decrease Java heap size (-Xmx/-Xms)
#   Decrease number of Java threads
#   Decrease Java thread stack sizes (-Xss)
#   Set larger code cache with -XX:ReservedCodeCacheSize=
#   JVM is running with Unscaled Compressed Oops mode in which the Java heap is
#     placed in the first 4GB address space. The Java Heap base address is the
#     maximum limit for the native heap growth. Please use -XX:HeapBaseMinAddress
#     to set the Java Heap base and to place the Java Heap above 4GB virtual address.
# This output file may be truncated or incomplete.
#
#  Out of Memory Error (os_windows.cpp:3769), pid=20976, tid=12608
#
# JRE version:  (17.0.6) (build )
# Java VM: OpenJDK 64-Bit Server VM (17.0.6+0-b2043.56-10027231, mixed mode, sharing, tiered, compressed oops, compressed class ptrs, g1 gc, windows-amd64)
# No core dump will be written. Minidumps are not enabled by default on client versions of Windows
#

---------------  S U M M A R Y ------------

Command Line: 

Host: Intel(R) Core(TM) i5-10300H CPU @ 2.50GHz, 8 cores, 7G,  Windows 10 , 64 bit Build 19041 (10.0.19041.3636)
Time: Thu Jan 18 14:29:03 2024 Romance Standard Time elapsed time: 0.056100 seconds (0d 0h 0m 0s)

---------------  T H R E A D  ---------------

Current thread (0x0000022902a3d7d0):  JavaThread "Unknown thread" [_thread_in_vm, id=12608, stack(0x00000033f2200000,0x00000033f2300000)]

Stack: [0x00000033f2200000,0x00000033f2300000]
Native frames: (J=compiled Java code, j=interpreted, Vv=VM code, C=native code)
V  [jvm.dll+0x683c9a]
V  [jvm.dll+0x8427a4]
V  [jvm.dll+0x843f9e]
V  [jvm.dll+0x844603]
V  [jvm.dll+0x249b75]
V  [jvm.dll+0x680b69]
V  [jvm.dll+0x67505a]
V  [jvm.dll+0x309acb]
V  [jvm.dll+0x310f86]
V  [jvm.dll+0x3608ee]
V  [jvm.dll+0x360b1f]
V  [jvm.dll+0x2dfbf8]
V  [jvm.dll+0x2e0b64]
V  [jvm.dll+0x814091]
V  [jvm.dll+0x36e6a1]
V  [jvm.dll+0x7f35cc]
V  [jvm.dll+0x3f0e8f]
V  [jvm.dll+0x3f29d1]
C  [jli.dll+0x526b]
C  [ucrtbase.dll+0x21bb2]
C  [KERNEL32.DLL+0x17344]
C  [ntdll.dll+0x526b1]


---------------  P R O C E S S  ---------------

Threads class SMR info:
_java_thread_list=0x00007fffe929c058, length=0, elements={
}

Java Threads: ( => current thread )

Other Threads:
  0x0000022904acf3a0 GCTaskThread "GC Thread#0" [stack: 0x00000033f2300000,0x00000033f2400000] [id=16696]
  0x0000022904adfda0 ConcurrentGCThread "G1 Main Marker" [stack: 0x00000033f2400000,0x00000033f2500000] [id=6228]
  0x0000022904ae0f50 ConcurrentGCThread "G1 Conc#0" [stack: 0x00000033f2500000,0x00000033f2600000] [id=1564]

[error occurred during error reporting (printing all threads), id 0xc0000005, EXCEPTION_ACCESS_VIOLATION (0xc0000005) at pc=0x00007fffe8a50797]

VM state: not at safepoint (not fully initialized)

VM Mutex/Monitor currently owned by a thread:  ([mutex/lock_event])
[0x0000022904a75210] Heap_lock - owner thread: 0x0000022902a3d7d0

Heap address: 0x0000000082a00000, size: 2006 MB, Compressed Oops mode: 32-bit

CDS archive(s) mapped at: [0x0000000000000000-0x0000000000000000-0x0000000000000000), size 0, SharedBaseAddress: 0x0000000800000000, ArchiveRelocationMode: 0.
Narrow klass base: 0x0000000000000000, Narrow klass shift: 0, Narrow klass range: 0x0

GC Precious Log:
<Empty>

Heap:
 garbage-first heap   total 0K, used 0K [0x0000000082a00000, 0x0000000100000000)
  region size 1024K, 0 young (0K), 0 survivors (0K)

[error occurred during error reporting (printing heap information), id 0xc0000005, EXCEPTION_ACCESS_VIOLATION (0xc0000005) at pc=0x00007fffe8e3da89]

GC Heap History (0 events):
No events

Dll operation events (1 events):
Event: 0.035 Loaded shared library D:\Android\Android Studio\jbr\bin\java.dll

Deoptimization events (0 events):
No events

Classes unloaded (0 events):
No events

Classes redefined (0 events):
No events

Internal exceptions (0 events):
No events

VM Operations (0 events):
No events

Events (0 events):
No events


Dynamic libraries:
0x00007ff612a60000 - 0x00007ff612a6a000 	D:\Android\Android Studio\jbr\bin\java.EXE
0x00007ff8564d0000 - 0x00007ff8566c8000 	C:\WINDOWS\SYSTEM32\ntdll.dll
0x00007ff8552b0000 - 0x00007ff85536d000 	C:\WINDOWS\System32\KERNEL32.DLL
0x00007ff854100000 - 0x00007ff8543f6000 	C:\WINDOWS\System32\KERNELBASE.dll
0x00007ff853c50000 - 0x00007ff853d50000 	C:\WINDOWS\System32\ucrtbase.dll
0x00007ff84baa0000 - 0x00007ff84bab7000 	D:\Android\Android Studio\jbr\bin\jli.dll
0x00007ff84b520000 - 0x00007ff84b53b000 	D:\Android\Android Studio\jbr\bin\VCRUNTIME140.dll
0x00007ff855ed0000 - 0x00007ff85606e000 	C:\WINDOWS\System32\USER32.dll
0x00007ff854450000 - 0x00007ff854472000 	C:\WINDOWS\System32\win32u.dll
0x00007ff83b920000 - 0x00007ff83bbba000 	C:\WINDOWS\WinSxS\amd64_microsoft.windows.common-controls_6595b64144ccf1df_6.0.19041.3636_none_60b6a03d71f818d5\COMCTL32.dll
0x00007ff8559b0000 - 0x00007ff8559dc000 	C:\WINDOWS\System32\GDI32.dll
0x00007ff855200000 - 0x00007ff85529e000 	C:\WINDOWS\System32\msvcrt.dll
0x00007ff853fe0000 - 0x00007ff8540fa000 	C:\WINDOWS\System32\gdi32full.dll
0x00007ff854480000 - 0x00007ff85451d000 	C:\WINDOWS\System32\msvcp_win.dll
0x00007ff855ab0000 - 0x00007ff855ae0000 	C:\WINDOWS\System32\IMM32.DLL
0x00007ff84f2e0000 - 0x00007ff84f2ec000 	D:\Android\Android Studio\jbr\bin\vcruntime140_1.dll
0x00007ff812380000 - 0x00007ff81240d000 	D:\Android\Android Studio\jbr\bin\msvcp140.dll
0x00007fffe8760000 - 0x00007fffe93ce000 	D:\Android\Android Studio\jbr\bin\server\jvm.dll
0x00007ff855140000 - 0x00007ff8551f3000 	C:\WINDOWS\System32\ADVAPI32.dll
0x00007ff8563f0000 - 0x00007ff85648f000 	C:\WINDOWS\System32\sechost.dll
0x00007ff855cb0000 - 0x00007ff855dd6000 	C:\WINDOWS\System32\RPCRT4.dll
0x00007ff853f20000 - 0x00007ff853f47000 	C:\WINDOWS\System32\bcrypt.dll
0x00007ff840e90000 - 0x00007ff840eb7000 	C:\WINDOWS\SYSTEM32\WINMM.dll
0x00007ff84f380000 - 0x00007ff84f38a000 	C:\WINDOWS\SYSTEM32\VERSION.dll
0x00007ff825c20000 - 0x00007ff825c29000 	C:\WINDOWS\SYSTEM32\WSOCK32.dll
0x00007ff855de0000 - 0x00007ff855e4b000 	C:\WINDOWS\System32\WS2_32.dll
0x00007ff8523e0000 - 0x00007ff8523f2000 	C:\WINDOWS\SYSTEM32\kernel.appcore.dll
0x00007ff84d6d0000 - 0x00007ff84d6da000 	D:\Android\Android Studio\jbr\bin\jimage.dll
0x00007ff851950000 - 0x00007ff851b34000 	C:\WINDOWS\SYSTEM32\DBGHELP.DLL
0x00007ff83f470000 - 0x00007ff83f4a4000 	C:\WINDOWS\SYSTEM32\dbgcore.DLL
0x00007ff853f50000 - 0x00007ff853fd2000 	C:\WINDOWS\System32\bcryptPrimitives.dll
0x00007ff84b4f0000 - 0x00007ff84b515000 	D:\Android\Android Studio\jbr\bin\java.dll

dbghelp: loaded successfully - version: 4.0.5 - missing functions: none
symbol engine: initialized successfully - sym options: 0x614 - pdb path: .;D:\Android\Android Studio\jbr\bin;C:\WINDOWS\SYSTEM32;C:\WINDOWS\WinSxS\amd64_microsoft.windows.common-controls_6595b64144ccf1df_6.0.19041.3636_none_60b6a03d71f818d5;D:\Android\Android Studio\jbr\bin\server

VM Arguments:
java_command: <unknown>
java_class_path (initial): <not set>
Launcher Type: SUN_STANDARD

[Global flags]
     intx CICompilerCount                          = 4                                         {product} {ergonomic}
     uint ConcGCThreads                            = 2                                         {product} {ergonomic}
     uint G1ConcRefinementThreads                  = 8                                         {product} {ergonomic}
   size_t G1HeapRegionSize                         = 1048576                                   {product} {ergonomic}
    uintx GCDrainStackTargetSize                   = 64                                        {product} {ergonomic}
   size_t InitialHeapSize                          = 132120576                                 {product} {ergonomic}
   size_t MarkStackSize                            = 4194304                                   {product} {ergonomic}
   size_t MaxHeapSize                              = 2103443456                                {product} {ergonomic}
   size_t MinHeapDeltaBytes                        = 1048576                                   {product} {ergonomic}
   size_t MinHeapSize                              = 8388608                                   {product} {ergonomic}
    uintx NonNMethodCodeHeapSize                   = 5839372                                {pd product} {ergonomic}
    uintx NonProfiledCodeHeapSize                  = 122909434                              {pd product} {ergonomic}
    uintx ProfiledCodeHeapSize                     = 122909434                              {pd product} {ergonomic}
    uintx ReservedCodeCacheSize                    = 251658240                              {pd product} {ergonomic}
     bool SegmentedCodeCache                       = true                                      {product} {ergonomic}
   size_t SoftMaxHeapSize                          = 2103443456                             {manageable} {ergonomic}
     bool UseCompressedClassPointers               = true                           {product lp64_product} {ergonomic}
     bool UseCompressedOops                        = true                           {product lp64_product} {ergonomic}
     bool UseG1GC                                  = true                                      {product} {ergonomic}
     bool UseLargePagesIndividualAllocation        = false                                  {pd product} {ergonomic}

Logging:
Log output configuration:
 #0: stdout all=warning uptime,level,tags
 #1: stderr all=off uptime,level,tags

Environment Variables:
PATH=D:\anaconda3;D:\anaconda3\Library\mingw-w64\bin;D:\anaconda3\Library\usr\bin;D:\anaconda3\Library\bin;D:\anaconda3\Scripts;D:\anaconda3\bin;D:\anaconda3\condabin;D:\flutter_windows_3.13.7-stable\flutter\bin;D:\cuda_app\second\bin;D:\cuda_app\second\libnvvp;.;D:\Oracle\dbhomeXE\bin;D:\app\Blue\product\21c\dbhomeXE\bin;C:\Program Files\Common Files\Oracle\Java\javapath;C:\Program Files (x86)\Common Files\Oracle\Java\javapath;C:\WINDOWS\system32;C:\WINDOWS;C:\WINDOWS\System32\Wbem;C:\WINDOWS\System32\WindowsPowerShell\v1.0;C:\WINDOWS\System32\OpenSSH;C:\Program Files\Microsoft SQL Server\150\Tools\Binn;C:\Program Files\dotnet;D:\nodejs;C:\Program Files (x86)\NVIDIA Corporation\PhysX\Common;C:\Program Files\NVIDIA Corporation\NVIDIA NvDLISR;C:\PHP;C:\composer;C:\Program Files\OpenSSL-Win64\bin;C:\Program Files\Redis;c:\page;C:\Program Files\CMake\bin;d:\page;D:\Git\cmd;C:\Program Files\NVIDIA Corporation\Nsight Compute 2022.3.0;D:\Python_p\Python312\Scripts;D:\Python_p\Python312;C:\Users\Blue\AppData\Local\Programs\Python\Launcher;C:\Users\Blue\AppData\Local\Microsoft\WindowsApps;C:\Users\Blue\.dotnet\tools;C:\Users\Blue\AppData\Roaming\npm;C:\Users\Blue\ffmpeg-git-full\ffmpeg-2022-09-22-git-af919cf780-full_build\bin;D:\CodeBlocks\MinGW\bin;D:\IntelliJ IDEA Community Edition 2022.3.2\bin;C:\Users\Blue\AppData\Roaming\Composer\vendor\bin;D:\Microsoft VS Code\bin;C:\MinGW\bin;C:\Program Files\apache-maven-3.9.4-bin\apache-maven-3.9.4\bin;C:\Program Files\kotlin-compiler-1.2.21\kotlinc\bin;D:\spark-3.5.0-bin-hadoop3\spark-3.5.0-bin-hadoop3\bin;D:\winutils\bin;C:\Program Files\NVIDIA GPU Computing Toolkit\CUDA\v11.7\bin;C:\Windows\System32;C:\Windows\System32\cmd.exe;G:\anaconda3\Scripts;G:\anaconda3;C:\Windows\SysWOW64;D:\dartsdk-windows-x64-release\dart-sdk\bin;D:\flutter_windows_3.13.7-stable\flutter\bin;D:\flutter_windows_3.13.7-stable\flutter\bin\mingit\cmd
USERNAME=Blue
LANG=en_US.UTF-8
OS=Windows_NT
PROCESSOR_IDENTIFIER=Intel64 Family 6 Model 165 Stepping 2, GenuineIntel
TMP=C:\Users\Blue\AppData\Local\Temp
TEMP=C:\Users\Blue\AppData\Local\Temp


JNI global refs:

[error occurred during error reporting (JNI global references), id 0xc0000005, EXCEPTION_ACCESS_VIOLATION (0xc0000005) at pc=0x00007fffe8817a10]


---------------  S Y S T E M  ---------------

OS:
 Windows 10 , 64 bit Build 19041 (10.0.19041.3636)
OS uptime: 0 days 14:42 hours

CPU: total 8 (initial active 8) (4 cores per cpu, 2 threads per core) family 6 model 165 stepping 2 microcode 0xe2, cx8, cmov, fxsr, ht, mmx, 3dnowpref, sse, sse2, sse3, ssse3, sse4.1, sse4.2, popcnt, lzcnt, tsc, tscinvbit, avx, avx2, aes, erms, clmul, bmi1, bmi2, adx, fma, vzeroupper, clflush, clflushopt

Memory: 4k page, system-wide physical 8023M (507M free)
TotalPageFile size 19472M (AvailPageFile size 93M)
current process WorkingSet (physical memory assigned to process): 10M, peak: 10M
current process commit charge ("private bytes"): 60M, peak: 186M

vm_info: OpenJDK 64-Bit Server VM (17.0.6+0-b2043.56-10027231) for windows-amd64 JRE (17.0.6+0-b2043.56-10027231), built on Apr 28 2023 00:43:19 by "androidbuild" with MS VC++ 16.10 / 16.11 (VS2019)

END.
