#
# There is insufficient memory for the Java Runtime Environment to continue.
# Native memory allocation (mmap) failed to map 65536 bytes for Failed to commit metaspace.
# Possible reasons:
#   The system is out of physical RAM or swap space
#   The process is running with CompressedOops enabled, and the Java Heap may be blocking the growth of the native heap
# Possible solutions:
#   Reduce memory load on the system
#   Increase physical memory or swap space
#   Check if swap backing store is full
#   Decrease Java heap size (-Xmx/-Xms)
#   Decrease number of Java threads
#   Decrease Java thread stack sizes (-Xss)
#   Set larger code cache with -XX:ReservedCodeCacheSize=
#   JVM is running with Unscaled Compressed Oops mode in which the Java heap is
#     placed in the first 4GB address space. The Java Heap base address is the
#     maximum limit for the native heap growth. Please use -XX:HeapBaseMinAddress
#     to set the Java Heap base and to place the Java Heap above 4GB virtual address.
# This output file may be truncated or incomplete.
#
#  Out of Memory Error (virtualSpaceNode.cpp:110), pid=3192, tid=18548
#
# JRE version: OpenJDK Runtime Environment (17.0.6) (build 17.0.6+0-b2043.56-10027231)
# Java VM: OpenJDK 64-Bit Server VM (17.0.6+0-b2043.56-10027231, mixed mode, tiered, compressed oops, compressed class ptrs, g1 gc, windows-amd64)
# No core dump will be written. Minidumps are not enabled by default on client versions of Windows
#

---------------  S U M M A R Y ------------

Command Line: -Dorg.gradle.appname=gradlew org.gradle.wrapper.GradleWrapperMain -q -Ptarget-platform=android-arm64 -Ptarget=D:\AndroidStudioProjects\error_404_s_application7\lib\main.dart -Pbase-application-name=android.app.Application -Pdart-defines=RkxVVFRFUl9XRUJfQVVUT19ERVRFQ1Q9dHJ1ZQ==,RkxVVFRFUl9XRUJfQ0FOVkFTS0lUX1VSTD1odHRwczovL3d3dy5nc3RhdGljLmNvbS9mbHV0dGVyLWNhbnZhc2tpdC8zOWM2ZGM5YmRkM2JhMmJjMzg3ZTZlMTRiNzJmY2U1ZjQ2YWJmY2FlLw== -Pdart-obfuscation=false -Ptrack-widget-creation=true -Ptree-shake-icons=false -Pfilesystem-scheme=org-dartlang-root assembleDebug

Host: Intel(R) Core(TM) i5-10300H CPU @ 2.50GHz, 8 cores, 7G,  Windows 10 , 64 bit Build 19041 (10.0.19041.3636)
Time: Fri Jan 19 11:16:42 2024 Romance Standard Time elapsed time: 6.032367 seconds (0d 0h 0m 6s)

---------------  T H R E A D  ---------------

Current thread (0x000002b90df7b170):  JavaThread "main" [_thread_in_vm, id=18548, stack(0x000000c655b00000,0x000000c655c00000)]

Stack: [0x000000c655b00000,0x000000c655c00000]
Native frames: (J=compiled Java code, j=interpreted, Vv=VM code, C=native code)
V  [jvm.dll+0x683c9a]
V  [jvm.dll+0x8427a4]
V  [jvm.dll+0x843f9e]
V  [jvm.dll+0x844603]
V  [jvm.dll+0x249b75]
V  [jvm.dll+0x83e7fb]
V  [jvm.dll+0x628006]
V  [jvm.dll+0x62806a]
V  [jvm.dll+0x62a87a]
V  [jvm.dll+0x6289a6]
V  [jvm.dll+0x23ef80]
V  [jvm.dll+0x1ee40d]
V  [jvm.dll+0x1e3dcc]
V  [jvm.dll+0x547fed]
V  [jvm.dll+0x1f46eb]
V  [jvm.dll+0x7bc7cb]
V  [jvm.dll+0x7bdc12]
V  [jvm.dll+0x7be3a9]
V  [jvm.dll+0x1eecf4]
V  [jvm.dll+0x1e3de5]
V  [jvm.dll+0x547fed]
V  [jvm.dll+0x1f46eb]
V  [jvm.dll+0x7bc7cb]
V  [jvm.dll+0x7bdc12]
V  [jvm.dll+0x7bdf48]
V  [jvm.dll+0x24190e]
V  [jvm.dll+0x38437e]
C  0x000002b91898b5bb

Java frames: (J=compiled Java code, j=interpreted, Vv=VM code)
j  jdk.internal.reflect.NativeMethodAccessorImpl.invoke(Ljava/lang/Object;[Ljava/lang/Object;)Ljava/lang/Object;+52 java.base@17.0.6
j  jdk.internal.reflect.DelegatingMethodAccessorImpl.invoke(Ljava/lang/Object;[Ljava/lang/Object;)Ljava/lang/Object;+6 java.base@17.0.6
j  java.lang.reflect.Method.invoke(Ljava/lang/Object;[Ljava/lang/Object;)Ljava/lang/Object;+59 java.base@17.0.6
j  org.gradle.internal.dispatch.ReflectionDispatch.dispatch(Lorg/gradle/internal/dispatch/MethodInvocation;)V+19
j  org.gradle.internal.dispatch.ReflectionDispatch.dispatch(Ljava/lang/Object;)V+5
j  org.gradle.internal.event.AbstractBroadcastDispatch.dispatch(Lorg/gradle/internal/dispatch/MethodInvocation;Lorg/gradle/internal/dispatch/Dispatch;)V+2
j  org.gradle.internal.event.BroadcastDispatch$SingletonDispatch.dispatch(Lorg/gradle/internal/dispatch/MethodInvocation;)V+6
j  org.gradle.internal.event.BroadcastDispatch$SingletonDispatch.dispatch(Ljava/lang/Object;)V+5
j  org.gradle.internal.event.ListenerBroadcast.dispatch(Lorg/gradle/internal/dispatch/MethodInvocation;)V+5
j  org.gradle.internal.event.ListenerBroadcast.dispatch(Ljava/lang/Object;)V+5
j  org.gradle.internal.dispatch.ProxyDispatchAdapter$DispatchingInvocationHandler.invoke(Ljava/lang/Object;Ljava/lang/reflect/Method;[Ljava/lang/Object;)Ljava/lang/Object;+177
j  jdk.proxy1.$Proxy0.onOutput(Lorg/gradle/internal/logging/events/OutputEvent;)V+16 jdk.proxy1
j  org.gradle.internal.logging.sink.OutputEventTransformer.onOutput(Lorg/gradle/internal/logging/events/OutputEvent;)V+278
j  org.gradle.internal.logging.sink.OutputEventRenderer.onOutput(Lorg/gradle/internal/logging/events/OutputEvent;)V+85
j  org.gradle.internal.logging.sink.OutputEventListenerManager$1.onOutput(Lorg/gradle/internal/logging/events/OutputEvent;)V+8
j  org.gradle.launcher.daemon.client.DaemonClient.monitorBuild(Lorg/gradle/launcher/daemon/protocol/Build;Lorg/gradle/launcher/daemon/diagnostics/DaemonDiagnostics;Lorg/gradle/internal/remote/internal/Connection;Lorg/gradle/initialization/BuildCancellationToken;Lorg/gradle/initialization/BuildEventConsumer;)Ljava/lang/Object;+159
j  org.gradle.launcher.daemon.client.DaemonClient.executeBuild(Lorg/gradle/launcher/daemon/protocol/Build;Lorg/gradle/launcher/daemon/client/DaemonClientConnection;Lorg/gradle/initialization/BuildCancellationToken;Lorg/gradle/initialization/BuildEventConsumer;)Lorg/gradle/launcher/exec/BuildActionResult;+128
j  org.gradle.launcher.daemon.client.DaemonClient.execute(Lorg/gradle/internal/invocation/BuildAction;Lorg/gradle/launcher/exec/BuildActionParameters;Lorg/gradle/initialization/BuildRequestContext;)Lorg/gradle/launcher/exec/BuildActionResult;+135
j  org.gradle.launcher.daemon.client.DaemonClient.execute(Lorg/gradle/internal/invocation/BuildAction;Ljava/lang/Object;Ljava/lang/Object;)Lorg/gradle/launcher/exec/BuildActionResult;+10
j  org.gradle.launcher.cli.RunBuildAction.run()V+74
j  org.gradle.internal.Actions$RunnableActionAdapter.execute(Ljava/lang/Object;)V+4
j  org.gradle.launcher.cli.DefaultCommandLineActionFactory$ParseAndBuildAction.execute(Lorg/gradle/launcher/bootstrap/ExecutionListener;)V+60
j  org.gradle.launcher.cli.DefaultCommandLineActionFactory$ParseAndBuildAction.execute(Ljava/lang/Object;)V+5
j  org.gradle.launcher.cli.DebugLoggerWarningAction.execute(Lorg/gradle/launcher/bootstrap/ExecutionListener;)V+9
j  org.gradle.launcher.cli.DebugLoggerWarningAction.execute(Ljava/lang/Object;)V+5
j  org.gradle.launcher.cli.WelcomeMessageAction.execute(Lorg/gradle/launcher/bootstrap/ExecutionListener;)V+218
j  org.gradle.launcher.cli.WelcomeMessageAction.execute(Ljava/lang/Object;)V+5
j  org.gradle.launcher.cli.NativeServicesInitializingAction.execute(Lorg/gradle/launcher/bootstrap/ExecutionListener;)V+35
j  org.gradle.launcher.cli.NativeServicesInitializingAction.execute(Ljava/lang/Object;)V+5
j  org.gradle.launcher.cli.ExceptionReportingAction.execute(Lorg/gradle/launcher/bootstrap/ExecutionListener;)V+5
j  org.gradle.launcher.cli.ExceptionReportingAction.execute(Ljava/lang/Object;)V+5
j  org.gradle.launcher.cli.DefaultCommandLineActionFactory$WithLogging.execute(Lorg/gradle/launcher/bootstrap/ExecutionListener;)V+299
j  org.gradle.launcher.Main.doAction([Ljava/lang/String;Lorg/gradle/launcher/bootstrap/ExecutionListener;)V+14
j  org.gradle.launcher.bootstrap.EntryPoint.run([Ljava/lang/String;)V+12
v  ~StubRoutines::call_stub
j  jdk.internal.reflect.NativeMethodAccessorImpl.invoke0(Ljava/lang/reflect/Method;Ljava/lang/Object;[Ljava/lang/Object;)Ljava/lang/Object;+0 java.base@17.0.6
j  jdk.internal.reflect.NativeMethodAccessorImpl.invoke(Ljava/lang/Object;[Ljava/lang/Object;)Ljava/lang/Object;+133 java.base@17.0.6
j  jdk.internal.reflect.DelegatingMethodAccessorImpl.invoke(Ljava/lang/Object;[Ljava/lang/Object;)Ljava/lang/Object;+6 java.base@17.0.6
j  java.lang.reflect.Method.invoke(Ljava/lang/Object;[Ljava/lang/Object;)Ljava/lang/Object;+59 java.base@17.0.6
j  org.gradle.launcher.bootstrap.ProcessBootstrap.runNoExit(Ljava/lang/String;[Ljava/lang/String;)V+159
j  org.gradle.launcher.bootstrap.ProcessBootstrap.run(Ljava/lang/String;[Ljava/lang/String;)V+2
v  ~StubRoutines::call_stub
j  jdk.internal.reflect.NativeMethodAccessorImpl.invoke0(Ljava/lang/reflect/Method;Ljava/lang/Object;[Ljava/lang/Object;)Ljava/lang/Object;+0 java.base@17.0.6
j  jdk.internal.reflect.NativeMethodAccessorImpl.invoke(Ljava/lang/Object;[Ljava/lang/Object;)Ljava/lang/Object;+133 java.base@17.0.6
j  jdk.internal.reflect.DelegatingMethodAccessorImpl.invoke(Ljava/lang/Object;[Ljava/lang/Object;)Ljava/lang/Object;+6 java.base@17.0.6
j  java.lang.reflect.Method.invoke(Ljava/lang/Object;[Ljava/lang/Object;)Ljava/lang/Object;+59 java.base@17.0.6
j  org.gradle.launcher.GradleMain.main([Ljava/lang/String;)V+100
v  ~StubRoutines::call_stub
j  jdk.internal.reflect.NativeMethodAccessorImpl.invoke0(Ljava/lang/reflect/Method;Ljava/lang/Object;[Ljava/lang/Object;)Ljava/lang/Object;+0 java.base@17.0.6
j  jdk.internal.reflect.NativeMethodAccessorImpl.invoke(Ljava/lang/Object;[Ljava/lang/Object;)Ljava/lang/Object;+133 java.base@17.0.6
j  jdk.internal.reflect.DelegatingMethodAccessorImpl.invoke(Ljava/lang/Object;[Ljava/lang/Object;)Ljava/lang/Object;+6 java.base@17.0.6
j  java.lang.reflect.Method.invoke(Ljava/lang/Object;[Ljava/lang/Object;)Ljava/lang/Object;+59 java.base@17.0.6
j  org.gradle.wrapper.BootstrapMainStarter.start([Ljava/lang/String;Ljava/io/File;)V+82
j  org.gradle.wrapper.WrapperExecutor.execute([Ljava/lang/String;Lorg/gradle/wrapper/Install;Lorg/gradle/wrapper/BootstrapMainStarter;)V+14
j  org.gradle.wrapper.GradleWrapperMain.main([Ljava/lang/String;)V+190
v  ~StubRoutines::call_stub

---------------  P R O C E S S  ---------------

Threads class SMR info:
_java_thread_list=0x000002b929f55610, length=15, elements={
0x000002b90df7b170, 0x000002b927c8d010, 0x000002b927c58e20, 0x000002b92880f860,
0x000002b928812230, 0x000002b928812af0, 0x000002b9288133b0, 0x000002b928813fa0,
0x000002b928814950, 0x000002b928815250, 0x000002b9289ab1e0, 0x000002b9289b3950,
0x000002b92906dfe0, 0x000002b929ef23d0, 0x000002b92a094cc0
}

Java Threads: ( => current thread )
=>0x000002b90df7b170 JavaThread "main" [_thread_in_vm, id=18548, stack(0x000000c655b00000,0x000000c655c00000)]
  0x000002b927c8d010 JavaThread "Reference Handler" daemon [_thread_blocked, id=15624, stack(0x000000c656200000,0x000000c656300000)]
  0x000002b927c58e20 JavaThread "Finalizer" daemon [_thread_blocked, id=18948, stack(0x000000c656300000,0x000000c656400000)]
  0x000002b92880f860 JavaThread "Signal Dispatcher" daemon [_thread_blocked, id=7008, stack(0x000000c656400000,0x000000c656500000)]
  0x000002b928812230 JavaThread "Attach Listener" daemon [_thread_blocked, id=2768, stack(0x000000c656500000,0x000000c656600000)]
  0x000002b928812af0 JavaThread "Service Thread" daemon [_thread_blocked, id=468, stack(0x000000c656600000,0x000000c656700000)]
  0x000002b9288133b0 JavaThread "Monitor Deflation Thread" daemon [_thread_blocked, id=19016, stack(0x000000c656700000,0x000000c656800000)]
  0x000002b928813fa0 JavaThread "C2 CompilerThread0" daemon [_thread_blocked, id=18072, stack(0x000000c656800000,0x000000c656900000)]
  0x000002b928814950 JavaThread "C1 CompilerThread0" daemon [_thread_blocked, id=9232, stack(0x000000c656900000,0x000000c656a00000)]
  0x000002b928815250 JavaThread "Sweeper thread" daemon [_thread_blocked, id=14020, stack(0x000000c656a00000,0x000000c656b00000)]
  0x000002b9289ab1e0 JavaThread "Notification Thread" daemon [_thread_blocked, id=16160, stack(0x000000c656b00000,0x000000c656c00000)]
  0x000002b9289b3950 JavaThread "Common-Cleaner" daemon [_thread_blocked, id=2916, stack(0x000000c656d00000,0x000000c656e00000)]
  0x000002b92906dfe0 JavaThread "pool-1-thread-1" [_thread_blocked, id=19316, stack(0x000000c656e00000,0x000000c656f00000)]
  0x000002b929ef23d0 JavaThread "DisconnectableInputStream source reader" daemon [_thread_in_native, id=1960, stack(0x000000c657400000,0x000000c657500000)]
  0x000002b92a094cc0 JavaThread "Forward input" [_thread_blocked, id=16832, stack(0x000000c657500000,0x000000c657600000)]

Other Threads:
  0x000002b927c7b650 VMThread "VM Thread" [stack: 0x000000c656100000,0x000000c656200000] [id=16800]
  0x000002b9289ab6b0 WatcherThread [stack: 0x000000c656c00000,0x000000c656d00000] [id=16144]
  0x000002b90dfd4aa0 GCTaskThread "GC Thread#0" [stack: 0x000000c655c00000,0x000000c655d00000] [id=19256]
  0x000002b928c31a90 GCTaskThread "GC Thread#1" [stack: 0x000000c656f00000,0x000000c657000000] [id=13748]
  0x000002b92a0b8c00 GCTaskThread "GC Thread#2" [stack: 0x000000c657000000,0x000000c657100000] [id=688]
  0x000002b929cce040 GCTaskThread "GC Thread#3" [stack: 0x000000c657100000,0x000000c657200000] [id=8008]
  0x000002b92906dd30 GCTaskThread "GC Thread#4" [stack: 0x000000c657200000,0x000000c657300000] [id=18628]
  0x000002b90dfe53b0 ConcurrentGCThread "G1 Main Marker" [stack: 0x000000c655d00000,0x000000c655e00000] [id=7052]
  0x000002b90dfe6470 ConcurrentGCThread "G1 Conc#0" [stack: 0x000000c655e00000,0x000000c655f00000] [id=5240]
  0x000002b927ac24c0 ConcurrentGCThread "G1 Refine#0" [stack: 0x000000c655f00000,0x000000c656000000] [id=14300]
  0x000002b927ac2df0 ConcurrentGCThread "G1 Service" [stack: 0x000000c656000000,0x000000c656100000] [id=11384]

Threads with active compile tasks:

VM state: not at safepoint (normal execution)

VM Mutex/Monitor currently owned by a thread:  ([mutex/lock_event])
[0x000002b90be4d190] Metaspace_lock - owner thread: 0x000002b90df7b170

Heap address: 0x0000000082a00000, size: 2006 MB, Compressed Oops mode: 32-bit

CDS archive(s) not mapped
Compressed class space mapped at: 0x0000000100000000-0x0000000140000000, reserved size: 1073741824
Narrow klass base: 0x0000000000000000, Narrow klass shift: 3, Narrow klass range: 0x140000000

GC Precious Log:
 CPUs: 8 total, 8 available
 Memory: 8023M
 Large Page Support: Disabled
 NUMA Support: Disabled
 Compressed Oops: Enabled (32-bit)
 Heap Region Size: 1M
 Heap Min Capacity: 8M
 Heap Initial Capacity: 126M
 Heap Max Capacity: 2006M
 Pre-touch: Disabled
 Parallel Workers: 8
 Concurrent Workers: 2
 Concurrent Refinement Workers: 8
 Periodic GC: Disabled

Heap:
 garbage-first heap   total 129024K, used 21568K [0x0000000082a00000, 0x0000000100000000)
  region size 1024K, 16 young (16384K), 3 survivors (3072K)
 Metaspace       used 15937K, committed 16128K, reserved 1064960K
  class space    used 1869K, committed 1984K, reserved 1048576K

Heap Regions: E=young(eden), S=young(survivor), O=old, HS=humongous(starts), HC=humongous(continues), CS=collection set, F=free, OA=open archive, CA=closed archive, TAMS=top-at-mark-start (previous, next)
|   0|0x0000000082a00000, 0x0000000082a00000, 0x0000000082b00000|  0%| F|  |TAMS 0x0000000082a00000, 0x0000000082a00000| Untracked 
|   1|0x0000000082b00000, 0x0000000082b00000, 0x0000000082c00000|  0%| F|  |TAMS 0x0000000082b00000, 0x0000000082b00000| Untracked 
|   2|0x0000000082c00000, 0x0000000082c00000, 0x0000000082d00000|  0%| F|  |TAMS 0x0000000082c00000, 0x0000000082c00000| Untracked 
|   3|0x0000000082d00000, 0x0000000082e00000, 0x0000000082e00000|100%|HS|  |TAMS 0x0000000082d00000, 0x0000000082d00000| Complete 
|   4|0x0000000082e00000, 0x0000000082f00000, 0x0000000082f00000|100%|HC|  |TAMS 0x0000000082e00000, 0x0000000082e00000| Complete 
|   5|0x0000000082f00000, 0x0000000083000000, 0x0000000083000000|100%|HC|  |TAMS 0x0000000082f00000, 0x0000000082f00000| Complete 
|   6|0x0000000083000000, 0x0000000083100000, 0x0000000083100000|100%| O|  |TAMS 0x0000000083000000, 0x0000000083000000| Untracked 
|   7|0x0000000083100000, 0x0000000083200000, 0x0000000083200000|100%| O|  |TAMS 0x0000000083100000, 0x0000000083100000| Untracked 
|   8|0x0000000083200000, 0x0000000083300000, 0x0000000083300000|100%| O|  |TAMS 0x0000000083200000, 0x0000000083200000| Untracked 
|   9|0x0000000083300000, 0x0000000083310000, 0x0000000083400000|  6%| O|  |TAMS 0x0000000083300000, 0x0000000083300000| Untracked 
|  10|0x0000000083400000, 0x0000000083400000, 0x0000000083500000|  0%| F|  |TAMS 0x0000000083400000, 0x0000000083400000| Untracked 
|  11|0x0000000083500000, 0x0000000083500000, 0x0000000083600000|  0%| F|  |TAMS 0x0000000083500000, 0x0000000083500000| Untracked 
|  12|0x0000000083600000, 0x0000000083600000, 0x0000000083700000|  0%| F|  |TAMS 0x0000000083600000, 0x0000000083600000| Untracked 
|  13|0x0000000083700000, 0x0000000083700000, 0x0000000083800000|  0%| F|  |TAMS 0x0000000083700000, 0x0000000083700000| Untracked 
|  14|0x0000000083800000, 0x0000000083800000, 0x0000000083900000|  0%| F|  |TAMS 0x0000000083800000, 0x0000000083800000| Untracked 
|  15|0x0000000083900000, 0x0000000083900000, 0x0000000083a00000|  0%| F|  |TAMS 0x0000000083900000, 0x0000000083900000| Untracked 
|  16|0x0000000083a00000, 0x0000000083a00000, 0x0000000083b00000|  0%| F|  |TAMS 0x0000000083a00000, 0x0000000083a00000| Untracked 
|  17|0x0000000083b00000, 0x0000000083b00000, 0x0000000083c00000|  0%| F|  |TAMS 0x0000000083b00000, 0x0000000083b00000| Untracked 
|  18|0x0000000083c00000, 0x0000000083c00000, 0x0000000083d00000|  0%| F|  |TAMS 0x0000000083c00000, 0x0000000083c00000| Untracked 
|  19|0x0000000083d00000, 0x0000000083d00000, 0x0000000083e00000|  0%| F|  |TAMS 0x0000000083d00000, 0x0000000083d00000| Untracked 
|  20|0x0000000083e00000, 0x0000000083e00000, 0x0000000083f00000|  0%| F|  |TAMS 0x0000000083e00000, 0x0000000083e00000| Untracked 
|  21|0x0000000083f00000, 0x0000000083f00000, 0x0000000084000000|  0%| F|  |TAMS 0x0000000083f00000, 0x0000000083f00000| Untracked 
|  22|0x0000000084000000, 0x0000000084000000, 0x0000000084100000|  0%| F|  |TAMS 0x0000000084000000, 0x0000000084000000| Untracked 
|  23|0x0000000084100000, 0x0000000084100000, 0x0000000084200000|  0%| F|  |TAMS 0x0000000084100000, 0x0000000084100000| Untracked 
|  24|0x0000000084200000, 0x0000000084200000, 0x0000000084300000|  0%| F|  |TAMS 0x0000000084200000, 0x0000000084200000| Untracked 
|  25|0x0000000084300000, 0x0000000084300000, 0x0000000084400000|  0%| F|  |TAMS 0x0000000084300000, 0x0000000084300000| Untracked 
|  26|0x0000000084400000, 0x0000000084400000, 0x0000000084500000|  0%| F|  |TAMS 0x0000000084400000, 0x0000000084400000| Untracked 
|  27|0x0000000084500000, 0x0000000084500000, 0x0000000084600000|  0%| F|  |TAMS 0x0000000084500000, 0x0000000084500000| Untracked 
|  28|0x0000000084600000, 0x0000000084600000, 0x0000000084700000|  0%| F|  |TAMS 0x0000000084600000, 0x0000000084600000| Untracked 
|  29|0x0000000084700000, 0x0000000084700000, 0x0000000084800000|  0%| F|  |TAMS 0x0000000084700000, 0x0000000084700000| Untracked 
|  30|0x0000000084800000, 0x0000000084800000, 0x0000000084900000|  0%| F|  |TAMS 0x0000000084800000, 0x0000000084800000| Untracked 
|  31|0x0000000084900000, 0x0000000084900000, 0x0000000084a00000|  0%| F|  |TAMS 0x0000000084900000, 0x0000000084900000| Untracked 
|  32|0x0000000084a00000, 0x0000000084a00000, 0x0000000084b00000|  0%| F|  |TAMS 0x0000000084a00000, 0x0000000084a00000| Untracked 
|  33|0x0000000084b00000, 0x0000000084b00000, 0x0000000084c00000|  0%| F|  |TAMS 0x0000000084b00000, 0x0000000084b00000| Untracked 
|  34|0x0000000084c00000, 0x0000000084c00000, 0x0000000084d00000|  0%| F|  |TAMS 0x0000000084c00000, 0x0000000084c00000| Untracked 
|  35|0x0000000084d00000, 0x0000000084d00000, 0x0000000084e00000|  0%| F|  |TAMS 0x0000000084d00000, 0x0000000084d00000| Untracked 
|  36|0x0000000084e00000, 0x0000000084e00000, 0x0000000084f00000|  0%| F|  |TAMS 0x0000000084e00000, 0x0000000084e00000| Untracked 
|  37|0x0000000084f00000, 0x0000000084f00000, 0x0000000085000000|  0%| F|  |TAMS 0x0000000084f00000, 0x0000000084f00000| Untracked 
|  38|0x0000000085000000, 0x0000000085000000, 0x0000000085100000|  0%| F|  |TAMS 0x0000000085000000, 0x0000000085000000| Untracked 
|  39|0x0000000085100000, 0x0000000085100000, 0x0000000085200000|  0%| F|  |TAMS 0x0000000085100000, 0x0000000085100000| Untracked 
|  40|0x0000000085200000, 0x0000000085200000, 0x0000000085300000|  0%| F|  |TAMS 0x0000000085200000, 0x0000000085200000| Untracked 
|  41|0x0000000085300000, 0x0000000085300000, 0x0000000085400000|  0%| F|  |TAMS 0x0000000085300000, 0x0000000085300000| Untracked 
|  42|0x0000000085400000, 0x0000000085400000, 0x0000000085500000|  0%| F|  |TAMS 0x0000000085400000, 0x0000000085400000| Untracked 
|  43|0x0000000085500000, 0x0000000085500000, 0x0000000085600000|  0%| F|  |TAMS 0x0000000085500000, 0x0000000085500000| Untracked 
|  44|0x0000000085600000, 0x0000000085600000, 0x0000000085700000|  0%| F|  |TAMS 0x0000000085600000, 0x0000000085600000| Untracked 
|  45|0x0000000085700000, 0x0000000085700000, 0x0000000085800000|  0%| F|  |TAMS 0x0000000085700000, 0x0000000085700000| Untracked 
|  46|0x0000000085800000, 0x0000000085800000, 0x0000000085900000|  0%| F|  |TAMS 0x0000000085800000, 0x0000000085800000| Untracked 
|  47|0x0000000085900000, 0x0000000085900000, 0x0000000085a00000|  0%| F|  |TAMS 0x0000000085900000, 0x0000000085900000| Untracked 
|  48|0x0000000085a00000, 0x0000000085a00000, 0x0000000085b00000|  0%| F|  |TAMS 0x0000000085a00000, 0x0000000085a00000| Untracked 
|  49|0x0000000085b00000, 0x0000000085b00000, 0x0000000085c00000|  0%| F|  |TAMS 0x0000000085b00000, 0x0000000085b00000| Untracked 
|  50|0x0000000085c00000, 0x0000000085c00000, 0x0000000085d00000|  0%| F|  |TAMS 0x0000000085c00000, 0x0000000085c00000| Untracked 
|  51|0x0000000085d00000, 0x0000000085d00000, 0x0000000085e00000|  0%| F|  |TAMS 0x0000000085d00000, 0x0000000085d00000| Untracked 
|  52|0x0000000085e00000, 0x0000000085e00000, 0x0000000085f00000|  0%| F|  |TAMS 0x0000000085e00000, 0x0000000085e00000| Untracked 
|  53|0x0000000085f00000, 0x0000000085f00000, 0x0000000086000000|  0%| F|  |TAMS 0x0000000085f00000, 0x0000000085f00000| Untracked 
|  54|0x0000000086000000, 0x0000000086000000, 0x0000000086100000|  0%| F|  |TAMS 0x0000000086000000, 0x0000000086000000| Untracked 
|  55|0x0000000086100000, 0x0000000086100000, 0x0000000086200000|  0%| F|  |TAMS 0x0000000086100000, 0x0000000086100000| Untracked 
|  56|0x0000000086200000, 0x0000000086200000, 0x0000000086300000|  0%| F|  |TAMS 0x0000000086200000, 0x0000000086200000| Untracked 
|  57|0x0000000086300000, 0x0000000086300000, 0x0000000086400000|  0%| F|  |TAMS 0x0000000086300000, 0x0000000086300000| Untracked 
|  58|0x0000000086400000, 0x0000000086400000, 0x0000000086500000|  0%| F|  |TAMS 0x0000000086400000, 0x0000000086400000| Untracked 
|  59|0x0000000086500000, 0x0000000086500000, 0x0000000086600000|  0%| F|  |TAMS 0x0000000086500000, 0x0000000086500000| Untracked 
|  60|0x0000000086600000, 0x0000000086600000, 0x0000000086700000|  0%| F|  |TAMS 0x0000000086600000, 0x0000000086600000| Untracked 
|  61|0x0000000086700000, 0x0000000086700000, 0x0000000086800000|  0%| F|  |TAMS 0x0000000086700000, 0x0000000086700000| Untracked 
|  62|0x0000000086800000, 0x0000000086800000, 0x0000000086900000|  0%| F|  |TAMS 0x0000000086800000, 0x0000000086800000| Untracked 
|  63|0x0000000086900000, 0x0000000086900000, 0x0000000086a00000|  0%| F|  |TAMS 0x0000000086900000, 0x0000000086900000| Untracked 
|  64|0x0000000086a00000, 0x0000000086a00000, 0x0000000086b00000|  0%| F|  |TAMS 0x0000000086a00000, 0x0000000086a00000| Untracked 
|  65|0x0000000086b00000, 0x0000000086b00000, 0x0000000086c00000|  0%| F|  |TAMS 0x0000000086b00000, 0x0000000086b00000| Untracked 
|  66|0x0000000086c00000, 0x0000000086c00000, 0x0000000086d00000|  0%| F|  |TAMS 0x0000000086c00000, 0x0000000086c00000| Untracked 
|  67|0x0000000086d00000, 0x0000000086d00000, 0x0000000086e00000|  0%| F|  |TAMS 0x0000000086d00000, 0x0000000086d00000| Untracked 
|  68|0x0000000086e00000, 0x0000000086e00000, 0x0000000086f00000|  0%| F|  |TAMS 0x0000000086e00000, 0x0000000086e00000| Untracked 
|  69|0x0000000086f00000, 0x0000000086f00000, 0x0000000087000000|  0%| F|  |TAMS 0x0000000086f00000, 0x0000000086f00000| Untracked 
|  70|0x0000000087000000, 0x0000000087000000, 0x0000000087100000|  0%| F|  |TAMS 0x0000000087000000, 0x0000000087000000| Untracked 
|  71|0x0000000087100000, 0x0000000087100000, 0x0000000087200000|  0%| F|  |TAMS 0x0000000087100000, 0x0000000087100000| Untracked 
|  72|0x0000000087200000, 0x0000000087200000, 0x0000000087300000|  0%| F|  |TAMS 0x0000000087200000, 0x0000000087200000| Untracked 
|  73|0x0000000087300000, 0x0000000087300000, 0x0000000087400000|  0%| F|  |TAMS 0x0000000087300000, 0x0000000087300000| Untracked 
|  74|0x0000000087400000, 0x0000000087400000, 0x0000000087500000|  0%| F|  |TAMS 0x0000000087400000, 0x0000000087400000| Untracked 
|  75|0x0000000087500000, 0x0000000087500000, 0x0000000087600000|  0%| F|  |TAMS 0x0000000087500000, 0x0000000087500000| Untracked 
|  76|0x0000000087600000, 0x0000000087600000, 0x0000000087700000|  0%| F|  |TAMS 0x0000000087600000, 0x0000000087600000| Untracked 
|  77|0x0000000087700000, 0x0000000087700000, 0x0000000087800000|  0%| F|  |TAMS 0x0000000087700000, 0x0000000087700000| Untracked 
|  78|0x0000000087800000, 0x0000000087800000, 0x0000000087900000|  0%| F|  |TAMS 0x0000000087800000, 0x0000000087800000| Untracked 
|  79|0x0000000087900000, 0x0000000087900000, 0x0000000087a00000|  0%| F|  |TAMS 0x0000000087900000, 0x0000000087900000| Untracked 
|  80|0x0000000087a00000, 0x0000000087a00000, 0x0000000087b00000|  0%| F|  |TAMS 0x0000000087a00000, 0x0000000087a00000| Untracked 
|  81|0x0000000087b00000, 0x0000000087b00000, 0x0000000087c00000|  0%| F|  |TAMS 0x0000000087b00000, 0x0000000087b00000| Untracked 
|  82|0x0000000087c00000, 0x0000000087c00000, 0x0000000087d00000|  0%| F|  |TAMS 0x0000000087c00000, 0x0000000087c00000| Untracked 
|  83|0x0000000087d00000, 0x0000000087d00000, 0x0000000087e00000|  0%| F|  |TAMS 0x0000000087d00000, 0x0000000087d00000| Untracked 
|  84|0x0000000087e00000, 0x0000000087e00000, 0x0000000087f00000|  0%| F|  |TAMS 0x0000000087e00000, 0x0000000087e00000| Untracked 
|  85|0x0000000087f00000, 0x0000000087f00000, 0x0000000088000000|  0%| F|  |TAMS 0x0000000087f00000, 0x0000000087f00000| Untracked 
|  86|0x0000000088000000, 0x0000000088000000, 0x0000000088100000|  0%| F|  |TAMS 0x0000000088000000, 0x0000000088000000| Untracked 
|  87|0x0000000088100000, 0x0000000088100000, 0x0000000088200000|  0%| F|  |TAMS 0x0000000088100000, 0x0000000088100000| Untracked 
|  88|0x0000000088200000, 0x0000000088200000, 0x0000000088300000|  0%| F|  |TAMS 0x0000000088200000, 0x0000000088200000| Untracked 
|  89|0x0000000088300000, 0x0000000088300000, 0x0000000088400000|  0%| F|  |TAMS 0x0000000088300000, 0x0000000088300000| Untracked 
|  90|0x0000000088400000, 0x0000000088400000, 0x0000000088500000|  0%| F|  |TAMS 0x0000000088400000, 0x0000000088400000| Untracked 
|  91|0x0000000088500000, 0x0000000088500000, 0x0000000088600000|  0%| F|  |TAMS 0x0000000088500000, 0x0000000088500000| Untracked 
|  92|0x0000000088600000, 0x0000000088600000, 0x0000000088700000|  0%| F|  |TAMS 0x0000000088600000, 0x0000000088600000| Untracked 
|  93|0x0000000088700000, 0x0000000088700000, 0x0000000088800000|  0%| F|  |TAMS 0x0000000088700000, 0x0000000088700000| Untracked 
|  94|0x0000000088800000, 0x0000000088800000, 0x0000000088900000|  0%| F|  |TAMS 0x0000000088800000, 0x0000000088800000| Untracked 
|  95|0x0000000088900000, 0x0000000088900000, 0x0000000088a00000|  0%| F|  |TAMS 0x0000000088900000, 0x0000000088900000| Untracked 
|  96|0x0000000088a00000, 0x0000000088a00000, 0x0000000088b00000|  0%| F|  |TAMS 0x0000000088a00000, 0x0000000088a00000| Untracked 
|  97|0x0000000088b00000, 0x0000000088b00000, 0x0000000088c00000|  0%| F|  |TAMS 0x0000000088b00000, 0x0000000088b00000| Untracked 
|  98|0x0000000088c00000, 0x0000000088c00000, 0x0000000088d00000|  0%| F|  |TAMS 0x0000000088c00000, 0x0000000088c00000| Untracked 
|  99|0x0000000088d00000, 0x0000000088d00000, 0x0000000088e00000|  0%| F|  |TAMS 0x0000000088d00000, 0x0000000088d00000| Untracked 
| 100|0x0000000088e00000, 0x0000000088f00000, 0x0000000088f00000|100%| S|CS|TAMS 0x0000000088e00000, 0x0000000088e00000| Complete 
| 101|0x0000000088f00000, 0x0000000089000000, 0x0000000089000000|100%| S|CS|TAMS 0x0000000088f00000, 0x0000000088f00000| Complete 
| 102|0x0000000089000000, 0x0000000089100000, 0x0000000089100000|100%| S|CS|TAMS 0x0000000089000000, 0x0000000089000000| Complete 
| 103|0x0000000089100000, 0x0000000089100000, 0x0000000089200000|  0%| F|  |TAMS 0x0000000089100000, 0x0000000089100000| Untracked 
| 104|0x0000000089200000, 0x0000000089200000, 0x0000000089300000|  0%| F|  |TAMS 0x0000000089200000, 0x0000000089200000| Untracked 
| 105|0x0000000089300000, 0x0000000089300000, 0x0000000089400000|  0%| F|  |TAMS 0x0000000089300000, 0x0000000089300000| Untracked 
| 106|0x0000000089400000, 0x0000000089400000, 0x0000000089500000|  0%| F|  |TAMS 0x0000000089400000, 0x0000000089400000| Untracked 
| 107|0x0000000089500000, 0x0000000089500000, 0x0000000089600000|  0%| F|  |TAMS 0x0000000089500000, 0x0000000089500000| Untracked 
| 108|0x0000000089600000, 0x0000000089600000, 0x0000000089700000|  0%| F|  |TAMS 0x0000000089600000, 0x0000000089600000| Untracked 
| 109|0x0000000089700000, 0x0000000089700000, 0x0000000089800000|  0%| F|  |TAMS 0x0000000089700000, 0x0000000089700000| Untracked 
| 110|0x0000000089800000, 0x0000000089800000, 0x0000000089900000|  0%| F|  |TAMS 0x0000000089800000, 0x0000000089800000| Untracked 
| 111|0x0000000089900000, 0x0000000089900000, 0x0000000089a00000|  0%| F|  |TAMS 0x0000000089900000, 0x0000000089900000| Untracked 
| 112|0x0000000089a00000, 0x0000000089a00000, 0x0000000089b00000|  0%| F|  |TAMS 0x0000000089a00000, 0x0000000089a00000| Untracked 
| 113|0x0000000089b00000, 0x0000000089bc5e10, 0x0000000089c00000| 77%| E|  |TAMS 0x0000000089b00000, 0x0000000089b00000| Complete 
| 114|0x0000000089c00000, 0x0000000089d00000, 0x0000000089d00000|100%| E|CS|TAMS 0x0000000089c00000, 0x0000000089c00000| Complete 
| 115|0x0000000089d00000, 0x0000000089e00000, 0x0000000089e00000|100%| E|CS|TAMS 0x0000000089d00000, 0x0000000089d00000| Complete 
| 116|0x0000000089e00000, 0x0000000089f00000, 0x0000000089f00000|100%| E|CS|TAMS 0x0000000089e00000, 0x0000000089e00000| Complete 
| 117|0x0000000089f00000, 0x000000008a000000, 0x000000008a000000|100%| E|CS|TAMS 0x0000000089f00000, 0x0000000089f00000| Complete 
| 118|0x000000008a000000, 0x000000008a100000, 0x000000008a100000|100%| E|CS|TAMS 0x000000008a000000, 0x000000008a000000| Complete 
| 119|0x000000008a100000, 0x000000008a200000, 0x000000008a200000|100%| E|CS|TAMS 0x000000008a100000, 0x000000008a100000| Complete 
| 120|0x000000008a200000, 0x000000008a300000, 0x000000008a300000|100%| E|CS|TAMS 0x000000008a200000, 0x000000008a200000| Complete 
| 121|0x000000008a300000, 0x000000008a400000, 0x000000008a400000|100%| E|CS|TAMS 0x000000008a300000, 0x000000008a300000| Complete 
| 122|0x000000008a400000, 0x000000008a500000, 0x000000008a500000|100%| E|CS|TAMS 0x000000008a400000, 0x000000008a400000| Complete 
| 123|0x000000008a500000, 0x000000008a600000, 0x000000008a600000|100%| E|CS|TAMS 0x000000008a500000, 0x000000008a500000| Complete 
| 124|0x000000008a600000, 0x000000008a700000, 0x000000008a700000|100%| E|CS|TAMS 0x000000008a600000, 0x000000008a600000| Complete 
| 125|0x000000008a700000, 0x000000008a800000, 0x000000008a800000|100%| E|CS|TAMS 0x000000008a700000, 0x000000008a700000| Complete 

Card table byte_map: [0x000002b920b70000,0x000002b920f60000] _byte_map_base: 0x000002b92075b000

Marking Bits (Prev, Next): (CMBitMap*) 0x000002b90dfd4fc0, (CMBitMap*) 0x000002b90dfd5000
 Prev Bits: [0x000002b921350000, 0x000002b9232a8000)
 Next Bits: [0x000002b9232b0000, 0x000002b925208000)

Polling page: 0x000002b90d740000

Metaspace:

Usage:
  Non-class:     13.74 MB used.
      Class:      1.83 MB used.
       Both:     15.56 MB used.

Virtual space:
  Non-class space:       16.00 MB reserved,      13.81 MB ( 86%) committed,  2 nodes.
      Class space:        1.00 GB reserved,       1.94 MB ( <1%) committed,  1 nodes.
             Both:        1.02 GB reserved,      15.75 MB (  2%) committed. 

Chunk freelists:
   Non-Class:  2.14 MB
       Class:  2.05 MB
        Both:  4.19 MB

MaxMetaspaceSize: unlimited
CompressedClassSpaceSize: 1.00 GB
Initial GC threshold: 21.00 MB
Current GC threshold: 21.00 MB
CDS: off
MetaspaceReclaimPolicy: balanced
 - commit_granule_bytes: 65536.
 - commit_granule_words: 8192.
 - virtual_space_node_default_size: 1048576.
 - enlarge_chunks_in_place: 1.
 - new_chunks_are_fully_committed: 0.
 - uncommit_free_chunks: 1.
 - use_allocation_guard: 0.
 - handle_deallocations: 1.


Internal statistics:

num_allocs_failed_limit: 0.
num_arena_births: 76.
num_arena_deaths: 0.
num_vsnodes_births: 3.
num_vsnodes_deaths: 0.
num_space_committed: 252.
num_space_uncommitted: 0.
num_chunks_returned_to_freelist: 0.
num_chunks_taken_from_freelist: 297.
num_chunk_merges: 0.
num_chunk_splits: 196.
num_chunks_enlarged: 159.
num_purges: 0.
num_inconsistent_stats: 0.

CodeHeap 'non-profiled nmethods': size=120000Kb used=462Kb max_used=462Kb free=119537Kb
 bounds [0x000002b918f10000, 0x000002b919180000, 0x000002b920440000]
CodeHeap 'profiled nmethods': size=120000Kb used=2099Kb max_used=2099Kb free=117900Kb
 bounds [0x000002b911440000, 0x000002b9116b0000, 0x000002b918970000]
CodeHeap 'non-nmethods': size=5760Kb used=1163Kb max_used=1182Kb free=4596Kb
 bounds [0x000002b918970000, 0x000002b918be0000, 0x000002b918f10000]
 total_blobs=1601 nmethods=1144 adapters=370
 compilation: enabled
              stopped_count=0, restarted_count=0
 full_count=0

Compilation events (20 events):
Event: 3.700 Thread 0x000002b928814950 1135       3       com.esotericsoftware.kryo.io.Output::require (209 bytes)
Event: 3.701 Thread 0x000002b928814950 nmethod 1135 0x000002b911649910 code [0x000002b911649be0, 0x000002b91164a618]
Event: 3.701 Thread 0x000002b928814950 1136       3       org.gradle.internal.serialize.kryo.KryoBackedEncoder::writeString (23 bytes)
Event: 3.701 Thread 0x000002b928814950 nmethod 1136 0x000002b91164aa10 code [0x000002b91164abc0, 0x000002b91164ae18]
Event: 3.768 Thread 0x000002b928814950 1137       1       java.util.concurrent.locks.AbstractOwnableSynchronizer::setExclusiveOwnerThread (6 bytes)
Event: 3.768 Thread 0x000002b928814950 nmethod 1137 0x000002b918f82490 code [0x000002b918f82620, 0x000002b918f82738]
Event: 3.866 Thread 0x000002b928813fa0 1138       4       java.lang.StringConcatHelper::prepend (37 bytes)
Event: 3.868 Thread 0x000002b928813fa0 nmethod 1138 0x000002b918f82790 code [0x000002b918f82920, 0x000002b918f82ab8]
Event: 3.872 Thread 0x000002b928814950 1139       3       java.lang.invoke.MethodHandles$Lookup::checkSymbolicClass (25 bytes)
Event: 3.873 Thread 0x000002b928814950 nmethod 1139 0x000002b91164af10 code [0x000002b91164b0e0, 0x000002b91164b348]
Event: 3.873 Thread 0x000002b928814950 1140       3       java.lang.invoke.MethodHandles$Lookup::checkAccess (232 bytes)
Event: 3.874 Thread 0x000002b928814950 nmethod 1140 0x000002b91164b490 code [0x000002b91164b780, 0x000002b91164c818]
Event: 4.074 Thread 0x000002b928814950 1141       1       java.util.concurrent.locks.AbstractOwnableSynchronizer::getExclusiveOwnerThread (5 bytes)
Event: 4.074 Thread 0x000002b928814950 nmethod 1141 0x000002b918f82c90 code [0x000002b918f82e20, 0x000002b918f82ef8]
Event: 4.074 Thread 0x000002b928814950 1142       1       java.util.concurrent.locks.AbstractQueuedSynchronizer::getState (5 bytes)
Event: 4.074 Thread 0x000002b928814950 nmethod 1142 0x000002b918f82f90 code [0x000002b918f83120, 0x000002b918f831f8]
Event: 4.371 Thread 0x000002b928814950 1143       1       java.util.concurrent.locks.AbstractQueuedSynchronizer::setState (6 bytes)
Event: 4.371 Thread 0x000002b928814950 nmethod 1143 0x000002b918f83290 code [0x000002b918f83420, 0x000002b918f834f8]
Event: 4.767 Thread 0x000002b928814950 1144       1       java.util.concurrent.atomic.AtomicInteger::get (5 bytes)
Event: 4.768 Thread 0x000002b928814950 nmethod 1144 0x000002b918f83590 code [0x000002b918f83720, 0x000002b918f837f8]

GC Heap History (2 events):
Event: 2.740 GC heap before
{Heap before GC invocations=0 (full 0):
 garbage-first heap   total 129024K, used 28672K [0x0000000082a00000, 0x0000000100000000)
  region size 1024K, 23 young (23552K), 0 survivors (0K)
 Metaspace       used 11284K, committed 11456K, reserved 1064960K
  class space    used 1194K, committed 1280K, reserved 1048576K
}
Event: 2.747 GC heap after
{Heap after GC invocations=1 (full 0):
 garbage-first heap   total 129024K, used 9280K [0x0000000082a00000, 0x0000000100000000)
  region size 1024K, 3 young (3072K), 3 survivors (3072K)
 Metaspace       used 11284K, committed 11456K, reserved 1064960K
  class space    used 1194K, committed 1280K, reserved 1048576K
}

Dll operation events (2 events):
Event: 0.009 Loaded shared library D:\Android\Android Studio\jbr\bin\java.dll
Event: 0.363 Loaded shared library D:\Android\Android Studio\jbr\bin\verify.dll

Deoptimization events (20 events):
Event: 3.006 Thread 0x000002b90df7b170 DEOPT PACKING pc=0x000002b918f6b8a8 sp=0x000000c655bfb100
Event: 3.006 Thread 0x000002b90df7b170 DEOPT UNPACKING pc=0x000002b9189c69a3 sp=0x000000c655bfb0a0 mode 2
Event: 3.006 Thread 0x000002b90df7b170 Uncommon trap: trap_request=0xffffffc6 fr.pc=0x000002b918f6b8a8 relative=0x00000000000005c8
Event: 3.006 Thread 0x000002b90df7b170 Uncommon trap: reason=bimorphic_or_optimized_type_check action=maybe_recompile pc=0x000002b918f6b8a8 method=java.util.concurrent.ConcurrentHashMap.get(Ljava/lang/Object;)Ljava/lang/Object; @ 149 c2
Event: 3.006 Thread 0x000002b90df7b170 DEOPT PACKING pc=0x000002b918f6b8a8 sp=0x000000c655bfb100
Event: 3.006 Thread 0x000002b90df7b170 DEOPT UNPACKING pc=0x000002b9189c69a3 sp=0x000000c655bfb0a0 mode 2
Event: 3.065 Thread 0x000002b90df7b170 DEOPT PACKING pc=0x000002b91155e438 sp=0x000000c655bfa300
Event: 3.065 Thread 0x000002b90df7b170 DEOPT UNPACKING pc=0x000002b9189c7143 sp=0x000000c655bf9818 mode 0
Event: 3.317 Thread 0x000002b90df7b170 Uncommon trap: trap_request=0xffffff45 fr.pc=0x000002b918f5d87c relative=0x0000000000001d3c
Event: 3.317 Thread 0x000002b90df7b170 Uncommon trap: reason=unstable_if action=reinterpret pc=0x000002b918f5d87c method=java.io.WinNTFileSystem.normalize(Ljava/lang/String;)Ljava/lang/String; @ 128 c2
Event: 3.317 Thread 0x000002b90df7b170 DEOPT PACKING pc=0x000002b918f5d87c sp=0x000000c655bfb920
Event: 3.317 Thread 0x000002b90df7b170 DEOPT UNPACKING pc=0x000002b9189c69a3 sp=0x000000c655bfb908 mode 2
Event: 3.565 Thread 0x000002b90df7b170 Uncommon trap: trap_request=0xffffff45 fr.pc=0x000002b918f45c24 relative=0x0000000000000664
Event: 3.565 Thread 0x000002b90df7b170 Uncommon trap: reason=unstable_if action=reinterpret pc=0x000002b918f45c24 method=java.lang.AbstractStringBuilder.append(Ljava/lang/String;)Ljava/lang/AbstractStringBuilder; @ 1 c2
Event: 3.565 Thread 0x000002b90df7b170 DEOPT PACKING pc=0x000002b918f45c24 sp=0x000000c655bfc690
Event: 3.565 Thread 0x000002b90df7b170 DEOPT UNPACKING pc=0x000002b9189c69a3 sp=0x000000c655bfc610 mode 2
Event: 3.566 Thread 0x000002b90df7b170 Uncommon trap: trap_request=0xffffff45 fr.pc=0x000002b918f505a4 relative=0x0000000000000664
Event: 3.566 Thread 0x000002b90df7b170 Uncommon trap: reason=unstable_if action=reinterpret pc=0x000002b918f505a4 method=java.lang.AbstractStringBuilder.append(Ljava/lang/String;)Ljava/lang/AbstractStringBuilder; @ 1 c2
Event: 3.566 Thread 0x000002b90df7b170 DEOPT PACKING pc=0x000002b918f505a4 sp=0x000000c655bfc630
Event: 3.566 Thread 0x000002b90df7b170 DEOPT UNPACKING pc=0x000002b9189c69a3 sp=0x000000c655bfc618 mode 2

Classes unloaded (0 events):
No events

Classes redefined (0 events):
No events

Internal exceptions (19 events):
Event: 0.564 Thread 0x000002b90df7b170 Exception <a 'java/lang/NoSuchMethodError'{0x000000008a42c270}: 'int java.lang.invoke.DirectMethodHandle$Holder.invokeStaticInit(java.lang.Object, java.lang.Object)'> (0x000000008a42c270) 
thrown [s\src\hotspot\share\interpreter\linkResolver.cpp, line 771]
Event: 2.555 Thread 0x000002b90df7b170 Exception <a 'java/lang/NoSuchMethodError'{0x00000000893a1960}: 'void java.lang.invoke.DirectMethodHandle$Holder.invokeStatic(java.lang.Object, java.lang.Object)'> (0x00000000893a1960) 
thrown [s\src\hotspot\share\interpreter\linkResolver.cpp, line 771]
Event: 2.619 Thread 0x000002b90df7b170 Exception <a 'java/lang/NoClassDefFoundError'{0x000000008922b410}: org/slf4j/impl/StaticMarkerBinder> (0x000000008922b410) 
thrown [s\src\hotspot\share\classfile\systemDictionary.cpp, line 245]
Event: 2.661 Thread 0x000002b90df7b170 Exception <a 'java/lang/NoSuchMethodError'{0x00000000892c6200}: 'java.lang.Object java.lang.invoke.DirectMethodHandle$Holder.invokeVirtual(java.lang.Object, java.lang.Object, java.lang.Object, java.lang.Object, java.lang.Object, java.lang.Object, java.lang.Object)'> (0x00000000892c6200) 
thrown [s\src\hotspot\share\interpreter\linkResolver.cpp, line 771]
Event: 2.674 Thread 0x000002b90df7b170 Exception <a 'java/lang/NoSuchMethodError'{0x00000000892d7d30}: 'java.lang.Object java.lang.invoke.Invokers$Holder.invoker(java.lang.Object, java.lang.Object, java.lang.Object)'> (0x00000000892d7d30) 
thrown [s\src\hotspot\share\interpreter\linkResolver.cpp, line 771]
Event: 2.677 Thread 0x000002b90df7b170 Exception <a 'java/lang/NoSuchMethodError'{0x00000000892e0dd8}: 'java.lang.Object java.lang.invoke.DirectMethodHandle$Holder.invokeStatic(java.lang.Object, java.lang.Object, int)'> (0x00000000892e0dd8) 
thrown [s\src\hotspot\share\interpreter\linkResolver.cpp, line 771]
Event: 2.679 Thread 0x000002b90df7b170 Exception <a 'java/lang/NoSuchMethodError'{0x00000000892ecac8}: 'void java.lang.invoke.DelegatingMethodHandle$Holder.delegate(java.lang.Object, java.lang.Object, int, java.lang.Object)'> (0x00000000892ecac8) 
thrown [s\src\hotspot\share\interpreter\linkResolver.cpp, line 771]
Event: 2.680 Thread 0x000002b90df7b170 Exception <a 'java/lang/NoSuchMethodError'{0x00000000892f0e60}: 'int java.lang.invoke.DirectMethodHandle$Holder.invokeSpecial(java.lang.Object, java.lang.Object, java.lang.Object)'> (0x00000000892f0e60) 
thrown [s\src\hotspot\share\interpreter\linkResolver.cpp, line 771]
Event: 2.685 Thread 0x000002b90df7b170 Exception <a 'java/lang/NoSuchMethodError'{0x0000000089104688}: 'java.lang.Object java.lang.invoke.Invokers$Holder.invokeExact_MT(java.lang.Object, java.lang.Object, java.lang.Object, java.lang.Object)'> (0x0000000089104688) 
thrown [s\src\hotspot\share\interpreter\linkResolver.cpp, line 771]
Event: 2.854 Thread 0x000002b90df7b170 Exception <a 'java/lang/NoSuchMethodError'{0x000000008a41cb48}: 'java.lang.Object java.lang.invoke.DirectMethodHandle$Holder.invokeInterface(java.lang.Object, java.lang.Object, java.lang.Object)'> (0x000000008a41cb48) 
thrown [s\src\hotspot\share\interpreter\linkResolver.cpp, line 771]
Event: 2.860 Thread 0x000002b90df7b170 Exception <a 'java/lang/NoSuchMethodError'{0x000000008a43e478}: 'void java.lang.invoke.DirectMethodHandle$Holder.invokeSpecial(java.lang.Object, java.lang.Object, java.lang.Object)'> (0x000000008a43e478) 
thrown [s\src\hotspot\share\interpreter\linkResolver.cpp, line 771]
Event: 2.879 Thread 0x000002b90df7b170 Implicit null exception at 0x000002b918f5a193 to 0x000002b918f5a5ec
Event: 2.879 Thread 0x000002b90df7b170 Implicit null exception at 0x000002b918f49891 to 0x000002b918f49cc8
Event: 2.913 Thread 0x000002b90df7b170 Exception <a 'java/lang/NoSuchMethodError'{0x000000008a2247a8}: 'java.lang.Object java.lang.invoke.DirectMethodHandle$Holder.invokeStaticInit(java.lang.Object)'> (0x000000008a2247a8) 
thrown [s\src\hotspot\share\interpreter\linkResolver.cpp, line 771]
Event: 3.100 Thread 0x000002b90df7b170 Exception <a 'java/lang/NoSuchMethodError'{0x0000000089e19aa8}: 'java.lang.Object java.lang.invoke.DirectMethodHandle$Holder.invokeStaticInit(java.lang.Object, int, int, int, int)'> (0x0000000089e19aa8) 
thrown [s\src\hotspot\share\interpreter\linkResolver.cpp, line 771]
Event: 3.329 Thread 0x000002b90df7b170 Exception <a 'java/lang/NoSuchMethodError'{0x0000000089e3fdd8}: 'java.lang.Object java.lang.invoke.DirectMethodHandle$Holder.invokeStaticInit(java.lang.Object, java.lang.Object, int, int, int, int)'> (0x0000000089e3fdd8) 
thrown [s\src\hotspot\share\interpreter\linkResolver.cpp, line 771]
Event: 3.546 Thread 0x000002b90df7b170 Exception <a 'java/lang/NoSuchMethodError'{0x0000000089e6d540}: 'void java.lang.invoke.DirectMethodHandle$Holder.invokeStatic(java.lang.Object, java.lang.Object, java.lang.Object)'> (0x0000000089e6d540) 
thrown [s\src\hotspot\share\interpreter\linkResolver.cpp, line 771]
Event: 3.565 Thread 0x000002b90df7b170 Implicit null exception at 0x000002b918f455f2 to 0x000002b918f45c0c
Event: 3.566 Thread 0x000002b90df7b170 Implicit null exception at 0x000002b918f4ff72 to 0x000002b918f5058c

VM Operations (16 events):
Event: 0.354 Executing VM operation: HandshakeAllThreads
Event: 0.354 Executing VM operation: HandshakeAllThreads done
Event: 1.362 Executing VM operation: Cleanup
Event: 1.363 Executing VM operation: Cleanup done
Event: 2.366 Executing VM operation: Cleanup
Event: 2.382 Executing VM operation: Cleanup done
Event: 2.677 Executing VM operation: HandshakeAllThreads
Event: 2.677 Executing VM operation: HandshakeAllThreads done
Event: 2.739 Executing VM operation: G1CollectForAllocation
Event: 2.747 Executing VM operation: G1CollectForAllocation done
Event: 3.012 Executing VM operation: HandshakeAllThreads
Event: 3.012 Executing VM operation: HandshakeAllThreads done
Event: 3.321 Executing VM operation: HandshakeAllThreads
Event: 3.321 Executing VM operation: HandshakeAllThreads done
Event: 4.325 Executing VM operation: Cleanup
Event: 4.325 Executing VM operation: Cleanup done

Events (20 events):
Event: 3.871 loading class java/util/concurrent/ForkJoinPool
Event: 3.872 loading class java/util/concurrent/ForkJoinPool done
Event: 3.872 loading class java/lang/invoke/VarHandleInts$FieldStaticReadWrite
Event: 3.873 loading class java/lang/invoke/VarHandleInts$FieldStaticReadOnly
Event: 3.873 loading class java/lang/invoke/VarHandleInts$FieldStaticReadOnly done
Event: 3.873 loading class java/lang/invoke/VarHandleInts$FieldStaticReadWrite done
Event: 3.873 loading class java/util/concurrent/ForkJoinPool$DefaultForkJoinWorkerThreadFactory
Event: 3.873 loading class java/util/concurrent/ForkJoinPool$ForkJoinWorkerThreadFactory
Event: 3.873 loading class java/util/concurrent/ForkJoinPool$ForkJoinWorkerThreadFactory done
Event: 3.873 loading class java/util/concurrent/ForkJoinPool$DefaultForkJoinWorkerThreadFactory done
Event: 3.873 loading class java/util/concurrent/ForkJoinPool$1
Event: 3.873 loading class java/util/concurrent/ForkJoinPool$1 done
Event: 3.873 loading class java/util/concurrent/ForkJoinPool$DefaultCommonPoolForkJoinWorkerThreadFactory
Event: 3.873 loading class java/util/concurrent/ForkJoinPool$DefaultCommonPoolForkJoinWorkerThreadFactory done
Event: 3.874 loading class java/util/concurrent/ForkJoinPool$WorkQueue
Event: 3.874 loading class java/util/concurrent/ForkJoinPool$WorkQueue done
Event: 3.874 loading class java/util/concurrent/ForkJoinWorkerThread
Event: 3.874 loading class java/util/concurrent/ForkJoinWorkerThread done
Event: 6.029 loading class jdk/internal/reflect/MethodAccessorGenerator
Event: 6.029 loading class jdk/internal/reflect/AccessorGenerator


Dynamic libraries:
0x00007ff7f1b90000 - 0x00007ff7f1b9a000 	D:\Android\Android Studio\jbr\bin\java.exe
0x00007ff82f930000 - 0x00007ff82fb28000 	C:\WINDOWS\SYSTEM32\ntdll.dll
0x00007ff82da30000 - 0x00007ff82daed000 	C:\WINDOWS\System32\KERNEL32.DLL
0x00007ff82d420000 - 0x00007ff82d716000 	C:\WINDOWS\System32\KERNELBASE.dll
0x00007ff82d0a0000 - 0x00007ff82d1a0000 	C:\WINDOWS\System32\ucrtbase.dll
0x00007ff824b80000 - 0x00007ff824b9b000 	D:\Android\Android Studio\jbr\bin\VCRUNTIME140.dll
0x00007ff824ba0000 - 0x00007ff824bb7000 	D:\Android\Android Studio\jbr\bin\jli.dll
0x00007ff82f430000 - 0x00007ff82f5ce000 	C:\WINDOWS\System32\USER32.dll
0x00007ff82d070000 - 0x00007ff82d092000 	C:\WINDOWS\System32\win32u.dll
0x00007ff82eb50000 - 0x00007ff82eb7c000 	C:\WINDOWS\System32\GDI32.dll
0x00007ff82d1a0000 - 0x00007ff82d2ba000 	C:\WINDOWS\System32\gdi32full.dll
0x00007ff82d7a0000 - 0x00007ff82d83d000 	C:\WINDOWS\System32\msvcp_win.dll
0x00007ff8154b0000 - 0x00007ff81574a000 	C:\WINDOWS\WinSxS\amd64_microsoft.windows.common-controls_6595b64144ccf1df_6.0.19041.3636_none_60b6a03d71f818d5\COMCTL32.dll
0x00007ff82e640000 - 0x00007ff82e6de000 	C:\WINDOWS\System32\msvcrt.dll
0x00007ff82f830000 - 0x00007ff82f860000 	C:\WINDOWS\System32\IMM32.DLL
0x00007ff827780000 - 0x00007ff82778c000 	D:\Android\Android Studio\jbr\bin\vcruntime140_1.dll
0x00007ffff80c0000 - 0x00007ffff814d000 	D:\Android\Android Studio\jbr\bin\msvcp140.dll
0x00007fffc6730000 - 0x00007fffc739e000 	D:\Android\Android Studio\jbr\bin\server\jvm.dll
0x00007ff82f370000 - 0x00007ff82f423000 	C:\WINDOWS\System32\ADVAPI32.dll
0x00007ff82f2d0000 - 0x00007ff82f36f000 	C:\WINDOWS\System32\sechost.dll
0x00007ff82f5d0000 - 0x00007ff82f6f6000 	C:\WINDOWS\System32\RPCRT4.dll
0x00007ff82d770000 - 0x00007ff82d797000 	C:\WINDOWS\System32\bcrypt.dll
0x00007ff81aa00000 - 0x00007ff81aa27000 	C:\WINDOWS\SYSTEM32\WINMM.dll
0x00007ff8026a0000 - 0x00007ff8026a9000 	C:\WINDOWS\SYSTEM32\WSOCK32.dll
0x00007ff825d20000 - 0x00007ff825d2a000 	C:\WINDOWS\SYSTEM32\VERSION.dll
0x00007ff82df90000 - 0x00007ff82dffb000 	C:\WINDOWS\System32\WS2_32.dll
0x00007ff82b840000 - 0x00007ff82b852000 	C:\WINDOWS\SYSTEM32\kernel.appcore.dll
0x00007ff8267b0000 - 0x00007ff8267ba000 	D:\Android\Android Studio\jbr\bin\jimage.dll
0x00007ff82ac60000 - 0x00007ff82ae44000 	C:\WINDOWS\SYSTEM32\DBGHELP.DLL
0x00007ff818e60000 - 0x00007ff818e94000 	C:\WINDOWS\SYSTEM32\dbgcore.DLL
0x00007ff82d8f0000 - 0x00007ff82d972000 	C:\WINDOWS\System32\bcryptPrimitives.dll
0x00007ff819a70000 - 0x00007ff819a95000 	D:\Android\Android Studio\jbr\bin\java.dll
0x00007ff80c170000 - 0x00007ff80c188000 	D:\Android\Android Studio\jbr\bin\zip.dll
0x00007ff82eb80000 - 0x00007ff82f2c5000 	C:\WINDOWS\System32\SHELL32.dll
0x00007ff82b090000 - 0x00007ff82b82b000 	C:\WINDOWS\SYSTEM32\windows.storage.dll
0x00007ff82e280000 - 0x00007ff82e5d4000 	C:\WINDOWS\System32\combase.dll
0x00007ff82ca30000 - 0x00007ff82ca5d000 	C:\WINDOWS\SYSTEM32\Wldp.dll
0x00007ff82d980000 - 0x00007ff82da2d000 	C:\WINDOWS\System32\SHCORE.dll
0x00007ff82e5e0000 - 0x00007ff82e635000 	C:\WINDOWS\System32\shlwapi.dll
0x00007ff82cf30000 - 0x00007ff82cf55000 	C:\WINDOWS\SYSTEM32\profapi.dll
0x00007ff80c150000 - 0x00007ff80c169000 	D:\Android\Android Studio\jbr\bin\net.dll
0x00007ff823300000 - 0x00007ff82340a000 	C:\WINDOWS\SYSTEM32\WINHTTP.dll
0x00007ff82c790000 - 0x00007ff82c7fa000 	C:\WINDOWS\system32\mswsock.dll
0x00007ff80c040000 - 0x00007ff80c056000 	D:\Android\Android Studio\jbr\bin\nio.dll
0x00007ff8266e0000 - 0x00007ff8266f0000 	D:\Android\Android Studio\jbr\bin\verify.dll
0x00007ff80b5b0000 - 0x00007ff80b5d7000 	C:\Users\Blue\.gradle\native\e1d6ef7f7dcc3fd88c89a11ec53ec762bb8ba0a96d01ffa2cd45eb1d1d8dd5c5\windows-amd64\native-platform.dll
0x00007ff826390000 - 0x00007ff826399000 	D:\Android\Android Studio\jbr\bin\management.dll
0x00007ff824b70000 - 0x00007ff824b7b000 	D:\Android\Android Studio\jbr\bin\management_ext.dll
0x00007ff82e000000 - 0x00007ff82e008000 	C:\WINDOWS\System32\PSAPI.DLL
0x00007ff82c980000 - 0x00007ff82c998000 	C:\WINDOWS\SYSTEM32\CRYPTSP.dll
0x00007ff82c050000 - 0x00007ff82c084000 	C:\WINDOWS\system32\rsaenh.dll
0x00007ff82cef0000 - 0x00007ff82cf1e000 	C:\WINDOWS\SYSTEM32\USERENV.dll
0x00007ff82c9a0000 - 0x00007ff82c9ac000 	C:\WINDOWS\SYSTEM32\CRYPTBASE.dll
0x00007ff82c430000 - 0x00007ff82c46b000 	C:\WINDOWS\SYSTEM32\IPHLPAPI.DLL
0x00007ff82e1c0000 - 0x00007ff82e1c8000 	C:\WINDOWS\System32\NSI.dll
0x00007ff824f70000 - 0x00007ff824f87000 	C:\WINDOWS\SYSTEM32\dhcpcsvc6.DLL
0x00007ff824f50000 - 0x00007ff824f6d000 	C:\WINDOWS\SYSTEM32\dhcpcsvc.DLL
0x00007ff82c480000 - 0x00007ff82c54a000 	C:\WINDOWS\SYSTEM32\DNSAPI.dll
0x00007ff82b000000 - 0x00007ff82b007000 	C:\WINDOWS\system32\wshunix.dll

dbghelp: loaded successfully - version: 4.0.5 - missing functions: none
symbol engine: initialized successfully - sym options: 0x614 - pdb path: .;D:\Android\Android Studio\jbr\bin;C:\WINDOWS\SYSTEM32;C:\WINDOWS\WinSxS\amd64_microsoft.windows.common-controls_6595b64144ccf1df_6.0.19041.3636_none_60b6a03d71f818d5;D:\Android\Android Studio\jbr\bin\server;C:\Users\Blue\.gradle\native\e1d6ef7f7dcc3fd88c89a11ec53ec762bb8ba0a96d01ffa2cd45eb1d1d8dd5c5\windows-amd64

VM Arguments:
jvm_args: -Dorg.gradle.appname=gradlew 
java_command: org.gradle.wrapper.GradleWrapperMain -q -Ptarget-platform=android-arm64 -Ptarget=D:\AndroidStudioProjects\error_404_s_application7\lib\main.dart -Pbase-application-name=android.app.Application -Pdart-defines=RkxVVFRFUl9XRUJfQVVUT19ERVRFQ1Q9dHJ1ZQ==,RkxVVFRFUl9XRUJfQ0FOVkFTS0lUX1VSTD1odHRwczovL3d3dy5nc3RhdGljLmNvbS9mbHV0dGVyLWNhbnZhc2tpdC8zOWM2ZGM5YmRkM2JhMmJjMzg3ZTZlMTRiNzJmY2U1ZjQ2YWJmY2FlLw== -Pdart-obfuscation=false -Ptrack-widget-creation=true -Ptree-shake-icons=false -Pfilesystem-scheme=org-dartlang-root assembleDebug
java_class_path (initial): D:\AndroidStudioProjects\error_404_s_application7\android\\gradle\wrapper\gradle-wrapper.jar
Launcher Type: SUN_STANDARD

[Global flags]
     intx CICompilerCount                          = 4                                         {product} {ergonomic}
     uint ConcGCThreads                            = 2                                         {product} {ergonomic}
     uint G1ConcRefinementThreads                  = 8                                         {product} {ergonomic}
   size_t G1HeapRegionSize                         = 1048576                                   {product} {ergonomic}
    uintx GCDrainStackTargetSize                   = 64                                        {product} {ergonomic}
   size_t InitialHeapSize                          = 132120576                                 {product} {ergonomic}
   size_t MarkStackSize                            = 4194304                                   {product} {ergonomic}
   size_t MaxHeapSize                              = 2103443456                                {product} {ergonomic}
   size_t MaxNewSize                               = 1261436928                                {product} {ergonomic}
   size_t MinHeapDeltaBytes                        = 1048576                                   {product} {ergonomic}
   size_t MinHeapSize                              = 8388608                                   {product} {ergonomic}
    uintx NonNMethodCodeHeapSize                   = 5839372                                {pd product} {ergonomic}
    uintx NonProfiledCodeHeapSize                  = 122909434                              {pd product} {ergonomic}
    uintx ProfiledCodeHeapSize                     = 122909434                              {pd product} {ergonomic}
    uintx ReservedCodeCacheSize                    = 251658240                              {pd product} {ergonomic}
     bool SegmentedCodeCache                       = true                                      {product} {ergonomic}
   size_t SoftMaxHeapSize                          = 2103443456                             {manageable} {ergonomic}
     bool UseCompressedClassPointers               = true                           {product lp64_product} {ergonomic}
     bool UseCompressedOops                        = true                           {product lp64_product} {ergonomic}
     bool UseG1GC                                  = true                                      {product} {ergonomic}
     bool UseLargePagesIndividualAllocation        = false                                  {pd product} {ergonomic}

Logging:
Log output configuration:
 #0: stdout all=warning uptime,level,tags
 #1: stderr all=off uptime,level,tags

Environment Variables:
JAVA_HOME=D:\Android\Android Studio\jbr
CLASSPATH=D:\AndroidStudioProjects\error_404_s_application7\android\\gradle\wrapper\gradle-wrapper.jar
PATH=D:\Android\Android Studio\jbr\bin;D:\anaconda3;D:\anaconda3\Library\mingw-w64\bin;D:\anaconda3\Library\usr\bin;D:\anaconda3\Library\bin;D:\anaconda3\Scripts;D:\anaconda3\bin;D:\anaconda3\condabin;D:\flutter_windows_3.13.7-stable\flutter\bin;D:\cuda_app\second\bin;D:\cuda_app\second\libnvvp;.;D:\Oracle\dbhomeXE\bin;D:\app\Blue\product\21c\dbhomeXE\bin;C:\Program Files\Common Files\Oracle\Java\javapath;C:\Program Files (x86)\Common Files\Oracle\Java\javapath;C:\WINDOWS\system32;C:\WINDOWS;C:\WINDOWS\System32\Wbem;C:\WINDOWS\System32\WindowsPowerShell\v1.0;C:\WINDOWS\System32\OpenSSH;C:\Program Files\Microsoft SQL Server\150\Tools\Binn;C:\Program Files\dotnet;D:\nodejs;C:\Program Files (x86)\NVIDIA Corporation\PhysX\Common;C:\Program Files\NVIDIA Corporation\NVIDIA NvDLISR;C:\PHP;C:\composer;C:\Program Files\OpenSSL-Win64\bin;C:\Program Files\Redis;c:\page;C:\Program Files\CMake\bin;d:\page;D:\Git\cmd;C:\Program Files\NVIDIA Corporation\Nsight Compute 2022.3.0;D:\Python_p\Python312\Scripts;D:\Python_p\Python312;C:\Users\Blue\AppData\Local\Programs\Python\Launcher;C:\Users\Blue\AppData\Local\Microsoft\WindowsApps;C:\Users\Blue\.dotnet\tools;C:\Users\Blue\AppData\Roaming\npm;C:\Users\Blue\ffmpeg-git-full\ffmpeg-2022-09-22-git-af919cf780-full_build\bin;D:\CodeBlocks\MinGW\bin;D:\IntelliJ IDEA Community Edition 2022.3.2\bin;C:\Users\Blue\AppData\Roaming\Composer\vendor\bin;D:\Microsoft VS Code\bin;C:\MinGW\bin;C:\Program Files\apache-maven-3.9.4-bin\apache-maven-3.9.4\bin;C:\Program Files\kotlin-compiler-1.2.21\kotlinc\bin;D:\spark-3.5.0-bin-hadoop3\spark-3.5.0-bin-hadoop3\bin;D:\winutils\bin;C:\Program Files\NVIDIA GPU Computing Toolkit\CUDA\v11.7\bin;C:\Windows\System32;C:\Windows\System32\cmd.exe;G:\anaconda3\Scripts;G:\anaconda3;C:\Windows\SysWOW64;D:\dartsdk-windows-x64-release\dart-sdk\bin;D:\flutter_windows_3.13.7-stable\flutter\bin;D:\flutter_windows_3.13.7-stable\flutter\bin\mingit\cmd
USERNAME=Blue
LANG=en_US.UTF-8
OS=Windows_NT
PROCESSOR_IDENTIFIER=Intel64 Family 6 Model 165 Stepping 2, GenuineIntel
TMP=C:\Users\Blue\AppData\Local\Temp
TEMP=C:\Users\Blue\AppData\Local\Temp


JNI global refs:
JNI global refs: 19, weak refs: 0

JNI global refs memory usage: 843, weak refs: 209


---------------  S Y S T E M  ---------------

OS:
 Windows 10 , 64 bit Build 19041 (10.0.19041.3636)
OS uptime: 0 days 12:38 hours

CPU: total 8 (initial active 8) (4 cores per cpu, 2 threads per core) family 6 model 165 stepping 2 microcode 0xe2, cx8, cmov, fxsr, ht, mmx, 3dnowpref, sse, sse2, sse3, ssse3, sse4.1, sse4.2, popcnt, lzcnt, tsc, tscinvbit, avx, avx2, aes, erms, clmul, bmi1, bmi2, adx, fma, vzeroupper, clflush, clflushopt

Memory: 4k page, system-wide physical 8023M (464M free)
TotalPageFile size 18752M (AvailPageFile size 0M)
current process WorkingSet (physical memory assigned to process): 90M, peak: 96M
current process commit charge ("private bytes"): 222M, peak: 228M

vm_info: OpenJDK 64-Bit Server VM (17.0.6+0-b2043.56-10027231) for windows-amd64 JRE (17.0.6+0-b2043.56-10027231), built on Apr 28 2023 00:43:19 by "androidbuild" with MS VC++ 16.10 / 16.11 (VS2019)

END.
