#
# There is insufficient memory for the Java Runtime Environment to continue.
# Native memory allocation (mmap) failed to map 132120576 bytes for G1 virtual space
# Possible reasons:
#   The system is out of physical RAM or swap space
#   The process is running with CompressedOops enabled, and the Java Heap may be blocking the growth of the native heap
# Possible solutions:
#   Reduce memory load on the system
#   Increase physical memory or swap space
#   Check if swap backing store is full
#   Decrease Java heap size (-Xmx/-Xms)
#   Decrease number of Java threads
#   Decrease Java thread stack sizes (-Xss)
#   Set larger code cache with -XX:ReservedCodeCacheSize=
#   JVM is running with Unscaled Compressed Oops mode in which the Java heap is
#     placed in the first 4GB address space. The Java Heap base address is the
#     maximum limit for the native heap growth. Please use -XX:HeapBaseMinAddress
#     to set the Java Heap base and to place the Java Heap above 4GB virtual address.
# This output file may be truncated or incomplete.
#
#  Out of Memory Error (os_windows.cpp:3536), pid=4684, tid=6368
#
# JRE version:  (19.0.2+7) (build )
# Java VM: Java HotSpot(TM) 64-Bit Server VM (19.0.2+7-44, mixed mode, sharing, tiered, compressed oops, compressed class ptrs, g1 gc, windows-amd64)
# No core dump will be written. Minidumps are not enabled by default on client versions of Windows
#

---------------  S U M M A R Y ------------

Command Line: 

Host: Intel(R) Core(TM) i5-10300H CPU @ 2.50GHz, 8 cores, 7G,  Windows 10 , 64 bit Build 19041 (10.0.19041.3636)
Time: Thu Jan 18 14:29:11 2024 Romance Standard Time elapsed time: 0.232872 seconds (0d 0h 0m 0s)

---------------  T H R E A D  ---------------

Current thread (0x0000024d203d8250):  JavaThread "Unknown thread" [_thread_in_vm, id=6368, stack(0x00000060e6e00000,0x00000060e6f00000)]

Stack: [0x00000060e6e00000,0x00000060e6f00000]
Native frames: (J=compiled Java code, j=interpreted, Vv=VM code, C=native code)
V  [jvm.dll+0x6ee21a]
V  [jvm.dll+0x85765e]
V  [jvm.dll+0x85904e]
V  [jvm.dll+0x859703]
V  [jvm.dll+0x28298f]
V  [jvm.dll+0x6eb009]
V  [jvm.dll+0x6dfbaa]
V  [jvm.dll+0x3573f6]
V  [jvm.dll+0x35ee56]
V  [jvm.dll+0x3b541e]
V  [jvm.dll+0x3b564f]
V  [jvm.dll+0x32c9ea]
V  [jvm.dll+0x32d89e]
V  [jvm.dll+0x821780]
V  [jvm.dll+0x3c2661]
V  [jvm.dll+0x801f51]
V  [jvm.dll+0x44ae8f]
V  [jvm.dll+0x44c811]
C  [jli.dll+0x5287]
C  [ucrtbase.dll+0x21bb2]
C  [KERNEL32.DLL+0x17344]
C  [ntdll.dll+0x526b1]


---------------  P R O C E S S  ---------------

Threads class SMR info:
_java_thread_list=0x00007fffd717d048, length=0, elements={
}

Java Threads: ( => current thread )

Other Threads:
  0x0000024d20436f50 WorkerThread "GC Thread#0" [stack: 0x00000060e6f00000,0x00000060e7000000] [id=14148]
  0x0000024d20447970 ConcurrentGCThread "G1 Main Marker" [stack: 0x00000060e7000000,0x00000060e7100000] [id=8780]
  0x0000024d204483a0 WorkerThread "G1 Conc#0" [stack: 0x00000060e7100000,0x00000060e7200000] [id=10756]

[error occurred during error reporting (printing all threads), id 0xc0000005, EXCEPTION_ACCESS_VIOLATION (0xc0000005) at pc=0x00007fffd693d427]

VM state: not at safepoint (not fully initialized)

VM Mutex/Monitor currently owned by a thread:  ([mutex/lock_event])
[0x0000024d203d3bd0] Heap_lock - owner thread: 0x0000024d203d8250

Heap address: 0x0000000082a00000, size: 2006 MB, Compressed Oops mode: 32-bit

CDS archive(s) mapped at: [0x0000000000000000-0x0000000000000000-0x0000000000000000), size 0, SharedBaseAddress: 0x0000000800000000, ArchiveRelocationMode: 0.
Narrow klass base: 0x0000000000000000, Narrow klass shift: 0, Narrow klass range: 0x0

GC Precious Log:
 CardTable entry size: 512
 Card Set container configuration: InlinePtr #cards 5 size 8 Array Of Cards #cards 12 size 40 Howl #buckets 4 coarsen threshold 1843 Howl Bitmap #cards 512 size 80 coarsen threshold 460 Card regions per heap region 1 cards per card region 2048

Heap:
 garbage-first heap   total 0K, used 0K [0x0000000082a00000, 0x0000000100000000)
  region size 1024K, 0 young (0K), 0 survivors (0K)

[error occurred during error reporting (printing heap information), id 0xc0000005, EXCEPTION_ACCESS_VIOLATION (0xc0000005) at pc=0x00007fffd6d46649]

GC Heap History (0 events):
No events

Dll operation events (1 events):
Event: 0.167 Loaded shared library C:\Program Files\Java\jdk-19\bin\java.dll

Deoptimization events (0 events):
No events

Classes loaded (0 events):
No events

Classes unloaded (0 events):
No events

Classes redefined (0 events):
No events

Internal exceptions (0 events):
No events

VM Operations (0 events):
No events

Events (0 events):
No events


Dynamic libraries:
0x00007ff68e440000 - 0x00007ff68e450000 	C:\Program Files\Java\jdk-19\bin\java.exe
0x00007ff8564d0000 - 0x00007ff8566c8000 	C:\WINDOWS\SYSTEM32\ntdll.dll
0x00007ff8552b0000 - 0x00007ff85536d000 	C:\WINDOWS\System32\KERNEL32.DLL
0x00007ff854100000 - 0x00007ff8543f6000 	C:\WINDOWS\System32\KERNELBASE.dll
0x00007ff853c50000 - 0x00007ff853d50000 	C:\WINDOWS\System32\ucrtbase.dll
0x00007ff84d770000 - 0x00007ff84d788000 	C:\Program Files\Java\jdk-19\bin\jli.dll
0x00007ff855140000 - 0x00007ff8551f3000 	C:\WINDOWS\System32\ADVAPI32.dll
0x00007ff855200000 - 0x00007ff85529e000 	C:\WINDOWS\System32\msvcrt.dll
0x00007ff8563f0000 - 0x00007ff85648f000 	C:\WINDOWS\System32\sechost.dll
0x00007ff855cb0000 - 0x00007ff855dd6000 	C:\WINDOWS\System32\RPCRT4.dll
0x00007ff853f20000 - 0x00007ff853f47000 	C:\WINDOWS\System32\bcrypt.dll
0x00007ff855ed0000 - 0x00007ff85606e000 	C:\WINDOWS\System32\USER32.dll
0x00007ff854450000 - 0x00007ff854472000 	C:\WINDOWS\System32\win32u.dll
0x00007ff8559b0000 - 0x00007ff8559dc000 	C:\WINDOWS\System32\GDI32.dll
0x00007ff853fe0000 - 0x00007ff8540fa000 	C:\WINDOWS\System32\gdi32full.dll
0x00007ff854480000 - 0x00007ff85451d000 	C:\WINDOWS\System32\msvcp_win.dll
0x00007ff83b920000 - 0x00007ff83bbba000 	C:\WINDOWS\WinSxS\amd64_microsoft.windows.common-controls_6595b64144ccf1df_6.0.19041.3636_none_60b6a03d71f818d5\COMCTL32.dll
0x00007ff84f380000 - 0x00007ff84f38a000 	C:\WINDOWS\SYSTEM32\VERSION.dll
0x00007ff84b870000 - 0x00007ff84b88b000 	C:\Program Files\Java\jdk-19\bin\VCRUNTIME140.dll
0x00007ff855ab0000 - 0x00007ff855ae0000 	C:\WINDOWS\System32\IMM32.DLL
0x00007ff84db30000 - 0x00007ff84db3c000 	C:\Program Files\Java\jdk-19\bin\vcruntime140_1.dll
0x00007ff812770000 - 0x00007ff8127fe000 	C:\Program Files\Java\jdk-19\bin\msvcp140.dll
0x00007fffd6600000 - 0x00007fffd72c0000 	C:\Program Files\Java\jdk-19\bin\server\jvm.dll
0x00007ff825c20000 - 0x00007ff825c29000 	C:\WINDOWS\SYSTEM32\WSOCK32.dll
0x00007ff840e90000 - 0x00007ff840eb7000 	C:\WINDOWS\SYSTEM32\WINMM.dll
0x00007ff855de0000 - 0x00007ff855e4b000 	C:\WINDOWS\System32\WS2_32.dll
0x00007ff8523e0000 - 0x00007ff8523f2000 	C:\WINDOWS\SYSTEM32\kernel.appcore.dll
0x00007ff84b590000 - 0x00007ff84b59a000 	C:\Program Files\Java\jdk-19\bin\jimage.dll
0x00007ff851950000 - 0x00007ff851b34000 	C:\WINDOWS\SYSTEM32\DBGHELP.DLL
0x00007ff83f470000 - 0x00007ff83f4a4000 	C:\WINDOWS\SYSTEM32\dbgcore.DLL
0x00007ff853f50000 - 0x00007ff853fd2000 	C:\WINDOWS\System32\bcryptPrimitives.dll
0x00007ff8326c0000 - 0x00007ff8326e6000 	C:\Program Files\Java\jdk-19\bin\java.dll

dbghelp: loaded successfully - version: 4.0.5 - missing functions: none
symbol engine: initialized successfully - sym options: 0x614 - pdb path: .;C:\Program Files\Java\jdk-19\bin;C:\WINDOWS\SYSTEM32;C:\WINDOWS\WinSxS\amd64_microsoft.windows.common-controls_6595b64144ccf1df_6.0.19041.3636_none_60b6a03d71f818d5;C:\Program Files\Java\jdk-19\bin\server

VM Arguments:
java_command: <unknown>
java_class_path (initial): <not set>
Launcher Type: SUN_STANDARD

[Global flags]
     intx CICompilerCount                          = 4                                         {product} {ergonomic}
     uint ConcGCThreads                            = 2                                         {product} {ergonomic}
     uint G1ConcRefinementThreads                  = 8                                         {product} {ergonomic}
   size_t G1HeapRegionSize                         = 1048576                                   {product} {ergonomic}
    uintx GCDrainStackTargetSize                   = 64                                        {product} {ergonomic}
   size_t InitialHeapSize                          = 132120576                                 {product} {ergonomic}
   size_t MarkStackSize                            = 4194304                                   {product} {ergonomic}
   size_t MaxHeapSize                              = 2103443456                                {product} {ergonomic}
   size_t MinHeapDeltaBytes                        = 1048576                                   {product} {ergonomic}
   size_t MinHeapSize                              = 8388608                                   {product} {ergonomic}
    uintx NonNMethodCodeHeapSize                   = 5839372                                {pd product} {ergonomic}
    uintx NonProfiledCodeHeapSize                  = 122909434                              {pd product} {ergonomic}
    uintx ProfiledCodeHeapSize                     = 122909434                              {pd product} {ergonomic}
    uintx ReservedCodeCacheSize                    = 251658240                              {pd product} {ergonomic}
     bool SegmentedCodeCache                       = true                                      {product} {ergonomic}
   size_t SoftMaxHeapSize                          = 2103443456                             {manageable} {ergonomic}
     bool UseCompressedClassPointers               = true                           {product lp64_product} {ergonomic}
     bool UseCompressedOops                        = true                           {product lp64_product} {ergonomic}
     bool UseG1GC                                  = true                                      {product} {ergonomic}
     bool UseLargePagesIndividualAllocation        = false                                  {pd product} {ergonomic}

Logging:
Log output configuration:
 #0: stdout all=warning uptime,level,tags foldmultilines=false
 #1: stderr all=off uptime,level,tags foldmultilines=false

Environment Variables:
PATH=C:\Program Files\Common Files\Oracle\Java\javapath;D:\anaconda3;D:\anaconda3\Library\mingw-w64\bin;D:\anaconda3\Library\usr\bin;D:\anaconda3\Library\bin;D:\anaconda3\Scripts;D:\anaconda3\bin;D:\anaconda3\condabin;D:\flutter_windows_3.13.7-stable\flutter\bin;D:\cuda_app\second\bin;D:\cuda_app\second\libnvvp;.;D:\Oracle\dbhomeXE\bin;D:\app\Blue\product\21c\dbhomeXE\bin;C:\Program Files\Common Files\Oracle\Java\javapath;C:\Program Files (x86)\Common Files\Oracle\Java\javapath;C:\WINDOWS\system32;C:\WINDOWS;C:\WINDOWS\System32\Wbem;C:\WINDOWS\System32\WindowsPowerShell\v1.0;C:\WINDOWS\System32\OpenSSH;C:\Program Files\Microsoft SQL Server\150\Tools\Binn;C:\Program Files\dotnet;D:\nodejs;C:\Program Files (x86)\NVIDIA Corporation\PhysX\Common;C:\Program Files\NVIDIA Corporation\NVIDIA NvDLISR;C:\PHP;C:\composer;C:\Program Files\OpenSSL-Win64\bin;C:\Program Files\Redis;c:\page;C:\Program Files\CMake\bin;d:\page;D:\Git\cmd;C:\Program Files\NVIDIA Corporation\Nsight Compute 2022.3.0;D:\Python_p\Python312\Scripts;D:\Python_p\Python312;C:\Users\Blue\AppData\Local\Programs\Python\Launcher;C:\Users\Blue\AppData\Local\Microsoft\WindowsApps;C:\Users\Blue\.dotnet\tools;C:\Users\Blue\AppData\Roaming\npm;C:\Users\Blue\ffmpeg-git-full\ffmpeg-2022-09-22-git-af919cf780-full_build\bin;D:\CodeBlocks\MinGW\bin;D:\IntelliJ IDEA Community Edition 2022.3.2\bin;C:\Users\Blue\AppData\Roaming\Composer\vendor\bin;D:\Microsoft VS Code\bin;C:\MinGW\bin;C:\Program Files\apache-maven-3.9.4-bin\apache-maven-3.9.4\bin;C:\Program Files\kotlin-compiler-1.2.21\kotlinc\bin;D:\spark-3.5.0-bin-hadoop3\spark-3.5.0-bin-hadoop3\bin;D:\winutils\bin;C:\Program Files\NVIDIA GPU Computing Toolkit\CUDA\v11.7\bin;C:\Windows\System32;C:\Windows\System32\cmd.exe;G:\anaconda3\Scripts;G:\anaconda3;C:\Windows\SysWOW64;D:\dartsdk-windows-x64-release\dart-sdk\bin;D:\flutter_windows_3.13.7-stable\flutter\bin;D:\flutter_windows_3.13.7-stable\flutter\bin\mingit\cmd
USERNAME=Blue
LANG=en_US.UTF-8
OS=Windows_NT
PROCESSOR_IDENTIFIER=Intel64 Family 6 Model 165 Stepping 2, GenuineIntel
TMP=C:\Users\Blue\AppData\Local\Temp
TEMP=C:\Users\Blue\AppData\Local\Temp



---------------  S Y S T E M  ---------------

OS:
 Windows 10 , 64 bit Build 19041 (10.0.19041.3636)
OS uptime: 0 days 14:42 hours

CPU: total 8 (initial active 8) (4 cores per cpu, 2 threads per core) family 6 model 165 stepping 2 microcode 0xe2, cx8, cmov, fxsr, ht, mmx, 3dnowpref, sse, sse2, sse3, ssse3, sse4.1, sse4.2, popcnt, lzcnt, tsc, tscinvbit, avx, avx2, aes, erms, clmul, bmi1, bmi2, adx, fma, vzeroupper, clflush, clflushopt, rdtscp

Memory: 4k page, system-wide physical 8023M (497M free)
TotalPageFile size 19472M (AvailPageFile size 31M)
current process WorkingSet (physical memory assigned to process): 10M, peak: 10M
current process commit charge ("private bytes"): 60M, peak: 186M

vm_info: Java HotSpot(TM) 64-Bit Server VM (19.0.2+7-44) for windows-amd64 JRE (19.0.2+7-44), built on 2022-11-30T18:02:09Z by "mach5one" with MS VC++ 17.1 (VS2022)

END.
