#
# There is insufficient memory for the Java Runtime Environment to continue.
# Native memory allocation (malloc) failed to allocate 35392 bytes for Chunk::new
# Possible reasons:
#   The system is out of physical RAM or swap space
#   The process is running with CompressedOops enabled, and the Java Heap may be blocking the growth of the native heap
# Possible solutions:
#   Reduce memory load on the system
#   Increase physical memory or swap space
#   Check if swap backing store is full
#   Decrease Java heap size (-Xmx/-Xms)
#   Decrease number of Java threads
#   Decrease Java thread stack sizes (-Xss)
#   Set larger code cache with -XX:ReservedCodeCacheSize=
#
#  Out of Memory Error, pid=11872, tid=6540
#
# JRE version: OpenJDK Runtime Environment (17.0.6) (build 17.0.6+0-b2043.56-10027231)
# Java VM: OpenJDK 64-Bit Server VM (17.0.6+0-b2043.56-10027231, mixed mode, tiered, compressed oops, compressed class ptrs, g1 gc, windows-amd64)
# No core dump will be written. Minidumps are not enabled by default on client versions of Windows
#

---------------  S U M M A R Y ------------

Command Line: -Dorg.gradle.appname=gradlew org.gradle.wrapper.GradleWrapperMain -q -Ptarget-platform=android-arm64 -Ptarget=D:\AndroidStudioProjects\error_404_s_application7\lib\main.dart -Pbase-application-name=android.app.Application -Pdart-defines=RkxVVFRFUl9XRUJfQVVUT19ERVRFQ1Q9dHJ1ZQ==,RkxVVFRFUl9XRUJfQ0FOVkFTS0lUX1VSTD1odHRwczovL3d3dy5nc3RhdGljLmNvbS9mbHV0dGVyLWNhbnZhc2tpdC8zOWM2ZGM5YmRkM2JhMmJjMzg3ZTZlMTRiNzJmY2U1ZjQ2YWJmY2FlLw== -Pdart-obfuscation=false -Ptrack-widget-creation=true -Ptree-shake-icons=false -Pfilesystem-scheme=org-dartlang-root assembleDebug

Host: Intel(R) Core(TM) i5-10300H CPU @ 2.50GHz, 8 cores, 7G,  Windows 10 , 64 bit Build 19041 (10.0.19041.3636)
Time: Tue Dec 19 21:37:33 2023 Romance Standard Time elapsed time: 25.118587 seconds (0d 0h 0m 25s)

---------------  T H R E A D  ---------------

Current thread (0x000001e5b7d11f60):  JavaThread "main" [_thread_in_vm, id=6540, stack(0x0000000e5cf00000,0x0000000e5d000000)]

Stack: [0x0000000e5cf00000,0x0000000e5d000000]
Native frames: (J=compiled Java code, j=interpreted, Vv=VM code, C=native code)
V  [jvm.dll+0x683c9a]
V  [jvm.dll+0x8427a4]
V  [jvm.dll+0x843f9e]
V  [jvm.dll+0x844603]
V  [jvm.dll+0x249b75]
V  [jvm.dll+0xabcac]
V  [jvm.dll+0xac27c]
V  [jvm.dll+0x1f5b2a]
V  [jvm.dll+0x1f4682]
V  [jvm.dll+0x7bc7cb]
V  [jvm.dll+0x7bdc12]
V  [jvm.dll+0x418a15]
C  [java.dll+0x1a55]

Java frames: (J=compiled Java code, j=interpreted, Vv=VM code)
J 691  java.lang.ClassLoader.findBootstrapClass(Ljava/lang/String;)Ljava/lang/Class; java.base@17.0.6 (0 bytes) @ 0x000001e5c44b8172 [0x000001e5c44b8120+0x0000000000000052]
J 575 c1 jdk.internal.loader.ClassLoaders$BootClassLoader.loadClassOrNull(Ljava/lang/String;Z)Ljava/lang/Class; java.base@17.0.6 (10 bytes) @ 0x000001e5bca941cc [0x000001e5bca94060+0x000000000000016c]
J 557 c1 jdk.internal.loader.BuiltinClassLoader.loadClassOrNull(Ljava/lang/String;Z)Ljava/lang/Class; java.base@17.0.6 (143 bytes) @ 0x000001e5bca85d34 [0x000001e5bca852c0+0x0000000000000a74]
J 574 c1 jdk.internal.loader.BuiltinClassLoader.loadClass(Ljava/lang/String;Z)Ljava/lang/Class; java.base@17.0.6 (22 bytes) @ 0x000001e5bca93bc4 [0x000001e5bca93ac0+0x0000000000000104]
J 582 c1 java.lang.ClassLoader.loadClass(Ljava/lang/String;Z)Ljava/lang/Class; java.base@17.0.6 (121 bytes) @ 0x000001e5bca99f34 [0x000001e5bca99bc0+0x0000000000000374]
J 582 c1 java.lang.ClassLoader.loadClass(Ljava/lang/String;Z)Ljava/lang/Class; java.base@17.0.6 (121 bytes) @ 0x000001e5bca99f34 [0x000001e5bca99bc0+0x0000000000000374]
J 573 c1 java.lang.ClassLoader.loadClass(Ljava/lang/String;)Ljava/lang/Class; java.base@17.0.6 (7 bytes) @ 0x000001e5bca937bc [0x000001e5bca936c0+0x00000000000000fc]
v  ~StubRoutines::call_stub
j  org.gradle.internal.serialize.BaseSerializerFactory$ThrowableSerializer.read(Lorg/gradle/internal/serialize/Decoder;)Ljava/lang/Throwable;+13
j  org.gradle.internal.serialize.BaseSerializerFactory$ThrowableSerializer.read(Lorg/gradle/internal/serialize/Decoder;)Ljava/lang/Object;+2
j  org.gradle.internal.logging.serializer.LogEventSerializer.read(Lorg/gradle/internal/serialize/Decoder;)Lorg/gradle/internal/logging/events/LogEvent;+43
j  org.gradle.internal.logging.serializer.LogEventSerializer.read(Lorg/gradle/internal/serialize/Decoder;)Ljava/lang/Object;+2
j  org.gradle.internal.serialize.DefaultSerializerRegistry$TaggedTypeSerializer.read(Lorg/gradle/internal/serialize/Decoder;)Ljava/lang/Object;+60
j  org.gradle.launcher.daemon.protocol.DaemonMessageSerializer$OutputMessageSerializer.read(Lorg/gradle/internal/serialize/Decoder;)Lorg/gradle/launcher/daemon/protocol/OutputMessage;+9
j  org.gradle.launcher.daemon.protocol.DaemonMessageSerializer$OutputMessageSerializer.read(Lorg/gradle/internal/serialize/Decoder;)Ljava/lang/Object;+2
j  org.gradle.internal.serialize.DefaultSerializerRegistry$TaggedTypeSerializer.read(Lorg/gradle/internal/serialize/Decoder;)Ljava/lang/Object;+60
j  org.gradle.internal.serialize.Serializers$StatefulSerializerAdapter$1.read()Ljava/lang/Object;+11
j  org.gradle.internal.remote.internal.inet.SocketConnection.receive()Ljava/lang/Object;+4
j  org.gradle.launcher.daemon.client.DaemonClientConnection.receive()Lorg/gradle/launcher/daemon/protocol/Message;+4
j  org.gradle.launcher.daemon.client.DaemonClientConnection.receive()Ljava/lang/Object;+1
j  org.gradle.launcher.daemon.client.DaemonClient.monitorBuild(Lorg/gradle/launcher/daemon/protocol/Build;Lorg/gradle/launcher/daemon/diagnostics/DaemonDiagnostics;Lorg/gradle/internal/remote/internal/Connection;Lorg/gradle/initialization/BuildCancellationToken;Lorg/gradle/initialization/BuildEventConsumer;)Ljava/lang/Object;+44
j  org.gradle.launcher.daemon.client.DaemonClient.executeBuild(Lorg/gradle/launcher/daemon/protocol/Build;Lorg/gradle/launcher/daemon/client/DaemonClientConnection;Lorg/gradle/initialization/BuildCancellationToken;Lorg/gradle/initialization/BuildEventConsumer;)Lorg/gradle/launcher/exec/BuildActionResult;+128
j  org.gradle.launcher.daemon.client.DaemonClient.execute(Lorg/gradle/internal/invocation/BuildAction;Lorg/gradle/launcher/exec/BuildActionParameters;Lorg/gradle/initialization/BuildRequestContext;)Lorg/gradle/launcher/exec/BuildActionResult;+135
j  org.gradle.launcher.daemon.client.DaemonClient.execute(Lorg/gradle/internal/invocation/BuildAction;Ljava/lang/Object;Ljava/lang/Object;)Lorg/gradle/launcher/exec/BuildActionResult;+10
j  org.gradle.launcher.cli.RunBuildAction.run()V+74
j  org.gradle.internal.Actions$RunnableActionAdapter.execute(Ljava/lang/Object;)V+4
j  org.gradle.launcher.cli.DefaultCommandLineActionFactory$ParseAndBuildAction.execute(Lorg/gradle/launcher/bootstrap/ExecutionListener;)V+60
j  org.gradle.launcher.cli.DefaultCommandLineActionFactory$ParseAndBuildAction.execute(Ljava/lang/Object;)V+5
j  org.gradle.launcher.cli.DebugLoggerWarningAction.execute(Lorg/gradle/launcher/bootstrap/ExecutionListener;)V+9
j  org.gradle.launcher.cli.DebugLoggerWarningAction.execute(Ljava/lang/Object;)V+5
j  org.gradle.launcher.cli.WelcomeMessageAction.execute(Lorg/gradle/launcher/bootstrap/ExecutionListener;)V+218
j  org.gradle.launcher.cli.WelcomeMessageAction.execute(Ljava/lang/Object;)V+5
j  org.gradle.launcher.cli.NativeServicesInitializingAction.execute(Lorg/gradle/launcher/bootstrap/ExecutionListener;)V+35
j  org.gradle.launcher.cli.NativeServicesInitializingAction.execute(Ljava/lang/Object;)V+5
j  org.gradle.launcher.cli.ExceptionReportingAction.execute(Lorg/gradle/launcher/bootstrap/ExecutionListener;)V+5
j  org.gradle.launcher.cli.ExceptionReportingAction.execute(Ljava/lang/Object;)V+5
j  org.gradle.launcher.cli.DefaultCommandLineActionFactory$WithLogging.execute(Lorg/gradle/launcher/bootstrap/ExecutionListener;)V+299
j  org.gradle.launcher.Main.doAction([Ljava/lang/String;Lorg/gradle/launcher/bootstrap/ExecutionListener;)V+14
j  org.gradle.launcher.bootstrap.EntryPoint.run([Ljava/lang/String;)V+12
v  ~StubRoutines::call_stub
j  jdk.internal.reflect.NativeMethodAccessorImpl.invoke0(Ljava/lang/reflect/Method;Ljava/lang/Object;[Ljava/lang/Object;)Ljava/lang/Object;+0 java.base@17.0.6
j  jdk.internal.reflect.NativeMethodAccessorImpl.invoke(Ljava/lang/Object;[Ljava/lang/Object;)Ljava/lang/Object;+133 java.base@17.0.6
j  jdk.internal.reflect.DelegatingMethodAccessorImpl.invoke(Ljava/lang/Object;[Ljava/lang/Object;)Ljava/lang/Object;+6 java.base@17.0.6
j  java.lang.reflect.Method.invoke(Ljava/lang/Object;[Ljava/lang/Object;)Ljava/lang/Object;+59 java.base@17.0.6
j  org.gradle.launcher.bootstrap.ProcessBootstrap.runNoExit(Ljava/lang/String;[Ljava/lang/String;)V+159
j  org.gradle.launcher.bootstrap.ProcessBootstrap.run(Ljava/lang/String;[Ljava/lang/String;)V+2
v  ~StubRoutines::call_stub
j  jdk.internal.reflect.NativeMethodAccessorImpl.invoke0(Ljava/lang/reflect/Method;Ljava/lang/Object;[Ljava/lang/Object;)Ljava/lang/Object;+0 java.base@17.0.6
j  jdk.internal.reflect.NativeMethodAccessorImpl.invoke(Ljava/lang/Object;[Ljava/lang/Object;)Ljava/lang/Object;+133 java.base@17.0.6
j  jdk.internal.reflect.DelegatingMethodAccessorImpl.invoke(Ljava/lang/Object;[Ljava/lang/Object;)Ljava/lang/Object;+6 java.base@17.0.6
j  java.lang.reflect.Method.invoke(Ljava/lang/Object;[Ljava/lang/Object;)Ljava/lang/Object;+59 java.base@17.0.6
j  org.gradle.launcher.GradleMain.main([Ljava/lang/String;)V+100
v  ~StubRoutines::call_stub
j  jdk.internal.reflect.NativeMethodAccessorImpl.invoke0(Ljava/lang/reflect/Method;Ljava/lang/Object;[Ljava/lang/Object;)Ljava/lang/Object;+0 java.base@17.0.6
j  jdk.internal.reflect.NativeMethodAccessorImpl.invoke(Ljava/lang/Object;[Ljava/lang/Object;)Ljava/lang/Object;+133 java.base@17.0.6
j  jdk.internal.reflect.DelegatingMethodAccessorImpl.invoke(Ljava/lang/Object;[Ljava/lang/Object;)Ljava/lang/Object;+6 java.base@17.0.6
j  java.lang.reflect.Method.invoke(Ljava/lang/Object;[Ljava/lang/Object;)Ljava/lang/Object;+59 java.base@17.0.6
j  org.gradle.wrapper.BootstrapMainStarter.start([Ljava/lang/String;Ljava/io/File;)V+82
j  org.gradle.wrapper.WrapperExecutor.execute([Ljava/lang/String;Lorg/gradle/wrapper/Install;Lorg/gradle/wrapper/BootstrapMainStarter;)V+14
j  org.gradle.wrapper.GradleWrapperMain.main([Ljava/lang/String;)V+190
v  ~StubRoutines::call_stub

---------------  P R O C E S S  ---------------

Threads class SMR info:
_java_thread_list=0x000001e5d59d9aa0, length=15, elements={
0x000001e5b7d11f60, 0x000001e5d44095d0, 0x000001e5d440a350, 0x000001e5d4458e60,
0x000001e5d447d470, 0x000001e5d447dd30, 0x000001e5d4472bd0, 0x000001e5d4476a40,
0x000001e5d44773f0, 0x000001e5d4477cf0, 0x000001e5d45e8160, 0x000001e5d45fc6a0,
0x000001e5d58258a0, 0x000001e5d5a26180, 0x000001e5d5a26650
}

Java Threads: ( => current thread )
=>0x000001e5b7d11f60 JavaThread "main" [_thread_in_vm, id=6540, stack(0x0000000e5cf00000,0x0000000e5d000000)]
  0x000001e5d44095d0 JavaThread "Reference Handler" daemon [_thread_blocked, id=11852, stack(0x0000000e5d600000,0x0000000e5d700000)]
  0x000001e5d440a350 JavaThread "Finalizer" daemon [_thread_blocked, id=20452, stack(0x0000000e5d700000,0x0000000e5d800000)]
  0x000001e5d4458e60 JavaThread "Signal Dispatcher" daemon [_thread_blocked, id=10880, stack(0x0000000e5d800000,0x0000000e5d900000)]
  0x000001e5d447d470 JavaThread "Attach Listener" daemon [_thread_blocked, id=15492, stack(0x0000000e5d900000,0x0000000e5da00000)]
  0x000001e5d447dd30 JavaThread "Service Thread" daemon [_thread_blocked, id=1056, stack(0x0000000e5da00000,0x0000000e5db00000)]
  0x000001e5d4472bd0 JavaThread "Monitor Deflation Thread" daemon [_thread_blocked, id=8168, stack(0x0000000e5db00000,0x0000000e5dc00000)]
  0x000001e5d4476a40 JavaThread "C2 CompilerThread0" daemon [_thread_blocked, id=9932, stack(0x0000000e5dc00000,0x0000000e5dd00000)]
  0x000001e5d44773f0 JavaThread "C1 CompilerThread0" daemon [_thread_blocked, id=18676, stack(0x0000000e5dd00000,0x0000000e5de00000)]
  0x000001e5d4477cf0 JavaThread "Sweeper thread" daemon [_thread_blocked, id=4056, stack(0x0000000e5de00000,0x0000000e5df00000)]
  0x000001e5d45e8160 JavaThread "Notification Thread" daemon [_thread_blocked, id=8508, stack(0x0000000e5df00000,0x0000000e5e000000)]
  0x000001e5d45fc6a0 JavaThread "Common-Cleaner" daemon [_thread_blocked, id=8732, stack(0x0000000e5e100000,0x0000000e5e200000)]
  0x000001e5d58258a0 JavaThread "pool-1-thread-1" [_thread_blocked, id=20324, stack(0x0000000e5e700000,0x0000000e5e800000)]
  0x000001e5d5a26180 JavaThread "DisconnectableInputStream source reader" daemon [_thread_in_native, id=9272, stack(0x0000000e5e800000,0x0000000e5e900000)]
  0x000001e5d5a26650 JavaThread "Forward input" [_thread_blocked, id=8676, stack(0x0000000e5e900000,0x0000000e5ea00000)]

Other Threads:
  0x000001e5d44069b0 VMThread "VM Thread" [stack: 0x0000000e5d500000,0x0000000e5d600000] [id=13004]
  0x000001e5b7d83e40 WatcherThread [stack: 0x0000000e5e000000,0x0000000e5e100000] [id=6436]
  0x000001e5b7d6ad40 GCTaskThread "GC Thread#0" [stack: 0x0000000e5d000000,0x0000000e5d100000] [id=16056]
  0x000001e5d4830320 GCTaskThread "GC Thread#1" [stack: 0x0000000e5e300000,0x0000000e5e400000] [id=9948]
  0x000001e5d5b02f20 GCTaskThread "GC Thread#2" [stack: 0x0000000e5e400000,0x0000000e5e500000] [id=17976]
  0x000001e5d58d9120 GCTaskThread "GC Thread#3" [stack: 0x0000000e5e500000,0x0000000e5e600000] [id=17952]
  0x000001e5d4c1fe80 GCTaskThread "GC Thread#4" [stack: 0x0000000e5e600000,0x0000000e5e700000] [id=16604]
  0x000001e5b7d7c660 ConcurrentGCThread "G1 Main Marker" [stack: 0x0000000e5d100000,0x0000000e5d200000] [id=14940]
  0x000001e5b7d7cf80 ConcurrentGCThread "G1 Conc#0" [stack: 0x0000000e5d200000,0x0000000e5d300000] [id=19128]
  0x000001e5b7ddd500 ConcurrentGCThread "G1 Refine#0" [stack: 0x0000000e5d300000,0x0000000e5d400000] [id=20440]
  0x000001e5b7ddde30 ConcurrentGCThread "G1 Service" [stack: 0x0000000e5d400000,0x0000000e5d500000] [id=15512]

Threads with active compile tasks:

VM state: not at safepoint (normal execution)

VM Mutex/Monitor currently owned by a thread: None

Heap address: 0x0000000082a00000, size: 2006 MB, Compressed Oops mode: 32-bit

CDS archive(s) not mapped
Compressed class space mapped at: 0x0000000100000000-0x0000000140000000, reserved size: 1073741824
Narrow klass base: 0x0000000000000000, Narrow klass shift: 3, Narrow klass range: 0x140000000

GC Precious Log:
 CPUs: 8 total, 8 available
 Memory: 8023M
 Large Page Support: Disabled
 NUMA Support: Disabled
 Compressed Oops: Enabled (32-bit)
 Heap Region Size: 1M
 Heap Min Capacity: 8M
 Heap Initial Capacity: 126M
 Heap Max Capacity: 2006M
 Pre-touch: Disabled
 Parallel Workers: 8
 Concurrent Workers: 2
 Concurrent Refinement Workers: 8
 Periodic GC: Disabled

Heap:
 garbage-first heap   total 129024K, used 21875K [0x0000000082a00000, 0x0000000100000000)
  region size 1024K, 16 young (16384K), 3 survivors (3072K)
 Metaspace       used 16114K, committed 16320K, reserved 1064960K
  class space    used 1884K, committed 1984K, reserved 1048576K

Heap Regions: E=young(eden), S=young(survivor), O=old, HS=humongous(starts), HC=humongous(continues), CS=collection set, F=free, OA=open archive, CA=closed archive, TAMS=top-at-mark-start (previous, next)
|   0|0x0000000082a00000, 0x0000000082a00000, 0x0000000082b00000|  0%| F|  |TAMS 0x0000000082a00000, 0x0000000082a00000| Untracked 
|   1|0x0000000082b00000, 0x0000000082b00000, 0x0000000082c00000|  0%| F|  |TAMS 0x0000000082b00000, 0x0000000082b00000| Untracked 
|   2|0x0000000082c00000, 0x0000000082c00000, 0x0000000082d00000|  0%| F|  |TAMS 0x0000000082c00000, 0x0000000082c00000| Untracked 
|   3|0x0000000082d00000, 0x0000000082e00000, 0x0000000082e00000|100%|HS|  |TAMS 0x0000000082d00000, 0x0000000082d00000| Complete 
|   4|0x0000000082e00000, 0x0000000082f00000, 0x0000000082f00000|100%|HC|  |TAMS 0x0000000082e00000, 0x0000000082e00000| Complete 
|   5|0x0000000082f00000, 0x0000000083000000, 0x0000000083000000|100%|HC|  |TAMS 0x0000000082f00000, 0x0000000082f00000| Complete 
|   6|0x0000000083000000, 0x0000000083100000, 0x0000000083100000|100%| O|  |TAMS 0x0000000083000000, 0x0000000083000000| Untracked 
|   7|0x0000000083100000, 0x0000000083200000, 0x0000000083200000|100%| O|  |TAMS 0x0000000083100000, 0x0000000083100000| Untracked 
|   8|0x0000000083200000, 0x0000000083300000, 0x0000000083300000|100%| O|  |TAMS 0x0000000083200000, 0x0000000083200000| Untracked 
|   9|0x0000000083300000, 0x000000008335cc00, 0x0000000083400000| 36%| O|  |TAMS 0x0000000083300000, 0x0000000083300000| Untracked 
|  10|0x0000000083400000, 0x0000000083400000, 0x0000000083500000|  0%| F|  |TAMS 0x0000000083400000, 0x0000000083400000| Untracked 
|  11|0x0000000083500000, 0x0000000083500000, 0x0000000083600000|  0%| F|  |TAMS 0x0000000083500000, 0x0000000083500000| Untracked 
|  12|0x0000000083600000, 0x0000000083600000, 0x0000000083700000|  0%| F|  |TAMS 0x0000000083600000, 0x0000000083600000| Untracked 
|  13|0x0000000083700000, 0x0000000083700000, 0x0000000083800000|  0%| F|  |TAMS 0x0000000083700000, 0x0000000083700000| Untracked 
|  14|0x0000000083800000, 0x0000000083800000, 0x0000000083900000|  0%| F|  |TAMS 0x0000000083800000, 0x0000000083800000| Untracked 
|  15|0x0000000083900000, 0x0000000083900000, 0x0000000083a00000|  0%| F|  |TAMS 0x0000000083900000, 0x0000000083900000| Untracked 
|  16|0x0000000083a00000, 0x0000000083a00000, 0x0000000083b00000|  0%| F|  |TAMS 0x0000000083a00000, 0x0000000083a00000| Untracked 
|  17|0x0000000083b00000, 0x0000000083b00000, 0x0000000083c00000|  0%| F|  |TAMS 0x0000000083b00000, 0x0000000083b00000| Untracked 
|  18|0x0000000083c00000, 0x0000000083c00000, 0x0000000083d00000|  0%| F|  |TAMS 0x0000000083c00000, 0x0000000083c00000| Untracked 
|  19|0x0000000083d00000, 0x0000000083d00000, 0x0000000083e00000|  0%| F|  |TAMS 0x0000000083d00000, 0x0000000083d00000| Untracked 
|  20|0x0000000083e00000, 0x0000000083e00000, 0x0000000083f00000|  0%| F|  |TAMS 0x0000000083e00000, 0x0000000083e00000| Untracked 
|  21|0x0000000083f00000, 0x0000000083f00000, 0x0000000084000000|  0%| F|  |TAMS 0x0000000083f00000, 0x0000000083f00000| Untracked 
|  22|0x0000000084000000, 0x0000000084000000, 0x0000000084100000|  0%| F|  |TAMS 0x0000000084000000, 0x0000000084000000| Untracked 
|  23|0x0000000084100000, 0x0000000084100000, 0x0000000084200000|  0%| F|  |TAMS 0x0000000084100000, 0x0000000084100000| Untracked 
|  24|0x0000000084200000, 0x0000000084200000, 0x0000000084300000|  0%| F|  |TAMS 0x0000000084200000, 0x0000000084200000| Untracked 
|  25|0x0000000084300000, 0x0000000084300000, 0x0000000084400000|  0%| F|  |TAMS 0x0000000084300000, 0x0000000084300000| Untracked 
|  26|0x0000000084400000, 0x0000000084400000, 0x0000000084500000|  0%| F|  |TAMS 0x0000000084400000, 0x0000000084400000| Untracked 
|  27|0x0000000084500000, 0x0000000084500000, 0x0000000084600000|  0%| F|  |TAMS 0x0000000084500000, 0x0000000084500000| Untracked 
|  28|0x0000000084600000, 0x0000000084600000, 0x0000000084700000|  0%| F|  |TAMS 0x0000000084600000, 0x0000000084600000| Untracked 
|  29|0x0000000084700000, 0x0000000084700000, 0x0000000084800000|  0%| F|  |TAMS 0x0000000084700000, 0x0000000084700000| Untracked 
|  30|0x0000000084800000, 0x0000000084800000, 0x0000000084900000|  0%| F|  |TAMS 0x0000000084800000, 0x0000000084800000| Untracked 
|  31|0x0000000084900000, 0x0000000084900000, 0x0000000084a00000|  0%| F|  |TAMS 0x0000000084900000, 0x0000000084900000| Untracked 
|  32|0x0000000084a00000, 0x0000000084a00000, 0x0000000084b00000|  0%| F|  |TAMS 0x0000000084a00000, 0x0000000084a00000| Untracked 
|  33|0x0000000084b00000, 0x0000000084b00000, 0x0000000084c00000|  0%| F|  |TAMS 0x0000000084b00000, 0x0000000084b00000| Untracked 
|  34|0x0000000084c00000, 0x0000000084c00000, 0x0000000084d00000|  0%| F|  |TAMS 0x0000000084c00000, 0x0000000084c00000| Untracked 
|  35|0x0000000084d00000, 0x0000000084d00000, 0x0000000084e00000|  0%| F|  |TAMS 0x0000000084d00000, 0x0000000084d00000| Untracked 
|  36|0x0000000084e00000, 0x0000000084e00000, 0x0000000084f00000|  0%| F|  |TAMS 0x0000000084e00000, 0x0000000084e00000| Untracked 
|  37|0x0000000084f00000, 0x0000000084f00000, 0x0000000085000000|  0%| F|  |TAMS 0x0000000084f00000, 0x0000000084f00000| Untracked 
|  38|0x0000000085000000, 0x0000000085000000, 0x0000000085100000|  0%| F|  |TAMS 0x0000000085000000, 0x0000000085000000| Untracked 
|  39|0x0000000085100000, 0x0000000085100000, 0x0000000085200000|  0%| F|  |TAMS 0x0000000085100000, 0x0000000085100000| Untracked 
|  40|0x0000000085200000, 0x0000000085200000, 0x0000000085300000|  0%| F|  |TAMS 0x0000000085200000, 0x0000000085200000| Untracked 
|  41|0x0000000085300000, 0x0000000085300000, 0x0000000085400000|  0%| F|  |TAMS 0x0000000085300000, 0x0000000085300000| Untracked 
|  42|0x0000000085400000, 0x0000000085400000, 0x0000000085500000|  0%| F|  |TAMS 0x0000000085400000, 0x0000000085400000| Untracked 
|  43|0x0000000085500000, 0x0000000085500000, 0x0000000085600000|  0%| F|  |TAMS 0x0000000085500000, 0x0000000085500000| Untracked 
|  44|0x0000000085600000, 0x0000000085600000, 0x0000000085700000|  0%| F|  |TAMS 0x0000000085600000, 0x0000000085600000| Untracked 
|  45|0x0000000085700000, 0x0000000085700000, 0x0000000085800000|  0%| F|  |TAMS 0x0000000085700000, 0x0000000085700000| Untracked 
|  46|0x0000000085800000, 0x0000000085800000, 0x0000000085900000|  0%| F|  |TAMS 0x0000000085800000, 0x0000000085800000| Untracked 
|  47|0x0000000085900000, 0x0000000085900000, 0x0000000085a00000|  0%| F|  |TAMS 0x0000000085900000, 0x0000000085900000| Untracked 
|  48|0x0000000085a00000, 0x0000000085a00000, 0x0000000085b00000|  0%| F|  |TAMS 0x0000000085a00000, 0x0000000085a00000| Untracked 
|  49|0x0000000085b00000, 0x0000000085b00000, 0x0000000085c00000|  0%| F|  |TAMS 0x0000000085b00000, 0x0000000085b00000| Untracked 
|  50|0x0000000085c00000, 0x0000000085c00000, 0x0000000085d00000|  0%| F|  |TAMS 0x0000000085c00000, 0x0000000085c00000| Untracked 
|  51|0x0000000085d00000, 0x0000000085d00000, 0x0000000085e00000|  0%| F|  |TAMS 0x0000000085d00000, 0x0000000085d00000| Untracked 
|  52|0x0000000085e00000, 0x0000000085e00000, 0x0000000085f00000|  0%| F|  |TAMS 0x0000000085e00000, 0x0000000085e00000| Untracked 
|  53|0x0000000085f00000, 0x0000000085f00000, 0x0000000086000000|  0%| F|  |TAMS 0x0000000085f00000, 0x0000000085f00000| Untracked 
|  54|0x0000000086000000, 0x0000000086000000, 0x0000000086100000|  0%| F|  |TAMS 0x0000000086000000, 0x0000000086000000| Untracked 
|  55|0x0000000086100000, 0x0000000086100000, 0x0000000086200000|  0%| F|  |TAMS 0x0000000086100000, 0x0000000086100000| Untracked 
|  56|0x0000000086200000, 0x0000000086200000, 0x0000000086300000|  0%| F|  |TAMS 0x0000000086200000, 0x0000000086200000| Untracked 
|  57|0x0000000086300000, 0x0000000086300000, 0x0000000086400000|  0%| F|  |TAMS 0x0000000086300000, 0x0000000086300000| Untracked 
|  58|0x0000000086400000, 0x0000000086400000, 0x0000000086500000|  0%| F|  |TAMS 0x0000000086400000, 0x0000000086400000| Untracked 
|  59|0x0000000086500000, 0x0000000086500000, 0x0000000086600000|  0%| F|  |TAMS 0x0000000086500000, 0x0000000086500000| Untracked 
|  60|0x0000000086600000, 0x0000000086600000, 0x0000000086700000|  0%| F|  |TAMS 0x0000000086600000, 0x0000000086600000| Untracked 
|  61|0x0000000086700000, 0x0000000086700000, 0x0000000086800000|  0%| F|  |TAMS 0x0000000086700000, 0x0000000086700000| Untracked 
|  62|0x0000000086800000, 0x0000000086800000, 0x0000000086900000|  0%| F|  |TAMS 0x0000000086800000, 0x0000000086800000| Untracked 
|  63|0x0000000086900000, 0x0000000086900000, 0x0000000086a00000|  0%| F|  |TAMS 0x0000000086900000, 0x0000000086900000| Untracked 
|  64|0x0000000086a00000, 0x0000000086a00000, 0x0000000086b00000|  0%| F|  |TAMS 0x0000000086a00000, 0x0000000086a00000| Untracked 
|  65|0x0000000086b00000, 0x0000000086b00000, 0x0000000086c00000|  0%| F|  |TAMS 0x0000000086b00000, 0x0000000086b00000| Untracked 
|  66|0x0000000086c00000, 0x0000000086c00000, 0x0000000086d00000|  0%| F|  |TAMS 0x0000000086c00000, 0x0000000086c00000| Untracked 
|  67|0x0000000086d00000, 0x0000000086d00000, 0x0000000086e00000|  0%| F|  |TAMS 0x0000000086d00000, 0x0000000086d00000| Untracked 
|  68|0x0000000086e00000, 0x0000000086e00000, 0x0000000086f00000|  0%| F|  |TAMS 0x0000000086e00000, 0x0000000086e00000| Untracked 
|  69|0x0000000086f00000, 0x0000000086f00000, 0x0000000087000000|  0%| F|  |TAMS 0x0000000086f00000, 0x0000000086f00000| Untracked 
|  70|0x0000000087000000, 0x0000000087000000, 0x0000000087100000|  0%| F|  |TAMS 0x0000000087000000, 0x0000000087000000| Untracked 
|  71|0x0000000087100000, 0x0000000087100000, 0x0000000087200000|  0%| F|  |TAMS 0x0000000087100000, 0x0000000087100000| Untracked 
|  72|0x0000000087200000, 0x0000000087200000, 0x0000000087300000|  0%| F|  |TAMS 0x0000000087200000, 0x0000000087200000| Untracked 
|  73|0x0000000087300000, 0x0000000087300000, 0x0000000087400000|  0%| F|  |TAMS 0x0000000087300000, 0x0000000087300000| Untracked 
|  74|0x0000000087400000, 0x0000000087400000, 0x0000000087500000|  0%| F|  |TAMS 0x0000000087400000, 0x0000000087400000| Untracked 
|  75|0x0000000087500000, 0x0000000087500000, 0x0000000087600000|  0%| F|  |TAMS 0x0000000087500000, 0x0000000087500000| Untracked 
|  76|0x0000000087600000, 0x0000000087600000, 0x0000000087700000|  0%| F|  |TAMS 0x0000000087600000, 0x0000000087600000| Untracked 
|  77|0x0000000087700000, 0x0000000087700000, 0x0000000087800000|  0%| F|  |TAMS 0x0000000087700000, 0x0000000087700000| Untracked 
|  78|0x0000000087800000, 0x0000000087800000, 0x0000000087900000|  0%| F|  |TAMS 0x0000000087800000, 0x0000000087800000| Untracked 
|  79|0x0000000087900000, 0x0000000087900000, 0x0000000087a00000|  0%| F|  |TAMS 0x0000000087900000, 0x0000000087900000| Untracked 
|  80|0x0000000087a00000, 0x0000000087a00000, 0x0000000087b00000|  0%| F|  |TAMS 0x0000000087a00000, 0x0000000087a00000| Untracked 
|  81|0x0000000087b00000, 0x0000000087b00000, 0x0000000087c00000|  0%| F|  |TAMS 0x0000000087b00000, 0x0000000087b00000| Untracked 
|  82|0x0000000087c00000, 0x0000000087c00000, 0x0000000087d00000|  0%| F|  |TAMS 0x0000000087c00000, 0x0000000087c00000| Untracked 
|  83|0x0000000087d00000, 0x0000000087d00000, 0x0000000087e00000|  0%| F|  |TAMS 0x0000000087d00000, 0x0000000087d00000| Untracked 
|  84|0x0000000087e00000, 0x0000000087e00000, 0x0000000087f00000|  0%| F|  |TAMS 0x0000000087e00000, 0x0000000087e00000| Untracked 
|  85|0x0000000087f00000, 0x0000000087f00000, 0x0000000088000000|  0%| F|  |TAMS 0x0000000087f00000, 0x0000000087f00000| Untracked 
|  86|0x0000000088000000, 0x0000000088000000, 0x0000000088100000|  0%| F|  |TAMS 0x0000000088000000, 0x0000000088000000| Untracked 
|  87|0x0000000088100000, 0x0000000088100000, 0x0000000088200000|  0%| F|  |TAMS 0x0000000088100000, 0x0000000088100000| Untracked 
|  88|0x0000000088200000, 0x0000000088200000, 0x0000000088300000|  0%| F|  |TAMS 0x0000000088200000, 0x0000000088200000| Untracked 
|  89|0x0000000088300000, 0x0000000088300000, 0x0000000088400000|  0%| F|  |TAMS 0x0000000088300000, 0x0000000088300000| Untracked 
|  90|0x0000000088400000, 0x0000000088400000, 0x0000000088500000|  0%| F|  |TAMS 0x0000000088400000, 0x0000000088400000| Untracked 
|  91|0x0000000088500000, 0x0000000088500000, 0x0000000088600000|  0%| F|  |TAMS 0x0000000088500000, 0x0000000088500000| Untracked 
|  92|0x0000000088600000, 0x0000000088600000, 0x0000000088700000|  0%| F|  |TAMS 0x0000000088600000, 0x0000000088600000| Untracked 
|  93|0x0000000088700000, 0x0000000088700000, 0x0000000088800000|  0%| F|  |TAMS 0x0000000088700000, 0x0000000088700000| Untracked 
|  94|0x0000000088800000, 0x0000000088800000, 0x0000000088900000|  0%| F|  |TAMS 0x0000000088800000, 0x0000000088800000| Untracked 
|  95|0x0000000088900000, 0x0000000088900000, 0x0000000088a00000|  0%| F|  |TAMS 0x0000000088900000, 0x0000000088900000| Untracked 
|  96|0x0000000088a00000, 0x0000000088a00000, 0x0000000088b00000|  0%| F|  |TAMS 0x0000000088a00000, 0x0000000088a00000| Untracked 
|  97|0x0000000088b00000, 0x0000000088b00000, 0x0000000088c00000|  0%| F|  |TAMS 0x0000000088b00000, 0x0000000088b00000| Untracked 
|  98|0x0000000088c00000, 0x0000000088c00000, 0x0000000088d00000|  0%| F|  |TAMS 0x0000000088c00000, 0x0000000088c00000| Untracked 
|  99|0x0000000088d00000, 0x0000000088d00000, 0x0000000088e00000|  0%| F|  |TAMS 0x0000000088d00000, 0x0000000088d00000| Untracked 
| 100|0x0000000088e00000, 0x0000000088f00000, 0x0000000088f00000|100%| S|CS|TAMS 0x0000000088e00000, 0x0000000088e00000| Complete 
| 101|0x0000000088f00000, 0x0000000089000000, 0x0000000089000000|100%| S|CS|TAMS 0x0000000088f00000, 0x0000000088f00000| Complete 
| 102|0x0000000089000000, 0x0000000089100000, 0x0000000089100000|100%| S|CS|TAMS 0x0000000089000000, 0x0000000089000000| Complete 
| 103|0x0000000089100000, 0x0000000089100000, 0x0000000089200000|  0%| F|  |TAMS 0x0000000089100000, 0x0000000089100000| Untracked 
| 104|0x0000000089200000, 0x0000000089200000, 0x0000000089300000|  0%| F|  |TAMS 0x0000000089200000, 0x0000000089200000| Untracked 
| 105|0x0000000089300000, 0x0000000089300000, 0x0000000089400000|  0%| F|  |TAMS 0x0000000089300000, 0x0000000089300000| Untracked 
| 106|0x0000000089400000, 0x0000000089400000, 0x0000000089500000|  0%| F|  |TAMS 0x0000000089400000, 0x0000000089400000| Untracked 
| 107|0x0000000089500000, 0x0000000089500000, 0x0000000089600000|  0%| F|  |TAMS 0x0000000089500000, 0x0000000089500000| Untracked 
| 108|0x0000000089600000, 0x0000000089600000, 0x0000000089700000|  0%| F|  |TAMS 0x0000000089600000, 0x0000000089600000| Untracked 
| 109|0x0000000089700000, 0x0000000089700000, 0x0000000089800000|  0%| F|  |TAMS 0x0000000089700000, 0x0000000089700000| Untracked 
| 110|0x0000000089800000, 0x0000000089800000, 0x0000000089900000|  0%| F|  |TAMS 0x0000000089800000, 0x0000000089800000| Untracked 
| 111|0x0000000089900000, 0x0000000089900000, 0x0000000089a00000|  0%| F|  |TAMS 0x0000000089900000, 0x0000000089900000| Untracked 
| 112|0x0000000089a00000, 0x0000000089a00000, 0x0000000089b00000|  0%| F|  |TAMS 0x0000000089a00000, 0x0000000089a00000| Untracked 
| 113|0x0000000089b00000, 0x0000000089bcb4c0, 0x0000000089c00000| 79%| E|  |TAMS 0x0000000089b00000, 0x0000000089b00000| Complete 
| 114|0x0000000089c00000, 0x0000000089d00000, 0x0000000089d00000|100%| E|CS|TAMS 0x0000000089c00000, 0x0000000089c00000| Complete 
| 115|0x0000000089d00000, 0x0000000089e00000, 0x0000000089e00000|100%| E|CS|TAMS 0x0000000089d00000, 0x0000000089d00000| Complete 
| 116|0x0000000089e00000, 0x0000000089f00000, 0x0000000089f00000|100%| E|CS|TAMS 0x0000000089e00000, 0x0000000089e00000| Complete 
| 117|0x0000000089f00000, 0x000000008a000000, 0x000000008a000000|100%| E|CS|TAMS 0x0000000089f00000, 0x0000000089f00000| Complete 
| 118|0x000000008a000000, 0x000000008a100000, 0x000000008a100000|100%| E|CS|TAMS 0x000000008a000000, 0x000000008a000000| Complete 
| 119|0x000000008a100000, 0x000000008a200000, 0x000000008a200000|100%| E|CS|TAMS 0x000000008a100000, 0x000000008a100000| Complete 
| 120|0x000000008a200000, 0x000000008a300000, 0x000000008a300000|100%| E|CS|TAMS 0x000000008a200000, 0x000000008a200000| Complete 
| 121|0x000000008a300000, 0x000000008a400000, 0x000000008a400000|100%| E|CS|TAMS 0x000000008a300000, 0x000000008a300000| Complete 
| 122|0x000000008a400000, 0x000000008a500000, 0x000000008a500000|100%| E|CS|TAMS 0x000000008a400000, 0x000000008a400000| Complete 
| 123|0x000000008a500000, 0x000000008a600000, 0x000000008a600000|100%| E|CS|TAMS 0x000000008a500000, 0x000000008a500000| Complete 
| 124|0x000000008a600000, 0x000000008a700000, 0x000000008a700000|100%| E|CS|TAMS 0x000000008a600000, 0x000000008a600000| Complete 
| 125|0x000000008a700000, 0x000000008a800000, 0x000000008a800000|100%| E|CS|TAMS 0x000000008a700000, 0x000000008a700000| Complete 

Card table byte_map: [0x000001e5cc810000,0x000001e5ccc00000] _byte_map_base: 0x000001e5cc3fb000

Marking Bits (Prev, Next): (CMBitMap*) 0x000001e5b7d6b260, (CMBitMap*) 0x000001e5b7d6b2a0
 Prev Bits: [0x000001e5ccff0000, 0x000001e5cef48000)
 Next Bits: [0x000001e5cef50000, 0x000001e5d0ea8000)

Polling page: 0x000001e5b7de0000

Metaspace:

Usage:
  Non-class:     13.90 MB used.
      Class:      1.84 MB used.
       Both:     15.74 MB used.

Virtual space:
  Non-class space:       16.00 MB reserved,      14.00 MB ( 88%) committed,  2 nodes.
      Class space:        1.00 GB reserved,       1.94 MB ( <1%) committed,  1 nodes.
             Both:        1.02 GB reserved,      15.94 MB (  2%) committed. 

Chunk freelists:
   Non-Class:  2.00 MB
       Class:  2.05 MB
        Both:  4.05 MB

MaxMetaspaceSize: unlimited
CompressedClassSpaceSize: 1.00 GB
Initial GC threshold: 21.00 MB
Current GC threshold: 21.00 MB
CDS: off
MetaspaceReclaimPolicy: balanced
 - commit_granule_bytes: 65536.
 - commit_granule_words: 8192.
 - virtual_space_node_default_size: 1048576.
 - enlarge_chunks_in_place: 1.
 - new_chunks_are_fully_committed: 0.
 - uncommit_free_chunks: 1.
 - use_allocation_guard: 0.
 - handle_deallocations: 1.


Internal statistics:

num_allocs_failed_limit: 0.
num_arena_births: 78.
num_arena_deaths: 0.
num_vsnodes_births: 3.
num_vsnodes_deaths: 0.
num_space_committed: 255.
num_space_uncommitted: 0.
num_chunks_returned_to_freelist: 0.
num_chunks_taken_from_freelist: 304.
num_chunk_merges: 0.
num_chunk_splits: 197.
num_chunks_enlarged: 155.
num_purges: 0.
num_inconsistent_stats: 0.

CodeHeap 'non-profiled nmethods': size=120000Kb used=453Kb max_used=453Kb free=119547Kb
 bounds [0x000001e5c4480000, 0x000001e5c46f0000, 0x000001e5cb9b0000]
CodeHeap 'profiled nmethods': size=120000Kb used=2256Kb max_used=2256Kb free=117743Kb
 bounds [0x000001e5bc9b0000, 0x000001e5bcc20000, 0x000001e5c3ee0000]
CodeHeap 'non-nmethods': size=5760Kb used=1163Kb max_used=1185Kb free=4596Kb
 bounds [0x000001e5c3ee0000, 0x000001e5c4150000, 0x000001e5c4480000]
 total_blobs=1674 nmethods=1216 adapters=371
 compilation: enabled
              stopped_count=0, restarted_count=0
 full_count=0

Compilation events (20 events):
Event: 17.275 Thread 0x000001e5d44773f0 1206   !   3       org.gradle.internal.logging.console.ThrottlingOutputEventListener::onOutput (92 bytes)
Event: 17.276 Thread 0x000001e5d44773f0 nmethod 1206 0x000001e5bcbdf490 code [0x000001e5bcbdf6c0, 0x000001e5bcbe0018]
Event: 17.276 Thread 0x000001e5d44773f0 1207       3       org.gradle.internal.logging.console.AbstractUserInputRenderer::onOutput (70 bytes)
Event: 17.277 Thread 0x000001e5d44773f0 nmethod 1207 0x000001e5bcbe0310 code [0x000001e5bcbe0580, 0x000001e5bcbe1188]
Event: 17.277 Thread 0x000001e5d44773f0 1208       3       org.gradle.internal.logging.console.BuildLogLevelFilterRenderer::onOutput (53 bytes)
Event: 17.277 Thread 0x000001e5d44773f0 nmethod 1208 0x000001e5bcbe1390 code [0x000001e5bcbe1580, 0x000001e5bcbe1c58]
Event: 17.684 Thread 0x000001e5d44773f0 1210       3       jdk.internal.misc.Unsafe::weakCompareAndSetInt (11 bytes)
Event: 17.685 Thread 0x000001e5d44773f0 nmethod 1210 0x000001e5bcbe1e10 code [0x000001e5bcbe1fa0, 0x000001e5bcbe20d8]
Event: 22.280 Thread 0x000001e5d44773f0 1211       3       java.util.concurrent.ScheduledThreadPoolExecutor$ScheduledFutureTask::isPeriodic (15 bytes)
Event: 22.280 Thread 0x000001e5d44773f0 nmethod 1211 0x000001e5bcbe2190 code [0x000001e5bcbe2320, 0x000001e5bcbe2498]
Event: 22.376 Thread 0x000001e5d44773f0 1212       3       java.util.concurrent.TimeUnit::convert (77 bytes)
Event: 22.376 Thread 0x000001e5d44773f0 nmethod 1212 0x000001e5bcbe2510 code [0x000001e5bcbe2720, 0x000001e5bcbe2ae8]
Event: 22.974 Thread 0x000001e5d44773f0 1213       3       java.util.LinkedHashMap::values (25 bytes)
Event: 22.975 Thread 0x000001e5d44773f0 nmethod 1213 0x000001e5bcbe2c90 code [0x000001e5bcbe2e40, 0x000001e5bcbe31b8]
Event: 23.178 Thread 0x000001e5d44773f0 1214       3       java.util.LinkedHashMap$LinkedValues::iterator (12 bytes)
Event: 23.178 Thread 0x000001e5d44773f0 nmethod 1214 0x000001e5bcbe3310 code [0x000001e5bcbe34c0, 0x000001e5bcbe3878]
Event: 23.178 Thread 0x000001e5d44773f0 1215       3       java.util.LinkedHashMap$LinkedValueIterator::<init> (11 bytes)
Event: 23.179 Thread 0x000001e5d44773f0 nmethod 1215 0x000001e5bcbe3990 code [0x000001e5bcbe3b40, 0x000001e5bcbe3e58]
Event: 24.080 Thread 0x000001e5d44773f0 1216       3       java.util.concurrent.atomic.AtomicLong::compareAndSet (13 bytes)
Event: 24.081 Thread 0x000001e5d44773f0 nmethod 1216 0x000001e5bcbe3f90 code [0x000001e5bcbe4120, 0x000001e5bcbe4258]

GC Heap History (2 events):
Event: 0.955 GC heap before
{Heap before GC invocations=0 (full 0):
 garbage-first heap   total 129024K, used 28672K [0x0000000082a00000, 0x0000000100000000)
  region size 1024K, 23 young (23552K), 0 survivors (0K)
 Metaspace       used 11270K, committed 11456K, reserved 1064960K
  class space    used 1193K, committed 1280K, reserved 1048576K
}
Event: 0.962 GC heap after
{Heap after GC invocations=1 (full 0):
 garbage-first heap   total 129024K, used 9587K [0x0000000082a00000, 0x0000000100000000)
  region size 1024K, 3 young (3072K), 3 survivors (3072K)
 Metaspace       used 11270K, committed 11456K, reserved 1064960K
  class space    used 1193K, committed 1280K, reserved 1048576K
}

Dll operation events (2 events):
Event: 0.005 Loaded shared library D:\Android\Android Studio\jbr\bin\java.dll
Event: 0.154 Loaded shared library D:\Android\Android Studio\jbr\bin\verify.dll

Deoptimization events (20 events):
Event: 1.121 Thread 0x000001e5b7d11f60 DEOPT PACKING pc=0x000001e5c44d730c sp=0x0000000e5cffb1e0
Event: 1.121 Thread 0x000001e5b7d11f60 DEOPT UNPACKING pc=0x000001e5c3f369a3 sp=0x0000000e5cffb180 mode 2
Event: 1.121 Thread 0x000001e5b7d11f60 Uncommon trap: trap_request=0xffffffc6 fr.pc=0x000001e5c44d730c relative=0x00000000000005ac
Event: 1.121 Thread 0x000001e5b7d11f60 Uncommon trap: reason=bimorphic_or_optimized_type_check action=maybe_recompile pc=0x000001e5c44d730c method=java.util.concurrent.ConcurrentHashMap.get(Ljava/lang/Object;)Ljava/lang/Object; @ 149 c2
Event: 1.121 Thread 0x000001e5b7d11f60 DEOPT PACKING pc=0x000001e5c44d730c sp=0x0000000e5cffb1e0
Event: 1.121 Thread 0x000001e5b7d11f60 DEOPT UNPACKING pc=0x000001e5c3f369a3 sp=0x0000000e5cffb180 mode 2
Event: 1.121 Thread 0x000001e5b7d11f60 Uncommon trap: trap_request=0xffffffc6 fr.pc=0x000001e5c44d730c relative=0x00000000000005ac
Event: 1.121 Thread 0x000001e5b7d11f60 Uncommon trap: reason=bimorphic_or_optimized_type_check action=maybe_recompile pc=0x000001e5c44d730c method=java.util.concurrent.ConcurrentHashMap.get(Ljava/lang/Object;)Ljava/lang/Object; @ 149 c2
Event: 1.121 Thread 0x000001e5b7d11f60 DEOPT PACKING pc=0x000001e5c44d730c sp=0x0000000e5cffb1e0
Event: 1.121 Thread 0x000001e5b7d11f60 DEOPT UNPACKING pc=0x000001e5c3f369a3 sp=0x0000000e5cffb180 mode 2
Event: 1.160 Thread 0x000001e5b7d11f60 DEOPT PACKING pc=0x000001e5bcac8c38 sp=0x0000000e5cffa350
Event: 1.160 Thread 0x000001e5b7d11f60 DEOPT UNPACKING pc=0x000001e5c3f37143 sp=0x0000000e5cff9868 mode 0
Event: 1.495 Thread 0x000001e5b7d11f60 Uncommon trap: trap_request=0xffffff45 fr.pc=0x000001e5c44b5a24 relative=0x0000000000000664
Event: 1.495 Thread 0x000001e5b7d11f60 Uncommon trap: reason=unstable_if action=reinterpret pc=0x000001e5c44b5a24 method=java.lang.AbstractStringBuilder.append(Ljava/lang/String;)Ljava/lang/AbstractStringBuilder; @ 1 c2
Event: 1.495 Thread 0x000001e5b7d11f60 DEOPT PACKING pc=0x000001e5c44b5a24 sp=0x0000000e5cffc770
Event: 1.495 Thread 0x000001e5b7d11f60 DEOPT UNPACKING pc=0x000001e5c3f369a3 sp=0x0000000e5cffc6f0 mode 2
Event: 1.496 Thread 0x000001e5b7d11f60 Uncommon trap: trap_request=0xffffff45 fr.pc=0x000001e5c44be6a4 relative=0x0000000000000664
Event: 1.496 Thread 0x000001e5b7d11f60 Uncommon trap: reason=unstable_if action=reinterpret pc=0x000001e5c44be6a4 method=java.lang.AbstractStringBuilder.append(Ljava/lang/String;)Ljava/lang/AbstractStringBuilder; @ 1 c2
Event: 1.496 Thread 0x000001e5b7d11f60 DEOPT PACKING pc=0x000001e5c44be6a4 sp=0x0000000e5cffc710
Event: 1.496 Thread 0x000001e5b7d11f60 DEOPT UNPACKING pc=0x000001e5c3f369a3 sp=0x0000000e5cffc6f8 mode 2

Classes unloaded (0 events):
No events

Classes redefined (0 events):
No events

Internal exceptions (19 events):
Event: 0.319 Thread 0x000001e5b7d11f60 Exception <a 'java/lang/NoSuchMethodError'{0x000000008a42c270}: 'int java.lang.invoke.DirectMethodHandle$Holder.invokeStaticInit(java.lang.Object, java.lang.Object)'> (0x000000008a42c270) 
thrown [s\src\hotspot\share\interpreter\linkResolver.cpp, line 771]
Event: 0.883 Thread 0x000001e5b7d11f60 Exception <a 'java/lang/NoSuchMethodError'{0x00000000893a0e30}: 'void java.lang.invoke.DirectMethodHandle$Holder.invokeStatic(java.lang.Object, java.lang.Object)'> (0x00000000893a0e30) 
thrown [s\src\hotspot\share\interpreter\linkResolver.cpp, line 771]
Event: 0.899 Thread 0x000001e5b7d11f60 Exception <a 'java/lang/NoClassDefFoundError'{0x000000008922b320}: org/slf4j/impl/StaticMarkerBinder> (0x000000008922b320) 
thrown [s\src\hotspot\share\classfile\systemDictionary.cpp, line 245]
Event: 0.913 Thread 0x000001e5b7d11f60 Exception <a 'java/lang/NoSuchMethodError'{0x00000000892c6848}: 'java.lang.Object java.lang.invoke.DirectMethodHandle$Holder.invokeVirtual(java.lang.Object, java.lang.Object, java.lang.Object, java.lang.Object, java.lang.Object, java.lang.Object, java.lang.Object)'> (0x00000000892c6848) 
thrown [s\src\hotspot\share\interpreter\linkResolver.cpp, line 771]
Event: 0.915 Thread 0x000001e5b7d11f60 Exception <a 'java/lang/NoSuchMethodError'{0x00000000892d7dd8}: 'java.lang.Object java.lang.invoke.Invokers$Holder.invoker(java.lang.Object, java.lang.Object, java.lang.Object)'> (0x00000000892d7dd8) 
thrown [s\src\hotspot\share\interpreter\linkResolver.cpp, line 771]
Event: 0.918 Thread 0x000001e5b7d11f60 Exception <a 'java/lang/NoSuchMethodError'{0x00000000892e0e80}: 'java.lang.Object java.lang.invoke.DirectMethodHandle$Holder.invokeStatic(java.lang.Object, java.lang.Object, int)'> (0x00000000892e0e80) 
thrown [s\src\hotspot\share\interpreter\linkResolver.cpp, line 771]
Event: 0.920 Thread 0x000001e5b7d11f60 Exception <a 'java/lang/NoSuchMethodError'{0x00000000892ecb70}: 'void java.lang.invoke.DelegatingMethodHandle$Holder.delegate(java.lang.Object, java.lang.Object, int, java.lang.Object)'> (0x00000000892ecb70) 
thrown [s\src\hotspot\share\interpreter\linkResolver.cpp, line 771]
Event: 0.920 Thread 0x000001e5b7d11f60 Exception <a 'java/lang/NoSuchMethodError'{0x00000000892f0f98}: 'int java.lang.invoke.DirectMethodHandle$Holder.invokeSpecial(java.lang.Object, java.lang.Object, java.lang.Object)'> (0x00000000892f0f98) 
thrown [s\src\hotspot\share\interpreter\linkResolver.cpp, line 771]
Event: 0.923 Thread 0x000001e5b7d11f60 Exception <a 'java/lang/NoSuchMethodError'{0x0000000089104688}: 'java.lang.Object java.lang.invoke.Invokers$Holder.invokeExact_MT(java.lang.Object, java.lang.Object, java.lang.Object, java.lang.Object)'> (0x0000000089104688) 
thrown [s\src\hotspot\share\interpreter\linkResolver.cpp, line 771]
Event: 1.026 Thread 0x000001e5b7d11f60 Exception <a 'java/lang/NoSuchMethodError'{0x000000008a457ec8}: 'java.lang.Object java.lang.invoke.DirectMethodHandle$Holder.invokeInterface(java.lang.Object, java.lang.Object, java.lang.Object)'> (0x000000008a457ec8) 
thrown [s\src\hotspot\share\interpreter\linkResolver.cpp, line 771]
Event: 1.029 Thread 0x000001e5b7d11f60 Exception <a 'java/lang/NoSuchMethodError'{0x000000008a4797f8}: 'void java.lang.invoke.DirectMethodHandle$Holder.invokeSpecial(java.lang.Object, java.lang.Object, java.lang.Object)'> (0x000000008a4797f8) 
thrown [s\src\hotspot\share\interpreter\linkResolver.cpp, line 771]
Event: 1.042 Thread 0x000001e5b7d11f60 Implicit null exception at 0x000001e5c44c8f93 to 0x000001e5c44c93ec
Event: 1.042 Thread 0x000001e5b7d11f60 Implicit null exception at 0x000001e5c44b8c11 to 0x000001e5c44b9048
Event: 1.068 Thread 0x000001e5b7d11f60 Exception <a 'java/lang/NoSuchMethodError'{0x000000008a21a688}: 'java.lang.Object java.lang.invoke.DirectMethodHandle$Holder.invokeStaticInit(java.lang.Object)'> (0x000000008a21a688) 
thrown [s\src\hotspot\share\interpreter\linkResolver.cpp, line 771]
Event: 1.175 Thread 0x000001e5b7d11f60 Exception <a 'java/lang/NoSuchMethodError'{0x0000000089e0f358}: 'java.lang.Object java.lang.invoke.DirectMethodHandle$Holder.invokeStaticInit(java.lang.Object, int, int, int, int)'> (0x0000000089e0f358) 
thrown [s\src\hotspot\share\interpreter\linkResolver.cpp, line 771]
Event: 1.319 Thread 0x000001e5b7d11f60 Exception <a 'java/lang/NoSuchMethodError'{0x0000000089e5ec38}: 'java.lang.Object java.lang.invoke.DirectMethodHandle$Holder.invokeStaticInit(java.lang.Object, java.lang.Object, int, int, int, int)'> (0x0000000089e5ec38) 
thrown [s\src\hotspot\share\interpreter\linkResolver.cpp, line 771]
Event: 1.480 Thread 0x000001e5b7d11f60 Exception <a 'java/lang/NoSuchMethodError'{0x0000000089e8ca00}: 'void java.lang.invoke.DirectMethodHandle$Holder.invokeStatic(java.lang.Object, java.lang.Object, java.lang.Object)'> (0x0000000089e8ca00) 
thrown [s\src\hotspot\share\interpreter\linkResolver.cpp, line 771]
Event: 1.495 Thread 0x000001e5b7d11f60 Implicit null exception at 0x000001e5c44b53f2 to 0x000001e5c44b5a0c
Event: 1.496 Thread 0x000001e5b7d11f60 Implicit null exception at 0x000001e5c44be072 to 0x000001e5c44be68c

VM Operations (16 events):
Event: 0.146 Executing VM operation: HandshakeAllThreads
Event: 0.146 Executing VM operation: HandshakeAllThreads done
Event: 0.917 Executing VM operation: HandshakeAllThreads
Event: 0.917 Executing VM operation: HandshakeAllThreads done
Event: 0.954 Executing VM operation: G1CollectForAllocation
Event: 0.962 Executing VM operation: G1CollectForAllocation done
Event: 1.126 Executing VM operation: HandshakeAllThreads
Event: 1.126 Executing VM operation: HandshakeAllThreads done
Event: 1.250 Executing VM operation: HandshakeAllThreads
Event: 1.250 Executing VM operation: HandshakeAllThreads done
Event: 2.256 Executing VM operation: Cleanup
Event: 2.256 Executing VM operation: Cleanup done
Event: 6.281 Executing VM operation: Cleanup
Event: 6.281 Executing VM operation: Cleanup done
Event: 18.357 Executing VM operation: Cleanup
Event: 18.357 Executing VM operation: Cleanup done

Events (20 events):
Event: 5.493 loading class jdk/internal/reflect/ClassFileAssembler done
Event: 5.493 loading class jdk/internal/reflect/UTF8
Event: 5.493 loading class jdk/internal/reflect/UTF8 done
Event: 5.493 loading class jdk/internal/reflect/Label
Event: 5.493 loading class jdk/internal/reflect/Label done
Event: 5.493 loading class jdk/internal/reflect/Label$PatchInfo
Event: 5.493 loading class jdk/internal/reflect/Label$PatchInfo done
Event: 5.494 loading class jdk/internal/reflect/MethodAccessorGenerator$1
Event: 5.494 loading class jdk/internal/reflect/MethodAccessorGenerator$1 done
Event: 5.494 loading class jdk/internal/reflect/ClassDefiner
Event: 5.494 loading class jdk/internal/reflect/ClassDefiner done
Event: 5.494 loading class jdk/internal/reflect/ClassDefiner$1
Event: 5.494 loading class jdk/internal/reflect/ClassDefiner$1 done
Event: 25.115 loading class java/io/ObjectOutputStream
Event: 25.116 loading class java/io/ObjectOutput
Event: 25.116 loading class java/io/ObjectOutput done
Event: 25.116 loading class java/io/ObjectStreamConstants
Event: 25.116 loading class java/io/ObjectStreamConstants done
Event: 25.116 loading class java/io/ObjectOutputStream done
Event: 25.116 loading class java/io/ObjectInputStream


Dynamic libraries:
0x00007ff729440000 - 0x00007ff72944a000 	D:\Android\Android Studio\jbr\bin\java.exe
0x00007ffe5a830000 - 0x00007ffe5aa28000 	C:\WINDOWS\SYSTEM32\ntdll.dll
0x00007ffe5a0a0000 - 0x00007ffe5a15d000 	C:\WINDOWS\System32\KERNEL32.DLL
0x00007ffe58130000 - 0x00007ffe58426000 	C:\WINDOWS\System32\KERNELBASE.dll
0x00007ffe57f10000 - 0x00007ffe58010000 	C:\WINDOWS\System32\ucrtbase.dll
0x00007ffe4dbd0000 - 0x00007ffe4dbeb000 	D:\Android\Android Studio\jbr\bin\VCRUNTIME140.dll
0x00007ffe513a0000 - 0x00007ffe513b7000 	D:\Android\Android Studio\jbr\bin\jli.dll
0x00007ffe59750000 - 0x00007ffe598ee000 	C:\WINDOWS\System32\USER32.dll
0x00007ffe3dd70000 - 0x00007ffe3e00a000 	C:\WINDOWS\WinSxS\amd64_microsoft.windows.common-controls_6595b64144ccf1df_6.0.19041.3636_none_60b6a03d71f818d5\COMCTL32.dll
0x00007ffe584d0000 - 0x00007ffe584f2000 	C:\WINDOWS\System32\win32u.dll
0x00007ffe59180000 - 0x00007ffe5921e000 	C:\WINDOWS\System32\msvcrt.dll
0x00007ffe59140000 - 0x00007ffe5916c000 	C:\WINDOWS\System32\GDI32.dll
0x00007ffe58010000 - 0x00007ffe5812a000 	C:\WINDOWS\System32\gdi32full.dll
0x00007ffe58430000 - 0x00007ffe584cd000 	C:\WINDOWS\System32\msvcp_win.dll
0x00007ffe594a0000 - 0x00007ffe594d0000 	C:\WINDOWS\System32\IMM32.DLL
0x00007ffe52ff0000 - 0x00007ffe52ffc000 	D:\Android\Android Studio\jbr\bin\vcruntime140_1.dll
0x00007ffe18e90000 - 0x00007ffe18f1d000 	D:\Android\Android Studio\jbr\bin\msvcp140.dll
0x00007ffdf1f30000 - 0x00007ffdf2b9e000 	D:\Android\Android Studio\jbr\bin\server\jvm.dll
0x00007ffe5a180000 - 0x00007ffe5a22f000 	C:\WINDOWS\System32\ADVAPI32.dll
0x00007ffe5a750000 - 0x00007ffe5a7ec000 	C:\WINDOWS\System32\sechost.dll
0x00007ffe59300000 - 0x00007ffe59426000 	C:\WINDOWS\System32\RPCRT4.dll
0x00007ffe297a0000 - 0x00007ffe297a9000 	C:\WINDOWS\SYSTEM32\WSOCK32.dll
0x00007ffe452d0000 - 0x00007ffe452f7000 	C:\WINDOWS\SYSTEM32\WINMM.dll
0x00007ffe50e80000 - 0x00007ffe50e8a000 	C:\WINDOWS\SYSTEM32\VERSION.dll
0x00007ffe594d0000 - 0x00007ffe5953b000 	C:\WINDOWS\System32\WS2_32.dll
0x00007ffe56760000 - 0x00007ffe56772000 	C:\WINDOWS\SYSTEM32\kernel.appcore.dll
0x00007ffe52f40000 - 0x00007ffe52f4a000 	D:\Android\Android Studio\jbr\bin\jimage.dll
0x00007ffe55b60000 - 0x00007ffe55d44000 	C:\WINDOWS\SYSTEM32\DBGHELP.DLL
0x00007ffe438e0000 - 0x00007ffe43914000 	C:\WINDOWS\SYSTEM32\dbgcore.DLL
0x00007ffe58800000 - 0x00007ffe58882000 	C:\WINDOWS\System32\bcryptPrimitives.dll
0x00007ffe47390000 - 0x00007ffe473b5000 	D:\Android\Android Studio\jbr\bin\java.dll
0x00007ffe473f0000 - 0x00007ffe47408000 	D:\Android\Android Studio\jbr\bin\zip.dll
0x00007ffe598f0000 - 0x00007ffe5a034000 	C:\WINDOWS\System32\SHELL32.dll
0x00007ffe55fb0000 - 0x00007ffe5674b000 	C:\WINDOWS\SYSTEM32\windows.storage.dll
0x00007ffe58cb0000 - 0x00007ffe59004000 	C:\WINDOWS\System32\combase.dll
0x00007ffe57950000 - 0x00007ffe5797d000 	C:\WINDOWS\SYSTEM32\Wldp.dll
0x00007ffe5a6a0000 - 0x00007ffe5a74d000 	C:\WINDOWS\System32\SHCORE.dll
0x00007ffe5a040000 - 0x00007ffe5a095000 	C:\WINDOWS\System32\shlwapi.dll
0x00007ffe57e40000 - 0x00007ffe57e65000 	C:\WINDOWS\SYSTEM32\profapi.dll
0x00007ffe46f80000 - 0x00007ffe46f99000 	D:\Android\Android Studio\jbr\bin\net.dll
0x00007ffe4e3a0000 - 0x00007ffe4e4aa000 	C:\WINDOWS\SYSTEM32\WINHTTP.dll
0x00007ffe576b0000 - 0x00007ffe5771a000 	C:\WINDOWS\system32\mswsock.dll
0x00007ffe468d0000 - 0x00007ffe468e6000 	D:\Android\Android Studio\jbr\bin\nio.dll
0x00007ffe52e90000 - 0x00007ffe52ea0000 	D:\Android\Android Studio\jbr\bin\verify.dll
0x00007ffe451a0000 - 0x00007ffe451c7000 	C:\Users\Blue\.gradle\native\e1d6ef7f7dcc3fd88c89a11ec53ec762bb8ba0a96d01ffa2cd45eb1d1d8dd5c5\windows-amd64\native-platform.dll
0x00007ffe52e20000 - 0x00007ffe52e29000 	D:\Android\Android Studio\jbr\bin\management.dll
0x00007ffe52dd0000 - 0x00007ffe52ddb000 	D:\Android\Android Studio\jbr\bin\management_ext.dll
0x00007ffe59010000 - 0x00007ffe59018000 	C:\WINDOWS\System32\PSAPI.DLL
0x00007ffe578a0000 - 0x00007ffe578b8000 	C:\WINDOWS\SYSTEM32\CRYPTSP.dll
0x00007ffe56f70000 - 0x00007ffe56fa4000 	C:\WINDOWS\system32\rsaenh.dll
0x00007ffe58780000 - 0x00007ffe587a7000 	C:\WINDOWS\System32\bcrypt.dll
0x00007ffe57dc0000 - 0x00007ffe57dee000 	C:\WINDOWS\SYSTEM32\USERENV.dll
0x00007ffe578c0000 - 0x00007ffe578cc000 	C:\WINDOWS\SYSTEM32\CRYPTBASE.dll
0x00007ffe57350000 - 0x00007ffe5738b000 	C:\WINDOWS\SYSTEM32\IPHLPAPI.DLL
0x00007ffe59430000 - 0x00007ffe59438000 	C:\WINDOWS\System32\NSI.dll
0x00007ffe51090000 - 0x00007ffe510a7000 	C:\WINDOWS\SYSTEM32\dhcpcsvc6.DLL
0x00007ffe50720000 - 0x00007ffe5073d000 	C:\WINDOWS\SYSTEM32\dhcpcsvc.DLL
0x00007ffe573a0000 - 0x00007ffe5746a000 	C:\WINDOWS\SYSTEM32\DNSAPI.dll
0x00007ffe3abd0000 - 0x00007ffe3abd7000 	C:\WINDOWS\system32\wshunix.dll

dbghelp: loaded successfully - version: 4.0.5 - missing functions: none
symbol engine: initialized successfully - sym options: 0x614 - pdb path: .;D:\Android\Android Studio\jbr\bin;C:\WINDOWS\SYSTEM32;C:\WINDOWS\WinSxS\amd64_microsoft.windows.common-controls_6595b64144ccf1df_6.0.19041.3636_none_60b6a03d71f818d5;D:\Android\Android Studio\jbr\bin\server;C:\Users\Blue\.gradle\native\e1d6ef7f7dcc3fd88c89a11ec53ec762bb8ba0a96d01ffa2cd45eb1d1d8dd5c5\windows-amd64

VM Arguments:
jvm_args: -Dorg.gradle.appname=gradlew 
java_command: org.gradle.wrapper.GradleWrapperMain -q -Ptarget-platform=android-arm64 -Ptarget=D:\AndroidStudioProjects\error_404_s_application7\lib\main.dart -Pbase-application-name=android.app.Application -Pdart-defines=RkxVVFRFUl9XRUJfQVVUT19ERVRFQ1Q9dHJ1ZQ==,RkxVVFRFUl9XRUJfQ0FOVkFTS0lUX1VSTD1odHRwczovL3d3dy5nc3RhdGljLmNvbS9mbHV0dGVyLWNhbnZhc2tpdC8zOWM2ZGM5YmRkM2JhMmJjMzg3ZTZlMTRiNzJmY2U1ZjQ2YWJmY2FlLw== -Pdart-obfuscation=false -Ptrack-widget-creation=true -Ptree-shake-icons=false -Pfilesystem-scheme=org-dartlang-root assembleDebug
java_class_path (initial): D:\AndroidStudioProjects\error_404_s_application7\android\\gradle\wrapper\gradle-wrapper.jar
Launcher Type: SUN_STANDARD

[Global flags]
     intx CICompilerCount                          = 4                                         {product} {ergonomic}
     uint ConcGCThreads                            = 2                                         {product} {ergonomic}
     uint G1ConcRefinementThreads                  = 8                                         {product} {ergonomic}
   size_t G1HeapRegionSize                         = 1048576                                   {product} {ergonomic}
    uintx GCDrainStackTargetSize                   = 64                                        {product} {ergonomic}
   size_t InitialHeapSize                          = 132120576                                 {product} {ergonomic}
   size_t MarkStackSize                            = 4194304                                   {product} {ergonomic}
   size_t MaxHeapSize                              = 2103443456                                {product} {ergonomic}
   size_t MaxNewSize                               = 1261436928                                {product} {ergonomic}
   size_t MinHeapDeltaBytes                        = 1048576                                   {product} {ergonomic}
   size_t MinHeapSize                              = 8388608                                   {product} {ergonomic}
    uintx NonNMethodCodeHeapSize                   = 5839372                                {pd product} {ergonomic}
    uintx NonProfiledCodeHeapSize                  = 122909434                              {pd product} {ergonomic}
    uintx ProfiledCodeHeapSize                     = 122909434                              {pd product} {ergonomic}
    uintx ReservedCodeCacheSize                    = 251658240                              {pd product} {ergonomic}
     bool SegmentedCodeCache                       = true                                      {product} {ergonomic}
   size_t SoftMaxHeapSize                          = 2103443456                             {manageable} {ergonomic}
     bool UseCompressedClassPointers               = true                           {product lp64_product} {ergonomic}
     bool UseCompressedOops                        = true                           {product lp64_product} {ergonomic}
     bool UseG1GC                                  = true                                      {product} {ergonomic}
     bool UseLargePagesIndividualAllocation        = false                                  {pd product} {ergonomic}

Logging:
Log output configuration:
 #0: stdout all=warning uptime,level,tags
 #1: stderr all=off uptime,level,tags

Environment Variables:
JAVA_HOME=D:\Android\Android Studio\jbr
CLASSPATH=D:\AndroidStudioProjects\error_404_s_application7\android\\gradle\wrapper\gradle-wrapper.jar
PATH=D:\Android\Android Studio\jbr\bin;D:\flutter_windows_3.13.7-stable\flutter\bin\;D:\Oracle\dbhomeXE\bin;D:\app\Blue\product\21c\dbhomeXE\bin;C:\Program Files\Common Files\Oracle\Java\javapath;C:\Program Files (x86)\Common Files\Oracle\Java\javapath;C:\WINDOWS\system32;C:\WINDOWS;C:\WINDOWS\System32\Wbem;C:\WINDOWS\System32\WindowsPowerShell\v1.0\;C:\WINDOWS\System32\OpenSSH\;C:\Program Files\Microsoft SQL Server\150\Tools\Binn\;C:\Program Files\dotnet\;D:\nodejs\;C:\Program Files (x86)\NVIDIA Corporation\PhysX\Common;C:\Program Files\NVIDIA Corporation\NVIDIA NvDLISR;C:\PHP;C:\composer;C:\Program Files\OpenSSL-Win64\bin;C:\Program Files\Redis\;c:\page;C:\Program Files\CMake\bin;d:\page;D:\Git\cmd;C:\Users\Blue\AppData\Local\Microsoft\WindowsApps;C:\Users\Blue\.dotnet\tools;C:\Users\Blue\AppData\Roaming\npm;C:\Users\Blue\ffmpeg-git-full\ffmpeg-2022-09-22-git-af919cf780-full_build\bin;D:\CodeBlocks\MinGW\bin;D:\IntelliJ IDEA Community Edition 2022.3.2\bin;C:\Users\Blue\AppData\Roaming\Composer\vendor\bin;D:\Microsoft VS Code\bin;C:\MinGW\bin;C:\Program Files\apache-maven-3.9.4-bin\apache-maven-3.9.4\bin;C:\Program Files\kotlin-compiler-1.2.21\kotlinc\bin;D:\spark-3.5.0-bin-hadoop3\spark-3.5.0-bin-hadoop3\bin;D:\winutils\bin;D:\dartsdk-windows-x64-release\dart-sdk\bin;D:\flutter_windows_3.13.7-stable\flutter\bin;D:\anaconda3;D:\anaconda3\Scripts;D:\anaconda3\Library\bin;D:\anaconda3\Library\usr\bin;D:\anaconda3\Library\mingw-w64\bin;C:\Windows\System32;D:\Git\bin;D:\Git\bin\git.exe;D:\flutter_windows_3.13.7-stable\flutter\bin\mingit\cmd
USERNAME=Blue
LANG=en_US.UTF-8
OS=Windows_NT
PROCESSOR_IDENTIFIER=Intel64 Family 6 Model 165 Stepping 2, GenuineIntel
TMP=C:\Users\Blue\AppData\Local\Temp
TEMP=C:\Users\Blue\AppData\Local\Temp


JNI global refs:
JNI global refs: 19, weak refs: 0

JNI global refs memory usage: 843, weak refs: 209


---------------  S Y S T E M  ---------------

OS:
 Windows 10 , 64 bit Build 19041 (10.0.19041.3636)
OS uptime: 1 days 4:03 hours

CPU: total 8 (initial active 8) (4 cores per cpu, 2 threads per core) family 6 model 165 stepping 2 microcode 0xe2, cx8, cmov, fxsr, ht, mmx, 3dnowpref, sse, sse2, sse3, ssse3, sse4.1, sse4.2, popcnt, lzcnt, tsc, tscinvbit, avx, avx2, aes, erms, clmul, bmi1, bmi2, adx, fma, vzeroupper, clflush, clflushopt

Memory: 4k page, system-wide physical 8023M (451M free)
TotalPageFile size 20405M (AvailPageFile size 0M)
current process WorkingSet (physical memory assigned to process): 91M, peak: 97M
current process commit charge ("private bytes"): 224M, peak: 230M

vm_info: OpenJDK 64-Bit Server VM (17.0.6+0-b2043.56-10027231) for windows-amd64 JRE (17.0.6+0-b2043.56-10027231), built on Apr 28 2023 00:43:19 by "androidbuild" with MS VC++ 16.10 / 16.11 (VS2019)

END.
