#
# There is insufficient memory for the Java Runtime Environment to continue.
# Native memory allocation (malloc) failed to allocate 633456 bytes for Chunk::new
# Possible reasons:
#   The system is out of physical RAM or swap space
#   The process is running with CompressedOops enabled, and the Java Heap may be blocking the growth of the native heap
# Possible solutions:
#   Reduce memory load on the system
#   Increase physical memory or swap space
#   Check if swap backing store is full
#   Decrease Java heap size (-Xmx/-Xms)
#   Decrease number of Java threads
#   Decrease Java thread stack sizes (-Xss)
#   Set larger code cache with -XX:ReservedCodeCacheSize=
#   JVM is running with Unscaled Compressed Oops mode in which the Java heap is
#     placed in the first 4GB address space. The Java Heap base address is the
#     maximum limit for the native heap growth. Please use -XX:HeapBaseMinAddress
#     to set the Java Heap base and to place the Java Heap above 4GB virtual address.
# This output file may be truncated or incomplete.
#
#  Out of Memory Error (arena.cpp:189), pid=17280, tid=11892
#
# JRE version: OpenJDK Runtime Environment (17.0.6) (build 17.0.6+0-b2043.56-10027231)
# Java VM: OpenJDK 64-Bit Server VM (17.0.6+0-b2043.56-10027231, mixed mode, tiered, compressed oops, compressed class ptrs, g1 gc, windows-amd64)
# No core dump will be written. Minidumps are not enabled by default on client versions of Windows
#

---------------  S U M M A R Y ------------

Command Line: --add-opens=java.base/java.util=ALL-UNNAMED --add-opens=java.base/java.lang=ALL-UNNAMED --add-opens=java.base/java.lang.invoke=ALL-UNNAMED --add-opens=java.base/java.util=ALL-UNNAMED --add-opens=java.prefs/java.util.prefs=ALL-UNNAMED --add-opens=java.prefs/java.util.prefs=ALL-UNNAMED --add-opens=java.base/java.nio.charset=ALL-UNNAMED --add-opens=java.base/java.net=ALL-UNNAMED --add-opens=java.base/java.util.concurrent.atomic=ALL-UNNAMED -Xmx1536M -Dfile.encoding=windows-1252 -Duser.country=US -Duser.language=en -Duser.variant org.gradle.launcher.daemon.bootstrap.GradleDaemon 7.5

Host: Intel(R) Core(TM) i5-10300H CPU @ 2.50GHz, 8 cores, 7G,  Windows 10 , 64 bit Build 19041 (10.0.19041.3570)
Time: Fri Nov  3 16:02:26 2023 Romance Standard Time elapsed time: 13932.113301 seconds (0d 3h 52m 12s)

---------------  T H R E A D  ---------------

Current thread (0x0000021669c25650):  JavaThread "C2 CompilerThread0" daemon [_thread_in_native, id=11892, stack(0x000000c8cbe00000,0x000000c8cbf00000)]


Current CompileTask:
C2:13932113 36911       4       groovyjarjarantlr4.v4.runtime.atn.PredictionContext::join (569 bytes)

Stack: [0x000000c8cbe00000,0x000000c8cbf00000]
Native frames: (J=compiled Java code, j=interpreted, Vv=VM code, C=native code)
V  [jvm.dll+0x683c9a]
V  [jvm.dll+0x8427a4]
V  [jvm.dll+0x843f9e]
V  [jvm.dll+0x844603]
V  [jvm.dll+0x249b75]
V  [jvm.dll+0xabcac]
V  [jvm.dll+0xac27c]
V  [jvm.dll+0x2b0eef]
V  [jvm.dll+0x58a267]
V  [jvm.dll+0x2243b2]
V  [jvm.dll+0x22478f]
V  [jvm.dll+0x21e055]
V  [jvm.dll+0x21b51b]
V  [jvm.dll+0x1a4fdd]
V  [jvm.dll+0x22b098]
V  [jvm.dll+0x229159]
V  [jvm.dll+0x7f81ec]
V  [jvm.dll+0x7f274a]
V  [jvm.dll+0x682ad5]
C  [ucrtbase.dll+0x21bb2]
C  [KERNEL32.DLL+0x17344]
C  [ntdll.dll+0x526b1]


---------------  P R O C E S S  ---------------

Threads class SMR info:
_java_thread_list=0x000002167d50d990, length=48, elements={
0x000002165051cbd0, 0x000002166905bff0, 0x000002166905ce60, 0x0000021669080800,
0x00000216690811b0, 0x0000021669c24000, 0x0000021669c248c0, 0x0000021669c25650,
0x0000021669c295f0, 0x0000021669c4fc10, 0x0000021669dc2de0, 0x0000021669dc36c0,
0x000002166b4b6bd0, 0x000002166c4276a0, 0x000002166c1e6b90, 0x000002166a0d5af0,
0x000002166a0d47b0, 0x000002166a0d3940, 0x000002166a0d5fc0, 0x000002166a0d5150,
0x000002166a0d4c80, 0x000002166dd156c0, 0x000002166dd14850, 0x000002166dd121d0,
0x000002166dd16a00, 0x000002166dd16060, 0x000002166dd10e90, 0x000002166cbaf200,
0x000002166cbb0540, 0x000002166cbaed30, 0x000002166cbaf6d0, 0x000002166cbabd10,
0x000002166e770510, 0x00000216745fda10, 0x0000021674600090, 0x000002167200f0f0,
0x000002167b3c0960, 0x000002167b3bf150, 0x000002167b3bffc0, 0x0000021675c5b8e0,
0x000002167cc7a1c0, 0x000002167cc789b0, 0x000002167cc78e80, 0x000002167cc79350,
0x000002167cc79820, 0x000002166f3fabc0, 0x0000021675a4aa50, 0x0000021675a4c3a0
}

Java Threads: ( => current thread )
  0x000002165051cbd0 JavaThread "main" [_thread_blocked, id=2196, stack(0x000000c8cb100000,0x000000c8cb200000)]
  0x000002166905bff0 JavaThread "Reference Handler" daemon [_thread_blocked, id=7352, stack(0x000000c8cb800000,0x000000c8cb900000)]
  0x000002166905ce60 JavaThread "Finalizer" daemon [_thread_blocked, id=6396, stack(0x000000c8cb900000,0x000000c8cba00000)]
  0x0000021669080800 JavaThread "Signal Dispatcher" daemon [_thread_blocked, id=15288, stack(0x000000c8cba00000,0x000000c8cbb00000)]
  0x00000216690811b0 JavaThread "Attach Listener" daemon [_thread_blocked, id=15936, stack(0x000000c8cbb00000,0x000000c8cbc00000)]
  0x0000021669c24000 JavaThread "Service Thread" daemon [_thread_blocked, id=1828, stack(0x000000c8cbc00000,0x000000c8cbd00000)]
  0x0000021669c248c0 JavaThread "Monitor Deflation Thread" daemon [_thread_blocked, id=2580, stack(0x000000c8cbd00000,0x000000c8cbe00000)]
=>0x0000021669c25650 JavaThread "C2 CompilerThread0" daemon [_thread_in_native, id=11892, stack(0x000000c8cbe00000,0x000000c8cbf00000)]
  0x0000021669c295f0 JavaThread "C1 CompilerThread0" daemon [_thread_blocked, id=10852, stack(0x000000c8cbf00000,0x000000c8cc000000)]
  0x0000021669c4fc10 JavaThread "Sweeper thread" daemon [_thread_blocked, id=11016, stack(0x000000c8cc000000,0x000000c8cc100000)]
  0x0000021669dc2de0 JavaThread "Common-Cleaner" daemon [_thread_blocked, id=8396, stack(0x000000c8cc100000,0x000000c8cc200000)]
  0x0000021669dc36c0 JavaThread "Notification Thread" daemon [_thread_blocked, id=16168, stack(0x000000c8cc200000,0x000000c8cc300000)]
  0x000002166b4b6bd0 JavaThread "Daemon health stats" [_thread_blocked, id=12116, stack(0x000000c8cc900000,0x000000c8cca00000)]
  0x000002166c4276a0 JavaThread "Incoming local TCP Connector on port 49937" [_thread_in_native, id=17076, stack(0x000000c8cca00000,0x000000c8ccb00000)]
  0x000002166c1e6b90 JavaThread "Daemon periodic checks" [_thread_blocked, id=17284, stack(0x000000c8ccb00000,0x000000c8ccc00000)]
  0x000002166a0d5af0 JavaThread "Cache worker for journal cache (C:\Users\Blue\.gradle\caches\journal-1)" [_thread_blocked, id=11848, stack(0x000000c8cd300000,0x000000c8cd400000)]
  0x000002166a0d47b0 JavaThread "File lock request listener" [_thread_in_native, id=16396, stack(0x000000c8cd400000,0x000000c8cd500000)]
  0x000002166a0d3940 JavaThread "Cache worker for file hash cache (C:\Users\Blue\.gradle\caches\7.5\fileHashes)" [_thread_blocked, id=11876, stack(0x000000c8cd800000,0x000000c8cd900000)]
  0x000002166a0d5fc0 JavaThread "File watcher server" daemon [_thread_in_native, id=3740, stack(0x000000c8cda00000,0x000000c8cdb00000)]
  0x000002166a0d5150 JavaThread "File watcher consumer" daemon [_thread_blocked, id=13224, stack(0x000000c8cdb00000,0x000000c8cdc00000)]
  0x000002166a0d4c80 JavaThread "Cache worker for file content cache (C:\Users\Blue\.gradle\caches\7.5\fileContent)" [_thread_blocked, id=9924, stack(0x000000c8cde00000,0x000000c8cdf00000)]
  0x000002166dd156c0 JavaThread "Cache worker for execution history cache (C:\Users\Blue\.gradle\caches\7.5\executionHistory)" [_thread_blocked, id=14564, stack(0x000000c8ce100000,0x000000c8ce200000)]
  0x000002166dd14850 JavaThread "jar transforms" [_thread_blocked, id=17332, stack(0x000000c8ce200000,0x000000c8ce300000)]
  0x000002166dd121d0 JavaThread "jar transforms Thread 2" [_thread_blocked, id=5112, stack(0x000000c8ce300000,0x000000c8ce400000)]
  0x000002166dd16a00 JavaThread "jar transforms Thread 3" [_thread_blocked, id=9300, stack(0x000000c8ce400000,0x000000c8ce500000)]
  0x000002166dd16060 JavaThread "jar transforms Thread 4" [_thread_blocked, id=16720, stack(0x000000c8ce500000,0x000000c8ce600000)]
  0x000002166dd10e90 JavaThread "jar transforms Thread 5" [_thread_blocked, id=15184, stack(0x000000c8ce800000,0x000000c8ce900000)]
  0x000002166cbaf200 JavaThread "jar transforms Thread 6" [_thread_blocked, id=1640, stack(0x000000c8d3900000,0x000000c8d3a00000)]
  0x000002166cbb0540 JavaThread "jar transforms Thread 7" [_thread_blocked, id=14404, stack(0x000000c8d3a00000,0x000000c8d3b00000)]
  0x000002166cbaed30 JavaThread "jar transforms Thread 8" [_thread_blocked, id=3424, stack(0x000000c8d3b00000,0x000000c8d3c00000)]
  0x000002166cbaf6d0 JavaThread "Cache worker for kotlin-dsl (C:\Users\Blue\.gradle\caches\7.5\kotlin-dsl)" [_thread_blocked, id=10976, stack(0x000000c8cd900000,0x000000c8cda00000)]
  0x000002166cbabd10 JavaThread "Memory manager" [_thread_blocked, id=2424, stack(0x000000c8d3f00000,0x000000c8d4000000)]
  0x000002166e770510 JavaThread "RMI Scheduler(0)" daemon [_thread_blocked, id=16452, stack(0x000000c8d4800000,0x000000c8d4900000)]
  0x00000216745fda10 JavaThread "RMI TCP Accept-0" daemon [_thread_in_native, id=10716, stack(0x000000c8d5b00000,0x000000c8d5c00000)]
  0x0000021674600090 JavaThread "Cache worker for Java compile cache (C:\Users\Blue\.gradle\caches\7.5\javaCompile)" [_thread_blocked, id=11380, stack(0x000000c8d5a00000,0x000000c8d5b00000)]
  0x000002167200f0f0 JavaThread "Daemon Thread 9" [_thread_blocked, id=10264, stack(0x000000c8cae00000,0x000000c8caf00000)]
  0x000002167b3c0960 JavaThread "Handler for socket connection from /127.0.0.1:49937 to /127.0.0.1:51655" [_thread_in_native, id=2844, stack(0x000000c8caf00000,0x000000c8cb000000)]
  0x000002167b3bf150 JavaThread "Cancel handler" [_thread_blocked, id=11716, stack(0x000000c8ccc00000,0x000000c8ccd00000)]
  0x000002167b3bffc0 JavaThread "Daemon worker Thread 9" [_thread_in_Java, id=7132, stack(0x000000c8ccd00000,0x000000c8cce00000)]
  0x0000021675c5b8e0 JavaThread "Asynchronous log dispatcher for DefaultDaemonConnection: socket connection from /127.0.0.1:49937 to /127.0.0.1:51655" [_thread_blocked, id=2588, stack(0x000000c8cce00000,0x000000c8ccf00000)]
  0x000002167cc7a1c0 JavaThread "Stdin handler" [_thread_blocked, id=2520, stack(0x000000c8ccf00000,0x000000c8cd000000)]
  0x000002167cc789b0 JavaThread "Daemon client event forwarder" [_thread_blocked, id=14676, stack(0x000000c8cd000000,0x000000c8cd100000)]
  0x000002167cc78e80 JavaThread "Cache worker for checksums cache (D:\AndroidStudioProjects\error_404_s_application7\android\.gradle\7.5\checksums)" [_thread_blocked, id=3488, stack(0x000000c8cd200000,0x000000c8cd300000)]
  0x000002167cc79350 JavaThread "Cache worker for cache directory md-rule (C:\Users\Blue\.gradle\caches\7.5\md-rule)" [_thread_blocked, id=7716, stack(0x000000c8cdc00000,0x000000c8cdd00000)]
  0x000002167cc79820 JavaThread "Cache worker for file hash cache (D:\AndroidStudioProjects\error_404_s_application7\android\.gradle\7.5\fileHashes)" [_thread_blocked, id=7160, stack(0x000000c8cdd00000,0x000000c8cde00000)]
  0x000002166f3fabc0 JavaThread "Cache worker for cache directory md-supplier (C:\Users\Blue\.gradle\caches\7.5\md-supplier)" [_thread_blocked, id=4996, stack(0x000000c8cdf00000,0x000000c8ce000000)]
  0x0000021675a4aa50 JavaThread "C2 CompilerThread1" daemon [_thread_in_native, id=4800, stack(0x000000c8ce000000,0x000000c8ce100000)]
  0x0000021675a4c3a0 JavaThread "C2 CompilerThread2" daemon [_thread_in_native, id=8964, stack(0x000000c8ce600000,0x000000c8ce700000)]

Other Threads:
  0x00000216690593d0 VMThread "VM Thread" [stack: 0x000000c8cb700000,0x000000c8cb800000] [id=7660]
  0x0000021650584990 WatcherThread [stack: 0x000000c8cc300000,0x000000c8cc400000] [id=1688]
  0x000002165056abe0 GCTaskThread "GC Thread#0" [stack: 0x000000c8cb200000,0x000000c8cb300000] [id=3388]
  0x000002166ad59140 GCTaskThread "GC Thread#1" [stack: 0x000000c8cc500000,0x000000c8cc600000] [id=16212]
  0x000002166aa1b030 GCTaskThread "GC Thread#2" [stack: 0x000000c8cc600000,0x000000c8cc700000] [id=9240]
  0x000002166a21efe0 GCTaskThread "GC Thread#3" [stack: 0x000000c8cc700000,0x000000c8cc800000] [id=6492]
  0x000002166af05750 GCTaskThread "GC Thread#4" [stack: 0x000000c8cc400000,0x000000c8cc500000] [id=16412]
  0x000002166c589b80 GCTaskThread "GC Thread#5" [stack: 0x000000c8cc800000,0x000000c8cc900000] [id=8852]
  0x000002166a1e4b40 GCTaskThread "GC Thread#6" [stack: 0x000000c8cd500000,0x000000c8cd600000] [id=17064]
  0x000002166c610b80 GCTaskThread "GC Thread#7" [stack: 0x000000c8cd600000,0x000000c8cd700000] [id=11852]
  0x0000021650577b20 ConcurrentGCThread "G1 Main Marker" [stack: 0x000000c8cb300000,0x000000c8cb400000] [id=1764]
  0x0000021650578cd0 ConcurrentGCThread "G1 Conc#0" [stack: 0x000000c8cb400000,0x000000c8cb500000] [id=4068]
  0x000002166c610e30 ConcurrentGCThread "G1 Conc#1" [stack: 0x000000c8cd700000,0x000000c8cd800000] [id=708]
  0x00000216505de4e0 ConcurrentGCThread "G1 Refine#0" [stack: 0x000000c8cb500000,0x000000c8cb600000] [id=2340]
  0x00000216721ffca0 ConcurrentGCThread "G1 Refine#1" [stack: 0x000000c8cb000000,0x000000c8cb100000] [id=1396]
  0x0000021672200260 ConcurrentGCThread "G1 Refine#2" [stack: 0x000000c8d3c00000,0x000000c8d3d00000] [id=11644]
  0x0000021672200b00 ConcurrentGCThread "G1 Refine#3" [stack: 0x000000c8cd100000,0x000000c8cd200000] [id=12524]
  0x00000216721ff400 ConcurrentGCThread "G1 Refine#4" [stack: 0x000000c8d4a00000,0x000000c8d4b00000] [id=13204]
  0x00000216722010c0 ConcurrentGCThread "G1 Refine#5" [stack: 0x000000c8d4b00000,0x000000c8d4c00000] [id=12508]
  0x0000021668ec40c0 ConcurrentGCThread "G1 Service" [stack: 0x000000c8cb600000,0x000000c8cb700000] [id=8640]

Threads with active compile tasks:
C2 CompilerThread0  13932146 36911       4       groovyjarjarantlr4.v4.runtime.atn.PredictionContext::join (569 bytes)
C2 CompilerThread1  13932146 36899       4       groovyjarjarantlr4.v4.runtime.atn.ParserATNSimulator::closure (784 bytes)
C2 CompilerThread2  13932146 36951       4       groovyjarjarantlr4.v4.runtime.atn.ATNConfigSet::add (356 bytes)

VM state: not at safepoint (normal execution)

VM Mutex/Monitor currently owned by a thread: None

Heap address: 0x00000000a0000000, size: 1536 MB, Compressed Oops mode: 32-bit

CDS archive(s) not mapped
Compressed class space mapped at: 0x0000000100000000-0x0000000140000000, reserved size: 1073741824
Narrow klass base: 0x0000000000000000, Narrow klass shift: 3, Narrow klass range: 0x140000000

GC Precious Log:
 CPUs: 8 total, 8 available
 Memory: 8023M
 Large Page Support: Disabled
 NUMA Support: Disabled
 Compressed Oops: Enabled (32-bit)
 Heap Region Size: 1M
 Heap Min Capacity: 8M
 Heap Initial Capacity: 126M
 Heap Max Capacity: 1536M
 Pre-touch: Disabled
 Parallel Workers: 8
 Concurrent Workers: 2
 Concurrent Refinement Workers: 8
 Periodic GC: Disabled

Heap:
 garbage-first heap   total 375808K, used 246218K [0x00000000a0000000, 0x0000000100000000)
  region size 1024K, 127 young (130048K), 2 survivors (2048K)
 Metaspace       used 161559K, committed 163264K, reserved 1196032K
  class space    used 21587K, committed 22336K, reserved 1048576K

Heap Regions: E=young(eden), S=young(survivor), O=old, HS=humongous(starts), HC=humongous(continues), CS=collection set, F=free, OA=open archive, CA=closed archive, TAMS=top-at-mark-start (previous, next)
|   0|0x00000000a0000000, 0x00000000a0100000, 0x00000000a0100000|100%| O|  |TAMS 0x00000000a0100000, 0x00000000a0000000| Untracked 
|   1|0x00000000a0100000, 0x00000000a01fffc8, 0x00000000a0200000| 99%| O|  |TAMS 0x00000000a01fffc8, 0x00000000a0100000| Untracked 
|   2|0x00000000a0200000, 0x00000000a02e5f30, 0x00000000a0300000| 89%| O|  |TAMS 0x00000000a02e5f30, 0x00000000a0200000| Untracked 
|   3|0x00000000a0300000, 0x00000000a0400000, 0x00000000a0400000|100%|HS|  |TAMS 0x00000000a0400000, 0x00000000a0300000| Complete 
|   4|0x00000000a0400000, 0x00000000a0500000, 0x00000000a0500000|100%|HC|  |TAMS 0x00000000a0500000, 0x00000000a0400000| Complete 
|   5|0x00000000a0500000, 0x00000000a0600000, 0x00000000a0600000|100%|HC|  |TAMS 0x00000000a0600000, 0x00000000a0500000| Complete 
|   6|0x00000000a0600000, 0x00000000a0700000, 0x00000000a0700000|100%| O|  |TAMS 0x00000000a0700000, 0x00000000a0600000| Untracked 
|   7|0x00000000a0700000, 0x00000000a0800000, 0x00000000a0800000|100%| O|  |TAMS 0x00000000a0800000, 0x00000000a0700000| Untracked 
|   8|0x00000000a0800000, 0x00000000a08ffff0, 0x00000000a0900000| 99%| O|  |TAMS 0x00000000a08ffff0, 0x00000000a0800000| Untracked 
|   9|0x00000000a0900000, 0x00000000a09fffe8, 0x00000000a0a00000| 99%| O|  |TAMS 0x00000000a09fffe8, 0x00000000a0900000| Untracked 
|  10|0x00000000a0a00000, 0x00000000a0affff0, 0x00000000a0b00000| 99%| O|  |TAMS 0x00000000a0affff0, 0x00000000a0a00000| Untracked 
|  11|0x00000000a0b00000, 0x00000000a0bffff0, 0x00000000a0c00000| 99%| O|  |TAMS 0x00000000a0bffff0, 0x00000000a0b00000| Untracked 
|  12|0x00000000a0c00000, 0x00000000a0d00000, 0x00000000a0d00000|100%| O|  |TAMS 0x00000000a0d00000, 0x00000000a0c00000| Untracked 
|  13|0x00000000a0d00000, 0x00000000a0e00000, 0x00000000a0e00000|100%| O|  |TAMS 0x00000000a0e00000, 0x00000000a0d00000| Untracked 
|  14|0x00000000a0e00000, 0x00000000a0f00000, 0x00000000a0f00000|100%| O|  |TAMS 0x00000000a0f00000, 0x00000000a0e00000| Untracked 
|  15|0x00000000a0f00000, 0x00000000a0fec020, 0x00000000a1000000| 92%| O|  |TAMS 0x00000000a0fec020, 0x00000000a0f00000| Untracked 
|  16|0x00000000a1000000, 0x00000000a10ffff0, 0x00000000a1100000| 99%| O|  |TAMS 0x00000000a10ffff0, 0x00000000a1000000| Untracked 
|  17|0x00000000a1100000, 0x00000000a11fffe0, 0x00000000a1200000| 99%| O|  |TAMS 0x00000000a11fffe0, 0x00000000a1100000| Untracked 
|  18|0x00000000a1200000, 0x00000000a1300000, 0x00000000a1300000|100%|HS|  |TAMS 0x00000000a1300000, 0x00000000a1200000| Complete 
|  19|0x00000000a1300000, 0x00000000a13fffe8, 0x00000000a1400000| 99%| O|  |TAMS 0x00000000a13fffe8, 0x00000000a1300000| Untracked 
|  20|0x00000000a1400000, 0x00000000a14ffc50, 0x00000000a1500000| 99%| O|  |TAMS 0x00000000a14ffc50, 0x00000000a1400000| Untracked 
|  21|0x00000000a1500000, 0x00000000a15f3bd0, 0x00000000a1600000| 95%| O|  |TAMS 0x00000000a15f3bd0, 0x00000000a1500000| Untracked 
|  22|0x00000000a1600000, 0x00000000a16f4180, 0x00000000a1700000| 95%| O|  |TAMS 0x00000000a16f4180, 0x00000000a1600000| Untracked 
|  23|0x00000000a1700000, 0x00000000a17fffe8, 0x00000000a1800000| 99%| O|  |TAMS 0x00000000a17fffe8, 0x00000000a1700000| Untracked 
|  24|0x00000000a1800000, 0x00000000a1900000, 0x00000000a1900000|100%| O|  |TAMS 0x00000000a1900000, 0x00000000a1800000| Untracked 
|  25|0x00000000a1900000, 0x00000000a19fffd8, 0x00000000a1a00000| 99%| O|  |TAMS 0x00000000a19fffd8, 0x00000000a1900000| Untracked 
|  26|0x00000000a1a00000, 0x00000000a1affff0, 0x00000000a1b00000| 99%| O|  |TAMS 0x00000000a1affff0, 0x00000000a1a00000| Untracked 
|  27|0x00000000a1b00000, 0x00000000a1bffff8, 0x00000000a1c00000| 99%| O|  |TAMS 0x00000000a1bffff8, 0x00000000a1b00000| Untracked 
|  28|0x00000000a1c00000, 0x00000000a1cfa6e8, 0x00000000a1d00000| 97%| O|  |TAMS 0x00000000a1cfa6e8, 0x00000000a1c00000| Untracked 
|  29|0x00000000a1d00000, 0x00000000a1e00000, 0x00000000a1e00000|100%|HS|  |TAMS 0x00000000a1e00000, 0x00000000a1d00000| Complete 
|  30|0x00000000a1e00000, 0x00000000a1f00000, 0x00000000a1f00000|100%|HS|  |TAMS 0x00000000a1f00000, 0x00000000a1e00000| Complete 
|  31|0x00000000a1f00000, 0x00000000a2000000, 0x00000000a2000000|100%|HS|  |TAMS 0x00000000a2000000, 0x00000000a1f00000| Complete 
|  32|0x00000000a2000000, 0x00000000a2100000, 0x00000000a2100000|100%|HC|  |TAMS 0x00000000a2100000, 0x00000000a2000000| Complete 
|  33|0x00000000a2100000, 0x00000000a2200000, 0x00000000a2200000|100%|HC|  |TAMS 0x00000000a2200000, 0x00000000a2100000| Complete 
|  34|0x00000000a2200000, 0x00000000a22ffff8, 0x00000000a2300000| 99%| O|  |TAMS 0x00000000a22ffff8, 0x00000000a2200000| Untracked 
|  35|0x00000000a2300000, 0x00000000a2400000, 0x00000000a2400000|100%|HS|  |TAMS 0x00000000a2400000, 0x00000000a2300000| Complete 
|  36|0x00000000a2400000, 0x00000000a2500000, 0x00000000a2500000|100%|HC|  |TAMS 0x00000000a2500000, 0x00000000a2400000| Complete 
|  37|0x00000000a2500000, 0x00000000a25ffff0, 0x00000000a2600000| 99%| O|  |TAMS 0x00000000a25ffff0, 0x00000000a2500000| Untracked 
|  38|0x00000000a2600000, 0x00000000a26fff30, 0x00000000a2700000| 99%| O|  |TAMS 0x00000000a26fff30, 0x00000000a2600000| Untracked 
|  39|0x00000000a2700000, 0x00000000a27ffff8, 0x00000000a2800000| 99%| O|  |TAMS 0x00000000a27ffff8, 0x00000000a2700000| Untracked 
|  40|0x00000000a2800000, 0x00000000a28fffe8, 0x00000000a2900000| 99%| O|  |TAMS 0x00000000a28fffe8, 0x00000000a2800000| Untracked 
|  41|0x00000000a2900000, 0x00000000a29ffff0, 0x00000000a2a00000| 99%| O|  |TAMS 0x00000000a29ffff0, 0x00000000a2900000| Untracked 
|  42|0x00000000a2a00000, 0x00000000a2afffd0, 0x00000000a2b00000| 99%| O|  |TAMS 0x00000000a2afffd0, 0x00000000a2a00000| Untracked 
|  43|0x00000000a2b00000, 0x00000000a2bf8690, 0x00000000a2c00000| 97%| O|  |TAMS 0x00000000a2bf8690, 0x00000000a2b00000| Untracked 
|  44|0x00000000a2c00000, 0x00000000a2d00000, 0x00000000a2d00000|100%| O|  |TAMS 0x00000000a2d00000, 0x00000000a2c00000| Untracked 
|  45|0x00000000a2d00000, 0x00000000a2e00000, 0x00000000a2e00000|100%| O|  |TAMS 0x00000000a2e00000, 0x00000000a2d00000| Untracked 
|  46|0x00000000a2e00000, 0x00000000a2efffe8, 0x00000000a2f00000| 99%| O|  |TAMS 0x00000000a2efffe8, 0x00000000a2e00000| Untracked 
|  47|0x00000000a2f00000, 0x00000000a2fffff8, 0x00000000a3000000| 99%| O|  |TAMS 0x00000000a2fffff8, 0x00000000a2f00000| Untracked 
|  48|0x00000000a3000000, 0x00000000a30fffc0, 0x00000000a3100000| 99%| O|  |TAMS 0x00000000a30fffc0, 0x00000000a3000000| Untracked 
|  49|0x00000000a3100000, 0x00000000a31fffe8, 0x00000000a3200000| 99%| O|  |TAMS 0x00000000a31fffe8, 0x00000000a3100000| Untracked 
|  50|0x00000000a3200000, 0x00000000a32ffff0, 0x00000000a3300000| 99%| O|  |TAMS 0x00000000a32ffff0, 0x00000000a3200000| Untracked 
|  51|0x00000000a3300000, 0x00000000a3400000, 0x00000000a3400000|100%| O|  |TAMS 0x00000000a3400000, 0x00000000a3300000| Untracked 
|  52|0x00000000a3400000, 0x00000000a34ffff0, 0x00000000a3500000| 99%| O|  |TAMS 0x00000000a34ffff0, 0x00000000a3400000| Untracked 
|  53|0x00000000a3500000, 0x00000000a35fffe8, 0x00000000a3600000| 99%| O|  |TAMS 0x00000000a35fffe8, 0x00000000a3500000| Untracked 
|  54|0x00000000a3600000, 0x00000000a36ffff8, 0x00000000a3700000| 99%| O|  |TAMS 0x00000000a36ffff8, 0x00000000a3600000| Untracked 
|  55|0x00000000a3700000, 0x00000000a37ffff8, 0x00000000a3800000| 99%| O|  |TAMS 0x00000000a37ffff8, 0x00000000a3700000| Untracked 
|  56|0x00000000a3800000, 0x00000000a38ffff0, 0x00000000a3900000| 99%| O|  |TAMS 0x00000000a38ffff0, 0x00000000a3800000| Untracked 
|  57|0x00000000a3900000, 0x00000000a39f9600, 0x00000000a3a00000| 97%| O|  |TAMS 0x00000000a39f9600, 0x00000000a3900000| Untracked 
|  58|0x00000000a3a00000, 0x00000000a3affff0, 0x00000000a3b00000| 99%| O|  |TAMS 0x00000000a3affff0, 0x00000000a3a00000| Untracked 
|  59|0x00000000a3b00000, 0x00000000a3bfffe8, 0x00000000a3c00000| 99%| O|  |TAMS 0x00000000a3bfffe8, 0x00000000a3b00000| Untracked 
|  60|0x00000000a3c00000, 0x00000000a3d00000, 0x00000000a3d00000|100%| O|  |TAMS 0x00000000a3d00000, 0x00000000a3c00000| Untracked 
|  61|0x00000000a3d00000, 0x00000000a3e00000, 0x00000000a3e00000|100%| O|  |TAMS 0x00000000a3e00000, 0x00000000a3d00000| Untracked 
|  62|0x00000000a3e00000, 0x00000000a3effff8, 0x00000000a3f00000| 99%| O|  |TAMS 0x00000000a3effff8, 0x00000000a3e00000| Untracked 
|  63|0x00000000a3f00000, 0x00000000a3fffff0, 0x00000000a4000000| 99%| O|  |TAMS 0x00000000a3fffff0, 0x00000000a3f00000| Untracked 
|  64|0x00000000a4000000, 0x00000000a40ffff8, 0x00000000a4100000| 99%| O|  |TAMS 0x00000000a40ffff8, 0x00000000a4000000| Untracked 
|  65|0x00000000a4100000, 0x00000000a4200000, 0x00000000a4200000|100%| O|  |TAMS 0x00000000a4200000, 0x00000000a4100000| Untracked 
|  66|0x00000000a4200000, 0x00000000a42ac1f0, 0x00000000a4300000| 67%| O|  |TAMS 0x00000000a42ac1f0, 0x00000000a4200000| Untracked 
|  67|0x00000000a4300000, 0x00000000a43f2688, 0x00000000a4400000| 94%| O|  |TAMS 0x00000000a43f2688, 0x00000000a4300000| Untracked 
|  68|0x00000000a4400000, 0x00000000a44fff60, 0x00000000a4500000| 99%| O|  |TAMS 0x00000000a44fff60, 0x00000000a4400000| Untracked 
|  69|0x00000000a4500000, 0x00000000a4600000, 0x00000000a4600000|100%| O|  |TAMS 0x00000000a4600000, 0x00000000a4500000| Untracked 
|  70|0x00000000a4600000, 0x00000000a46fffa8, 0x00000000a4700000| 99%| O|  |TAMS 0x00000000a46fffa8, 0x00000000a4600000| Untracked 
|  71|0x00000000a4700000, 0x00000000a47dc0b8, 0x00000000a4800000| 85%| O|  |TAMS 0x00000000a47dc0b8, 0x00000000a4700000| Untracked 
|  72|0x00000000a4800000, 0x00000000a48829a0, 0x00000000a4900000| 51%| O|  |TAMS 0x00000000a48829a0, 0x00000000a4800000| Untracked 
|  73|0x00000000a4900000, 0x00000000a4a00000, 0x00000000a4a00000|100%| O|  |TAMS 0x00000000a4900000, 0x00000000a4900000| Untracked 
|  74|0x00000000a4a00000, 0x00000000a4b00000, 0x00000000a4b00000|100%| O|  |TAMS 0x00000000a4b00000, 0x00000000a4a00000| Untracked 
|  75|0x00000000a4b00000, 0x00000000a4b00000, 0x00000000a4c00000|  0%| F|  |TAMS 0x00000000a4b00000, 0x00000000a4b00000| Untracked 
|  76|0x00000000a4c00000, 0x00000000a4cfffe0, 0x00000000a4d00000| 99%| O|  |TAMS 0x00000000a4cfffe0, 0x00000000a4c00000| Untracked 
|  77|0x00000000a4d00000, 0x00000000a4dfffd0, 0x00000000a4e00000| 99%| O|  |TAMS 0x00000000a4dfffd0, 0x00000000a4d00000| Untracked 
|  78|0x00000000a4e00000, 0x00000000a4e00000, 0x00000000a4f00000|  0%| F|  |TAMS 0x00000000a4e00000, 0x00000000a4e00000| Untracked 
|  79|0x00000000a4f00000, 0x00000000a4f00000, 0x00000000a5000000|  0%| F|  |TAMS 0x00000000a4f00000, 0x00000000a4f00000| Untracked 
|  80|0x00000000a5000000, 0x00000000a5000000, 0x00000000a5100000|  0%| F|  |TAMS 0x00000000a5000000, 0x00000000a5000000| Untracked 
|  81|0x00000000a5100000, 0x00000000a5100000, 0x00000000a5200000|  0%| F|  |TAMS 0x00000000a5100000, 0x00000000a5100000| Untracked 
|  82|0x00000000a5200000, 0x00000000a5300000, 0x00000000a5300000|100%| O|  |TAMS 0x00000000a5300000, 0x00000000a5200000| Untracked 
|  83|0x00000000a5300000, 0x00000000a5370b90, 0x00000000a5400000| 44%| O|  |TAMS 0x00000000a5370b90, 0x00000000a5300000| Untracked 
|  84|0x00000000a5400000, 0x00000000a5500000, 0x00000000a5500000|100%| O|  |TAMS 0x00000000a5500000, 0x00000000a5400000| Untracked 
|  85|0x00000000a5500000, 0x00000000a55925c0, 0x00000000a5600000| 57%| O|  |TAMS 0x00000000a55925c0, 0x00000000a5500000| Untracked 
|  86|0x00000000a5600000, 0x00000000a5600000, 0x00000000a5700000|  0%| F|  |TAMS 0x00000000a5600000, 0x00000000a5600000| Untracked 
|  87|0x00000000a5700000, 0x00000000a5700000, 0x00000000a5800000|  0%| F|  |TAMS 0x00000000a5700000, 0x00000000a5700000| Untracked 
|  88|0x00000000a5800000, 0x00000000a5800000, 0x00000000a5900000|  0%| F|  |TAMS 0x00000000a5800000, 0x00000000a5800000| Untracked 
|  89|0x00000000a5900000, 0x00000000a59bc600, 0x00000000a5a00000| 73%| O|  |TAMS 0x00000000a5900000, 0x00000000a5900000| Untracked 
|  90|0x00000000a5a00000, 0x00000000a5a00000, 0x00000000a5b00000|  0%| F|  |TAMS 0x00000000a5a00000, 0x00000000a5a00000| Untracked 
|  91|0x00000000a5b00000, 0x00000000a5b00000, 0x00000000a5c00000|  0%| F|  |TAMS 0x00000000a5b00000, 0x00000000a5b00000| Untracked 
|  92|0x00000000a5c00000, 0x00000000a5c00000, 0x00000000a5d00000|  0%| F|  |TAMS 0x00000000a5c00000, 0x00000000a5c00000| Untracked 
|  93|0x00000000a5d00000, 0x00000000a5d00000, 0x00000000a5e00000|  0%| F|  |TAMS 0x00000000a5d00000, 0x00000000a5d00000| Untracked 
|  94|0x00000000a5e00000, 0x00000000a5e00000, 0x00000000a5f00000|  0%| F|  |TAMS 0x00000000a5e00000, 0x00000000a5e00000| Untracked 
|  95|0x00000000a5f00000, 0x00000000a5f00000, 0x00000000a6000000|  0%| F|  |TAMS 0x00000000a5f00000, 0x00000000a5f00000| Untracked 
|  96|0x00000000a6000000, 0x00000000a6000000, 0x00000000a6100000|  0%| F|  |TAMS 0x00000000a6000000, 0x00000000a6000000| Untracked 
|  97|0x00000000a6100000, 0x00000000a6100000, 0x00000000a6200000|  0%| F|  |TAMS 0x00000000a6100000, 0x00000000a6100000| Untracked 
|  98|0x00000000a6200000, 0x00000000a6200000, 0x00000000a6300000|  0%| F|  |TAMS 0x00000000a6200000, 0x00000000a6200000| Untracked 
|  99|0x00000000a6300000, 0x00000000a6300000, 0x00000000a6400000|  0%| F|  |TAMS 0x00000000a6300000, 0x00000000a6300000| Untracked 
| 100|0x00000000a6400000, 0x00000000a6400000, 0x00000000a6500000|  0%| F|  |TAMS 0x00000000a6400000, 0x00000000a6400000| Untracked 
| 101|0x00000000a6500000, 0x00000000a6500000, 0x00000000a6600000|  0%| F|  |TAMS 0x00000000a6500000, 0x00000000a6500000| Untracked 
| 102|0x00000000a6600000, 0x00000000a6600000, 0x00000000a6700000|  0%| F|  |TAMS 0x00000000a6600000, 0x00000000a6600000| Untracked 
| 103|0x00000000a6700000, 0x00000000a6700000, 0x00000000a6800000|  0%| F|  |TAMS 0x00000000a6700000, 0x00000000a6700000| Untracked 
| 104|0x00000000a6800000, 0x00000000a6800000, 0x00000000a6900000|  0%| F|  |TAMS 0x00000000a6800000, 0x00000000a6800000| Untracked 
| 105|0x00000000a6900000, 0x00000000a6900000, 0x00000000a6a00000|  0%| F|  |TAMS 0x00000000a6900000, 0x00000000a6900000| Untracked 
| 106|0x00000000a6a00000, 0x00000000a6a00000, 0x00000000a6b00000|  0%| F|  |TAMS 0x00000000a6a00000, 0x00000000a6a00000| Untracked 
| 107|0x00000000a6b00000, 0x00000000a6b00000, 0x00000000a6c00000|  0%| F|  |TAMS 0x00000000a6b00000, 0x00000000a6b00000| Untracked 
| 108|0x00000000a6c00000, 0x00000000a6c00000, 0x00000000a6d00000|  0%| F|  |TAMS 0x00000000a6c00000, 0x00000000a6c00000| Untracked 
| 109|0x00000000a6d00000, 0x00000000a6d00000, 0x00000000a6e00000|  0%| F|  |TAMS 0x00000000a6d00000, 0x00000000a6d00000| Untracked 
| 110|0x00000000a6e00000, 0x00000000a6e00000, 0x00000000a6f00000|  0%| F|  |TAMS 0x00000000a6e00000, 0x00000000a6e00000| Untracked 
| 111|0x00000000a6f00000, 0x00000000a6f00000, 0x00000000a7000000|  0%| F|  |TAMS 0x00000000a6f00000, 0x00000000a6f00000| Untracked 
| 112|0x00000000a7000000, 0x00000000a7000000, 0x00000000a7100000|  0%| F|  |TAMS 0x00000000a7000000, 0x00000000a7000000| Untracked 
| 113|0x00000000a7100000, 0x00000000a7100000, 0x00000000a7200000|  0%| F|  |TAMS 0x00000000a7100000, 0x00000000a7100000| Untracked 
| 114|0x00000000a7200000, 0x00000000a7300000, 0x00000000a7300000|100%| O|  |TAMS 0x00000000a7200000, 0x00000000a7200000| Untracked 
| 115|0x00000000a7300000, 0x00000000a7300000, 0x00000000a7400000|  0%| F|  |TAMS 0x00000000a7300000, 0x00000000a7300000| Untracked 
| 116|0x00000000a7400000, 0x00000000a7500000, 0x00000000a7500000|100%| O|  |TAMS 0x00000000a742d000, 0x00000000a7400000| Untracked 
| 117|0x00000000a7500000, 0x00000000a7500000, 0x00000000a7600000|  0%| F|  |TAMS 0x00000000a7500000, 0x00000000a7500000| Untracked 
| 118|0x00000000a7600000, 0x00000000a7600000, 0x00000000a7700000|  0%| F|  |TAMS 0x00000000a7600000, 0x00000000a7600000| Untracked 
| 119|0x00000000a7700000, 0x00000000a7700000, 0x00000000a7800000|  0%| F|  |TAMS 0x00000000a7700000, 0x00000000a7700000| Untracked 
| 120|0x00000000a7800000, 0x00000000a7800000, 0x00000000a7900000|  0%| F|  |TAMS 0x00000000a7800000, 0x00000000a7800000| Untracked 
| 121|0x00000000a7900000, 0x00000000a7900000, 0x00000000a7a00000|  0%| F|  |TAMS 0x00000000a7900000, 0x00000000a7900000| Untracked 
| 122|0x00000000a7a00000, 0x00000000a7a00000, 0x00000000a7b00000|  0%| F|  |TAMS 0x00000000a7a00000, 0x00000000a7a00000| Untracked 
| 123|0x00000000a7b00000, 0x00000000a7b00000, 0x00000000a7c00000|  0%| F|  |TAMS 0x00000000a7b00000, 0x00000000a7b00000| Untracked 
| 124|0x00000000a7c00000, 0x00000000a7c00000, 0x00000000a7d00000|  0%| F|  |TAMS 0x00000000a7c00000, 0x00000000a7c00000| Untracked 
| 125|0x00000000a7d00000, 0x00000000a7e00000, 0x00000000a7e00000|100%| O|  |TAMS 0x00000000a7d00000, 0x00000000a7d00000| Untracked 
| 126|0x00000000a7e00000, 0x00000000a7f00000, 0x00000000a7f00000|100%| O|  |TAMS 0x00000000a7f00000, 0x00000000a7e00000| Untracked 
| 127|0x00000000a7f00000, 0x00000000a7f00000, 0x00000000a8000000|  0%| F|  |TAMS 0x00000000a7f00000, 0x00000000a7f00000| Untracked 
| 128|0x00000000a8000000, 0x00000000a8000000, 0x00000000a8100000|  0%| F|  |TAMS 0x00000000a8000000, 0x00000000a8000000| Untracked 
| 129|0x00000000a8100000, 0x00000000a8100000, 0x00000000a8200000|  0%| F|  |TAMS 0x00000000a8100000, 0x00000000a8100000| Untracked 
| 130|0x00000000a8200000, 0x00000000a8200000, 0x00000000a8300000|  0%| F|  |TAMS 0x00000000a8200000, 0x00000000a8200000| Untracked 
| 131|0x00000000a8300000, 0x00000000a8300000, 0x00000000a8400000|  0%| F|  |TAMS 0x00000000a8300000, 0x00000000a8300000| Untracked 
| 132|0x00000000a8400000, 0x00000000a8400000, 0x00000000a8500000|  0%| F|  |TAMS 0x00000000a8400000, 0x00000000a8400000| Untracked 
| 133|0x00000000a8500000, 0x00000000a8500000, 0x00000000a8600000|  0%| F|  |TAMS 0x00000000a8500000, 0x00000000a8500000| Untracked 
| 134|0x00000000a8600000, 0x00000000a8600000, 0x00000000a8700000|  0%| F|  |TAMS 0x00000000a8600000, 0x00000000a8600000| Untracked 
| 135|0x00000000a8700000, 0x00000000a8700000, 0x00000000a8800000|  0%| F|  |TAMS 0x00000000a8700000, 0x00000000a8700000| Untracked 
| 136|0x00000000a8800000, 0x00000000a8800000, 0x00000000a8900000|  0%| F|  |TAMS 0x00000000a8800000, 0x00000000a8800000| Untracked 
| 137|0x00000000a8900000, 0x00000000a8900000, 0x00000000a8a00000|  0%| F|  |TAMS 0x00000000a8900000, 0x00000000a8900000| Untracked 
| 138|0x00000000a8a00000, 0x00000000a8a00000, 0x00000000a8b00000|  0%| F|  |TAMS 0x00000000a8a00000, 0x00000000a8a00000| Untracked 
| 139|0x00000000a8b00000, 0x00000000a8c00000, 0x00000000a8c00000|100%| O|  |TAMS 0x00000000a8c00000, 0x00000000a8b00000| Untracked 
| 140|0x00000000a8c00000, 0x00000000a8c00000, 0x00000000a8d00000|  0%| F|  |TAMS 0x00000000a8c00000, 0x00000000a8c00000| Untracked 
| 141|0x00000000a8d00000, 0x00000000a8d00000, 0x00000000a8e00000|  0%| F|  |TAMS 0x00000000a8d00000, 0x00000000a8d00000| Untracked 
| 142|0x00000000a8e00000, 0x00000000a8e00000, 0x00000000a8f00000|  0%| F|  |TAMS 0x00000000a8e00000, 0x00000000a8e00000| Untracked 
| 143|0x00000000a8f00000, 0x00000000a8f00000, 0x00000000a9000000|  0%| F|  |TAMS 0x00000000a8f00000, 0x00000000a8f00000| Untracked 
| 144|0x00000000a9000000, 0x00000000a9000000, 0x00000000a9100000|  0%| F|  |TAMS 0x00000000a9000000, 0x00000000a9000000| Untracked 
| 145|0x00000000a9100000, 0x00000000a9100000, 0x00000000a9200000|  0%| F|  |TAMS 0x00000000a9100000, 0x00000000a9100000| Untracked 
| 146|0x00000000a9200000, 0x00000000a9200000, 0x00000000a9300000|  0%| F|  |TAMS 0x00000000a9200000, 0x00000000a9200000| Untracked 
| 147|0x00000000a9300000, 0x00000000a9300000, 0x00000000a9400000|  0%| F|  |TAMS 0x00000000a9300000, 0x00000000a9300000| Untracked 
| 148|0x00000000a9400000, 0x00000000a9400000, 0x00000000a9500000|  0%| F|  |TAMS 0x00000000a9400000, 0x00000000a9400000| Untracked 
| 149|0x00000000a9500000, 0x00000000a9500000, 0x00000000a9600000|  0%| F|  |TAMS 0x00000000a9500000, 0x00000000a9500000| Untracked 
| 150|0x00000000a9600000, 0x00000000a9600000, 0x00000000a9700000|  0%| F|  |TAMS 0x00000000a9600000, 0x00000000a9600000| Untracked 
| 151|0x00000000a9700000, 0x00000000a9700000, 0x00000000a9800000|  0%| F|  |TAMS 0x00000000a9700000, 0x00000000a9700000| Untracked 
| 152|0x00000000a9800000, 0x00000000a9800000, 0x00000000a9900000|  0%| F|  |TAMS 0x00000000a9800000, 0x00000000a9800000| Untracked 
| 153|0x00000000a9900000, 0x00000000a9900000, 0x00000000a9a00000|  0%| F|  |TAMS 0x00000000a9900000, 0x00000000a9900000| Untracked 
| 154|0x00000000a9a00000, 0x00000000a9a00000, 0x00000000a9b00000|  0%| F|  |TAMS 0x00000000a9a00000, 0x00000000a9a00000| Untracked 
| 155|0x00000000a9b00000, 0x00000000a9b00000, 0x00000000a9c00000|  0%| F|  |TAMS 0x00000000a9b00000, 0x00000000a9b00000| Untracked 
| 156|0x00000000a9c00000, 0x00000000a9c00000, 0x00000000a9d00000|  0%| F|  |TAMS 0x00000000a9c00000, 0x00000000a9c00000| Untracked 
| 157|0x00000000a9d00000, 0x00000000a9d00000, 0x00000000a9e00000|  0%| F|  |TAMS 0x00000000a9d00000, 0x00000000a9d00000| Untracked 
| 158|0x00000000a9e00000, 0x00000000a9e00000, 0x00000000a9f00000|  0%| F|  |TAMS 0x00000000a9e00000, 0x00000000a9e00000| Untracked 
| 159|0x00000000a9f00000, 0x00000000a9f00000, 0x00000000aa000000|  0%| F|  |TAMS 0x00000000a9f00000, 0x00000000a9f00000| Untracked 
| 160|0x00000000aa000000, 0x00000000aa000000, 0x00000000aa100000|  0%| F|  |TAMS 0x00000000aa000000, 0x00000000aa000000| Untracked 
| 161|0x00000000aa100000, 0x00000000aa100000, 0x00000000aa200000|  0%| F|  |TAMS 0x00000000aa100000, 0x00000000aa100000| Untracked 
| 162|0x00000000aa200000, 0x00000000aa200000, 0x00000000aa300000|  0%| F|  |TAMS 0x00000000aa200000, 0x00000000aa200000| Untracked 
| 163|0x00000000aa300000, 0x00000000aa300000, 0x00000000aa400000|  0%| F|  |TAMS 0x00000000aa300000, 0x00000000aa300000| Untracked 
| 164|0x00000000aa400000, 0x00000000aa400000, 0x00000000aa500000|  0%| F|  |TAMS 0x00000000aa400000, 0x00000000aa400000| Untracked 
| 165|0x00000000aa500000, 0x00000000aa600000, 0x00000000aa600000|100%| O|  |TAMS 0x00000000aa600000, 0x00000000aa500000| Untracked 
| 166|0x00000000aa600000, 0x00000000aa700000, 0x00000000aa700000|100%| O|  |TAMS 0x00000000aa700000, 0x00000000aa600000| Untracked 
| 167|0x00000000aa700000, 0x00000000aa700000, 0x00000000aa800000|  0%| F|  |TAMS 0x00000000aa700000, 0x00000000aa700000| Untracked 
| 168|0x00000000aa800000, 0x00000000aa800000, 0x00000000aa900000|  0%| F|  |TAMS 0x00000000aa800000, 0x00000000aa800000| Untracked 
| 169|0x00000000aa900000, 0x00000000aa900000, 0x00000000aaa00000|  0%| F|  |TAMS 0x00000000aa900000, 0x00000000aa900000| Untracked 
| 170|0x00000000aaa00000, 0x00000000aaa00000, 0x00000000aab00000|  0%| F|  |TAMS 0x00000000aaa00000, 0x00000000aaa00000| Untracked 
| 171|0x00000000aab00000, 0x00000000aab00000, 0x00000000aac00000|  0%| F|  |TAMS 0x00000000aab00000, 0x00000000aab00000| Untracked 
| 172|0x00000000aac00000, 0x00000000aac00000, 0x00000000aad00000|  0%| F|  |TAMS 0x00000000aac00000, 0x00000000aac00000| Untracked 
| 173|0x00000000aad00000, 0x00000000aad00000, 0x00000000aae00000|  0%| F|  |TAMS 0x00000000aad00000, 0x00000000aad00000| Untracked 
| 174|0x00000000aae00000, 0x00000000aae00000, 0x00000000aaf00000|  0%| F|  |TAMS 0x00000000aae00000, 0x00000000aae00000| Untracked 
| 175|0x00000000aaf00000, 0x00000000aaf00000, 0x00000000ab000000|  0%| F|  |TAMS 0x00000000aaf00000, 0x00000000aaf00000| Untracked 
| 176|0x00000000ab000000, 0x00000000ab000000, 0x00000000ab100000|  0%| F|  |TAMS 0x00000000ab000000, 0x00000000ab000000| Untracked 
| 177|0x00000000ab100000, 0x00000000ab100000, 0x00000000ab200000|  0%| F|  |TAMS 0x00000000ab100000, 0x00000000ab100000| Untracked 
| 178|0x00000000ab200000, 0x00000000ab200000, 0x00000000ab300000|  0%| F|  |TAMS 0x00000000ab200000, 0x00000000ab200000| Untracked 
| 179|0x00000000ab300000, 0x00000000ab300000, 0x00000000ab400000|  0%| F|  |TAMS 0x00000000ab300000, 0x00000000ab300000| Untracked 
| 180|0x00000000ab400000, 0x00000000ab400000, 0x00000000ab500000|  0%| F|  |TAMS 0x00000000ab400000, 0x00000000ab400000| Untracked 
| 181|0x00000000ab500000, 0x00000000ab500000, 0x00000000ab600000|  0%| F|  |TAMS 0x00000000ab500000, 0x00000000ab500000| Untracked 
| 182|0x00000000ab600000, 0x00000000ab600000, 0x00000000ab700000|  0%| F|  |TAMS 0x00000000ab600000, 0x00000000ab600000| Untracked 
| 183|0x00000000ab700000, 0x00000000ab700000, 0x00000000ab800000|  0%| F|  |TAMS 0x00000000ab700000, 0x00000000ab700000| Untracked 
| 184|0x00000000ab800000, 0x00000000ab800000, 0x00000000ab900000|  0%| F|  |TAMS 0x00000000ab800000, 0x00000000ab800000| Untracked 
| 185|0x00000000ab900000, 0x00000000ab900000, 0x00000000aba00000|  0%| F|  |TAMS 0x00000000ab900000, 0x00000000ab900000| Untracked 
| 186|0x00000000aba00000, 0x00000000aba00000, 0x00000000abb00000|  0%| F|  |TAMS 0x00000000aba00000, 0x00000000aba00000| Untracked 
| 187|0x00000000abb00000, 0x00000000abb00000, 0x00000000abc00000|  0%| F|  |TAMS 0x00000000abb00000, 0x00000000abb00000| Untracked 
| 188|0x00000000abc00000, 0x00000000abc00000, 0x00000000abd00000|  0%| F|  |TAMS 0x00000000abc00000, 0x00000000abc00000| Untracked 
| 189|0x00000000abd00000, 0x00000000abd00000, 0x00000000abe00000|  0%| F|  |TAMS 0x00000000abd00000, 0x00000000abd00000| Untracked 
| 190|0x00000000abe00000, 0x00000000abe00000, 0x00000000abf00000|  0%| F|  |TAMS 0x00000000abe00000, 0x00000000abe00000| Untracked 
| 191|0x00000000abf00000, 0x00000000abf00000, 0x00000000ac000000|  0%| F|  |TAMS 0x00000000abf00000, 0x00000000abf00000| Untracked 
| 192|0x00000000ac000000, 0x00000000ac000000, 0x00000000ac100000|  0%| F|  |TAMS 0x00000000ac000000, 0x00000000ac000000| Untracked 
| 193|0x00000000ac100000, 0x00000000ac100000, 0x00000000ac200000|  0%| F|  |TAMS 0x00000000ac100000, 0x00000000ac100000| Untracked 
| 194|0x00000000ac200000, 0x00000000ac300000, 0x00000000ac300000|100%| O|  |TAMS 0x00000000ac300000, 0x00000000ac200000| Untracked 
| 195|0x00000000ac300000, 0x00000000ac300000, 0x00000000ac400000|  0%| F|  |TAMS 0x00000000ac300000, 0x00000000ac300000| Untracked 
| 196|0x00000000ac400000, 0x00000000ac400000, 0x00000000ac500000|  0%| F|  |TAMS 0x00000000ac400000, 0x00000000ac400000| Untracked 
| 197|0x00000000ac500000, 0x00000000ac500000, 0x00000000ac600000|  0%| F|  |TAMS 0x00000000ac500000, 0x00000000ac500000| Untracked 
| 198|0x00000000ac600000, 0x00000000ac600000, 0x00000000ac700000|  0%| F|  |TAMS 0x00000000ac600000, 0x00000000ac600000| Untracked 
| 199|0x00000000ac700000, 0x00000000ac700000, 0x00000000ac800000|  0%| F|  |TAMS 0x00000000ac700000, 0x00000000ac700000| Untracked 
| 200|0x00000000ac800000, 0x00000000ac800000, 0x00000000ac900000|  0%| F|  |TAMS 0x00000000ac800000, 0x00000000ac800000| Untracked 
| 201|0x00000000ac900000, 0x00000000ac900000, 0x00000000aca00000|  0%| F|  |TAMS 0x00000000ac900000, 0x00000000ac900000| Untracked 
| 202|0x00000000aca00000, 0x00000000aca00000, 0x00000000acb00000|  0%| F|  |TAMS 0x00000000aca00000, 0x00000000aca00000| Untracked 
| 203|0x00000000acb00000, 0x00000000acb00000, 0x00000000acc00000|  0%| F|  |TAMS 0x00000000acb00000, 0x00000000acb00000| Untracked 
| 204|0x00000000acc00000, 0x00000000acc00000, 0x00000000acd00000|  0%| F|  |TAMS 0x00000000acc00000, 0x00000000acc00000| Untracked 
| 205|0x00000000acd00000, 0x00000000acd00000, 0x00000000ace00000|  0%| F|  |TAMS 0x00000000acd00000, 0x00000000acd00000| Untracked 
| 206|0x00000000ace00000, 0x00000000ace00000, 0x00000000acf00000|  0%| F|  |TAMS 0x00000000ace00000, 0x00000000ace00000| Untracked 
| 207|0x00000000acf00000, 0x00000000acf00000, 0x00000000ad000000|  0%| F|  |TAMS 0x00000000acf00000, 0x00000000acf00000| Untracked 
| 208|0x00000000ad000000, 0x00000000ad000000, 0x00000000ad100000|  0%| F|  |TAMS 0x00000000ad000000, 0x00000000ad000000| Untracked 
| 209|0x00000000ad100000, 0x00000000ad100000, 0x00000000ad200000|  0%| F|  |TAMS 0x00000000ad100000, 0x00000000ad100000| Untracked 
| 210|0x00000000ad200000, 0x00000000ad200000, 0x00000000ad300000|  0%| F|  |TAMS 0x00000000ad200000, 0x00000000ad200000| Untracked 
| 211|0x00000000ad300000, 0x00000000ad3c9e40, 0x00000000ad400000| 78%| E|  |TAMS 0x00000000ad300000, 0x00000000ad300000| Complete 
| 212|0x00000000ad400000, 0x00000000ad500000, 0x00000000ad500000|100%| E|CS|TAMS 0x00000000ad400000, 0x00000000ad400000| Complete 
| 213|0x00000000ad500000, 0x00000000ad600000, 0x00000000ad600000|100%| E|CS|TAMS 0x00000000ad500000, 0x00000000ad500000| Complete 
| 214|0x00000000ad600000, 0x00000000ad700000, 0x00000000ad700000|100%| E|CS|TAMS 0x00000000ad600000, 0x00000000ad600000| Complete 
| 215|0x00000000ad700000, 0x00000000ad800000, 0x00000000ad800000|100%| E|CS|TAMS 0x00000000ad700000, 0x00000000ad700000| Complete 
| 216|0x00000000ad800000, 0x00000000ad900000, 0x00000000ad900000|100%| E|CS|TAMS 0x00000000ad800000, 0x00000000ad800000| Complete 
| 217|0x00000000ad900000, 0x00000000ada00000, 0x00000000ada00000|100%| E|CS|TAMS 0x00000000ad900000, 0x00000000ad900000| Complete 
| 218|0x00000000ada00000, 0x00000000adb00000, 0x00000000adb00000|100%| E|CS|TAMS 0x00000000ada00000, 0x00000000ada00000| Complete 
| 219|0x00000000adb00000, 0x00000000adc00000, 0x00000000adc00000|100%| E|CS|TAMS 0x00000000adb00000, 0x00000000adb00000| Complete 
| 220|0x00000000adc00000, 0x00000000add00000, 0x00000000add00000|100%| E|CS|TAMS 0x00000000adc00000, 0x00000000adc00000| Complete 
| 221|0x00000000add00000, 0x00000000ade00000, 0x00000000ade00000|100%| E|CS|TAMS 0x00000000add00000, 0x00000000add00000| Complete 
| 222|0x00000000ade00000, 0x00000000adf00000, 0x00000000adf00000|100%| O|  |TAMS 0x00000000ade00000, 0x00000000ade00000| Untracked 
| 223|0x00000000adf00000, 0x00000000ae000000, 0x00000000ae000000|100%| O|  |TAMS 0x00000000ae000000, 0x00000000adf00000| Untracked 
| 224|0x00000000ae000000, 0x00000000ae100000, 0x00000000ae100000|100%| O|  |TAMS 0x00000000ae100000, 0x00000000ae000000| Untracked 
| 225|0x00000000ae100000, 0x00000000ae200000, 0x00000000ae200000|100%| O|  |TAMS 0x00000000ae200000, 0x00000000ae100000| Untracked 
| 226|0x00000000ae200000, 0x00000000ae300000, 0x00000000ae300000|100%| E|CS|TAMS 0x00000000ae200000, 0x00000000ae200000| Complete 
| 227|0x00000000ae300000, 0x00000000ae400000, 0x00000000ae400000|100%| O|  |TAMS 0x00000000ae400000, 0x00000000ae300000| Untracked 
| 228|0x00000000ae400000, 0x00000000ae500000, 0x00000000ae500000|100%| O|  |TAMS 0x00000000ae500000, 0x00000000ae400000| Untracked 
| 229|0x00000000ae500000, 0x00000000ae600000, 0x00000000ae600000|100%| O|  |TAMS 0x00000000ae600000, 0x00000000ae500000| Untracked 
| 230|0x00000000ae600000, 0x00000000ae700000, 0x00000000ae700000|100%| E|CS|TAMS 0x00000000ae600000, 0x00000000ae600000| Complete 
| 231|0x00000000ae700000, 0x00000000ae800000, 0x00000000ae800000|100%| E|CS|TAMS 0x00000000ae700000, 0x00000000ae700000| Complete 
| 232|0x00000000ae800000, 0x00000000ae900000, 0x00000000ae900000|100%| E|CS|TAMS 0x00000000ae800000, 0x00000000ae800000| Complete 
| 233|0x00000000ae900000, 0x00000000aea00000, 0x00000000aea00000|100%| E|CS|TAMS 0x00000000ae900000, 0x00000000ae900000| Complete 
| 234|0x00000000aea00000, 0x00000000aeb00000, 0x00000000aeb00000|100%| E|  |TAMS 0x00000000aea00000, 0x00000000aea00000| Complete 
| 235|0x00000000aeb00000, 0x00000000aec00000, 0x00000000aec00000|100%| E|CS|TAMS 0x00000000aeb00000, 0x00000000aeb00000| Complete 
| 236|0x00000000aec00000, 0x00000000aed00000, 0x00000000aed00000|100%| E|CS|TAMS 0x00000000aec00000, 0x00000000aec00000| Complete 
| 237|0x00000000aed00000, 0x00000000aee00000, 0x00000000aee00000|100%| E|CS|TAMS 0x00000000aed00000, 0x00000000aed00000| Complete 
| 238|0x00000000aee00000, 0x00000000aef00000, 0x00000000aef00000|100%| E|CS|TAMS 0x00000000aee00000, 0x00000000aee00000| Complete 
| 239|0x00000000aef00000, 0x00000000af000000, 0x00000000af000000|100%| E|CS|TAMS 0x00000000aef00000, 0x00000000aef00000| Complete 
| 240|0x00000000af000000, 0x00000000af100000, 0x00000000af100000|100%| E|CS|TAMS 0x00000000af000000, 0x00000000af000000| Complete 
| 241|0x00000000af100000, 0x00000000af200000, 0x00000000af200000|100%| E|CS|TAMS 0x00000000af100000, 0x00000000af100000| Complete 
| 242|0x00000000af200000, 0x00000000af300000, 0x00000000af300000|100%| E|CS|TAMS 0x00000000af200000, 0x00000000af200000| Complete 
| 243|0x00000000af300000, 0x00000000af400000, 0x00000000af400000|100%| E|CS|TAMS 0x00000000af300000, 0x00000000af300000| Complete 
| 244|0x00000000af400000, 0x00000000af500000, 0x00000000af500000|100%| E|CS|TAMS 0x00000000af400000, 0x00000000af400000| Complete 
| 245|0x00000000af500000, 0x00000000af600000, 0x00000000af600000|100%| E|CS|TAMS 0x00000000af500000, 0x00000000af500000| Complete 
| 246|0x00000000af600000, 0x00000000af700000, 0x00000000af700000|100%| E|CS|TAMS 0x00000000af600000, 0x00000000af600000| Complete 
| 247|0x00000000af700000, 0x00000000af800000, 0x00000000af800000|100%| E|CS|TAMS 0x00000000af700000, 0x00000000af700000| Complete 
| 248|0x00000000af800000, 0x00000000af900000, 0x00000000af900000|100%| E|CS|TAMS 0x00000000af800000, 0x00000000af800000| Complete 
| 249|0x00000000af900000, 0x00000000afa00000, 0x00000000afa00000|100%| E|CS|TAMS 0x00000000af900000, 0x00000000af900000| Complete 
| 250|0x00000000afa00000, 0x00000000afb00000, 0x00000000afb00000|100%| E|CS|TAMS 0x00000000afa00000, 0x00000000afa00000| Complete 
| 251|0x00000000afb00000, 0x00000000afc00000, 0x00000000afc00000|100%| E|CS|TAMS 0x00000000afb00000, 0x00000000afb00000| Complete 
| 252|0x00000000afc00000, 0x00000000afd00000, 0x00000000afd00000|100%| E|CS|TAMS 0x00000000afc00000, 0x00000000afc00000| Complete 
| 253|0x00000000afd00000, 0x00000000afe00000, 0x00000000afe00000|100%| E|CS|TAMS 0x00000000afd00000, 0x00000000afd00000| Complete 
| 254|0x00000000afe00000, 0x00000000aff00000, 0x00000000aff00000|100%| E|CS|TAMS 0x00000000afe00000, 0x00000000afe00000| Complete 
| 255|0x00000000aff00000, 0x00000000b0000000, 0x00000000b0000000|100%| E|CS|TAMS 0x00000000aff00000, 0x00000000aff00000| Complete 
| 256|0x00000000b0000000, 0x00000000b0100000, 0x00000000b0100000|100%| E|CS|TAMS 0x00000000b0000000, 0x00000000b0000000| Complete 
| 257|0x00000000b0100000, 0x00000000b0200000, 0x00000000b0200000|100%| E|CS|TAMS 0x00000000b0100000, 0x00000000b0100000| Complete 
| 258|0x00000000b0200000, 0x00000000b0300000, 0x00000000b0300000|100%| E|CS|TAMS 0x00000000b0200000, 0x00000000b0200000| Complete 
| 259|0x00000000b0300000, 0x00000000b0400000, 0x00000000b0400000|100%| E|CS|TAMS 0x00000000b0300000, 0x00000000b0300000| Complete 
| 260|0x00000000b0400000, 0x00000000b0500000, 0x00000000b0500000|100%| E|CS|TAMS 0x00000000b0400000, 0x00000000b0400000| Complete 
| 261|0x00000000b0500000, 0x00000000b0600000, 0x00000000b0600000|100%| E|CS|TAMS 0x00000000b0500000, 0x00000000b0500000| Complete 
| 262|0x00000000b0600000, 0x00000000b0700000, 0x00000000b0700000|100%| E|CS|TAMS 0x00000000b0600000, 0x00000000b0600000| Complete 
| 263|0x00000000b0700000, 0x00000000b0800000, 0x00000000b0800000|100%| E|CS|TAMS 0x00000000b0700000, 0x00000000b0700000| Complete 
| 264|0x00000000b0800000, 0x00000000b0900000, 0x00000000b0900000|100%| E|CS|TAMS 0x00000000b0800000, 0x00000000b0800000| Complete 
| 265|0x00000000b0900000, 0x00000000b0a00000, 0x00000000b0a00000|100%| E|CS|TAMS 0x00000000b0900000, 0x00000000b0900000| Complete 
| 266|0x00000000b0a00000, 0x00000000b0b00000, 0x00000000b0b00000|100%| E|CS|TAMS 0x00000000b0a00000, 0x00000000b0a00000| Complete 
| 267|0x00000000b0b00000, 0x00000000b0c00000, 0x00000000b0c00000|100%| E|CS|TAMS 0x00000000b0b00000, 0x00000000b0b00000| Complete 
| 268|0x00000000b0c00000, 0x00000000b0d00000, 0x00000000b0d00000|100%| E|CS|TAMS 0x00000000b0c00000, 0x00000000b0c00000| Complete 
| 269|0x00000000b0d00000, 0x00000000b0e00000, 0x00000000b0e00000|100%| E|CS|TAMS 0x00000000b0d00000, 0x00000000b0d00000| Complete 
| 270|0x00000000b0e00000, 0x00000000b0f00000, 0x00000000b0f00000|100%| E|CS|TAMS 0x00000000b0e00000, 0x00000000b0e00000| Complete 
| 271|0x00000000b0f00000, 0x00000000b1000000, 0x00000000b1000000|100%| E|CS|TAMS 0x00000000b0f00000, 0x00000000b0f00000| Complete 
| 272|0x00000000b1000000, 0x00000000b1100000, 0x00000000b1100000|100%| E|CS|TAMS 0x00000000b1000000, 0x00000000b1000000| Complete 
| 273|0x00000000b1100000, 0x00000000b1200000, 0x00000000b1200000|100%| O|  |TAMS 0x00000000b1200000, 0x00000000b1100000| Untracked 
| 274|0x00000000b1200000, 0x00000000b1300000, 0x00000000b1300000|100%| O|  |TAMS 0x00000000b1300000, 0x00000000b1200000| Untracked 
| 275|0x00000000b1300000, 0x00000000b1400000, 0x00000000b1400000|100%| O|  |TAMS 0x00000000b1400000, 0x00000000b1300000| Untracked 
| 276|0x00000000b1400000, 0x00000000b1500000, 0x00000000b1500000|100%| O|  |TAMS 0x00000000b1500000, 0x00000000b1400000| Untracked 
| 277|0x00000000b1500000, 0x00000000b1600000, 0x00000000b1600000|100%| E|CS|TAMS 0x00000000b1500000, 0x00000000b1500000| Complete 
| 278|0x00000000b1600000, 0x00000000b1700000, 0x00000000b1700000|100%| O|  |TAMS 0x00000000b1600000, 0x00000000b1600000| Untracked 
| 279|0x00000000b1700000, 0x00000000b1800000, 0x00000000b1800000|100%| O|  |TAMS 0x00000000b1700000, 0x00000000b1700000| Untracked 
| 280|0x00000000b1800000, 0x00000000b1900000, 0x00000000b1900000|100%| E|CS|TAMS 0x00000000b1800000, 0x00000000b1800000| Complete 
| 281|0x00000000b1900000, 0x00000000b1a00000, 0x00000000b1a00000|100%| O|  |TAMS 0x00000000b1a00000, 0x00000000b1900000| Untracked 
| 282|0x00000000b1a00000, 0x00000000b1b00000, 0x00000000b1b00000|100%| O|  |TAMS 0x00000000b1a00000, 0x00000000b1a00000| Untracked 
| 283|0x00000000b1b00000, 0x00000000b1c00000, 0x00000000b1c00000|100%| O|  |TAMS 0x00000000b1b00000, 0x00000000b1b00000| Untracked 
| 284|0x00000000b1c00000, 0x00000000b1d00000, 0x00000000b1d00000|100%| O|  |TAMS 0x00000000b1c00000, 0x00000000b1c00000| Untracked 
| 285|0x00000000b1d00000, 0x00000000b1e00000, 0x00000000b1e00000|100%| O|  |TAMS 0x00000000b1d00000, 0x00000000b1d00000| Untracked 
| 286|0x00000000b1e00000, 0x00000000b1f00000, 0x00000000b1f00000|100%| O|  |TAMS 0x00000000b1f00000, 0x00000000b1e00000| Untracked 
| 287|0x00000000b1f00000, 0x00000000b2000000, 0x00000000b2000000|100%| O|  |TAMS 0x00000000b2000000, 0x00000000b1f00000| Untracked 
| 288|0x00000000b2000000, 0x00000000b2100000, 0x00000000b2100000|100%| O|  |TAMS 0x00000000b2100000, 0x00000000b2000000| Untracked 
| 289|0x00000000b2100000, 0x00000000b2200000, 0x00000000b2200000|100%| O|  |TAMS 0x00000000b2200000, 0x00000000b2100000| Untracked 
| 290|0x00000000b2200000, 0x00000000b2300000, 0x00000000b2300000|100%| O|  |TAMS 0x00000000b2300000, 0x00000000b2200000| Untracked 
| 291|0x00000000b2300000, 0x00000000b2400000, 0x00000000b2400000|100%| E|CS|TAMS 0x00000000b2300000, 0x00000000b2300000| Complete 
| 292|0x00000000b2400000, 0x00000000b2500000, 0x00000000b2500000|100%| E|CS|TAMS 0x00000000b2400000, 0x00000000b2400000| Complete 
| 293|0x00000000b2500000, 0x00000000b2600000, 0x00000000b2600000|100%| E|CS|TAMS 0x00000000b2500000, 0x00000000b2500000| Complete 
| 294|0x00000000b2600000, 0x00000000b2700000, 0x00000000b2700000|100%| E|CS|TAMS 0x00000000b2600000, 0x00000000b2600000| Complete 
| 295|0x00000000b2700000, 0x00000000b2800000, 0x00000000b2800000|100%| E|CS|TAMS 0x00000000b2700000, 0x00000000b2700000| Complete 
| 296|0x00000000b2800000, 0x00000000b2900000, 0x00000000b2900000|100%| E|CS|TAMS 0x00000000b2800000, 0x00000000b2800000| Complete 
| 297|0x00000000b2900000, 0x00000000b2a00000, 0x00000000b2a00000|100%| E|CS|TAMS 0x00000000b2900000, 0x00000000b2900000| Complete 
| 298|0x00000000b2a00000, 0x00000000b2b00000, 0x00000000b2b00000|100%| E|CS|TAMS 0x00000000b2a00000, 0x00000000b2a00000| Complete 
| 299|0x00000000b2b00000, 0x00000000b2c00000, 0x00000000b2c00000|100%| E|CS|TAMS 0x00000000b2b00000, 0x00000000b2b00000| Complete 
| 300|0x00000000b2c00000, 0x00000000b2d00000, 0x00000000b2d00000|100%| E|CS|TAMS 0x00000000b2c00000, 0x00000000b2c00000| Complete 
| 301|0x00000000b2d00000, 0x00000000b2e00000, 0x00000000b2e00000|100%| E|CS|TAMS 0x00000000b2d00000, 0x00000000b2d00000| Complete 
| 302|0x00000000b2e00000, 0x00000000b2f00000, 0x00000000b2f00000|100%| E|CS|TAMS 0x00000000b2e00000, 0x00000000b2e00000| Complete 
| 303|0x00000000b2f00000, 0x00000000b3000000, 0x00000000b3000000|100%| E|CS|TAMS 0x00000000b2f00000, 0x00000000b2f00000| Complete 
| 304|0x00000000b3000000, 0x00000000b3100000, 0x00000000b3100000|100%| E|CS|TAMS 0x00000000b3000000, 0x00000000b3000000| Complete 
| 305|0x00000000b3100000, 0x00000000b3200000, 0x00000000b3200000|100%| E|CS|TAMS 0x00000000b3100000, 0x00000000b3100000| Complete 
| 306|0x00000000b3200000, 0x00000000b3300000, 0x00000000b3300000|100%| E|CS|TAMS 0x00000000b3200000, 0x00000000b3200000| Complete 
| 307|0x00000000b3300000, 0x00000000b3400000, 0x00000000b3400000|100%| E|CS|TAMS 0x00000000b3300000, 0x00000000b3300000| Complete 
| 308|0x00000000b3400000, 0x00000000b3500000, 0x00000000b3500000|100%| E|CS|TAMS 0x00000000b3400000, 0x00000000b3400000| Complete 
| 309|0x00000000b3500000, 0x00000000b3600000, 0x00000000b3600000|100%| E|CS|TAMS 0x00000000b3500000, 0x00000000b3500000| Complete 
| 310|0x00000000b3600000, 0x00000000b3700000, 0x00000000b3700000|100%| E|CS|TAMS 0x00000000b3600000, 0x00000000b3600000| Complete 
| 311|0x00000000b3700000, 0x00000000b3800000, 0x00000000b3800000|100%| E|CS|TAMS 0x00000000b3700000, 0x00000000b3700000| Complete 
| 312|0x00000000b3800000, 0x00000000b3900000, 0x00000000b3900000|100%| E|CS|TAMS 0x00000000b3800000, 0x00000000b3800000| Complete 
| 313|0x00000000b3900000, 0x00000000b3a00000, 0x00000000b3a00000|100%| E|CS|TAMS 0x00000000b3900000, 0x00000000b3900000| Complete 
| 314|0x00000000b3a00000, 0x00000000b3b00000, 0x00000000b3b00000|100%| E|CS|TAMS 0x00000000b3a00000, 0x00000000b3a00000| Complete 
| 315|0x00000000b3b00000, 0x00000000b3c00000, 0x00000000b3c00000|100%| E|CS|TAMS 0x00000000b3b00000, 0x00000000b3b00000| Complete 
| 316|0x00000000b3c00000, 0x00000000b3d00000, 0x00000000b3d00000|100%| E|CS|TAMS 0x00000000b3c00000, 0x00000000b3c00000| Complete 
| 317|0x00000000b3d00000, 0x00000000b3e00000, 0x00000000b3e00000|100%| E|CS|TAMS 0x00000000b3d00000, 0x00000000b3d00000| Complete 
| 318|0x00000000b3e00000, 0x00000000b3f00000, 0x00000000b3f00000|100%| E|CS|TAMS 0x00000000b3e00000, 0x00000000b3e00000| Complete 
| 319|0x00000000b3f00000, 0x00000000b4000000, 0x00000000b4000000|100%| E|CS|TAMS 0x00000000b3f00000, 0x00000000b3f00000| Complete 
| 320|0x00000000b4000000, 0x00000000b4100000, 0x00000000b4100000|100%| E|CS|TAMS 0x00000000b4000000, 0x00000000b4000000| Complete 
| 321|0x00000000b4100000, 0x00000000b4200000, 0x00000000b4200000|100%| E|CS|TAMS 0x00000000b4100000, 0x00000000b4100000| Complete 
| 322|0x00000000b4200000, 0x00000000b4300000, 0x00000000b4300000|100%| E|CS|TAMS 0x00000000b4200000, 0x00000000b4200000| Complete 
| 323|0x00000000b4300000, 0x00000000b4400000, 0x00000000b4400000|100%| E|CS|TAMS 0x00000000b4300000, 0x00000000b4300000| Complete 
| 324|0x00000000b4400000, 0x00000000b4500000, 0x00000000b4500000|100%| E|CS|TAMS 0x00000000b4400000, 0x00000000b4400000| Complete 
| 325|0x00000000b4500000, 0x00000000b4600000, 0x00000000b4600000|100%| E|CS|TAMS 0x00000000b4500000, 0x00000000b4500000| Complete 
| 326|0x00000000b4600000, 0x00000000b4700000, 0x00000000b4700000|100%| E|CS|TAMS 0x00000000b4600000, 0x00000000b4600000| Complete 
| 327|0x00000000b4700000, 0x00000000b4800000, 0x00000000b4800000|100%| E|CS|TAMS 0x00000000b4700000, 0x00000000b4700000| Complete 
| 328|0x00000000b4800000, 0x00000000b4900000, 0x00000000b4900000|100%| E|CS|TAMS 0x00000000b4800000, 0x00000000b4800000| Complete 
| 329|0x00000000b4900000, 0x00000000b4a00000, 0x00000000b4a00000|100%| E|CS|TAMS 0x00000000b4900000, 0x00000000b4900000| Complete 
| 330|0x00000000b4a00000, 0x00000000b4b00000, 0x00000000b4b00000|100%| E|CS|TAMS 0x00000000b4a00000, 0x00000000b4a00000| Complete 
| 331|0x00000000b4b00000, 0x00000000b4c00000, 0x00000000b4c00000|100%| E|CS|TAMS 0x00000000b4b00000, 0x00000000b4b00000| Complete 
| 332|0x00000000b4c00000, 0x00000000b4d00000, 0x00000000b4d00000|100%| E|CS|TAMS 0x00000000b4c00000, 0x00000000b4c00000| Complete 
| 333|0x00000000b4d00000, 0x00000000b4e00000, 0x00000000b4e00000|100%| E|CS|TAMS 0x00000000b4d00000, 0x00000000b4d00000| Complete 
| 334|0x00000000b4e00000, 0x00000000b4f00000, 0x00000000b4f00000|100%| E|CS|TAMS 0x00000000b4e00000, 0x00000000b4e00000| Complete 
| 335|0x00000000b4f00000, 0x00000000b5000000, 0x00000000b5000000|100%| E|CS|TAMS 0x00000000b4f00000, 0x00000000b4f00000| Complete 
| 336|0x00000000b5000000, 0x00000000b5100000, 0x00000000b5100000|100%| E|CS|TAMS 0x00000000b5000000, 0x00000000b5000000| Complete 
| 337|0x00000000b5100000, 0x00000000b5200000, 0x00000000b5200000|100%| E|CS|TAMS 0x00000000b5100000, 0x00000000b5100000| Complete 
| 338|0x00000000b5200000, 0x00000000b5300000, 0x00000000b5300000|100%| E|CS|TAMS 0x00000000b5200000, 0x00000000b5200000| Complete 
| 339|0x00000000b5300000, 0x00000000b5400000, 0x00000000b5400000|100%| E|CS|TAMS 0x00000000b5300000, 0x00000000b5300000| Complete 
| 340|0x00000000b5400000, 0x00000000b5500000, 0x00000000b5500000|100%| E|CS|TAMS 0x00000000b5400000, 0x00000000b5400000| Complete 
| 341|0x00000000b5500000, 0x00000000b5600000, 0x00000000b5600000|100%| E|CS|TAMS 0x00000000b5500000, 0x00000000b5500000| Complete 
| 342|0x00000000b5600000, 0x00000000b5700000, 0x00000000b5700000|100%| E|CS|TAMS 0x00000000b5600000, 0x00000000b5600000| Complete 
| 343|0x00000000b5700000, 0x00000000b57107e8, 0x00000000b5800000|  6%| S|CS|TAMS 0x00000000b5700000, 0x00000000b5700000| Complete 
| 344|0x00000000b5800000, 0x00000000b5900000, 0x00000000b5900000|100%| S|CS|TAMS 0x00000000b5800000, 0x00000000b5800000| Complete 
| 345|0x00000000b5900000, 0x00000000b5a00000, 0x00000000b5a00000|100%| E|CS|TAMS 0x00000000b5900000, 0x00000000b5900000| Complete 
| 346|0x00000000b5a00000, 0x00000000b5b00000, 0x00000000b5b00000|100%| E|CS|TAMS 0x00000000b5a00000, 0x00000000b5a00000| Complete 
| 347|0x00000000b5b00000, 0x00000000b5c00000, 0x00000000b5c00000|100%| E|CS|TAMS 0x00000000b5b00000, 0x00000000b5b00000| Complete 
| 348|0x00000000b5c00000, 0x00000000b5d00000, 0x00000000b5d00000|100%| E|CS|TAMS 0x00000000b5c00000, 0x00000000b5c00000| Complete 
| 349|0x00000000b5d00000, 0x00000000b5e00000, 0x00000000b5e00000|100%| E|CS|TAMS 0x00000000b5d00000, 0x00000000b5d00000| Complete 
| 350|0x00000000b5e00000, 0x00000000b5f00000, 0x00000000b5f00000|100%| E|CS|TAMS 0x00000000b5e00000, 0x00000000b5e00000| Complete 
| 351|0x00000000b5f00000, 0x00000000b6000000, 0x00000000b6000000|100%| E|CS|TAMS 0x00000000b5f00000, 0x00000000b5f00000| Complete 
| 352|0x00000000b6000000, 0x00000000b6100000, 0x00000000b6100000|100%| E|CS|TAMS 0x00000000b6000000, 0x00000000b6000000| Complete 
| 353|0x00000000b6100000, 0x00000000b6200000, 0x00000000b6200000|100%| E|CS|TAMS 0x00000000b6100000, 0x00000000b6100000| Complete 
| 354|0x00000000b6200000, 0x00000000b6300000, 0x00000000b6300000|100%| E|CS|TAMS 0x00000000b6200000, 0x00000000b6200000| Complete 
| 355|0x00000000b6300000, 0x00000000b6400000, 0x00000000b6400000|100%| E|CS|TAMS 0x00000000b6300000, 0x00000000b6300000| Complete 
| 356|0x00000000b6400000, 0x00000000b6500000, 0x00000000b6500000|100%| E|CS|TAMS 0x00000000b6400000, 0x00000000b6400000| Complete 
| 357|0x00000000b6500000, 0x00000000b6600000, 0x00000000b6600000|100%| E|CS|TAMS 0x00000000b6500000, 0x00000000b6500000| Complete 
| 358|0x00000000b6600000, 0x00000000b6700000, 0x00000000b6700000|100%| E|CS|TAMS 0x00000000b6600000, 0x00000000b6600000| Complete 
| 359|0x00000000b6700000, 0x00000000b6800000, 0x00000000b6800000|100%| E|CS|TAMS 0x00000000b6700000, 0x00000000b6700000| Complete 
|1529|0x00000000ff900000, 0x00000000ffa00000, 0x00000000ffa00000|100%| E|CS|TAMS 0x00000000ff900000, 0x00000000ff900000| Complete 
|1530|0x00000000ffa00000, 0x00000000ffb00000, 0x00000000ffb00000|100%| O|  |TAMS 0x00000000ffb00000, 0x00000000ffa00000| Untracked 
|1531|0x00000000ffb00000, 0x00000000ffc00000, 0x00000000ffc00000|100%| O|  |TAMS 0x00000000ffc00000, 0x00000000ffb00000| Untracked 
|1532|0x00000000ffc00000, 0x00000000ffd00000, 0x00000000ffd00000|100%| O|  |TAMS 0x00000000ffd00000, 0x00000000ffc00000| Untracked 
|1533|0x00000000ffd00000, 0x00000000ffe00000, 0x00000000ffe00000|100%| O|  |TAMS 0x00000000ffe00000, 0x00000000ffd00000| Untracked 
|1534|0x00000000ffe00000, 0x00000000fff00000, 0x00000000fff00000|100%| O|  |TAMS 0x00000000fff00000, 0x00000000ffe00000| Untracked 
|1535|0x00000000fff00000, 0x0000000100000000, 0x0000000100000000|100%| O|  |TAMS 0x0000000100000000, 0x00000000fff00000| Untracked 

Card table byte_map: [0x0000021663010000,0x0000021663310000] _byte_map_base: 0x0000021662b10000

Marking Bits (Prev, Next): (CMBitMap*) 0x000002165056b230, (CMBitMap*) 0x000002165056b1f0
 Prev Bits: [0x0000021664e10000, 0x0000021666610000)
 Next Bits: [0x0000021663610000, 0x0000021664e10000)

Polling page: 0x000002164fce0000

Metaspace:

Usage:
  Non-class:    136.71 MB used.
      Class:     21.08 MB used.
       Both:    157.80 MB used.

Virtual space:
  Non-class space:      144.00 MB reserved,     137.62 MB ( 96%) committed,  18 nodes.
      Class space:        1.00 GB reserved,      21.81 MB (  2%) committed,  1 nodes.
             Both:        1.14 GB reserved,     159.44 MB ( 14%) committed. 

Chunk freelists:
   Non-Class:  2.41 MB
       Class:  2.14 MB
        Both:  4.55 MB

MaxMetaspaceSize: unlimited
CompressedClassSpaceSize: 1.00 GB
Initial GC threshold: 21.00 MB
Current GC threshold: 261.06 MB
CDS: off
MetaspaceReclaimPolicy: balanced
 - commit_granule_bytes: 65536.
 - commit_granule_words: 8192.
 - virtual_space_node_default_size: 1048576.
 - enlarge_chunks_in_place: 1.
 - new_chunks_are_fully_committed: 0.
 - uncommit_free_chunks: 1.
 - use_allocation_guard: 0.
 - handle_deallocations: 1.


Internal statistics:

num_allocs_failed_limit: 8.
num_arena_births: 3512.
num_arena_deaths: 806.
num_vsnodes_births: 19.
num_vsnodes_deaths: 0.
num_space_committed: 2550.
num_space_uncommitted: 0.
num_chunks_returned_to_freelist: 1071.
num_chunks_taken_from_freelist: 10294.
num_chunk_merges: 309.
num_chunk_splits: 6180.
num_chunks_enlarged: 3574.
num_purges: 16.
num_inconsistent_stats: 0.

CodeHeap 'non-profiled nmethods': size=120000Kb used=28693Kb max_used=28693Kb free=91306Kb
 bounds [0x000002165b4b0000, 0x000002165d0c0000, 0x00000216629e0000]
CodeHeap 'profiled nmethods': size=120000Kb used=54218Kb max_used=54218Kb free=65782Kb
 bounds [0x00000216539e0000, 0x0000021656ee0000, 0x000002165af10000]
CodeHeap 'non-nmethods': size=5760Kb used=2547Kb max_used=2702Kb free=3213Kb
 bounds [0x000002165af10000, 0x000002165b1e0000, 0x000002165b4b0000]
 total_blobs=29307 nmethods=28202 adapters=1014
 compilation: enabled
              stopped_count=0, restarted_count=0
 full_count=0

Compilation events (20 events):
Event: 13932.097 Thread 0x0000021675a4c3a0 nmethod 36916 0x000002165d0ae710 code [0x000002165d0aeaa0, 0x000002165d0b10b8]
Event: 13932.097 Thread 0x0000021675a4c3a0 36967       4       java.util.HashMap::get (19 bytes)
Event: 13932.098 Thread 0x0000021669c295f0 36985       3       groovyjarjarantlr4.v4.runtime.atn.ParserATNSimulator::computeTargetState (617 bytes)
Event: 13932.103 Thread 0x0000021669c295f0 nmethod 36985 0x0000021656ebec90 code [0x0000021656ebf280, 0x0000021656ec3928]
Event: 13932.103 Thread 0x0000021675a4c3a0 nmethod 36967 0x000002165d0b2910 code [0x000002165d0b2ac0, 0x000002165d0b2dd8]
Event: 13932.103 Thread 0x0000021669c295f0 36989       3       groovyjarjarantlr4.v4.runtime.BufferedTokenStream::LA (11 bytes)
Event: 13932.103 Thread 0x0000021675a4c3a0 36951       4       groovyjarjarantlr4.v4.runtime.atn.ATNConfigSet::add (356 bytes)
Event: 13932.103 Thread 0x0000021669c295f0 nmethod 36989 0x0000021656ec5210 code [0x0000021656ec53c0, 0x0000021656ec55e8]
Event: 13932.103 Thread 0x0000021669c295f0 36988       1       groovyjarjarantlr4.v4.runtime.Recognizer::getState (5 bytes)
Event: 13932.104 Thread 0x0000021669c295f0 nmethod 36988 0x000002165d0b3090 code [0x000002165d0b3220, 0x000002165d0b32f8]
Event: 13932.104 Thread 0x0000021669c295f0 36987       3       groovyjarjarantlr4.v4.runtime.atn.ATNConfig::transform (16 bytes)
Event: 13932.104 Thread 0x0000021669c295f0 nmethod 36987 0x0000021656ec5710 code [0x0000021656ec58c0, 0x0000021656ec5ad8]
Event: 13932.104 Thread 0x0000021669c295f0 36986       1       groovyjarjarantlr4.v4.runtime.atn.ATNConfigSet::getDipsIntoOuterContext (5 bytes)
Event: 13932.104 Thread 0x0000021669c295f0 nmethod 36986 0x000002165d0b3390 code [0x000002165d0b3520, 0x000002165d0b35f8]
Event: 13932.107 Thread 0x0000021669c295f0 36992       2       groovyjarjarantlr4.v4.runtime.CommonTokenStream::adjustSeekIndex (10 bytes)
Event: 13932.108 Thread 0x0000021669c295f0 nmethod 36992 0x0000021656ec5b90 code [0x0000021656ec5d20, 0x0000021656ec5e48]
Event: 13932.108 Thread 0x0000021669c295f0 36993       2       groovyjarjarantlr4.v4.runtime.atn.LexerATNSimulator::getExistingTargetState (8 bytes)
Event: 13932.108 Thread 0x0000021669c295f0 nmethod 36993 0x0000021656ec5f10 code [0x0000021656ec60c0, 0x0000021656ec6228]
Event: 13932.108 Thread 0x0000021669c295f0 36994       1       groovyjarjarantlr4.v4.runtime.atn.ATNConfig$ActionATNConfig::hasPassedThroughNonGreedyDecision (5 bytes)
Event: 13932.108 Thread 0x0000021669c295f0 nmethod 36994 0x000002165d0b3690 code [0x000002165d0b3820, 0x000002165d0b38f8]

GC Heap History (20 events):
Event: 6451.725 GC heap before
{Heap before GC invocations=151 (full 1):
 garbage-first heap   total 277504K, used 214787K [0x00000000a0000000, 0x0000000100000000)
  region size 1024K, 13 young (13312K), 3 survivors (3072K)
 Metaspace       used 156835K, committed 158272K, reserved 1187840K
  class space    used 20779K, committed 21504K, reserved 1048576K
}
Event: 6451.728 GC heap after
{Heap after GC invocations=152 (full 1):
 garbage-first heap   total 277504K, used 97372K [0x00000000a0000000, 0x0000000100000000)
  region size 1024K, 2 young (2048K), 2 survivors (2048K)
 Metaspace       used 156835K, committed 158272K, reserved 1187840K
  class space    used 20779K, committed 21504K, reserved 1048576K
}
Event: 6696.831 GC heap before
{Heap before GC invocations=152 (full 1):
 garbage-first heap   total 277504K, used 197724K [0x00000000a0000000, 0x0000000100000000)
  region size 1024K, 102 young (104448K), 2 survivors (2048K)
 Metaspace       used 157284K, committed 158528K, reserved 1187840K
  class space    used 20847K, committed 21504K, reserved 1048576K
}
Event: 6696.842 GC heap after
{Heap after GC invocations=153 (full 1):
 garbage-first heap   total 277504K, used 107167K [0x00000000a0000000, 0x0000000100000000)
  region size 1024K, 11 young (11264K), 11 survivors (11264K)
 Metaspace       used 157284K, committed 158528K, reserved 1187840K
  class space    used 20847K, committed 21504K, reserved 1048576K
}
Event: 6698.127 GC heap before
{Heap before GC invocations=154 (full 1):
 garbage-first heap   total 321536K, used 300703K [0x00000000a0000000, 0x0000000100000000)
  region size 1024K, 42 young (43008K), 11 survivors (11264K)
 Metaspace       used 157250K, committed 158656K, reserved 1187840K
  class space    used 20831K, committed 21504K, reserved 1048576K
}
Event: 6698.138 GC heap after
{Heap after GC invocations=155 (full 1):
 garbage-first heap   total 321536K, used 131426K [0x00000000a0000000, 0x0000000100000000)
  region size 1024K, 2 young (2048K), 2 survivors (2048K)
 Metaspace       used 157250K, committed 158656K, reserved 1187840K
  class space    used 20831K, committed 21504K, reserved 1048576K
}
Event: 7081.376 GC heap before
{Heap before GC invocations=155 (full 1):
 garbage-first heap   total 321536K, used 187746K [0x00000000a0000000, 0x0000000100000000)
  region size 1024K, 15 young (15360K), 2 survivors (2048K)
 Metaspace       used 157265K, committed 158656K, reserved 1187840K
  class space    used 20831K, committed 21504K, reserved 1048576K
}
Event: 7081.482 GC heap after
{Heap after GC invocations=156 (full 1):
 garbage-first heap   total 321536K, used 109616K [0x00000000a0000000, 0x0000000100000000)
  region size 1024K, 2 young (2048K), 2 survivors (2048K)
 Metaspace       used 157265K, committed 158656K, reserved 1187840K
  class space    used 20831K, committed 21504K, reserved 1048576K
}
Event: 7094.158 GC heap before
{Heap before GC invocations=156 (full 1):
 garbage-first heap   total 321536K, used 194608K [0x00000000a0000000, 0x0000000100000000)
  region size 1024K, 87 young (89088K), 2 survivors (2048K)
 Metaspace       used 157472K, committed 158784K, reserved 1187840K
  class space    used 20836K, committed 21504K, reserved 1048576K
}
Event: 7094.179 GC heap after
{Heap after GC invocations=157 (full 1):
 garbage-first heap   total 321536K, used 118363K [0x00000000a0000000, 0x0000000100000000)
  region size 1024K, 10 young (10240K), 10 survivors (10240K)
 Metaspace       used 157472K, committed 158784K, reserved 1187840K
  class space    used 20836K, committed 21504K, reserved 1048576K
}
Event: 7096.366 GC heap before
{Heap before GC invocations=158 (full 1):
 garbage-first heap   total 339968K, used 321115K [0x00000000a0000000, 0x0000000100000000)
  region size 1024K, 40 young (40960K), 10 survivors (10240K)
 Metaspace       used 157494K, committed 158784K, reserved 1187840K
  class space    used 20838K, committed 21504K, reserved 1048576K
}
Event: 7096.384 GC heap after
{Heap after GC invocations=159 (full 1):
 garbage-first heap   total 339968K, used 136115K [0x00000000a0000000, 0x0000000100000000)
  region size 1024K, 2 young (2048K), 2 survivors (2048K)
 Metaspace       used 157494K, committed 158784K, reserved 1187840K
  class space    used 20838K, committed 21504K, reserved 1048576K
}
Event: 7605.298 GC heap before
{Heap before GC invocations=159 (full 1):
 garbage-first heap   total 339968K, used 184243K [0x00000000a0000000, 0x0000000100000000)
  region size 1024K, 16 young (16384K), 2 survivors (2048K)
 Metaspace       used 157501K, committed 158784K, reserved 1187840K
  class space    used 20838K, committed 21504K, reserved 1048576K
}
Event: 7605.497 GC heap after
{Heap after GC invocations=160 (full 1):
 garbage-first heap   total 339968K, used 117559K [0x00000000a0000000, 0x0000000100000000)
  region size 1024K, 1 young (1024K), 1 survivors (1024K)
 Metaspace       used 157501K, committed 158784K, reserved 1187840K
  class space    used 20838K, committed 21504K, reserved 1048576K
}
Event: 7984.650 GC heap before
{Heap before GC invocations=160 (full 1):
 garbage-first heap   total 339968K, used 215863K [0x00000000a0000000, 0x0000000100000000)
  region size 1024K, 99 young (101376K), 1 survivors (1024K)
 Metaspace       used 158565K, committed 160192K, reserved 1187840K
  class space    used 21070K, committed 21824K, reserved 1048576K
}
Event: 7984.685 GC heap after
{Heap after GC invocations=161 (full 1):
 garbage-first heap   total 339968K, used 127053K [0x00000000a0000000, 0x0000000100000000)
  region size 1024K, 11 young (11264K), 11 survivors (11264K)
 Metaspace       used 158565K, committed 160192K, reserved 1187840K
  class space    used 21070K, committed 21824K, reserved 1048576K
}
Event: 7986.249 GC heap before
{Heap before GC invocations=162 (full 1):
 garbage-first heap   total 375808K, used 355405K [0x00000000a0000000, 0x0000000100000000)
  region size 1024K, 42 young (43008K), 11 survivors (11264K)
 Metaspace       used 158726K, committed 160384K, reserved 1187840K
  class space    used 21112K, committed 21888K, reserved 1048576K
}
Event: 7986.276 GC heap after
{Heap after GC invocations=163 (full 1):
 garbage-first heap   total 375808K, used 142923K [0x00000000a0000000, 0x0000000100000000)
  region size 1024K, 2 young (2048K), 2 survivors (2048K)
 Metaspace       used 158726K, committed 160384K, reserved 1187840K
  class space    used 21112K, committed 21888K, reserved 1048576K
}
Event: 8596.798 GC heap before
{Heap before GC invocations=163 (full 1):
 garbage-first heap   total 375808K, used 165451K [0x00000000a0000000, 0x0000000100000000)
  region size 1024K, 18 young (18432K), 2 survivors (2048K)
 Metaspace       used 158747K, committed 160448K, reserved 1187840K
  class space    used 21115K, committed 21888K, reserved 1048576K
}
Event: 8596.814 GC heap after
{Heap after GC invocations=164 (full 1):
 garbage-first heap   total 375808K, used 120266K [0x00000000a0000000, 0x0000000100000000)
  region size 1024K, 2 young (2048K), 2 survivors (2048K)
 Metaspace       used 158747K, committed 160448K, reserved 1187840K
  class space    used 21115K, committed 21888K, reserved 1048576K
}

Dll operation events (2 events):
Event: 0.006 Loaded shared library D:\Android\Android Studio\jbr\bin\java.dll
Event: 0.622 Loaded shared library D:\Android\Android Studio\jbr\bin\verify.dll

Deoptimization events (20 events):
Event: 13932.008 Thread 0x000002167b3bffc0 Uncommon trap: trap_request=0xffffff76 fr.pc=0x000002165bb9a914 relative=0x0000000000002b54
Event: 13932.008 Thread 0x000002167b3bffc0 Uncommon trap: reason=predicate action=maybe_recompile pc=0x000002165bb9a914 method=java.util.regex.Pattern.compile()V @ 78 c2
Event: 13932.008 Thread 0x000002167b3bffc0 DEOPT PACKING pc=0x000002165bb9a914 sp=0x000000c8ccdf7fc0
Event: 13932.009 Thread 0x000002167b3bffc0 DEOPT UNPACKING pc=0x000002165af669a3 sp=0x000000c8ccdf7fb0 mode 2
Event: 13932.009 Thread 0x000002167b3bffc0 Uncommon trap: trap_request=0xffffff45 fr.pc=0x000002165b79db38 relative=0x0000000000000038
Event: 13932.009 Thread 0x000002167b3bffc0 Uncommon trap: reason=unstable_if action=reinterpret pc=0x000002165b79db38 method=java.lang.Character.isHighSurrogate(C)Z @ 3 c2
Event: 13932.009 Thread 0x000002167b3bffc0 DEOPT PACKING pc=0x000002165b79db38 sp=0x000000c8ccdf7e50
Event: 13932.009 Thread 0x000002167b3bffc0 DEOPT UNPACKING pc=0x000002165af669a3 sp=0x000000c8ccdf7de8 mode 2
Event: 13932.009 Thread 0x000002167b3bffc0 Uncommon trap: trap_request=0xffffff45 fr.pc=0x000002165b5216dc relative=0x000000000000005c
Event: 13932.009 Thread 0x000002167b3bffc0 Uncommon trap: reason=unstable_if action=reinterpret pc=0x000002165b5216dc method=java.lang.Character.isSurrogate(C)Z @ 3 c2
Event: 13932.009 Thread 0x000002167b3bffc0 DEOPT PACKING pc=0x000002165b5216dc sp=0x000000c8ccdf7fb0
Event: 13932.009 Thread 0x000002167b3bffc0 DEOPT UNPACKING pc=0x000002165af669a3 sp=0x000000c8ccdf7ee8 mode 2
Event: 13932.009 Thread 0x000002167b3bffc0 Uncommon trap: trap_request=0xffffff45 fr.pc=0x000002165bbc5db8 relative=0x0000000000000038
Event: 13932.009 Thread 0x000002167b3bffc0 Uncommon trap: reason=unstable_if action=reinterpret pc=0x000002165bbc5db8 method=java.lang.Character.isSurrogate(C)Z @ 3 c2
Event: 13932.009 Thread 0x000002167b3bffc0 DEOPT PACKING pc=0x000002165bbc5db8 sp=0x000000c8ccdf7f50
Event: 13932.009 Thread 0x000002167b3bffc0 DEOPT UNPACKING pc=0x000002165af669a3 sp=0x000000c8ccdf7ee8 mode 2
Event: 13932.009 Thread 0x000002167b3bffc0 Uncommon trap: trap_request=0xffffffad fr.pc=0x000002165c8f385c relative=0x000000000000027c
Event: 13932.009 Thread 0x000002167b3bffc0 Uncommon trap: reason=uninitialized action=reinterpret pc=0x000002165c8f385c method=java.util.regex.Pattern.Range(II)Ljava/util/regex/Pattern$CharPredicate; @ 31 c2
Event: 13932.009 Thread 0x000002167b3bffc0 DEOPT PACKING pc=0x000002165c8f385c sp=0x000000c8ccdf7db0
Event: 13932.009 Thread 0x000002167b3bffc0 DEOPT UNPACKING pc=0x000002165af669a3 sp=0x000000c8ccdf7cc8 mode 2

Classes unloaded (20 events):
Event: 6697.000 Thread 0x00000216690593d0 Unloading class 0x0000000100f74400 'java/lang/invoke/LambdaForm$MH+0x0000000100f74400'
Event: 6697.000 Thread 0x00000216690593d0 Unloading class 0x0000000100fc4000 'java/lang/invoke/LambdaForm$MH+0x0000000100fc4000'
Event: 6697.000 Thread 0x00000216690593d0 Unloading class 0x00000001011e0400 'java/lang/invoke/LambdaForm$MH+0x00000001011e0400'
Event: 6697.000 Thread 0x00000216690593d0 Unloading class 0x0000000101211c00 'java/lang/invoke/LambdaForm$MH+0x0000000101211c00'
Event: 6697.000 Thread 0x00000216690593d0 Unloading class 0x00000001014c6000 'org/gradle/plugin/use/PluginDependencySpec$apply$0'
Event: 6697.000 Thread 0x00000216690593d0 Unloading class 0x00000001014cd000 'org/gradle/plugin/use/PluginDependencySpec$version'
Event: 6697.000 Thread 0x00000216690593d0 Unloading class 0x00000001014c5000 'java/lang/invoke/LambdaForm$MH+0x00000001014c5000'
Event: 6697.000 Thread 0x00000216690593d0 Unloading class 0x00000001014c6800 'java/lang/invoke/LambdaForm$MH+0x00000001014c6800'
Event: 6697.000 Thread 0x00000216690593d0 Unloading class 0x00000001014cec00 'java/lang/invoke/LambdaForm$MH+0x00000001014cec00'
Event: 6697.000 Thread 0x00000216690593d0 Unloading class 0x00000001014d0400 'java/lang/invoke/LambdaForm$MH+0x00000001014d0400'
Event: 6697.000 Thread 0x00000216690593d0 Unloading class 0x00000001014d9c00 'java/lang/invoke/LambdaForm$MH+0x00000001014d9c00'
Event: 6697.000 Thread 0x00000216690593d0 Unloading class 0x00000001014da800 'java/lang/invoke/LambdaForm$MH+0x00000001014da800'
Event: 6697.000 Thread 0x00000216690593d0 Unloading class 0x00000001014ddc00 'java/lang/invoke/LambdaForm$MH+0x00000001014ddc00'
Event: 6697.000 Thread 0x00000216690593d0 Unloading class 0x00000001014df400 'java/lang/invoke/LambdaForm$MH+0x00000001014df400'
Event: 7984.916 Thread 0x00000216690593d0 Unloading class 0x0000000100191c00 'jdk/internal/reflect/GeneratedMethodAccessor239'
Event: 7984.916 Thread 0x00000216690593d0 Unloading class 0x0000000100191800 'jdk/internal/reflect/GeneratedMethodAccessor238'
Event: 7984.916 Thread 0x00000216690593d0 Unloading class 0x0000000100232400 'jdk/internal/reflect/GeneratedMethodAccessor237'
Event: 7984.917 Thread 0x00000216690593d0 Unloading class 0x0000000100232000 'jdk/internal/reflect/GeneratedMethodAccessor236'
Event: 7984.917 Thread 0x00000216690593d0 Unloading class 0x0000000100544c00 'jdk/internal/reflect/GeneratedMethodAccessor235'
Event: 7984.917 Thread 0x00000216690593d0 Unloading class 0x0000000100544800 'jdk/internal/reflect/GeneratedMethodAccessor234'

Classes redefined (0 events):
No events

Internal exceptions (20 events):
Event: 6696.831 Thread 0x00000216016d7890 Exception <a 'sun/nio/fs/WindowsException'{0x00000000aa5b44c8}> (0x00000000aa5b44c8) 
thrown [s\src\hotspot\share\prims\jni.cpp, line 517]
Event: 7084.651 Thread 0x000002166e33c900 Exception <a 'sun/nio/fs/WindowsException'{0x00000000b021d560}> (0x00000000b021d560) 
thrown [s\src\hotspot\share\prims\jni.cpp, line 517]
Event: 7085.304 Thread 0x000002166e33c900 Exception <a 'sun/nio/fs/WindowsException'{0x00000000af8f5818}> (0x00000000af8f5818) 
thrown [s\src\hotspot\share\prims\jni.cpp, line 517]
Event: 7085.393 Thread 0x000002166e33c900 Exception <a 'sun/nio/fs/WindowsException'{0x00000000af794318}> (0x00000000af794318) 
thrown [s\src\hotspot\share\prims\jni.cpp, line 517]
Event: 7085.396 Thread 0x000002166e33c900 Exception <a 'sun/nio/fs/WindowsException'{0x00000000af795690}> (0x00000000af795690) 
thrown [s\src\hotspot\share\prims\jni.cpp, line 517]
Event: 7085.396 Thread 0x000002166e33c900 Exception <a 'sun/nio/fs/WindowsException'{0x00000000af796cc8}> (0x00000000af796cc8) 
thrown [s\src\hotspot\share\prims\jni.cpp, line 517]
Event: 7085.397 Thread 0x000002166e33c900 Exception <a 'sun/nio/fs/WindowsException'{0x00000000af798090}> (0x00000000af798090) 
thrown [s\src\hotspot\share\prims\jni.cpp, line 517]
Event: 7094.156 Thread 0x000002167cc79820 Exception <a 'sun/nio/fs/WindowsException'{0x00000000ad79b968}> (0x00000000ad79b968) 
thrown [s\src\hotspot\share\prims\jni.cpp, line 517]
Event: 7094.157 Thread 0x000002167cc79820 Exception <a 'sun/nio/fs/WindowsException'{0x00000000ad79c1f0}> (0x00000000ad79c1f0) 
thrown [s\src\hotspot\share\prims\jni.cpp, line 517]
Event: 7094.157 Thread 0x000002167cc79820 Exception <a 'sun/nio/fs/WindowsException'{0x00000000ad79c610}> (0x00000000ad79c610) 
thrown [s\src\hotspot\share\prims\jni.cpp, line 517]
Event: 7977.751 Thread 0x000002167cc79350 Exception <a 'sun/nio/fs/WindowsException'{0x00000000b0550d70}> (0x00000000b0550d70) 
thrown [s\src\hotspot\share\prims\jni.cpp, line 517]
Event: 7978.208 Thread 0x000002167cc79350 Exception <a 'sun/nio/fs/WindowsException'{0x00000000afa78710}> (0x00000000afa78710) 
thrown [s\src\hotspot\share\prims\jni.cpp, line 517]
Event: 7978.234 Thread 0x000002167cc79350 Exception <a 'sun/nio/fs/WindowsException'{0x00000000af9176a8}> (0x00000000af9176a8) 
thrown [s\src\hotspot\share\prims\jni.cpp, line 517]
Event: 7978.235 Thread 0x000002167cc79350 Exception <a 'sun/nio/fs/WindowsException'{0x00000000af918a20}> (0x00000000af918a20) 
thrown [s\src\hotspot\share\prims\jni.cpp, line 517]
Event: 7978.235 Thread 0x000002167cc79350 Exception <a 'sun/nio/fs/WindowsException'{0x00000000af919de8}> (0x00000000af919de8) 
thrown [s\src\hotspot\share\prims\jni.cpp, line 517]
Event: 7978.235 Thread 0x000002167cc79350 Exception <a 'sun/nio/fs/WindowsException'{0x00000000af91b1b0}> (0x00000000af91b1b0) 
thrown [s\src\hotspot\share\prims\jni.cpp, line 517]
Event: 7984.648 Thread 0x0000021675448f70 Exception <a 'sun/nio/fs/WindowsException'{0x00000000ad983d68}> (0x00000000ad983d68) 
thrown [s\src\hotspot\share\prims\jni.cpp, line 517]
Event: 7984.649 Thread 0x0000021675448f70 Exception <a 'sun/nio/fs/WindowsException'{0x00000000ad9845f0}> (0x00000000ad9845f0) 
thrown [s\src\hotspot\share\prims\jni.cpp, line 517]
Event: 7984.649 Thread 0x0000021675448f70 Exception <a 'sun/nio/fs/WindowsException'{0x00000000ad984a10}> (0x00000000ad984a10) 
thrown [s\src\hotspot\share\prims\jni.cpp, line 517]
Event: 13931.326 Thread 0x000002167b3bffc0 Implicit null exception at 0x000002165c9ff360 to 0x000002165c9ff408

VM Operations (20 events):
Event: 13473.010 Executing VM operation: Cleanup
Event: 13473.021 Executing VM operation: Cleanup done
Event: 13707.033 Executing VM operation: Cleanup
Event: 13707.034 Executing VM operation: Cleanup done
Event: 13930.108 Executing VM operation: Cleanup
Event: 13930.108 Executing VM operation: Cleanup done
Event: 13931.023 Executing VM operation: HandshakeAllThreads
Event: 13931.027 Executing VM operation: HandshakeAllThreads done
Event: 13931.299 Executing VM operation: HandshakeAllThreads
Event: 13931.299 Executing VM operation: HandshakeAllThreads done
Event: 13931.299 Executing VM operation: Cleanup
Event: 13931.300 Executing VM operation: Cleanup done
Event: 13931.753 Executing VM operation: HandshakeAllThreads
Event: 13931.753 Executing VM operation: HandshakeAllThreads done
Event: 13931.920 Executing VM operation: HandshakeAllThreads
Event: 13931.920 Executing VM operation: HandshakeAllThreads done
Event: 13931.960 Executing VM operation: HandshakeAllThreads
Event: 13931.960 Executing VM operation: HandshakeAllThreads done
Event: 13932.027 Executing VM operation: ICBufferFull
Event: 13932.027 Executing VM operation: ICBufferFull done

Events (20 events):
Event: 13930.054 Thread 0x000002167cc78e80 Thread added: 0x000002167cc78e80
Event: 13930.073 Thread 0x000002167cc79350 Thread added: 0x000002167cc79350
Event: 13930.108 Thread 0x000002167cc79820 Thread added: 0x000002167cc79820
Event: 13930.116 Thread 0x000002166f3fabc0 Thread added: 0x000002166f3fabc0
Event: 13931.587 loading class java/util/EmptyStackException
Event: 13931.588 loading class java/util/EmptyStackException done
Event: 13931.657 loading class java/io/InvalidClassException
Event: 13931.658 loading class java/io/InvalidClassException done
Event: 13931.929 loading class java/lang/invoke/VarHandleInts$Array
Event: 13931.930 loading class java/lang/invoke/VarHandleInts$Array done
Event: 13931.974 Thread 0x0000021675a4aa50 Thread added: 0x0000021675a4aa50
Event: 13931.994 Thread 0x0000021675a4c3a0 Thread added: 0x0000021675a4c3a0
Event: 13932.017 loading class java/util/stream/SortedOps$OfInt
Event: 13932.019 loading class java/util/stream/IntPipeline$StatefulOp
Event: 13932.019 loading class java/util/stream/IntPipeline$StatefulOp done
Event: 13932.020 loading class java/util/stream/SortedOps$OfInt done
Event: 13932.022 loading class java/util/stream/SortedOps$SizedIntSortingSink
Event: 13932.023 loading class java/util/stream/SortedOps$AbstractIntSortingSink
Event: 13932.024 loading class java/util/stream/SortedOps$AbstractIntSortingSink done
Event: 13932.024 loading class java/util/stream/SortedOps$SizedIntSortingSink done


Dynamic libraries:
0x00007ff7261f0000 - 0x00007ff7261fa000 	D:\Android\Android Studio\jbr\bin\java.exe
0x00007fffdc770000 - 0x00007fffdc967000 	C:\WINDOWS\SYSTEM32\ntdll.dll
0x00007fffdb400000 - 0x00007fffdb4bd000 	C:\WINDOWS\System32\KERNEL32.DLL
0x00007fffda200000 - 0x00007fffda4f6000 	C:\WINDOWS\System32\KERNELBASE.dll
0x00007fffd6260000 - 0x00007fffd62f0000 	C:\WINDOWS\SYSTEM32\apphelp.dll
0x00007fffda050000 - 0x00007fffda150000 	C:\WINDOWS\System32\ucrtbase.dll
0x00007fffd6af0000 - 0x00007fffd6b0b000 	D:\Android\Android Studio\jbr\bin\VCRUNTIME140.dll
0x00007fffd6b10000 - 0x00007fffd6b27000 	D:\Android\Android Studio\jbr\bin\jli.dll
0x00007fffda990000 - 0x00007fffdab2e000 	C:\WINDOWS\System32\USER32.dll
0x00007fffd9ef0000 - 0x00007fffd9f12000 	C:\WINDOWS\System32\win32u.dll
0x00007fffaea60000 - 0x00007fffaecfa000 	C:\WINDOWS\WinSxS\amd64_microsoft.windows.common-controls_6595b64144ccf1df_6.0.19041.3570_none_60bb2a3971f3e41a\COMCTL32.dll
0x00007fffdc3e0000 - 0x00007fffdc40c000 	C:\WINDOWS\System32\GDI32.dll
0x00007fffdb360000 - 0x00007fffdb3fe000 	C:\WINDOWS\System32\msvcrt.dll
0x00007fffda6b0000 - 0x00007fffda7ca000 	C:\WINDOWS\System32\gdi32full.dll
0x00007fffd9e50000 - 0x00007fffd9eed000 	C:\WINDOWS\System32\msvcp_win.dll
0x00007fffdac20000 - 0x00007fffdac50000 	C:\WINDOWS\System32\IMM32.DLL
0x00007fffd6a90000 - 0x00007fffd6a9c000 	D:\Android\Android Studio\jbr\bin\vcruntime140_1.dll
0x00007fff90de0000 - 0x00007fff90e6d000 	D:\Android\Android Studio\jbr\bin\msvcp140.dll
0x00007fff76110000 - 0x00007fff76d7e000 	D:\Android\Android Studio\jbr\bin\server\jvm.dll
0x00007fffdbf70000 - 0x00007fffdc01e000 	C:\WINDOWS\System32\ADVAPI32.dll
0x00007fffdb240000 - 0x00007fffdb2dc000 	C:\WINDOWS\System32\sechost.dll
0x00007fffdc4c0000 - 0x00007fffdc5e6000 	C:\WINDOWS\System32\RPCRT4.dll
0x00007fffc12c0000 - 0x00007fffc12c9000 	C:\WINDOWS\SYSTEM32\WSOCK32.dll
0x00007fffb1d40000 - 0x00007fffb1d67000 	C:\WINDOWS\SYSTEM32\WINMM.dll
0x00007fffdb1d0000 - 0x00007fffdb23b000 	C:\WINDOWS\System32\WS2_32.dll
0x00007fffd6aa0000 - 0x00007fffd6aaa000 	C:\WINDOWS\SYSTEM32\VERSION.dll
0x00007fffd8680000 - 0x00007fffd8692000 	C:\WINDOWS\SYSTEM32\kernel.appcore.dll
0x00007fffd6a80000 - 0x00007fffd6a8a000 	D:\Android\Android Studio\jbr\bin\jimage.dll
0x00007fffd7aa0000 - 0x00007fffd7c84000 	C:\WINDOWS\SYSTEM32\DBGHELP.DLL
0x00007fffd1550000 - 0x00007fffd1584000 	C:\WINDOWS\SYSTEM32\dbgcore.DLL
0x00007fffd9f20000 - 0x00007fffd9fa2000 	C:\WINDOWS\System32\bcryptPrimitives.dll
0x00007fff9d8e0000 - 0x00007fff9d905000 	D:\Android\Android Studio\jbr\bin\java.dll
0x00007fffd4220000 - 0x00007fffd4238000 	D:\Android\Android Studio\jbr\bin\zip.dll
0x00007fffdb5a0000 - 0x00007fffdbce4000 	C:\WINDOWS\System32\SHELL32.dll
0x00007fffd7ed0000 - 0x00007fffd866b000 	C:\WINDOWS\SYSTEM32\windows.storage.dll
0x00007fffdc020000 - 0x00007fffdc374000 	C:\WINDOWS\System32\combase.dll
0x00007fffd9890000 - 0x00007fffd98bd000 	C:\WINDOWS\SYSTEM32\Wldp.dll
0x00007fffdc410000 - 0x00007fffdc4bd000 	C:\WINDOWS\System32\SHCORE.dll
0x00007fffdbe20000 - 0x00007fffdbe75000 	C:\WINDOWS\System32\shlwapi.dll
0x00007fffd9d80000 - 0x00007fffd9da5000 	C:\WINDOWS\SYSTEM32\profapi.dll
0x00007fffc08c0000 - 0x00007fffc08d9000 	D:\Android\Android Studio\jbr\bin\net.dll
0x00007fffd08c0000 - 0x00007fffd09ca000 	C:\WINDOWS\SYSTEM32\WINHTTP.dll
0x00007fffd95f0000 - 0x00007fffd965a000 	C:\WINDOWS\system32\mswsock.dll
0x00007fff9d6c0000 - 0x00007fff9d6d6000 	D:\Android\Android Studio\jbr\bin\nio.dll
0x00007fffd4ca0000 - 0x00007fffd4cb0000 	D:\Android\Android Studio\jbr\bin\verify.dll
0x00007fff90be0000 - 0x00007fff90c07000 	C:\Users\Blue\.gradle\native\e1d6ef7f7dcc3fd88c89a11ec53ec762bb8ba0a96d01ffa2cd45eb1d1d8dd5c5\windows-amd64\native-platform.dll
0x00007fff8fcf0000 - 0x00007fff8fe34000 	C:\Users\Blue\.gradle\native\0d407fdbe67a94daf76414ababcb853783967236a71b16ec16e742cd7a986fd3\windows-amd64\native-platform-file-events.dll
0x00007fffa0550000 - 0x00007fffa0559000 	D:\Android\Android Studio\jbr\bin\management.dll
0x00007fff9d670000 - 0x00007fff9d67b000 	D:\Android\Android Studio\jbr\bin\management_ext.dll
0x00007fffda7d0000 - 0x00007fffda7d8000 	C:\WINDOWS\System32\PSAPI.DLL
0x00007fffd97e0000 - 0x00007fffd97f8000 	C:\WINDOWS\SYSTEM32\CRYPTSP.dll
0x00007fffd8e90000 - 0x00007fffd8ec4000 	C:\WINDOWS\system32\rsaenh.dll
0x00007fffd9fb0000 - 0x00007fffd9fd7000 	C:\WINDOWS\System32\bcrypt.dll
0x00007fffd9d40000 - 0x00007fffd9d6e000 	C:\WINDOWS\SYSTEM32\USERENV.dll
0x00007fffd9800000 - 0x00007fffd980c000 	C:\WINDOWS\SYSTEM32\CRYPTBASE.dll
0x00007fffd9290000 - 0x00007fffd92cb000 	C:\WINDOWS\SYSTEM32\IPHLPAPI.DLL
0x00007fffdc5f0000 - 0x00007fffdc5f8000 	C:\WINDOWS\System32\NSI.dll
0x00007fffd20b0000 - 0x00007fffd20c7000 	C:\WINDOWS\SYSTEM32\dhcpcsvc6.DLL
0x00007fffd2090000 - 0x00007fffd20ad000 	C:\WINDOWS\SYSTEM32\dhcpcsvc.DLL
0x00007fffd92e0000 - 0x00007fffd93aa000 	C:\WINDOWS\SYSTEM32\DNSAPI.dll
0x00007fffd37c0000 - 0x00007fffd37c7000 	C:\WINDOWS\system32\wshunix.dll
0x00007fffd1ad0000 - 0x00007fffd1ada000 	C:\Windows\System32\rasadhlp.dll
0x00007fffcf640000 - 0x00007fffcf6c2000 	C:\WINDOWS\System32\fwpuclnt.dll
0x00007fffd8fb0000 - 0x00007fffd8fe3000 	C:\WINDOWS\SYSTEM32\ntmarta.dll
0x00007fff90e70000 - 0x00007fff90e8e000 	C:\Users\Blue\AppData\Local\Temp\native-platform11853448082219661614dir\native-platform.dll
0x00007fff910e0000 - 0x00007fff910e7000 	D:\Android\Android Studio\jbr\bin\rmi.dll

dbghelp: loaded successfully - version: 4.0.5 - missing functions: none
symbol engine: initialized successfully - sym options: 0x614 - pdb path: .;D:\Android\Android Studio\jbr\bin;C:\WINDOWS\SYSTEM32;C:\WINDOWS\WinSxS\amd64_microsoft.windows.common-controls_6595b64144ccf1df_6.0.19041.3570_none_60bb2a3971f3e41a;D:\Android\Android Studio\jbr\bin\server;C:\Users\Blue\.gradle\native\e1d6ef7f7dcc3fd88c89a11ec53ec762bb8ba0a96d01ffa2cd45eb1d1d8dd5c5\windows-amd64;C:\Users\Blue\.gradle\native\0d407fdbe67a94daf76414ababcb853783967236a71b16ec16e742cd7a986fd3\windows-amd64;C:\Users\Blue\AppData\Local\Temp\native-platform11853448082219661614dir

VM Arguments:
jvm_args: --add-opens=java.base/java.util=ALL-UNNAMED --add-opens=java.base/java.lang=ALL-UNNAMED --add-opens=java.base/java.lang.invoke=ALL-UNNAMED --add-opens=java.base/java.util=ALL-UNNAMED --add-opens=java.prefs/java.util.prefs=ALL-UNNAMED --add-opens=java.prefs/java.util.prefs=ALL-UNNAMED --add-opens=java.base/java.nio.charset=ALL-UNNAMED --add-opens=java.base/java.net=ALL-UNNAMED --add-opens=java.base/java.util.concurrent.atomic=ALL-UNNAMED -Xmx1536M -Dfile.encoding=windows-1252 -Duser.country=US -Duser.language=en -Duser.variant 
java_command: org.gradle.launcher.daemon.bootstrap.GradleDaemon 7.5
java_class_path (initial): C:\Users\Blue\.gradle\wrapper\dists\gradle-7.5-all\6qsw290k5lz422uaf8jf6m7co\gradle-7.5\lib\gradle-launcher-7.5.jar
Launcher Type: SUN_STANDARD

[Global flags]
     intx CICompilerCount                          = 4                                         {product} {ergonomic}
     uint ConcGCThreads                            = 2                                         {product} {ergonomic}
     uint G1ConcRefinementThreads                  = 8                                         {product} {ergonomic}
   size_t G1HeapRegionSize                         = 1048576                                   {product} {ergonomic}
    uintx GCDrainStackTargetSize                   = 64                                        {product} {ergonomic}
   size_t InitialHeapSize                          = 132120576                                 {product} {ergonomic}
   size_t MarkStackSize                            = 4194304                                   {product} {ergonomic}
   size_t MaxHeapSize                              = 1610612736                                {product} {command line}
   size_t MaxNewSize                               = 965738496                                 {product} {ergonomic}
   size_t MinHeapDeltaBytes                        = 1048576                                   {product} {ergonomic}
   size_t MinHeapSize                              = 8388608                                   {product} {ergonomic}
    uintx NonNMethodCodeHeapSize                   = 5839372                                {pd product} {ergonomic}
    uintx NonProfiledCodeHeapSize                  = 122909434                              {pd product} {ergonomic}
    uintx ProfiledCodeHeapSize                     = 122909434                              {pd product} {ergonomic}
    uintx ReservedCodeCacheSize                    = 251658240                              {pd product} {ergonomic}
     bool SegmentedCodeCache                       = true                                      {product} {ergonomic}
   size_t SoftMaxHeapSize                          = 1610612736                             {manageable} {ergonomic}
     bool UseCompressedClassPointers               = true                           {product lp64_product} {ergonomic}
     bool UseCompressedOops                        = true                           {product lp64_product} {ergonomic}
     bool UseG1GC                                  = true                                      {product} {ergonomic}
     bool UseLargePagesIndividualAllocation        = false                                  {pd product} {ergonomic}

Logging:
Log output configuration:
 #0: stdout all=warning uptime,level,tags
 #1: stderr all=off uptime,level,tags

Environment Variables:
JAVA_HOME=D:\Android\Android Studio\jbr
CLASSPATH=D:\flutter-vs-code\try_one\android\\gradle\wrapper\gradle-wrapper.jar
PATH=D:\Android\Android Studio\jbr\bin;D:\Oracle\dbhomeXE\bin;D:\app\Blue\product\21c\dbhomeXE\bin;C:\Program Files\Common Files\Oracle\Java\javapath;C:\Program Files (x86)\Common Files\Oracle\Java\javapath;C:\WINDOWS\system32;C:\WINDOWS;C:\WINDOWS\System32\Wbem;C:\WINDOWS\System32\WindowsPowerShell\v1.0\;C:\WINDOWS\System32\OpenSSH\;C:\Program Files\Microsoft SQL Server\150\Tools\Binn\;C:\Program Files\dotnet\;D:\nodejs\;C:\Program Files (x86)\NVIDIA Corporation\PhysX\Common;C:\Program Files\NVIDIA Corporation\NVIDIA NvDLISR;C:\PHP;C:\composer;C:\Program Files\OpenSSL-Win64\bin;C:\Program Files\Redis\;c:\page;C:\Program Files\CMake\bin;d:\page;D:\Git\cmd;C:\Users\Blue\anaconda3;C:\Users\Blue\anaconda3\Library\mingw-w64\bin;C:\Users\Blue\anaconda3\Library\usr\bin;C:\Users\Blue\anaconda3\Library\bin;C:\Users\Blue\anaconda3\Scripts;C:\Users\Blue\AppData\Local\Microsoft\WindowsApps;C:\Users\Blue\.dotnet\tools;C:\Users\Blue\AppData\Roaming\npm;C:\Users\Blue\ffmpeg-git-full\ffmpeg-2022-09-22-git-af919cf780-full_build\bin;D:\CodeBlocks\MinGW\bin;D:\IntelliJ IDEA Community Edition 2022.3.2\bin;C:\Users\Blue\AppData\Roaming\Composer\vendor\bin;D:\Microsoft VS Code\bin;C:\MinGW\bin;C:\Program Files\apache-maven-3.9.4-bin\apache-maven-3.9.4\bin;C:\Program Files\kotlin-compiler-1.2.21\kotlinc\bin;D:\spark-3.5.0-bin-hadoop3\spark-3.5.0-bin-hadoop3\bin;D:\winutils\bin;D:\dartsdk-windows-x64-release\dart-sdk\bin;D:\flutter_windows_3.13.7-stable\flutter\bin;D:\flutter_windows_3.13.7-stable\flutter\bin\mingit\cmd;D:\flutter_windows_3.13.7-stable\flutter\bin\mingit\cmd
USERNAME=Blue
OS=Windows_NT
PROCESSOR_IDENTIFIER=Intel64 Family 6 Model 165 Stepping 2, GenuineIntel
TMP=C:\Users\Blue\AppData\Local\Temp
TEMP=C:\Users\Blue\AppData\Local\Temp


JNI global refs:
JNI global refs: 29, weak refs: 23

JNI global refs memory usage: 843, weak refs: 841


---------------  S Y S T E M  ---------------

OS:
 Windows 10 , 64 bit Build 19041 (10.0.19041.3570)
OS uptime: 0 days 3:56 hours

CPU: total 8 (initial active 8) (4 cores per cpu, 2 threads per core) family 6 model 165 stepping 2 microcode 0xe2, cx8, cmov, fxsr, ht, mmx, 3dnowpref, sse, sse2, sse3, ssse3, sse4.1, sse4.2, popcnt, lzcnt, tsc, tscinvbit, avx, avx2, aes, erms, clmul, bmi1, bmi2, adx, fma, vzeroupper, clflush, clflushopt

Memory: 4k page, system-wide physical 8023M (614M free)
TotalPageFile size 15896M (AvailPageFile size 0M)
current process WorkingSet (physical memory assigned to process): 258M, peak: 1472M
current process commit charge ("private bytes"): 873M, peak: 1675M

vm_info: OpenJDK 64-Bit Server VM (17.0.6+0-b2043.56-10027231) for windows-amd64 JRE (17.0.6+0-b2043.56-10027231), built on Apr 28 2023 00:43:19 by "androidbuild" with MS VC++ 16.10 / 16.11 (VS2019)

END.
