#
# There is insufficient memory for the Java Runtime Environment to continue.
# Native memory allocation (malloc) failed to allocate 248176 bytes for Chunk::new
# Possible reasons:
#   The system is out of physical RAM or swap space
#   The process is running with CompressedOops enabled, and the Java Heap may be blocking the growth of the native heap
# Possible solutions:
#   Reduce memory load on the system
#   Increase physical memory or swap space
#   Check if swap backing store is full
#   Decrease Java heap size (-Xmx/-Xms)
#   Decrease number of Java threads
#   Decrease Java thread stack sizes (-Xss)
#   Set larger code cache with -XX:ReservedCodeCacheSize=
#   JVM is running with Unscaled Compressed Oops mode in which the Java heap is
#     placed in the first 4GB address space. The Java Heap base address is the
#     maximum limit for the native heap growth. Please use -XX:HeapBaseMinAddress
#     to set the Java Heap base and to place the Java Heap above 4GB virtual address.
# This output file may be truncated or incomplete.
#
#  Out of Memory Error (arena.cpp:189), pid=13048, tid=15264
#
# JRE version: OpenJDK Runtime Environment (17.0.6) (build 17.0.6+0-b2043.56-10027231)
# Java VM: OpenJDK 64-Bit Server VM (17.0.6+0-b2043.56-10027231, mixed mode, tiered, compressed oops, compressed class ptrs, g1 gc, windows-amd64)
# No core dump will be written. Minidumps are not enabled by default on client versions of Windows
#

---------------  S U M M A R Y ------------

Command Line: -Dorg.gradle.appname=gradlew org.gradle.wrapper.GradleWrapperMain -q -Ptarget-platform=android-arm64 -Ptarget=D:\AndroidStudioProjects\error_404_s_application7\lib\main.dart -Pbase-application-name=android.app.Application -Pdart-defines=RkxVVFRFUl9XRUJfQVVUT19ERVRFQ1Q9dHJ1ZQ==,RkxVVFRFUl9XRUJfQ0FOVkFTS0lUX1VSTD1odHRwczovL3d3dy5nc3RhdGljLmNvbS9mbHV0dGVyLWNhbnZhc2tpdC8zOWM2ZGM5YmRkM2JhMmJjMzg3ZTZlMTRiNzJmY2U1ZjQ2YWJmY2FlLw== -Pdart-obfuscation=false -Ptrack-widget-creation=true -Ptree-shake-icons=false -Pfilesystem-scheme=org-dartlang-root assembleDebug

Host: Intel(R) Core(TM) i5-10300H CPU @ 2.50GHz, 8 cores, 7G,  Windows 10 , 64 bit Build 19041 (10.0.19041.3636)
Time: Wed Dec 20 09:11:38 2023 Romance Standard Time elapsed time: 5.345051 seconds (0d 0h 0m 5s)

---------------  T H R E A D  ---------------

Current thread (0x000001e1254631c0):  JavaThread "C2 CompilerThread0" daemon [_thread_in_native, id=15264, stack(0x0000000808900000,0x0000000808a00000)]


Current CompileTask:
C2:   5345 1159 % !   4       java.io.BufferedReader::readLine @ 139 (327 bytes)

Stack: [0x0000000808900000,0x0000000808a00000]
Native frames: (J=compiled Java code, j=interpreted, Vv=VM code, C=native code)
V  [jvm.dll+0x683c9a]
V  [jvm.dll+0x8427a4]
V  [jvm.dll+0x843f9e]
V  [jvm.dll+0x844603]
V  [jvm.dll+0x249b75]
V  [jvm.dll+0xabcac]
V  [jvm.dll+0xac27c]
V  [jvm.dll+0x368857]
V  [jvm.dll+0x332f31]
V  [jvm.dll+0x3323da]
V  [jvm.dll+0x21c201]
V  [jvm.dll+0x21b621]
V  [jvm.dll+0x1a4fdd]
V  [jvm.dll+0x22b098]
V  [jvm.dll+0x229159]
V  [jvm.dll+0x7f81ec]
V  [jvm.dll+0x7f274a]
V  [jvm.dll+0x682ad5]
C  [ucrtbase.dll+0x21bb2]
C  [KERNEL32.DLL+0x17344]
C  [ntdll.dll+0x526b1]


---------------  P R O C E S S  ---------------

Threads class SMR info:
_java_thread_list=0x000001e126d8e5c0, length=14, elements={
0x000001e10ac81460, 0x000001e125432250, 0x000001e125433250, 0x000001e124980820,
0x000001e1249831f0, 0x000001e124983ab0, 0x000001e124984370, 0x000001e1254631c0,
0x000001e125467070, 0x000001e125469980, 0x000001e1255d81b0, 0x000001e1255cbbe0,
0x000001e12560bf40, 0x000001e126c8f410
}

Java Threads: ( => current thread )
  0x000001e10ac81460 JavaThread "main" [_thread_in_native, id=13148, stack(0x0000000807c00000,0x0000000807d00000)]
  0x000001e125432250 JavaThread "Reference Handler" daemon [_thread_blocked, id=10720, stack(0x0000000808300000,0x0000000808400000)]
  0x000001e125433250 JavaThread "Finalizer" daemon [_thread_blocked, id=14860, stack(0x0000000808400000,0x0000000808500000)]
  0x000001e124980820 JavaThread "Signal Dispatcher" daemon [_thread_blocked, id=5420, stack(0x0000000808500000,0x0000000808600000)]
  0x000001e1249831f0 JavaThread "Attach Listener" daemon [_thread_blocked, id=15400, stack(0x0000000808600000,0x0000000808700000)]
  0x000001e124983ab0 JavaThread "Service Thread" daemon [_thread_blocked, id=2492, stack(0x0000000808700000,0x0000000808800000)]
  0x000001e124984370 JavaThread "Monitor Deflation Thread" daemon [_thread_blocked, id=7032, stack(0x0000000808800000,0x0000000808900000)]
=>0x000001e1254631c0 JavaThread "C2 CompilerThread0" daemon [_thread_in_native, id=15264, stack(0x0000000808900000,0x0000000808a00000)]
  0x000001e125467070 JavaThread "C1 CompilerThread0" daemon [_thread_blocked, id=15600, stack(0x0000000808a00000,0x0000000808b00000)]
  0x000001e125469980 JavaThread "Sweeper thread" daemon [_thread_blocked, id=10184, stack(0x0000000808b00000,0x0000000808c00000)]
  0x000001e1255d81b0 JavaThread "Notification Thread" daemon [_thread_blocked, id=13760, stack(0x0000000808c00000,0x0000000808d00000)]
  0x000001e1255cbbe0 JavaThread "Common-Cleaner" daemon [_thread_blocked, id=20060, stack(0x0000000808e00000,0x0000000808f00000)]
  0x000001e12560bf40 JavaThread "pool-1-thread-1" [_thread_blocked, id=15532, stack(0x0000000809400000,0x0000000809500000)]
  0x000001e126c8f410 JavaThread "DisconnectableInputStream source reader" daemon [_thread_in_native, id=20244, stack(0x0000000808f00000,0x0000000809000000)]

Other Threads:
  0x000001e124972150 VMThread "VM Thread" [stack: 0x0000000808200000,0x0000000808300000] [id=13932]
  0x000001e1255d8680 WatcherThread [stack: 0x0000000808d00000,0x0000000808e00000] [id=3100]
  0x000001e10acda240 GCTaskThread "GC Thread#0" [stack: 0x0000000807d00000,0x0000000807e00000] [id=15164]
  0x000001e12683aee0 GCTaskThread "GC Thread#1" [stack: 0x0000000809000000,0x0000000809100000] [id=15216]
  0x000001e12597eba0 GCTaskThread "GC Thread#2" [stack: 0x0000000809100000,0x0000000809200000] [id=15728]
  0x000001e12688a9f0 GCTaskThread "GC Thread#3" [stack: 0x0000000809200000,0x0000000809300000] [id=9656]
  0x000001e12688aca0 GCTaskThread "GC Thread#4" [stack: 0x0000000809300000,0x0000000809400000] [id=8124]
  0x000001e10acebb60 ConcurrentGCThread "G1 Main Marker" [stack: 0x0000000807e00000,0x0000000807f00000] [id=5976]
  0x000001e10acecc20 ConcurrentGCThread "G1 Conc#0" [stack: 0x0000000807f00000,0x0000000808000000] [id=5320]
  0x000001e1247e6540 ConcurrentGCThread "G1 Refine#0" [stack: 0x0000000808000000,0x0000000808100000] [id=16256]
  0x000001e10ad4d440 ConcurrentGCThread "G1 Service" [stack: 0x0000000808100000,0x0000000808200000] [id=304]

Threads with active compile tasks:
C2 CompilerThread0     5367 1159 % !   4       java.io.BufferedReader::readLine @ 139 (327 bytes)

VM state: not at safepoint (normal execution)

VM Mutex/Monitor currently owned by a thread: None

Heap address: 0x0000000082a00000, size: 2006 MB, Compressed Oops mode: 32-bit

CDS archive(s) not mapped
Compressed class space mapped at: 0x0000000100000000-0x0000000140000000, reserved size: 1073741824
Narrow klass base: 0x0000000000000000, Narrow klass shift: 3, Narrow klass range: 0x140000000

GC Precious Log:
 CPUs: 8 total, 8 available
 Memory: 8023M
 Large Page Support: Disabled
 NUMA Support: Disabled
 Compressed Oops: Enabled (32-bit)
 Heap Region Size: 1M
 Heap Min Capacity: 8M
 Heap Initial Capacity: 126M
 Heap Max Capacity: 2006M
 Pre-touch: Disabled
 Parallel Workers: 8
 Concurrent Workers: 2
 Concurrent Refinement Workers: 8
 Periodic GC: Disabled

Heap:
 garbage-first heap   total 129024K, used 22720K [0x0000000082a00000, 0x0000000100000000)
  region size 1024K, 17 young (17408K), 3 survivors (3072K)
 Metaspace       used 16216K, committed 16384K, reserved 1064960K
  class space    used 1896K, committed 1984K, reserved 1048576K

Heap Regions: E=young(eden), S=young(survivor), O=old, HS=humongous(starts), HC=humongous(continues), CS=collection set, F=free, OA=open archive, CA=closed archive, TAMS=top-at-mark-start (previous, next)
|   0|0x0000000082a00000, 0x0000000082a00000, 0x0000000082b00000|  0%| F|  |TAMS 0x0000000082a00000, 0x0000000082a00000| Untracked 
|   1|0x0000000082b00000, 0x0000000082b00000, 0x0000000082c00000|  0%| F|  |TAMS 0x0000000082b00000, 0x0000000082b00000| Untracked 
|   2|0x0000000082c00000, 0x0000000082c00000, 0x0000000082d00000|  0%| F|  |TAMS 0x0000000082c00000, 0x0000000082c00000| Untracked 
|   3|0x0000000082d00000, 0x0000000082e00000, 0x0000000082e00000|100%|HS|  |TAMS 0x0000000082d00000, 0x0000000082d00000| Complete 
|   4|0x0000000082e00000, 0x0000000082f00000, 0x0000000082f00000|100%|HC|  |TAMS 0x0000000082e00000, 0x0000000082e00000| Complete 
|   5|0x0000000082f00000, 0x0000000083000000, 0x0000000083000000|100%|HC|  |TAMS 0x0000000082f00000, 0x0000000082f00000| Complete 
|   6|0x0000000083000000, 0x0000000083100000, 0x0000000083100000|100%| O|  |TAMS 0x0000000083000000, 0x0000000083000000| Untracked 
|   7|0x0000000083100000, 0x0000000083200000, 0x0000000083200000|100%| O|  |TAMS 0x0000000083100000, 0x0000000083100000| Untracked 
|   8|0x0000000083200000, 0x0000000083300000, 0x0000000083300000|100%| O|  |TAMS 0x0000000083200000, 0x0000000083200000| Untracked 
|   9|0x0000000083300000, 0x0000000083330000, 0x0000000083400000| 18%| O|  |TAMS 0x0000000083300000, 0x0000000083300000| Untracked 
|  10|0x0000000083400000, 0x0000000083400000, 0x0000000083500000|  0%| F|  |TAMS 0x0000000083400000, 0x0000000083400000| Untracked 
|  11|0x0000000083500000, 0x0000000083500000, 0x0000000083600000|  0%| F|  |TAMS 0x0000000083500000, 0x0000000083500000| Untracked 
|  12|0x0000000083600000, 0x0000000083600000, 0x0000000083700000|  0%| F|  |TAMS 0x0000000083600000, 0x0000000083600000| Untracked 
|  13|0x0000000083700000, 0x0000000083700000, 0x0000000083800000|  0%| F|  |TAMS 0x0000000083700000, 0x0000000083700000| Untracked 
|  14|0x0000000083800000, 0x0000000083800000, 0x0000000083900000|  0%| F|  |TAMS 0x0000000083800000, 0x0000000083800000| Untracked 
|  15|0x0000000083900000, 0x0000000083900000, 0x0000000083a00000|  0%| F|  |TAMS 0x0000000083900000, 0x0000000083900000| Untracked 
|  16|0x0000000083a00000, 0x0000000083a00000, 0x0000000083b00000|  0%| F|  |TAMS 0x0000000083a00000, 0x0000000083a00000| Untracked 
|  17|0x0000000083b00000, 0x0000000083b00000, 0x0000000083c00000|  0%| F|  |TAMS 0x0000000083b00000, 0x0000000083b00000| Untracked 
|  18|0x0000000083c00000, 0x0000000083c00000, 0x0000000083d00000|  0%| F|  |TAMS 0x0000000083c00000, 0x0000000083c00000| Untracked 
|  19|0x0000000083d00000, 0x0000000083d00000, 0x0000000083e00000|  0%| F|  |TAMS 0x0000000083d00000, 0x0000000083d00000| Untracked 
|  20|0x0000000083e00000, 0x0000000083e00000, 0x0000000083f00000|  0%| F|  |TAMS 0x0000000083e00000, 0x0000000083e00000| Untracked 
|  21|0x0000000083f00000, 0x0000000083f00000, 0x0000000084000000|  0%| F|  |TAMS 0x0000000083f00000, 0x0000000083f00000| Untracked 
|  22|0x0000000084000000, 0x0000000084000000, 0x0000000084100000|  0%| F|  |TAMS 0x0000000084000000, 0x0000000084000000| Untracked 
|  23|0x0000000084100000, 0x0000000084100000, 0x0000000084200000|  0%| F|  |TAMS 0x0000000084100000, 0x0000000084100000| Untracked 
|  24|0x0000000084200000, 0x0000000084200000, 0x0000000084300000|  0%| F|  |TAMS 0x0000000084200000, 0x0000000084200000| Untracked 
|  25|0x0000000084300000, 0x0000000084300000, 0x0000000084400000|  0%| F|  |TAMS 0x0000000084300000, 0x0000000084300000| Untracked 
|  26|0x0000000084400000, 0x0000000084400000, 0x0000000084500000|  0%| F|  |TAMS 0x0000000084400000, 0x0000000084400000| Untracked 
|  27|0x0000000084500000, 0x0000000084500000, 0x0000000084600000|  0%| F|  |TAMS 0x0000000084500000, 0x0000000084500000| Untracked 
|  28|0x0000000084600000, 0x0000000084600000, 0x0000000084700000|  0%| F|  |TAMS 0x0000000084600000, 0x0000000084600000| Untracked 
|  29|0x0000000084700000, 0x0000000084700000, 0x0000000084800000|  0%| F|  |TAMS 0x0000000084700000, 0x0000000084700000| Untracked 
|  30|0x0000000084800000, 0x0000000084800000, 0x0000000084900000|  0%| F|  |TAMS 0x0000000084800000, 0x0000000084800000| Untracked 
|  31|0x0000000084900000, 0x0000000084900000, 0x0000000084a00000|  0%| F|  |TAMS 0x0000000084900000, 0x0000000084900000| Untracked 
|  32|0x0000000084a00000, 0x0000000084a00000, 0x0000000084b00000|  0%| F|  |TAMS 0x0000000084a00000, 0x0000000084a00000| Untracked 
|  33|0x0000000084b00000, 0x0000000084b00000, 0x0000000084c00000|  0%| F|  |TAMS 0x0000000084b00000, 0x0000000084b00000| Untracked 
|  34|0x0000000084c00000, 0x0000000084c00000, 0x0000000084d00000|  0%| F|  |TAMS 0x0000000084c00000, 0x0000000084c00000| Untracked 
|  35|0x0000000084d00000, 0x0000000084d00000, 0x0000000084e00000|  0%| F|  |TAMS 0x0000000084d00000, 0x0000000084d00000| Untracked 
|  36|0x0000000084e00000, 0x0000000084e00000, 0x0000000084f00000|  0%| F|  |TAMS 0x0000000084e00000, 0x0000000084e00000| Untracked 
|  37|0x0000000084f00000, 0x0000000084f00000, 0x0000000085000000|  0%| F|  |TAMS 0x0000000084f00000, 0x0000000084f00000| Untracked 
|  38|0x0000000085000000, 0x0000000085000000, 0x0000000085100000|  0%| F|  |TAMS 0x0000000085000000, 0x0000000085000000| Untracked 
|  39|0x0000000085100000, 0x0000000085100000, 0x0000000085200000|  0%| F|  |TAMS 0x0000000085100000, 0x0000000085100000| Untracked 
|  40|0x0000000085200000, 0x0000000085200000, 0x0000000085300000|  0%| F|  |TAMS 0x0000000085200000, 0x0000000085200000| Untracked 
|  41|0x0000000085300000, 0x0000000085300000, 0x0000000085400000|  0%| F|  |TAMS 0x0000000085300000, 0x0000000085300000| Untracked 
|  42|0x0000000085400000, 0x0000000085400000, 0x0000000085500000|  0%| F|  |TAMS 0x0000000085400000, 0x0000000085400000| Untracked 
|  43|0x0000000085500000, 0x0000000085500000, 0x0000000085600000|  0%| F|  |TAMS 0x0000000085500000, 0x0000000085500000| Untracked 
|  44|0x0000000085600000, 0x0000000085600000, 0x0000000085700000|  0%| F|  |TAMS 0x0000000085600000, 0x0000000085600000| Untracked 
|  45|0x0000000085700000, 0x0000000085700000, 0x0000000085800000|  0%| F|  |TAMS 0x0000000085700000, 0x0000000085700000| Untracked 
|  46|0x0000000085800000, 0x0000000085800000, 0x0000000085900000|  0%| F|  |TAMS 0x0000000085800000, 0x0000000085800000| Untracked 
|  47|0x0000000085900000, 0x0000000085900000, 0x0000000085a00000|  0%| F|  |TAMS 0x0000000085900000, 0x0000000085900000| Untracked 
|  48|0x0000000085a00000, 0x0000000085a00000, 0x0000000085b00000|  0%| F|  |TAMS 0x0000000085a00000, 0x0000000085a00000| Untracked 
|  49|0x0000000085b00000, 0x0000000085b00000, 0x0000000085c00000|  0%| F|  |TAMS 0x0000000085b00000, 0x0000000085b00000| Untracked 
|  50|0x0000000085c00000, 0x0000000085c00000, 0x0000000085d00000|  0%| F|  |TAMS 0x0000000085c00000, 0x0000000085c00000| Untracked 
|  51|0x0000000085d00000, 0x0000000085d00000, 0x0000000085e00000|  0%| F|  |TAMS 0x0000000085d00000, 0x0000000085d00000| Untracked 
|  52|0x0000000085e00000, 0x0000000085e00000, 0x0000000085f00000|  0%| F|  |TAMS 0x0000000085e00000, 0x0000000085e00000| Untracked 
|  53|0x0000000085f00000, 0x0000000085f00000, 0x0000000086000000|  0%| F|  |TAMS 0x0000000085f00000, 0x0000000085f00000| Untracked 
|  54|0x0000000086000000, 0x0000000086000000, 0x0000000086100000|  0%| F|  |TAMS 0x0000000086000000, 0x0000000086000000| Untracked 
|  55|0x0000000086100000, 0x0000000086100000, 0x0000000086200000|  0%| F|  |TAMS 0x0000000086100000, 0x0000000086100000| Untracked 
|  56|0x0000000086200000, 0x0000000086200000, 0x0000000086300000|  0%| F|  |TAMS 0x0000000086200000, 0x0000000086200000| Untracked 
|  57|0x0000000086300000, 0x0000000086300000, 0x0000000086400000|  0%| F|  |TAMS 0x0000000086300000, 0x0000000086300000| Untracked 
|  58|0x0000000086400000, 0x0000000086400000, 0x0000000086500000|  0%| F|  |TAMS 0x0000000086400000, 0x0000000086400000| Untracked 
|  59|0x0000000086500000, 0x0000000086500000, 0x0000000086600000|  0%| F|  |TAMS 0x0000000086500000, 0x0000000086500000| Untracked 
|  60|0x0000000086600000, 0x0000000086600000, 0x0000000086700000|  0%| F|  |TAMS 0x0000000086600000, 0x0000000086600000| Untracked 
|  61|0x0000000086700000, 0x0000000086700000, 0x0000000086800000|  0%| F|  |TAMS 0x0000000086700000, 0x0000000086700000| Untracked 
|  62|0x0000000086800000, 0x0000000086800000, 0x0000000086900000|  0%| F|  |TAMS 0x0000000086800000, 0x0000000086800000| Untracked 
|  63|0x0000000086900000, 0x0000000086900000, 0x0000000086a00000|  0%| F|  |TAMS 0x0000000086900000, 0x0000000086900000| Untracked 
|  64|0x0000000086a00000, 0x0000000086a00000, 0x0000000086b00000|  0%| F|  |TAMS 0x0000000086a00000, 0x0000000086a00000| Untracked 
|  65|0x0000000086b00000, 0x0000000086b00000, 0x0000000086c00000|  0%| F|  |TAMS 0x0000000086b00000, 0x0000000086b00000| Untracked 
|  66|0x0000000086c00000, 0x0000000086c00000, 0x0000000086d00000|  0%| F|  |TAMS 0x0000000086c00000, 0x0000000086c00000| Untracked 
|  67|0x0000000086d00000, 0x0000000086d00000, 0x0000000086e00000|  0%| F|  |TAMS 0x0000000086d00000, 0x0000000086d00000| Untracked 
|  68|0x0000000086e00000, 0x0000000086e00000, 0x0000000086f00000|  0%| F|  |TAMS 0x0000000086e00000, 0x0000000086e00000| Untracked 
|  69|0x0000000086f00000, 0x0000000086f00000, 0x0000000087000000|  0%| F|  |TAMS 0x0000000086f00000, 0x0000000086f00000| Untracked 
|  70|0x0000000087000000, 0x0000000087000000, 0x0000000087100000|  0%| F|  |TAMS 0x0000000087000000, 0x0000000087000000| Untracked 
|  71|0x0000000087100000, 0x0000000087100000, 0x0000000087200000|  0%| F|  |TAMS 0x0000000087100000, 0x0000000087100000| Untracked 
|  72|0x0000000087200000, 0x0000000087200000, 0x0000000087300000|  0%| F|  |TAMS 0x0000000087200000, 0x0000000087200000| Untracked 
|  73|0x0000000087300000, 0x0000000087300000, 0x0000000087400000|  0%| F|  |TAMS 0x0000000087300000, 0x0000000087300000| Untracked 
|  74|0x0000000087400000, 0x0000000087400000, 0x0000000087500000|  0%| F|  |TAMS 0x0000000087400000, 0x0000000087400000| Untracked 
|  75|0x0000000087500000, 0x0000000087500000, 0x0000000087600000|  0%| F|  |TAMS 0x0000000087500000, 0x0000000087500000| Untracked 
|  76|0x0000000087600000, 0x0000000087600000, 0x0000000087700000|  0%| F|  |TAMS 0x0000000087600000, 0x0000000087600000| Untracked 
|  77|0x0000000087700000, 0x0000000087700000, 0x0000000087800000|  0%| F|  |TAMS 0x0000000087700000, 0x0000000087700000| Untracked 
|  78|0x0000000087800000, 0x0000000087800000, 0x0000000087900000|  0%| F|  |TAMS 0x0000000087800000, 0x0000000087800000| Untracked 
|  79|0x0000000087900000, 0x0000000087900000, 0x0000000087a00000|  0%| F|  |TAMS 0x0000000087900000, 0x0000000087900000| Untracked 
|  80|0x0000000087a00000, 0x0000000087a00000, 0x0000000087b00000|  0%| F|  |TAMS 0x0000000087a00000, 0x0000000087a00000| Untracked 
|  81|0x0000000087b00000, 0x0000000087b00000, 0x0000000087c00000|  0%| F|  |TAMS 0x0000000087b00000, 0x0000000087b00000| Untracked 
|  82|0x0000000087c00000, 0x0000000087c00000, 0x0000000087d00000|  0%| F|  |TAMS 0x0000000087c00000, 0x0000000087c00000| Untracked 
|  83|0x0000000087d00000, 0x0000000087d00000, 0x0000000087e00000|  0%| F|  |TAMS 0x0000000087d00000, 0x0000000087d00000| Untracked 
|  84|0x0000000087e00000, 0x0000000087e00000, 0x0000000087f00000|  0%| F|  |TAMS 0x0000000087e00000, 0x0000000087e00000| Untracked 
|  85|0x0000000087f00000, 0x0000000087f00000, 0x0000000088000000|  0%| F|  |TAMS 0x0000000087f00000, 0x0000000087f00000| Untracked 
|  86|0x0000000088000000, 0x0000000088000000, 0x0000000088100000|  0%| F|  |TAMS 0x0000000088000000, 0x0000000088000000| Untracked 
|  87|0x0000000088100000, 0x0000000088100000, 0x0000000088200000|  0%| F|  |TAMS 0x0000000088100000, 0x0000000088100000| Untracked 
|  88|0x0000000088200000, 0x0000000088200000, 0x0000000088300000|  0%| F|  |TAMS 0x0000000088200000, 0x0000000088200000| Untracked 
|  89|0x0000000088300000, 0x0000000088300000, 0x0000000088400000|  0%| F|  |TAMS 0x0000000088300000, 0x0000000088300000| Untracked 
|  90|0x0000000088400000, 0x0000000088400000, 0x0000000088500000|  0%| F|  |TAMS 0x0000000088400000, 0x0000000088400000| Untracked 
|  91|0x0000000088500000, 0x0000000088500000, 0x0000000088600000|  0%| F|  |TAMS 0x0000000088500000, 0x0000000088500000| Untracked 
|  92|0x0000000088600000, 0x0000000088600000, 0x0000000088700000|  0%| F|  |TAMS 0x0000000088600000, 0x0000000088600000| Untracked 
|  93|0x0000000088700000, 0x0000000088700000, 0x0000000088800000|  0%| F|  |TAMS 0x0000000088700000, 0x0000000088700000| Untracked 
|  94|0x0000000088800000, 0x0000000088800000, 0x0000000088900000|  0%| F|  |TAMS 0x0000000088800000, 0x0000000088800000| Untracked 
|  95|0x0000000088900000, 0x0000000088900000, 0x0000000088a00000|  0%| F|  |TAMS 0x0000000088900000, 0x0000000088900000| Untracked 
|  96|0x0000000088a00000, 0x0000000088a00000, 0x0000000088b00000|  0%| F|  |TAMS 0x0000000088a00000, 0x0000000088a00000| Untracked 
|  97|0x0000000088b00000, 0x0000000088b00000, 0x0000000088c00000|  0%| F|  |TAMS 0x0000000088b00000, 0x0000000088b00000| Untracked 
|  98|0x0000000088c00000, 0x0000000088c00000, 0x0000000088d00000|  0%| F|  |TAMS 0x0000000088c00000, 0x0000000088c00000| Untracked 
|  99|0x0000000088d00000, 0x0000000088d00000, 0x0000000088e00000|  0%| F|  |TAMS 0x0000000088d00000, 0x0000000088d00000| Untracked 
| 100|0x0000000088e00000, 0x0000000088f00000, 0x0000000088f00000|100%| S|CS|TAMS 0x0000000088e00000, 0x0000000088e00000| Complete 
| 101|0x0000000088f00000, 0x0000000089000000, 0x0000000089000000|100%| S|CS|TAMS 0x0000000088f00000, 0x0000000088f00000| Complete 
| 102|0x0000000089000000, 0x0000000089100000, 0x0000000089100000|100%| S|CS|TAMS 0x0000000089000000, 0x0000000089000000| Complete 
| 103|0x0000000089100000, 0x0000000089100000, 0x0000000089200000|  0%| F|  |TAMS 0x0000000089100000, 0x0000000089100000| Untracked 
| 104|0x0000000089200000, 0x0000000089200000, 0x0000000089300000|  0%| F|  |TAMS 0x0000000089200000, 0x0000000089200000| Untracked 
| 105|0x0000000089300000, 0x0000000089300000, 0x0000000089400000|  0%| F|  |TAMS 0x0000000089300000, 0x0000000089300000| Untracked 
| 106|0x0000000089400000, 0x0000000089400000, 0x0000000089500000|  0%| F|  |TAMS 0x0000000089400000, 0x0000000089400000| Untracked 
| 107|0x0000000089500000, 0x0000000089500000, 0x0000000089600000|  0%| F|  |TAMS 0x0000000089500000, 0x0000000089500000| Untracked 
| 108|0x0000000089600000, 0x0000000089600000, 0x0000000089700000|  0%| F|  |TAMS 0x0000000089600000, 0x0000000089600000| Untracked 
| 109|0x0000000089700000, 0x0000000089700000, 0x0000000089800000|  0%| F|  |TAMS 0x0000000089700000, 0x0000000089700000| Untracked 
| 110|0x0000000089800000, 0x0000000089800000, 0x0000000089900000|  0%| F|  |TAMS 0x0000000089800000, 0x0000000089800000| Untracked 
| 111|0x0000000089900000, 0x0000000089900000, 0x0000000089a00000|  0%| F|  |TAMS 0x0000000089900000, 0x0000000089900000| Untracked 
| 112|0x0000000089a00000, 0x0000000089a80800, 0x0000000089b00000| 50%| E|  |TAMS 0x0000000089a00000, 0x0000000089a00000| Complete 
| 113|0x0000000089b00000, 0x0000000089c00000, 0x0000000089c00000|100%| E|CS|TAMS 0x0000000089b00000, 0x0000000089b00000| Complete 
| 114|0x0000000089c00000, 0x0000000089d00000, 0x0000000089d00000|100%| E|CS|TAMS 0x0000000089c00000, 0x0000000089c00000| Complete 
| 115|0x0000000089d00000, 0x0000000089e00000, 0x0000000089e00000|100%| E|CS|TAMS 0x0000000089d00000, 0x0000000089d00000| Complete 
| 116|0x0000000089e00000, 0x0000000089f00000, 0x0000000089f00000|100%| E|CS|TAMS 0x0000000089e00000, 0x0000000089e00000| Complete 
| 117|0x0000000089f00000, 0x000000008a000000, 0x000000008a000000|100%| E|CS|TAMS 0x0000000089f00000, 0x0000000089f00000| Complete 
| 118|0x000000008a000000, 0x000000008a100000, 0x000000008a100000|100%| E|CS|TAMS 0x000000008a000000, 0x000000008a000000| Complete 
| 119|0x000000008a100000, 0x000000008a200000, 0x000000008a200000|100%| E|CS|TAMS 0x000000008a100000, 0x000000008a100000| Complete 
| 120|0x000000008a200000, 0x000000008a300000, 0x000000008a300000|100%| E|CS|TAMS 0x000000008a200000, 0x000000008a200000| Complete 
| 121|0x000000008a300000, 0x000000008a400000, 0x000000008a400000|100%| E|CS|TAMS 0x000000008a300000, 0x000000008a300000| Complete 
| 122|0x000000008a400000, 0x000000008a500000, 0x000000008a500000|100%| E|CS|TAMS 0x000000008a400000, 0x000000008a400000| Complete 
| 123|0x000000008a500000, 0x000000008a600000, 0x000000008a600000|100%| E|CS|TAMS 0x000000008a500000, 0x000000008a500000| Complete 
| 124|0x000000008a600000, 0x000000008a700000, 0x000000008a700000|100%| E|CS|TAMS 0x000000008a600000, 0x000000008a600000| Complete 
| 125|0x000000008a700000, 0x000000008a800000, 0x000000008a800000|100%| E|CS|TAMS 0x000000008a700000, 0x000000008a700000| Complete 

Card table byte_map: [0x000001e11d870000,0x000001e11dc60000] _byte_map_base: 0x000001e11d45b000

Marking Bits (Prev, Next): (CMBitMap*) 0x000001e10acda760, (CMBitMap*) 0x000001e10acda7a0
 Prev Bits: [0x000001e11e050000, 0x000001e11ffa8000)
 Next Bits: [0x000001e11ffb0000, 0x000001e121f08000)

Polling page: 0x000001e10a450000

Metaspace:

Usage:
  Non-class:     13.98 MB used.
      Class:      1.85 MB used.
       Both:     15.84 MB used.

Virtual space:
  Non-class space:       16.00 MB reserved,      14.06 MB ( 88%) committed,  2 nodes.
      Class space:        1.00 GB reserved,       1.94 MB ( <1%) committed,  1 nodes.
             Both:        1.02 GB reserved,      16.00 MB (  2%) committed. 

Chunk freelists:
   Non-Class:  1.94 MB
       Class:  2.04 MB
        Both:  3.98 MB

MaxMetaspaceSize: unlimited
CompressedClassSpaceSize: 1.00 GB
Initial GC threshold: 21.00 MB
Current GC threshold: 21.00 MB
CDS: off
MetaspaceReclaimPolicy: balanced
 - commit_granule_bytes: 65536.
 - commit_granule_words: 8192.
 - virtual_space_node_default_size: 1048576.
 - enlarge_chunks_in_place: 1.
 - new_chunks_are_fully_committed: 0.
 - uncommit_free_chunks: 1.
 - use_allocation_guard: 0.
 - handle_deallocations: 1.


Internal statistics:

num_allocs_failed_limit: 0.
num_arena_births: 80.
num_arena_deaths: 0.
num_vsnodes_births: 3.
num_vsnodes_deaths: 0.
num_space_committed: 256.
num_space_uncommitted: 0.
num_chunks_returned_to_freelist: 0.
num_chunks_taken_from_freelist: 306.
num_chunk_merges: 0.
num_chunk_splits: 200.
num_chunks_enlarged: 163.
num_purges: 0.
num_inconsistent_stats: 0.

CodeHeap 'non-profiled nmethods': size=120000Kb used=465Kb max_used=465Kb free=119535Kb
 bounds [0x000001e115c20000, 0x000001e115e90000, 0x000001e11d150000]
CodeHeap 'profiled nmethods': size=120000Kb used=2200Kb max_used=2200Kb free=117799Kb
 bounds [0x000001e10e150000, 0x000001e10e3c0000, 0x000001e115680000]
CodeHeap 'non-nmethods': size=5760Kb used=1163Kb max_used=1181Kb free=4596Kb
 bounds [0x000001e115680000, 0x000001e1158f0000, 0x000001e115c20000]
 total_blobs=1657 nmethods=1197 adapters=373
 compilation: enabled
              stopped_count=0, restarted_count=0
 full_count=0

Compilation events (20 events):
Event: 5.329 Thread 0x000001e125467070 1167       3       java.util.LinkedList::unlinkLast (64 bytes)
Event: 5.329 Thread 0x000001e125467070 nmethod 1167 0x000001e10e36c510 code [0x000001e10e36c6c0, 0x000001e10e36c958]
Event: 5.329 Thread 0x000001e125467070 1168       3       java.nio.CharBuffer::arrayOffset (35 bytes)
Event: 5.329 Thread 0x000001e125467070 nmethod 1168 0x000001e10e36ca90 code [0x000001e10e36cc60, 0x000001e10e36cf38]
Event: 5.332 Thread 0x000001e125467070 1170       3       java.lang.invoke.LambdaForm$BasicType::basicTypeSlots (8 bytes)
Event: 5.333 Thread 0x000001e125467070 nmethod 1170 0x000001e10e36d090 code [0x000001e10e36d220, 0x000001e10e36d398]
Event: 5.333 Thread 0x000001e125467070 1171       3       sun.invoke.util.Wrapper::stackSlots (9 bytes)
Event: 5.333 Thread 0x000001e125467070 nmethod 1171 0x000001e10e36d490 code [0x000001e10e36d620, 0x000001e10e36d738]
Event: 5.333 Thread 0x000001e125467070 1172       3       jdk.internal.org.objectweb.asm.Type::<init> (26 bytes)
Event: 5.333 Thread 0x000001e125467070 nmethod 1172 0x000001e10e36d810 code [0x000001e10e36d9a0, 0x000001e10e36db78]
Event: 5.335 Thread 0x000001e125467070 1173       1       java.net.InetAddress::holder (5 bytes)
Event: 5.335 Thread 0x000001e125467070 nmethod 1173 0x000001e115c93110 code [0x000001e115c932a0, 0x000001e115c93378]
Event: 5.336 Thread 0x000001e125467070 1175       3       jdk.internal.loader.NativeLibraries$NativeLibraryImpl::find (6 bytes)
Event: 5.337 Thread 0x000001e125467070 nmethod 1175 0x000001e10e36dc10 code [0x000001e10e36dda0, 0x000001e10e36dec8]
Event: 5.337 Thread 0x000001e125467070 1177       3       java.lang.invoke.MethodType::basicType (8 bytes)
Event: 5.338 Thread 0x000001e125467070 nmethod 1177 0x000001e10e36df90 code [0x000001e10e36e120, 0x000001e10e36e258]
Event: 5.338 Thread 0x000001e125467070 1178       3       java.lang.StringBuilder::append (8 bytes)
Event: 5.338 Thread 0x000001e125467070 nmethod 1178 0x000001e10e36e310 code [0x000001e10e36e4a0, 0x000001e10e36e5e8]
Event: 5.338 Thread 0x000001e125467070 1179       3       java.lang.AbstractStringBuilder::append (55 bytes)
Event: 5.338 Thread 0x000001e125467070 nmethod 1179 0x000001e10e36e690 code [0x000001e10e36e860, 0x000001e10e36eb98]

GC Heap History (2 events):
Event: 1.406 GC heap before
{Heap before GC invocations=0 (full 0):
 garbage-first heap   total 129024K, used 28672K [0x0000000082a00000, 0x0000000100000000)
  region size 1024K, 23 young (23552K), 0 survivors (0K)
 Metaspace       used 11279K, committed 11456K, reserved 1064960K
  class space    used 1194K, committed 1280K, reserved 1048576K
}
Event: 1.414 GC heap after
{Heap after GC invocations=1 (full 0):
 garbage-first heap   total 129024K, used 9408K [0x0000000082a00000, 0x0000000100000000)
  region size 1024K, 3 young (3072K), 3 survivors (3072K)
 Metaspace       used 11279K, committed 11456K, reserved 1064960K
  class space    used 1194K, committed 1280K, reserved 1048576K
}

Dll operation events (2 events):
Event: 0.006 Loaded shared library D:\Android\Android Studio\jbr\bin\java.dll
Event: 0.164 Loaded shared library D:\Android\Android Studio\jbr\bin\verify.dll

Deoptimization events (20 events):
Event: 1.639 Thread 0x000001e10ac81460 DEOPT PACKING pc=0x000001e115c7ae0c sp=0x0000000807cfae40
Event: 1.639 Thread 0x000001e10ac81460 DEOPT UNPACKING pc=0x000001e1156d69a3 sp=0x0000000807cfade0 mode 2
Event: 1.639 Thread 0x000001e10ac81460 Uncommon trap: trap_request=0xffffffc6 fr.pc=0x000001e115c7ae0c relative=0x00000000000005ac
Event: 1.639 Thread 0x000001e10ac81460 Uncommon trap: reason=bimorphic_or_optimized_type_check action=maybe_recompile pc=0x000001e115c7ae0c method=java.util.concurrent.ConcurrentHashMap.get(Ljava/lang/Object;)Ljava/lang/Object; @ 149 c2
Event: 1.639 Thread 0x000001e10ac81460 DEOPT PACKING pc=0x000001e115c7ae0c sp=0x0000000807cfae40
Event: 1.639 Thread 0x000001e10ac81460 DEOPT UNPACKING pc=0x000001e1156d69a3 sp=0x0000000807cfade0 mode 2
Event: 1.678 Thread 0x000001e10ac81460 DEOPT PACKING pc=0x000001e10e26b238 sp=0x0000000807cfa000
Event: 1.678 Thread 0x000001e10ac81460 DEOPT UNPACKING pc=0x000001e1156d7143 sp=0x0000000807cf9518 mode 0
Event: 1.766 Thread 0x000001e10ac81460 Uncommon trap: trap_request=0xffffff45 fr.pc=0x000001e115c6d9fc relative=0x0000000000001d3c
Event: 1.766 Thread 0x000001e10ac81460 Uncommon trap: reason=unstable_if action=reinterpret pc=0x000001e115c6d9fc method=java.io.WinNTFileSystem.normalize(Ljava/lang/String;)Ljava/lang/String; @ 128 c2
Event: 1.766 Thread 0x000001e10ac81460 DEOPT PACKING pc=0x000001e115c6d9fc sp=0x0000000807cfb660
Event: 1.766 Thread 0x000001e10ac81460 DEOPT UNPACKING pc=0x000001e1156d69a3 sp=0x0000000807cfb648 mode 2
Event: 2.072 Thread 0x000001e10ac81460 Uncommon trap: trap_request=0xffffff45 fr.pc=0x000001e115c551a4 relative=0x0000000000000664
Event: 2.072 Thread 0x000001e10ac81460 Uncommon trap: reason=unstable_if action=reinterpret pc=0x000001e115c551a4 method=java.lang.AbstractStringBuilder.append(Ljava/lang/String;)Ljava/lang/AbstractStringBuilder; @ 1 c2
Event: 2.072 Thread 0x000001e10ac81460 DEOPT PACKING pc=0x000001e115c551a4 sp=0x0000000807cfc3d0
Event: 2.072 Thread 0x000001e10ac81460 DEOPT UNPACKING pc=0x000001e1156d69a3 sp=0x0000000807cfc350 mode 2
Event: 2.072 Thread 0x000001e10ac81460 Uncommon trap: trap_request=0xffffff45 fr.pc=0x000001e115c5ec24 relative=0x0000000000000664
Event: 2.072 Thread 0x000001e10ac81460 Uncommon trap: reason=unstable_if action=reinterpret pc=0x000001e115c5ec24 method=java.lang.AbstractStringBuilder.append(Ljava/lang/String;)Ljava/lang/AbstractStringBuilder; @ 1 c2
Event: 2.072 Thread 0x000001e10ac81460 DEOPT PACKING pc=0x000001e115c5ec24 sp=0x0000000807cfc370
Event: 2.072 Thread 0x000001e10ac81460 DEOPT UNPACKING pc=0x000001e1156d69a3 sp=0x0000000807cfc358 mode 2

Classes unloaded (0 events):
No events

Classes redefined (0 events):
No events

Internal exceptions (20 events):
Event: 1.334 Thread 0x000001e10ac81460 Exception <a 'java/lang/NoClassDefFoundError'{0x000000008922b320}: org/slf4j/impl/StaticMarkerBinder> (0x000000008922b320) 
thrown [s\src\hotspot\share\classfile\systemDictionary.cpp, line 245]
Event: 1.355 Thread 0x000001e10ac81460 Exception <a 'java/lang/NoSuchMethodError'{0x00000000892c7738}: 'java.lang.Object java.lang.invoke.DirectMethodHandle$Holder.invokeVirtual(java.lang.Object, java.lang.Object, java.lang.Object, java.lang.Object, java.lang.Object, java.lang.Object, java.lang.Object)'> (0x00000000892c7738) 
thrown [s\src\hotspot\share\interpreter\linkResolver.cpp, line 771]
Event: 1.358 Thread 0x000001e10ac81460 Exception <a 'java/lang/NoSuchMethodError'{0x00000000892d8cc8}: 'java.lang.Object java.lang.invoke.Invokers$Holder.invoker(java.lang.Object, java.lang.Object, java.lang.Object)'> (0x00000000892d8cc8) 
thrown [s\src\hotspot\share\interpreter\linkResolver.cpp, line 771]
Event: 1.361 Thread 0x000001e10ac81460 Exception <a 'java/lang/NoSuchMethodError'{0x00000000892e1d70}: 'java.lang.Object java.lang.invoke.DirectMethodHandle$Holder.invokeStatic(java.lang.Object, java.lang.Object, int)'> (0x00000000892e1d70) 
thrown [s\src\hotspot\share\interpreter\linkResolver.cpp, line 771]
Event: 1.363 Thread 0x000001e10ac81460 Exception <a 'java/lang/NoSuchMethodError'{0x00000000892eda60}: 'void java.lang.invoke.DelegatingMethodHandle$Holder.delegate(java.lang.Object, java.lang.Object, int, java.lang.Object)'> (0x00000000892eda60) 
thrown [s\src\hotspot\share\interpreter\linkResolver.cpp, line 771]
Event: 1.364 Thread 0x000001e10ac81460 Exception <a 'java/lang/NoSuchMethodError'{0x00000000892f1df0}: 'int java.lang.invoke.DirectMethodHandle$Holder.invokeSpecial(java.lang.Object, java.lang.Object, java.lang.Object)'> (0x00000000892f1df0) 
thrown [s\src\hotspot\share\interpreter\linkResolver.cpp, line 771]
Event: 1.368 Thread 0x000001e10ac81460 Exception <a 'java/lang/NoSuchMethodError'{0x0000000089105500}: 'java.lang.Object java.lang.invoke.Invokers$Holder.invokeExact_MT(java.lang.Object, java.lang.Object, java.lang.Object, java.lang.Object)'> (0x0000000089105500) 
thrown [s\src\hotspot\share\interpreter\linkResolver.cpp, line 771]
Event: 1.506 Thread 0x000001e10ac81460 Exception <a 'java/lang/NoSuchMethodError'{0x000000008a463058}: 'java.lang.Object java.lang.invoke.DirectMethodHandle$Holder.invokeInterface(java.lang.Object, java.lang.Object, java.lang.Object)'> (0x000000008a463058) 
thrown [s\src\hotspot\share\interpreter\linkResolver.cpp, line 771]
Event: 1.512 Thread 0x000001e10ac81460 Exception <a 'java/lang/NoSuchMethodError'{0x000000008a484bd0}: 'void java.lang.invoke.DirectMethodHandle$Holder.invokeSpecial(java.lang.Object, java.lang.Object, java.lang.Object)'> (0x000000008a484bd0) 
thrown [s\src\hotspot\share\interpreter\linkResolver.cpp, line 771]
Event: 1.530 Thread 0x000001e10ac81460 Implicit null exception at 0x000001e115c6f50f to 0x000001e115c6fa84
Event: 1.531 Thread 0x000001e10ac81460 Implicit null exception at 0x000001e115c5b40f to 0x000001e115c5b98c
Event: 1.559 Thread 0x000001e10ac81460 Exception <a 'java/lang/NoSuchMethodError'{0x000000008a2247a8}: 'java.lang.Object java.lang.invoke.DirectMethodHandle$Holder.invokeStaticInit(java.lang.Object)'> (0x000000008a2247a8) 
thrown [s\src\hotspot\share\interpreter\linkResolver.cpp, line 771]
Event: 1.691 Thread 0x000001e10ac81460 Exception <a 'java/lang/NoSuchMethodError'{0x0000000089e19aa8}: 'java.lang.Object java.lang.invoke.DirectMethodHandle$Holder.invokeStaticInit(java.lang.Object, int, int, int, int)'> (0x0000000089e19aa8) 
thrown [s\src\hotspot\share\interpreter\linkResolver.cpp, line 771]
Event: 1.772 Thread 0x000001e10ac81460 Exception <a 'java/lang/NoSuchMethodError'{0x0000000089e3f108}: 'java.lang.Object java.lang.invoke.DirectMethodHandle$Holder.invokeStaticInit(java.lang.Object, java.lang.Object, int, int, int, int)'> (0x0000000089e3f108) 
thrown [s\src\hotspot\share\interpreter\linkResolver.cpp, line 771]
Event: 2.031 Thread 0x000001e10ac81460 Exception <a 'java/lang/NoSuchMethodError'{0x0000000089e6c870}: 'void java.lang.invoke.DirectMethodHandle$Holder.invokeStatic(java.lang.Object, java.lang.Object, java.lang.Object)'> (0x0000000089e6c870) 
thrown [s\src\hotspot\share\interpreter\linkResolver.cpp, line 771]
Event: 2.072 Thread 0x000001e10ac81460 Implicit null exception at 0x000001e115c54b72 to 0x000001e115c5518c
Event: 2.072 Thread 0x000001e10ac81460 Implicit null exception at 0x000001e115c5e5f2 to 0x000001e115c5ec0c
Event: 5.307 Thread 0x000001e10ac81460 Exception <a 'sun/net/ConnectionResetException'{0x0000000089b55008}: Connection reset> (0x0000000089b55008) 
thrown [s\src\hotspot\share\prims\jni.cpp, line 536]
Event: 5.332 Thread 0x000001e10ac81460 Exception <a 'java/lang/NoSuchMethodError'{0x0000000089a139b8}: 'int java.lang.invoke.DirectMethodHandle$Holder.invokeVirtual(java.lang.Object, java.lang.Object)'> (0x0000000089a139b8) 
thrown [s\src\hotspot\share\interpreter\linkResolver.cpp, line 771]
Event: 5.335 Thread 0x000001e126d88460 Exception <a 'java/io/IOException'{0x0000000089b870f8}: Connection reset by peer> (0x0000000089b870f8) 
thrown [s\src\hotspot\share\prims\jni.cpp, line 536]

VM Operations (16 events):
Event: 0.158 Executing VM operation: HandshakeAllThreads
Event: 0.158 Executing VM operation: HandshakeAllThreads done
Event: 1.172 Executing VM operation: Cleanup
Event: 1.172 Executing VM operation: Cleanup done
Event: 1.193 Executing VM operation: HandshakeAllThreads
Event: 1.193 Executing VM operation: HandshakeAllThreads done
Event: 1.360 Executing VM operation: HandshakeAllThreads
Event: 1.360 Executing VM operation: HandshakeAllThreads done
Event: 1.405 Executing VM operation: G1CollectForAllocation
Event: 1.414 Executing VM operation: G1CollectForAllocation done
Event: 1.646 Executing VM operation: HandshakeAllThreads
Event: 1.646 Executing VM operation: HandshakeAllThreads done
Event: 1.769 Executing VM operation: HandshakeAllThreads
Event: 1.769 Executing VM operation: HandshakeAllThreads done
Event: 2.774 Executing VM operation: Cleanup
Event: 2.774 Executing VM operation: Cleanup done

Events (20 events):
Event: 5.335 loading class java/util/concurrent/locks/AbstractQueuedSynchronizer$ExclusiveNode
Event: 5.335 loading class java/util/concurrent/locks/AbstractQueuedSynchronizer$ExclusiveNode done
Event: 5.336 Thread 0x000001e126d88460 Thread exited: 0x000001e126d88460
Event: 5.337 loading class java/util/concurrent/ConcurrentLinkedQueue$Itr
Event: 5.337 loading class java/util/concurrent/ConcurrentLinkedQueue$Itr done
Event: 5.338 loading class jdk/internal/reflect/MethodAccessorGenerator
Event: 5.339 loading class jdk/internal/reflect/AccessorGenerator
Event: 5.341 loading class jdk/internal/reflect/ClassFileConstants
Event: 5.341 loading class jdk/internal/reflect/ClassFileConstants done
Event: 5.341 loading class jdk/internal/reflect/AccessorGenerator done
Event: 5.341 loading class jdk/internal/reflect/MethodAccessorGenerator done
Event: 5.341 loading class jdk/internal/reflect/ByteVectorFactory
Event: 5.341 loading class jdk/internal/reflect/ByteVectorFactory done
Event: 5.341 loading class jdk/internal/reflect/ByteVectorImpl
Event: 5.341 loading class jdk/internal/reflect/ByteVector
Event: 5.341 loading class jdk/internal/reflect/ByteVector done
Event: 5.341 loading class jdk/internal/reflect/ByteVectorImpl done
Event: 5.341 loading class jdk/internal/reflect/ClassFileAssembler
Event: 5.342 loading class jdk/internal/reflect/ClassFileAssembler done
Event: 5.342 loading class jdk/internal/reflect/UTF8


Dynamic libraries:
0x00007ff60ab90000 - 0x00007ff60ab9a000 	D:\Android\Android Studio\jbr\bin\java.exe
0x00007ff81c670000 - 0x00007ff81c868000 	C:\WINDOWS\SYSTEM32\ntdll.dll
0x00007ff81bb40000 - 0x00007ff81bbfd000 	C:\WINDOWS\System32\KERNEL32.DLL
0x00007ff819d50000 - 0x00007ff81a046000 	C:\WINDOWS\System32\KERNELBASE.dll
0x00007ff81a440000 - 0x00007ff81a540000 	C:\WINDOWS\System32\ucrtbase.dll
0x00007fffe6c20000 - 0x00007fffe6c37000 	D:\Android\Android Studio\jbr\bin\jli.dll
0x00007fffe6c40000 - 0x00007fffe6c5b000 	D:\Android\Android Studio\jbr\bin\VCRUNTIME140.dll
0x00007ff81b0a0000 - 0x00007ff81b23e000 	C:\WINDOWS\System32\USER32.dll
0x00007ff81a1a0000 - 0x00007ff81a1c2000 	C:\WINDOWS\System32\win32u.dll
0x00007ff800030000 - 0x00007ff8002ca000 	C:\WINDOWS\WinSxS\amd64_microsoft.windows.common-controls_6595b64144ccf1df_6.0.19041.3636_none_60b6a03d71f818d5\COMCTL32.dll
0x00007ff81b6e0000 - 0x00007ff81b70c000 	C:\WINDOWS\System32\GDI32.dll
0x00007ff81b000000 - 0x00007ff81b09e000 	C:\WINDOWS\System32\msvcrt.dll
0x00007ff81a540000 - 0x00007ff81a65a000 	C:\WINDOWS\System32\gdi32full.dll
0x00007ff81a100000 - 0x00007ff81a19d000 	C:\WINDOWS\System32\msvcp_win.dll
0x00007ff81b430000 - 0x00007ff81b460000 	C:\WINDOWS\System32\IMM32.DLL
0x00007ff806900000 - 0x00007ff80690c000 	D:\Android\Android Studio\jbr\bin\vcruntime140_1.dll
0x00007fffe23d0000 - 0x00007fffe245d000 	D:\Android\Android Studio\jbr\bin\msvcp140.dll
0x00007fffcaf40000 - 0x00007fffcbbae000 	D:\Android\Android Studio\jbr\bin\server\jvm.dll
0x00007ff81bf60000 - 0x00007ff81c00f000 	C:\WINDOWS\System32\ADVAPI32.dll
0x00007ff81b640000 - 0x00007ff81b6dc000 	C:\WINDOWS\System32\sechost.dll
0x00007ff81b510000 - 0x00007ff81b636000 	C:\WINDOWS\System32\RPCRT4.dll
0x00007ff807040000 - 0x00007ff807067000 	C:\WINDOWS\SYSTEM32\WINMM.dll
0x00007fffe99f0000 - 0x00007fffe99f9000 	C:\WINDOWS\SYSTEM32\WSOCK32.dll
0x00007ff817170000 - 0x00007ff81717a000 	C:\WINDOWS\SYSTEM32\VERSION.dll
0x00007ff81ba00000 - 0x00007ff81ba6b000 	C:\WINDOWS\System32\WS2_32.dll
0x00007ff8185a0000 - 0x00007ff8185b2000 	C:\WINDOWS\SYSTEM32\kernel.appcore.dll
0x00007ff8044f0000 - 0x00007ff8044fa000 	D:\Android\Android Studio\jbr\bin\jimage.dll
0x00007ff8179a0000 - 0x00007ff817b84000 	C:\WINDOWS\SYSTEM32\DBGHELP.DLL
0x00007ff805f60000 - 0x00007ff805f94000 	C:\WINDOWS\SYSTEM32\dbgcore.DLL
0x00007ff81a200000 - 0x00007ff81a282000 	C:\WINDOWS\System32\bcryptPrimitives.dll
0x00007fffe40c0000 - 0x00007fffe40e5000 	D:\Android\Android Studio\jbr\bin\java.dll
0x00007fffe0dd0000 - 0x00007fffe0de8000 	D:\Android\Android Studio\jbr\bin\zip.dll
0x00007ff81a7a0000 - 0x00007ff81aee4000 	C:\WINDOWS\System32\SHELL32.dll
0x00007ff817df0000 - 0x00007ff81858b000 	C:\WINDOWS\SYSTEM32\windows.storage.dll
0x00007ff81bc00000 - 0x00007ff81bf54000 	C:\WINDOWS\System32\combase.dll
0x00007ff819790000 - 0x00007ff8197bd000 	C:\WINDOWS\SYSTEM32\Wldp.dll
0x00007ff81b460000 - 0x00007ff81b50d000 	C:\WINDOWS\System32\SHCORE.dll
0x00007ff81ba70000 - 0x00007ff81bac5000 	C:\WINDOWS\System32\shlwapi.dll
0x00007ff819c80000 - 0x00007ff819ca5000 	C:\WINDOWS\SYSTEM32\profapi.dll
0x00007fffdf280000 - 0x00007fffdf299000 	D:\Android\Android Studio\jbr\bin\net.dll
0x00007ff80f8c0000 - 0x00007ff80f9ca000 	C:\WINDOWS\SYSTEM32\WINHTTP.dll
0x00007ff8194f0000 - 0x00007ff81955a000 	C:\WINDOWS\system32\mswsock.dll
0x00007fffdf260000 - 0x00007fffdf276000 	D:\Android\Android Studio\jbr\bin\nio.dll
0x00007ff800020000 - 0x00007ff800030000 	D:\Android\Android Studio\jbr\bin\verify.dll
0x00007fffdf1d0000 - 0x00007fffdf1f7000 	C:\Users\Blue\.gradle\native\e1d6ef7f7dcc3fd88c89a11ec53ec762bb8ba0a96d01ffa2cd45eb1d1d8dd5c5\windows-amd64\native-platform.dll
0x00007ff813c40000 - 0x00007ff813c49000 	D:\Android\Android Studio\jbr\bin\management.dll
0x00007ffffed30000 - 0x00007ffffed3b000 	D:\Android\Android Studio\jbr\bin\management_ext.dll
0x00007ff81c620000 - 0x00007ff81c628000 	C:\WINDOWS\System32\PSAPI.DLL
0x00007ff8196e0000 - 0x00007ff8196f8000 	C:\WINDOWS\SYSTEM32\CRYPTSP.dll
0x00007ff818db0000 - 0x00007ff818de4000 	C:\WINDOWS\system32\rsaenh.dll
0x00007ff81a1d0000 - 0x00007ff81a1f7000 	C:\WINDOWS\System32\bcrypt.dll
0x00007ff819c00000 - 0x00007ff819c2e000 	C:\WINDOWS\SYSTEM32\USERENV.dll
0x00007ff819700000 - 0x00007ff81970c000 	C:\WINDOWS\SYSTEM32\CRYPTBASE.dll
0x00007ff819190000 - 0x00007ff8191cb000 	C:\WINDOWS\SYSTEM32\IPHLPAPI.DLL
0x00007ff81aef0000 - 0x00007ff81aef8000 	C:\WINDOWS\System32\NSI.dll
0x00007ff810460000 - 0x00007ff810477000 	C:\WINDOWS\SYSTEM32\dhcpcsvc6.DLL
0x00007ff810440000 - 0x00007ff81045d000 	C:\WINDOWS\SYSTEM32\dhcpcsvc.DLL
0x00007ff8191e0000 - 0x00007ff8192aa000 	C:\WINDOWS\SYSTEM32\DNSAPI.dll
0x00007ff817260000 - 0x00007ff817267000 	C:\WINDOWS\system32\wshunix.dll

dbghelp: loaded successfully - version: 4.0.5 - missing functions: none
symbol engine: initialized successfully - sym options: 0x614 - pdb path: .;D:\Android\Android Studio\jbr\bin;C:\WINDOWS\SYSTEM32;C:\WINDOWS\WinSxS\amd64_microsoft.windows.common-controls_6595b64144ccf1df_6.0.19041.3636_none_60b6a03d71f818d5;D:\Android\Android Studio\jbr\bin\server;C:\Users\Blue\.gradle\native\e1d6ef7f7dcc3fd88c89a11ec53ec762bb8ba0a96d01ffa2cd45eb1d1d8dd5c5\windows-amd64

VM Arguments:
jvm_args: -Dorg.gradle.appname=gradlew 
java_command: org.gradle.wrapper.GradleWrapperMain -q -Ptarget-platform=android-arm64 -Ptarget=D:\AndroidStudioProjects\error_404_s_application7\lib\main.dart -Pbase-application-name=android.app.Application -Pdart-defines=RkxVVFRFUl9XRUJfQVVUT19ERVRFQ1Q9dHJ1ZQ==,RkxVVFRFUl9XRUJfQ0FOVkFTS0lUX1VSTD1odHRwczovL3d3dy5nc3RhdGljLmNvbS9mbHV0dGVyLWNhbnZhc2tpdC8zOWM2ZGM5YmRkM2JhMmJjMzg3ZTZlMTRiNzJmY2U1ZjQ2YWJmY2FlLw== -Pdart-obfuscation=false -Ptrack-widget-creation=true -Ptree-shake-icons=false -Pfilesystem-scheme=org-dartlang-root assembleDebug
java_class_path (initial): D:\AndroidStudioProjects\error_404_s_application7\android\\gradle\wrapper\gradle-wrapper.jar
Launcher Type: SUN_STANDARD

[Global flags]
     intx CICompilerCount                          = 4                                         {product} {ergonomic}
     uint ConcGCThreads                            = 2                                         {product} {ergonomic}
     uint G1ConcRefinementThreads                  = 8                                         {product} {ergonomic}
   size_t G1HeapRegionSize                         = 1048576                                   {product} {ergonomic}
    uintx GCDrainStackTargetSize                   = 64                                        {product} {ergonomic}
   size_t InitialHeapSize                          = 132120576                                 {product} {ergonomic}
   size_t MarkStackSize                            = 4194304                                   {product} {ergonomic}
   size_t MaxHeapSize                              = 2103443456                                {product} {ergonomic}
   size_t MaxNewSize                               = 1261436928                                {product} {ergonomic}
   size_t MinHeapDeltaBytes                        = 1048576                                   {product} {ergonomic}
   size_t MinHeapSize                              = 8388608                                   {product} {ergonomic}
    uintx NonNMethodCodeHeapSize                   = 5839372                                {pd product} {ergonomic}
    uintx NonProfiledCodeHeapSize                  = 122909434                              {pd product} {ergonomic}
    uintx ProfiledCodeHeapSize                     = 122909434                              {pd product} {ergonomic}
    uintx ReservedCodeCacheSize                    = 251658240                              {pd product} {ergonomic}
     bool SegmentedCodeCache                       = true                                      {product} {ergonomic}
   size_t SoftMaxHeapSize                          = 2103443456                             {manageable} {ergonomic}
     bool UseCompressedClassPointers               = true                           {product lp64_product} {ergonomic}
     bool UseCompressedOops                        = true                           {product lp64_product} {ergonomic}
     bool UseG1GC                                  = true                                      {product} {ergonomic}
     bool UseLargePagesIndividualAllocation        = false                                  {pd product} {ergonomic}

Logging:
Log output configuration:
 #0: stdout all=warning uptime,level,tags
 #1: stderr all=off uptime,level,tags

Environment Variables:
JAVA_HOME=D:\Android\Android Studio\jbr
CLASSPATH=D:\AndroidStudioProjects\error_404_s_application7\android\\gradle\wrapper\gradle-wrapper.jar
PATH=D:\Android\Android Studio\jbr\bin;D:\flutter_windows_3.13.7-stable\flutter\bin\;D:\Oracle\dbhomeXE\bin;D:\app\Blue\product\21c\dbhomeXE\bin;C:\Program Files\Common Files\Oracle\Java\javapath;C:\Program Files (x86)\Common Files\Oracle\Java\javapath;C:\WINDOWS\system32;C:\WINDOWS;C:\WINDOWS\System32\Wbem;C:\WINDOWS\System32\WindowsPowerShell\v1.0\;C:\WINDOWS\System32\OpenSSH\;C:\Program Files\Microsoft SQL Server\150\Tools\Binn\;C:\Program Files\dotnet\;D:\nodejs\;C:\Program Files (x86)\NVIDIA Corporation\PhysX\Common;C:\Program Files\NVIDIA Corporation\NVIDIA NvDLISR;C:\PHP;C:\composer;C:\Program Files\OpenSSL-Win64\bin;C:\Program Files\Redis\;c:\page;C:\Program Files\CMake\bin;d:\page;D:\Git\cmd;C:\Users\Blue\AppData\Local\Microsoft\WindowsApps;C:\Users\Blue\.dotnet\tools;C:\Users\Blue\AppData\Roaming\npm;C:\Users\Blue\ffmpeg-git-full\ffmpeg-2022-09-22-git-af919cf780-full_build\bin;D:\CodeBlocks\MinGW\bin;D:\IntelliJ IDEA Community Edition 2022.3.2\bin;C:\Users\Blue\AppData\Roaming\Composer\vendor\bin;D:\Microsoft VS Code\bin;C:\MinGW\bin;C:\Program Files\apache-maven-3.9.4-bin\apache-maven-3.9.4\bin;C:\Program Files\kotlin-compiler-1.2.21\kotlinc\bin;D:\spark-3.5.0-bin-hadoop3\spark-3.5.0-bin-hadoop3\bin;D:\winutils\bin;D:\dartsdk-windows-x64-release\dart-sdk\bin;D:\flutter_windows_3.13.7-stable\flutter\bin;D:\anaconda3;D:\anaconda3\Scripts;D:\anaconda3\Library\bin;D:\anaconda3\Library\usr\bin;D:\anaconda3\Library\mingw-w64\bin;C:\Windows\System32;D:\Git\bin;D:\Git\bin\git.exe;D:\flutter_windows_3.13.7-stable\flutter\bin\mingit\cmd
USERNAME=Blue
LANG=en_US.UTF-8
OS=Windows_NT
PROCESSOR_IDENTIFIER=Intel64 Family 6 Model 165 Stepping 2, GenuineIntel
TMP=C:\Users\Blue\AppData\Local\Temp
TEMP=C:\Users\Blue\AppData\Local\Temp


JNI global refs:
JNI global refs: 19, weak refs: 0

JNI global refs memory usage: 843, weak refs: 841


---------------  S Y S T E M  ---------------

OS:
 Windows 10 , 64 bit Build 19041 (10.0.19041.3636)
OS uptime: 0 days 10:22 hours

CPU: total 8 (initial active 8) (4 cores per cpu, 2 threads per core) family 6 model 165 stepping 2 microcode 0xe2, cx8, cmov, fxsr, ht, mmx, 3dnowpref, sse, sse2, sse3, ssse3, sse4.1, sse4.2, popcnt, lzcnt, tsc, tscinvbit, avx, avx2, aes, erms, clmul, bmi1, bmi2, adx, fma, vzeroupper, clflush, clflushopt

Memory: 4k page, system-wide physical 8023M (97M free)
TotalPageFile size 18846M (AvailPageFile size 0M)
current process WorkingSet (physical memory assigned to process): 93M, peak: 98M
current process commit charge ("private bytes"): 226M, peak: 231M

vm_info: OpenJDK 64-Bit Server VM (17.0.6+0-b2043.56-10027231) for windows-amd64 JRE (17.0.6+0-b2043.56-10027231), built on Apr 28 2023 00:43:19 by "androidbuild" with MS VC++ 16.10 / 16.11 (VS2019)

END.
