#
# There is insufficient memory for the Java Runtime Environment to continue.
# Native memory allocation (malloc) failed to allocate 131088 bytes for Chunk::new
# Possible reasons:
#   The system is out of physical RAM or swap space
#   The process is running with CompressedOops enabled, and the Java Heap may be blocking the growth of the native heap
# Possible solutions:
#   Reduce memory load on the system
#   Increase physical memory or swap space
#   Check if swap backing store is full
#   Decrease Java heap size (-Xmx/-Xms)
#   Decrease number of Java threads
#   Decrease Java thread stack sizes (-Xss)
#   Set larger code cache with -XX:ReservedCodeCacheSize=
#   JVM is running with Unscaled Compressed Oops mode in which the Java heap is
#     placed in the first 4GB address space. The Java Heap base address is the
#     maximum limit for the native heap growth. Please use -XX:HeapBaseMinAddress
#     to set the Java Heap base and to place the Java Heap above 4GB virtual address.
# This output file may be truncated or incomplete.
#
#  Out of Memory Error (arena.cpp:189), pid=21676, tid=5936
#
# JRE version: OpenJDK Runtime Environment (17.0.6) (build 17.0.6+0-b2043.56-10027231)
# Java VM: OpenJDK 64-Bit Server VM (17.0.6+0-b2043.56-10027231, mixed mode, tiered, compressed oops, compressed class ptrs, g1 gc, windows-amd64)
# No core dump will be written. Minidumps are not enabled by default on client versions of Windows
#

---------------  S U M M A R Y ------------

Command Line: --add-opens=java.base/java.util=ALL-UNNAMED --add-opens=java.base/java.lang=ALL-UNNAMED --add-opens=java.base/java.lang.invoke=ALL-UNNAMED --add-opens=java.base/java.util=ALL-UNNAMED --add-opens=java.prefs/java.util.prefs=ALL-UNNAMED --add-opens=java.prefs/java.util.prefs=ALL-UNNAMED --add-opens=java.base/java.nio.charset=ALL-UNNAMED --add-opens=java.base/java.net=ALL-UNNAMED --add-opens=java.base/java.util.concurrent.atomic=ALL-UNNAMED -Xmx1536M -Dfile.encoding=windows-1252 -Duser.country=US -Duser.language=en -Duser.variant org.gradle.launcher.daemon.bootstrap.GradleDaemon 7.5

Host: Intel(R) Core(TM) i5-10300H CPU @ 2.50GHz, 8 cores, 7G,  Windows 10 , 64 bit Build 19041 (10.0.19041.3636)
Time: Fri Dec 15 17:31:33 2023 Romance Standard Time elapsed time: 29.917360 seconds (0d 0h 0m 29s)

---------------  T H R E A D  ---------------

Current thread (0x00000243fe83f1e0):  JavaThread "C2 CompilerThread0" daemon [_thread_in_native, id=5936, stack(0x0000008245200000,0x0000008245300000)]


Current CompileTask:
C2:  29917 12703       4       java.net.URLClassLoader$1::run (5 bytes)

Stack: [0x0000008245200000,0x0000008245300000]
Native frames: (J=compiled Java code, j=interpreted, Vv=VM code, C=native code)
V  [jvm.dll+0x683c9a]
V  [jvm.dll+0x8427a4]
V  [jvm.dll+0x843f9e]
V  [jvm.dll+0x844603]
V  [jvm.dll+0x249b75]
V  [jvm.dll+0xabcac]
V  [jvm.dll+0xac27c]
V  [jvm.dll+0xb87cd]
V  [jvm.dll+0x58a5d2]
V  [jvm.dll+0x2243b2]
V  [jvm.dll+0x22478f]
V  [jvm.dll+0x21e055]
V  [jvm.dll+0x21b51b]
V  [jvm.dll+0x1a4fdd]
V  [jvm.dll+0x22b098]
V  [jvm.dll+0x229159]
V  [jvm.dll+0x7f81ec]
V  [jvm.dll+0x7f274a]
V  [jvm.dll+0x682ad5]
C  [ucrtbase.dll+0x21bb2]
C  [KERNEL32.DLL+0x17344]
C  [ntdll.dll+0x526b1]


---------------  P R O C E S S  ---------------

Threads class SMR info:
_java_thread_list=0x00000243986240a0, length=137, elements={
0x00000243f415ec30, 0x00000243fdcb65f0, 0x00000243fdcb7460, 0x00000243fe86f540,
0x00000243fe8278b0, 0x00000243fe828260, 0x00000243fe83e500, 0x00000243fe83f1e0,
0x00000243fe843180, 0x00000243fe84eab0, 0x00000243fe9e8040, 0x00000243fe9d10b0,
0x000002438f74e310, 0x00000243feb60830, 0x00000243908e3040, 0x000002439047c750,
0x00000243901fa600, 0x00000243904b8840, 0x000002438ff9d7d0, 0x000002438fd955d0,
0x000002438fd93420, 0x000002438fd96440, 0x000002438fd95f70, 0x000002438fd938f0,
0x000002438fd94760, 0x000002438fd95aa0, 0x000002438fd96910, 0x000002438fd96de0,
0x000002438fd93dc0, 0x000002438fd94290, 0x000002438fd94c30, 0x000002438fd95100,
0x00000243917e4390, 0x00000243917e3520, 0x00000243917e6a10, 0x00000243917e1d10,
0x00000243917e7d50, 0x00000243917e7880, 0x00000243917e56d0, 0x00000243917e8bc0,
0x00000243917e4860, 0x00000243917e8220, 0x00000243917e4d30, 0x00000243917e86f0,
0x00000243917e26b0, 0x00000243917e5ba0, 0x00000243917e6070, 0x00000243917e9090,
0x00000243917e9560, 0x00000243917e21e0, 0x00000243917e2b80, 0x00000243917e3050,
0x00000243917e6540, 0x000002439096b3d0, 0x000002439096b8a0, 0x000002439096e3f0,
0x0000024390967ee0, 0x000002439096d580, 0x000002439096bd70, 0x0000024390968d50,
0x000002439096a090, 0x0000024390967a10, 0x0000024390967540, 0x000002439096da50,
0x000002439096c240, 0x000002439096e8c0, 0x0000024390969220, 0x000002439096c710,
0x0000024390968880, 0x000002439096a560, 0x000002439096af00, 0x00000243909683b0,
0x00000243909696f0, 0x0000024390967070, 0x0000024390969bc0, 0x000002439096df20,
0x000002439096aa30, 0x000002439096cbe0, 0x000002439096d0b0, 0x0000024390970d60,
0x0000024390971700, 0x0000024390972570, 0x0000024390974720, 0x000002439096f550,
0x0000024390971230, 0x0000024390972f10, 0x00000243909720a0, 0x0000024390972a40,
0x0000024390971bd0, 0x00000243909733e0, 0x0000024390975590, 0x00000243909738b0,
0x0000024390974250, 0x0000024390973d80, 0x000002439096fa20, 0x000002439096fef0,
0x0000024390974bf0, 0x00000243909750c0, 0x0000024390970890, 0x0000024390975a60,
0x0000024390975f30, 0x00000243909703c0, 0x0000024390976400, 0x00000243909768d0,
0x000002439096f080, 0x000002439187cdf0, 0x000002439187efa0, 0x000002439187fe10,
0x00000243918807b0, 0x0000024391880c80, 0x0000024391881af0, 0x000002439187f470,
0x00000243918802e0, 0x000002439187a2a0, 0x000002439187bf80, 0x000002439187f940,
0x0000024391881150, 0x0000024391881620, 0x000002439187dc60, 0x000002439187e130,
0x000002439187a770, 0x000002439187ac40, 0x000002439187b110, 0x000002439187e600,
0x000002439187bab0, 0x000002439187c920, 0x00000243902bf0c0, 0x0000024399ae9a50,
0x0000024399aead90, 0x0000024399aeb260, 0x0000024399ae90b0, 0x0000024399ae73d0,
0x0000024399ae8be0, 0x0000024399aeb730, 0x0000024399aeddb0, 0x0000024399aec0d0,
0x0000024399aebc00
}

Java Threads: ( => current thread )
  0x00000243f415ec30 JavaThread "main" [_thread_blocked, id=17928, stack(0x0000008244500000,0x0000008244600000)]
  0x00000243fdcb65f0 JavaThread "Reference Handler" daemon [_thread_blocked, id=14684, stack(0x0000008244c00000,0x0000008244d00000)]
  0x00000243fdcb7460 JavaThread "Finalizer" daemon [_thread_blocked, id=19792, stack(0x0000008244d00000,0x0000008244e00000)]
  0x00000243fe86f540 JavaThread "Signal Dispatcher" daemon [_thread_blocked, id=14096, stack(0x0000008244e00000,0x0000008244f00000)]
  0x00000243fe8278b0 JavaThread "Attach Listener" daemon [_thread_blocked, id=11576, stack(0x0000008244f00000,0x0000008245000000)]
  0x00000243fe828260 JavaThread "Service Thread" daemon [_thread_blocked, id=13008, stack(0x0000008245000000,0x0000008245100000)]
  0x00000243fe83e500 JavaThread "Monitor Deflation Thread" daemon [_thread_blocked, id=22368, stack(0x0000008245100000,0x0000008245200000)]
=>0x00000243fe83f1e0 JavaThread "C2 CompilerThread0" daemon [_thread_in_native, id=5936, stack(0x0000008245200000,0x0000008245300000)]
  0x00000243fe843180 JavaThread "C1 CompilerThread0" daemon [_thread_blocked, id=2448, stack(0x0000008245300000,0x0000008245400000)]
  0x00000243fe84eab0 JavaThread "Sweeper thread" daemon [_thread_blocked, id=3916, stack(0x0000008245400000,0x0000008245500000)]
  0x00000243fe9e8040 JavaThread "Common-Cleaner" daemon [_thread_blocked, id=6264, stack(0x0000008245500000,0x0000008245600000)]
  0x00000243fe9d10b0 JavaThread "Notification Thread" daemon [_thread_blocked, id=19376, stack(0x0000008245600000,0x0000008245700000)]
  0x000002438f74e310 JavaThread "Daemon health stats" [_thread_blocked, id=21224, stack(0x0000008245d00000,0x0000008245e00000)]
  0x00000243feb60830 JavaThread "Incoming local TCP Connector on port 61051" [_thread_in_native, id=18792, stack(0x0000008245800000,0x0000008245900000)]
  0x00000243908e3040 JavaThread "Daemon periodic checks" [_thread_blocked, id=14956, stack(0x0000008245e00000,0x0000008245f00000)]
  0x000002439047c750 JavaThread "Daemon" [_thread_blocked, id=21924, stack(0x0000008246000000,0x0000008246100000)]
  0x00000243901fa600 JavaThread "Handler for socket connection from /127.0.0.1:61051 to /127.0.0.1:61052" [_thread_in_native, id=18548, stack(0x0000008246100000,0x0000008246200000)]
  0x00000243904b8840 JavaThread "Cancel handler" [_thread_blocked, id=18576, stack(0x0000008246200000,0x0000008246300000)]
  0x000002438ff9d7d0 JavaThread "Daemon worker" [_thread_blocked, id=1112, stack(0x0000008246300000,0x0000008246400000)]
  0x000002438fd955d0 JavaThread "Asynchronous log dispatcher for DefaultDaemonConnection: socket connection from /127.0.0.1:61051 to /127.0.0.1:61052" [_thread_blocked, id=9876, stack(0x0000008246400000,0x0000008246500000)]
  0x000002438fd93420 JavaThread "Stdin handler" [_thread_blocked, id=14696, stack(0x0000008246500000,0x0000008246600000)]
  0x000002438fd96440 JavaThread "Daemon client event forwarder" [_thread_blocked, id=1320, stack(0x0000008246600000,0x0000008246700000)]
  0x000002438fd95f70 JavaThread "Cache worker for journal cache (C:\Users\Blue\.gradle\caches\journal-1)" [_thread_blocked, id=19692, stack(0x0000008246700000,0x0000008246800000)]
  0x000002438fd938f0 JavaThread "File lock request listener" [_thread_in_native, id=9940, stack(0x0000008246800000,0x0000008246900000)]
  0x000002438fd94760 JavaThread "Cache worker for file hash cache (C:\Users\Blue\.gradle\caches\7.5\fileHashes)" [_thread_blocked, id=8152, stack(0x0000008246d00000,0x0000008246e00000)]
  0x000002438fd95aa0 JavaThread "File watcher server" daemon [_thread_in_native, id=1884, stack(0x0000008246e00000,0x0000008246f00000)]
  0x000002438fd96910 JavaThread "File watcher consumer" daemon [_thread_blocked, id=18644, stack(0x0000008246f00000,0x0000008247000000)]
  0x000002438fd96de0 JavaThread "Cache worker for checksums cache (D:\AndroidStudioProjects\error_404_s_application7\android\.gradle\7.5\checksums)" [_thread_blocked, id=8652, stack(0x0000008247000000,0x0000008247100000)]
  0x000002438fd93dc0 JavaThread "Cache worker for cache directory md-rule (C:\Users\Blue\.gradle\caches\7.5\md-rule)" [_thread_blocked, id=7452, stack(0x0000008247100000,0x0000008247200000)]
  0x000002438fd94290 JavaThread "Cache worker for file content cache (C:\Users\Blue\.gradle\caches\7.5\fileContent)" [_thread_blocked, id=16848, stack(0x0000008247200000,0x0000008247300000)]
  0x000002438fd94c30 JavaThread "Cache worker for file hash cache (D:\AndroidStudioProjects\error_404_s_application7\android\.gradle\7.5\fileHashes)" [_thread_blocked, id=18708, stack(0x0000008247300000,0x0000008247400000)]
  0x000002438fd95100 JavaThread "Cache worker for cache directory md-supplier (C:\Users\Blue\.gradle\caches\7.5\md-supplier)" [_thread_blocked, id=19036, stack(0x0000008247400000,0x0000008247500000)]
  0x00000243917e4390 JavaThread "Cache worker for execution history cache (C:\Users\Blue\.gradle\caches\7.5\executionHistory)" [_thread_blocked, id=1888, stack(0x0000008247500000,0x0000008247600000)]
  0x00000243917e3520 JavaThread "jar transforms" [_thread_blocked, id=13516, stack(0x0000008247600000,0x0000008247700000)]
  0x00000243917e6a10 JavaThread "jar transforms Thread 2" [_thread_blocked, id=19320, stack(0x0000008247700000,0x0000008247800000)]
  0x00000243917e1d10 JavaThread "jar transforms Thread 3" [_thread_blocked, id=19796, stack(0x0000008247800000,0x0000008247900000)]
  0x00000243917e7d50 JavaThread "jar transforms Thread 4" [_thread_blocked, id=17264, stack(0x0000008247900000,0x0000008247a00000)]
  0x00000243917e7880 JavaThread "jar transforms Thread 5" [_thread_blocked, id=9576, stack(0x0000008247a00000,0x0000008247b00000)]
  0x00000243917e56d0 JavaThread "jar transforms Thread 6" [_thread_blocked, id=17528, stack(0x0000008247b00000,0x0000008247c00000)]
  0x00000243917e8bc0 JavaThread "Cache worker for dependencies-accessors (D:\AndroidStudioProjects\error_404_s_application7\android\.gradle\7.5\dependencies-accessors)" [_thread_blocked, id=9564, stack(0x0000008247c00000,0x0000008247d00000)]
  0x00000243917e4860 JavaThread "jar transforms Thread 7" [_thread_blocked, id=21424, stack(0x0000008247d00000,0x0000008247e00000)]
  0x00000243917e8220 JavaThread "Cache worker for Build Output Cleanup Cache (D:\AndroidStudioProjects\error_404_s_application7\android\.gradle\buildOutputCleanup)" [_thread_blocked, id=22096, stack(0x0000008247e00000,0x0000008247f00000)]
  0x00000243917e4d30 JavaThread "File lock release action executor" [_thread_blocked, id=15880, stack(0x0000008245f00000,0x0000008246000000)]
  0x00000243917e86f0 JavaThread "Unconstrained build operations" [_thread_blocked, id=18636, stack(0x0000008248000000,0x0000008248100000)]
  0x00000243917e26b0 JavaThread "Unconstrained build operations Thread 2" [_thread_blocked, id=20008, stack(0x0000008248100000,0x0000008248200000)]
  0x00000243917e5ba0 JavaThread "Unconstrained build operations Thread 3" [_thread_blocked, id=19944, stack(0x0000008248200000,0x0000008248300000)]
  0x00000243917e6070 JavaThread "Unconstrained build operations Thread 4" [_thread_blocked, id=21652, stack(0x0000008248300000,0x0000008248400000)]
  0x00000243917e9090 JavaThread "Unconstrained build operations Thread 5" [_thread_blocked, id=22136, stack(0x0000008248400000,0x0000008248500000)]
  0x00000243917e9560 JavaThread "Unconstrained build operations Thread 6" [_thread_blocked, id=20684, stack(0x0000008248500000,0x0000008248600000)]
  0x00000243917e21e0 JavaThread "Unconstrained build operations Thread 7" [_thread_blocked, id=12984, stack(0x0000008248600000,0x0000008248700000)]
  0x00000243917e2b80 JavaThread "Unconstrained build operations Thread 8" [_thread_blocked, id=8580, stack(0x0000008248700000,0x0000008248800000)]
  0x00000243917e3050 JavaThread "Unconstrained build operations Thread 9" [_thread_blocked, id=11512, stack(0x0000008248800000,0x0000008248900000)]
  0x00000243917e6540 JavaThread "Unconstrained build operations Thread 10" [_thread_blocked, id=21912, stack(0x0000008248900000,0x0000008248a00000)]
  0x000002439096b3d0 JavaThread "Unconstrained build operations Thread 11" [_thread_blocked, id=17908, stack(0x0000008248a00000,0x0000008248b00000)]
  0x000002439096b8a0 JavaThread "Unconstrained build operations Thread 12" [_thread_blocked, id=19068, stack(0x0000008248b00000,0x0000008248c00000)]
  0x000002439096e3f0 JavaThread "Unconstrained build operations Thread 13" [_thread_blocked, id=18332, stack(0x0000008248c00000,0x0000008248d00000)]
  0x0000024390967ee0 JavaThread "Unconstrained build operations Thread 14" [_thread_blocked, id=20952, stack(0x0000008248d00000,0x0000008248e00000)]
  0x000002439096d580 JavaThread "Unconstrained build operations Thread 15" [_thread_blocked, id=15412, stack(0x0000008248e00000,0x0000008248f00000)]
  0x000002439096bd70 JavaThread "Unconstrained build operations Thread 16" [_thread_blocked, id=22016, stack(0x0000008248f00000,0x0000008249000000)]
  0x0000024390968d50 JavaThread "Unconstrained build operations Thread 17" [_thread_blocked, id=15236, stack(0x0000008249000000,0x0000008249100000)]
  0x000002439096a090 JavaThread "Unconstrained build operations Thread 18" [_thread_blocked, id=15508, stack(0x0000008249100000,0x0000008249200000)]
  0x0000024390967a10 JavaThread "Unconstrained build operations Thread 19" [_thread_blocked, id=19328, stack(0x0000008249200000,0x0000008249300000)]
  0x0000024390967540 JavaThread "Unconstrained build operations Thread 20" [_thread_blocked, id=20404, stack(0x0000008249300000,0x0000008249400000)]
  0x000002439096da50 JavaThread "Unconstrained build operations Thread 21" [_thread_blocked, id=22372, stack(0x0000008249400000,0x0000008249500000)]
  0x000002439096c240 JavaThread "Unconstrained build operations Thread 22" [_thread_blocked, id=20320, stack(0x0000008249500000,0x0000008249600000)]
  0x000002439096e8c0 JavaThread "Unconstrained build operations Thread 23" [_thread_blocked, id=16536, stack(0x0000008249600000,0x0000008249700000)]
  0x0000024390969220 JavaThread "Unconstrained build operations Thread 24" [_thread_blocked, id=13860, stack(0x0000008249700000,0x0000008249800000)]
  0x000002439096c710 JavaThread "Unconstrained build operations Thread 25" [_thread_blocked, id=1364, stack(0x0000008249800000,0x0000008249900000)]
  0x0000024390968880 JavaThread "Unconstrained build operations Thread 26" [_thread_blocked, id=10700, stack(0x0000008249900000,0x0000008249a00000)]
  0x000002439096a560 JavaThread "Unconstrained build operations Thread 27" [_thread_blocked, id=17752, stack(0x0000008249a00000,0x0000008249b00000)]
  0x000002439096af00 JavaThread "Unconstrained build operations Thread 28" [_thread_blocked, id=19480, stack(0x0000008249b00000,0x0000008249c00000)]
  0x00000243909683b0 JavaThread "Unconstrained build operations Thread 29" [_thread_blocked, id=5584, stack(0x0000008249c00000,0x0000008249d00000)]
  0x00000243909696f0 JavaThread "Unconstrained build operations Thread 30" [_thread_blocked, id=18228, stack(0x0000008249d00000,0x0000008249e00000)]
  0x0000024390967070 JavaThread "Unconstrained build operations Thread 31" [_thread_blocked, id=15576, stack(0x0000008249e00000,0x0000008249f00000)]
  0x0000024390969bc0 JavaThread "Unconstrained build operations Thread 32" [_thread_blocked, id=21520, stack(0x0000008249f00000,0x000000824a000000)]
  0x000002439096df20 JavaThread "Unconstrained build operations Thread 33" [_thread_blocked, id=20956, stack(0x000000824a000000,0x000000824a100000)]
  0x000002439096aa30 JavaThread "Unconstrained build operations Thread 34" [_thread_blocked, id=8204, stack(0x000000824a100000,0x000000824a200000)]
  0x000002439096cbe0 JavaThread "Unconstrained build operations Thread 35" [_thread_blocked, id=17380, stack(0x000000824a200000,0x000000824a300000)]
  0x000002439096d0b0 JavaThread "Unconstrained build operations Thread 36" [_thread_blocked, id=19392, stack(0x000000824a300000,0x000000824a400000)]
  0x0000024390970d60 JavaThread "Unconstrained build operations Thread 37" [_thread_blocked, id=21492, stack(0x000000824a400000,0x000000824a500000)]
  0x0000024390971700 JavaThread "Unconstrained build operations Thread 38" [_thread_blocked, id=10212, stack(0x000000824a500000,0x000000824a600000)]
  0x0000024390972570 JavaThread "Unconstrained build operations Thread 39" [_thread_blocked, id=6568, stack(0x000000824a600000,0x000000824a700000)]
  0x0000024390974720 JavaThread "Unconstrained build operations Thread 40" [_thread_blocked, id=22280, stack(0x000000824a700000,0x000000824a800000)]
  0x000002439096f550 JavaThread "Unconstrained build operations Thread 41" [_thread_blocked, id=7760, stack(0x000000824a800000,0x000000824a900000)]
  0x0000024390971230 JavaThread "Unconstrained build operations Thread 42" [_thread_blocked, id=15420, stack(0x000000824a900000,0x000000824aa00000)]
  0x0000024390972f10 JavaThread "Unconstrained build operations Thread 43" [_thread_blocked, id=21932, stack(0x000000824aa00000,0x000000824ab00000)]
  0x00000243909720a0 JavaThread "Unconstrained build operations Thread 44" [_thread_blocked, id=6696, stack(0x000000824ab00000,0x000000824ac00000)]
  0x0000024390972a40 JavaThread "Unconstrained build operations Thread 45" [_thread_blocked, id=6828, stack(0x000000824ac00000,0x000000824ad00000)]
  0x0000024390971bd0 JavaThread "Unconstrained build operations Thread 46" [_thread_blocked, id=3960, stack(0x000000824ad00000,0x000000824ae00000)]
  0x00000243909733e0 JavaThread "Unconstrained build operations Thread 47" [_thread_blocked, id=3600, stack(0x000000824ae00000,0x000000824af00000)]
  0x0000024390975590 JavaThread "Unconstrained build operations Thread 48" [_thread_blocked, id=1184, stack(0x000000824af00000,0x000000824b000000)]
  0x00000243909738b0 JavaThread "Unconstrained build operations Thread 49" [_thread_blocked, id=19968, stack(0x000000824b000000,0x000000824b100000)]
  0x0000024390974250 JavaThread "Unconstrained build operations Thread 50" [_thread_blocked, id=20500, stack(0x000000824b100000,0x000000824b200000)]
  0x0000024390973d80 JavaThread "Unconstrained build operations Thread 51" [_thread_blocked, id=1464, stack(0x000000824b200000,0x000000824b300000)]
  0x000002439096fa20 JavaThread "Unconstrained build operations Thread 52" [_thread_blocked, id=11544, stack(0x000000824b300000,0x000000824b400000)]
  0x000002439096fef0 JavaThread "Unconstrained build operations Thread 53" [_thread_blocked, id=16644, stack(0x000000824b400000,0x000000824b500000)]
  0x0000024390974bf0 JavaThread "Unconstrained build operations Thread 54" [_thread_blocked, id=17584, stack(0x000000824b500000,0x000000824b600000)]
  0x00000243909750c0 JavaThread "Unconstrained build operations Thread 55" [_thread_blocked, id=22068, stack(0x000000824b600000,0x000000824b700000)]
  0x0000024390970890 JavaThread "Unconstrained build operations Thread 56" [_thread_blocked, id=17464, stack(0x000000824b700000,0x000000824b800000)]
  0x0000024390975a60 JavaThread "Unconstrained build operations Thread 57" [_thread_blocked, id=19744, stack(0x000000824b800000,0x000000824b900000)]
  0x0000024390975f30 JavaThread "Unconstrained build operations Thread 58" [_thread_blocked, id=17520, stack(0x000000824b900000,0x000000824ba00000)]
  0x00000243909703c0 JavaThread "Unconstrained build operations Thread 59" [_thread_blocked, id=16908, stack(0x000000824ba00000,0x000000824bb00000)]
  0x0000024390976400 JavaThread "Unconstrained build operations Thread 60" [_thread_blocked, id=20332, stack(0x000000824bb00000,0x000000824bc00000)]
  0x00000243909768d0 JavaThread "Unconstrained build operations Thread 61" [_thread_blocked, id=22004, stack(0x000000824bc00000,0x000000824bd00000)]
  0x000002439096f080 JavaThread "Unconstrained build operations Thread 62" [_thread_blocked, id=22248, stack(0x000000824bd00000,0x000000824be00000)]
  0x000002439187cdf0 JavaThread "Unconstrained build operations Thread 63" [_thread_blocked, id=1844, stack(0x000000824be00000,0x000000824bf00000)]
  0x000002439187efa0 JavaThread "Unconstrained build operations Thread 64" [_thread_blocked, id=8012, stack(0x000000824bf00000,0x000000824c000000)]
  0x000002439187fe10 JavaThread "Unconstrained build operations Thread 65" [_thread_blocked, id=18028, stack(0x000000824c000000,0x000000824c100000)]
  0x00000243918807b0 JavaThread "Unconstrained build operations Thread 66" [_thread_blocked, id=20668, stack(0x000000824c100000,0x000000824c200000)]
  0x0000024391880c80 JavaThread "Unconstrained build operations Thread 67" [_thread_blocked, id=22392, stack(0x000000824c200000,0x000000824c300000)]
  0x0000024391881af0 JavaThread "Unconstrained build operations Thread 68" [_thread_blocked, id=16772, stack(0x000000824c300000,0x000000824c400000)]
  0x000002439187f470 JavaThread "Unconstrained build operations Thread 69" [_thread_blocked, id=19368, stack(0x000000824c400000,0x000000824c500000)]
  0x00000243918802e0 JavaThread "Unconstrained build operations Thread 70" [_thread_blocked, id=19352, stack(0x000000824c500000,0x000000824c600000)]
  0x000002439187a2a0 JavaThread "Unconstrained build operations Thread 71" [_thread_blocked, id=18740, stack(0x000000824c600000,0x000000824c700000)]
  0x000002439187bf80 JavaThread "Unconstrained build operations Thread 72" [_thread_blocked, id=15992, stack(0x000000824c700000,0x000000824c800000)]
  0x000002439187f940 JavaThread "Unconstrained build operations Thread 73" [_thread_blocked, id=22452, stack(0x000000824c800000,0x000000824c900000)]
  0x0000024391881150 JavaThread "Unconstrained build operations Thread 74" [_thread_blocked, id=7352, stack(0x000000824c900000,0x000000824ca00000)]
  0x0000024391881620 JavaThread "Unconstrained build operations Thread 75" [_thread_blocked, id=18464, stack(0x000000824ca00000,0x000000824cb00000)]
  0x000002439187dc60 JavaThread "Unconstrained build operations Thread 76" [_thread_blocked, id=20696, stack(0x000000824cb00000,0x000000824cc00000)]
  0x000002439187e130 JavaThread "Unconstrained build operations Thread 77" [_thread_blocked, id=15444, stack(0x000000824cc00000,0x000000824cd00000)]
  0x000002439187a770 JavaThread "Unconstrained build operations Thread 78" [_thread_blocked, id=17456, stack(0x000000824cd00000,0x000000824ce00000)]
  0x000002439187ac40 JavaThread "Unconstrained build operations Thread 79" [_thread_blocked, id=8964, stack(0x000000824ce00000,0x000000824cf00000)]
  0x000002439187b110 JavaThread "Unconstrained build operations Thread 80" [_thread_blocked, id=6444, stack(0x000000824cf00000,0x000000824d000000)]
  0x000002439187e600 JavaThread "jar transforms Thread 8" [_thread_blocked, id=15784, stack(0x000000824d100000,0x000000824d200000)]
  0x000002439187bab0 JavaThread "Memory manager" [_thread_blocked, id=12792, stack(0x000000824d200000,0x000000824d300000)]
  0x000002439187c920 JavaThread "Cache worker for kotlin-dsl (C:\Users\Blue\.gradle\caches\7.5\kotlin-dsl)" [_thread_blocked, id=21260, stack(0x000000824d000000,0x000000824d100000)]
  0x00000243902bf0c0 JavaThread "C2 CompilerThread1" daemon [_thread_in_native, id=2872, stack(0x0000008247f00000,0x0000008248000000)]
  0x0000024399ae9a50 JavaThread "included builds" [_thread_in_vm, id=4784, stack(0x000000824d300000,0x000000824d400000)]
  0x0000024399aead90 JavaThread "Execution worker" [_thread_blocked, id=13760, stack(0x000000824d400000,0x000000824d500000)]
  0x0000024399aeb260 JavaThread "Execution worker Thread 2" [_thread_blocked, id=19912, stack(0x000000824d500000,0x000000824d600000)]
  0x0000024399ae90b0 JavaThread "Execution worker Thread 3" [_thread_blocked, id=6412, stack(0x000000824d600000,0x000000824d700000)]
  0x0000024399ae73d0 JavaThread "Execution worker Thread 4" [_thread_blocked, id=12312, stack(0x000000824d700000,0x000000824d800000)]
  0x0000024399ae8be0 JavaThread "Execution worker Thread 5" [_thread_blocked, id=7308, stack(0x000000824d800000,0x000000824d900000)]
  0x0000024399aeb730 JavaThread "Execution worker Thread 6" [_thread_blocked, id=21664, stack(0x000000824d900000,0x000000824da00000)]
  0x0000024399aeddb0 JavaThread "Execution worker Thread 7" [_thread_blocked, id=21484, stack(0x000000824da00000,0x000000824db00000)]
  0x0000024399aec0d0 JavaThread "Cache worker for execution history cache (D:\AndroidStudioProjects\error_404_s_application7\android\.gradle\7.5\executionHistory)" [_thread_blocked, id=19888, stack(0x000000824db00000,0x000000824dc00000)]
  0x0000024399aebc00 JavaThread "Exec process" [_thread_blocked, id=20132, stack(0x000000824dc00000,0x000000824dd00000)]

Other Threads:
  0x00000243fdcb1800 VMThread "VM Thread" [stack: 0x0000008244b00000,0x0000008244c00000] [id=22132]
  0x00000243f41c3820 WatcherThread [stack: 0x0000008245700000,0x0000008245800000] [id=4208]
  0x00000243f41add70 GCTaskThread "GC Thread#0" [stack: 0x0000008244600000,0x0000008244700000] [id=20704]
  0x000002438f2396b0 GCTaskThread "GC Thread#1" [stack: 0x0000008245900000,0x0000008245a00000] [id=21236]
  0x00000243ff0162b0 GCTaskThread "GC Thread#2" [stack: 0x0000008245a00000,0x0000008245b00000] [id=14596]
  0x000002438f6aa050 GCTaskThread "GC Thread#3" [stack: 0x0000008245b00000,0x0000008245c00000] [id=4064]
  0x00000243ff196000 GCTaskThread "GC Thread#4" [stack: 0x0000008245c00000,0x0000008245d00000] [id=13452]
  0x00000243905747e0 GCTaskThread "GC Thread#5" [stack: 0x0000008246900000,0x0000008246a00000] [id=22092]
  0x0000024390574530 GCTaskThread "GC Thread#6" [stack: 0x0000008246a00000,0x0000008246b00000] [id=18816]
  0x0000024390575ab0 GCTaskThread "GC Thread#7" [stack: 0x0000008246b00000,0x0000008246c00000] [id=20368]
  0x00000243f41bbcc0 ConcurrentGCThread "G1 Main Marker" [stack: 0x0000008244700000,0x0000008244800000] [id=19756]
  0x00000243f41bce70 ConcurrentGCThread "G1 Conc#0" [stack: 0x0000008244800000,0x0000008244900000] [id=14092]
  0x0000024390574ff0 ConcurrentGCThread "G1 Conc#1" [stack: 0x0000008246c00000,0x0000008246d00000] [id=18544]
  0x00000243f422d190 ConcurrentGCThread "G1 Refine#0" [stack: 0x0000008244900000,0x0000008244a00000] [id=20532]
  0x00000243f422dbb0 ConcurrentGCThread "G1 Service" [stack: 0x0000008244a00000,0x0000008244b00000] [id=19160]

Threads with active compile tasks:
C2 CompilerThread0    29964 12703       4       java.net.URLClassLoader$1::run (5 bytes)
C2 CompilerThread1    29964 12702   !   4       java.net.URLClassLoader::findClass (47 bytes)

VM state: not at safepoint (normal execution)

VM Mutex/Monitor currently owned by a thread:  ([mutex/lock_event])
[0x00000243f415ad50] CompiledIC_lock - owner thread: 0x0000024399ae9a50

Heap address: 0x00000000a0000000, size: 1536 MB, Compressed Oops mode: 32-bit

CDS archive(s) not mapped
Compressed class space mapped at: 0x0000000100000000-0x0000000140000000, reserved size: 1073741824
Narrow klass base: 0x0000000000000000, Narrow klass shift: 3, Narrow klass range: 0x140000000

GC Precious Log:
 CPUs: 8 total, 8 available
 Memory: 8023M
 Large Page Support: Disabled
 NUMA Support: Disabled
 Compressed Oops: Enabled (32-bit)
 Heap Region Size: 1M
 Heap Min Capacity: 8M
 Heap Initial Capacity: 126M
 Heap Max Capacity: 1536M
 Pre-touch: Disabled
 Parallel Workers: 8
 Concurrent Workers: 2
 Concurrent Refinement Workers: 8
 Periodic GC: Disabled

Heap:
 garbage-first heap   total 244736K, used 129806K [0x00000000a0000000, 0x0000000100000000)
  region size 1024K, 8 young (8192K), 6 survivors (6144K)
 Metaspace       used 93905K, committed 94848K, reserved 1138688K
  class space    used 12845K, committed 13248K, reserved 1048576K

Heap Regions: E=young(eden), S=young(survivor), O=old, HS=humongous(starts), HC=humongous(continues), CS=collection set, F=free, OA=open archive, CA=closed archive, TAMS=top-at-mark-start (previous, next)
|   0|0x00000000a0000000, 0x00000000a0100000, 0x00000000a0100000|100%| O|  |TAMS 0x00000000a0100000, 0x00000000a0100000| Untracked 
|   1|0x00000000a0100000, 0x00000000a0200000, 0x00000000a0200000|100%| O|  |TAMS 0x00000000a0200000, 0x00000000a0200000| Untracked 
|   2|0x00000000a0200000, 0x00000000a0300000, 0x00000000a0300000|100%| O|  |TAMS 0x00000000a0300000, 0x00000000a0300000| Untracked 
|   3|0x00000000a0300000, 0x00000000a0400000, 0x00000000a0400000|100%|HS|  |TAMS 0x00000000a0400000, 0x00000000a0400000| Complete 
|   4|0x00000000a0400000, 0x00000000a0500000, 0x00000000a0500000|100%|HC|  |TAMS 0x00000000a0500000, 0x00000000a0500000| Complete 
|   5|0x00000000a0500000, 0x00000000a0600000, 0x00000000a0600000|100%|HC|  |TAMS 0x00000000a0600000, 0x00000000a0600000| Complete 
|   6|0x00000000a0600000, 0x00000000a0700000, 0x00000000a0700000|100%| O|  |TAMS 0x00000000a0700000, 0x00000000a0700000| Untracked 
|   7|0x00000000a0700000, 0x00000000a0800000, 0x00000000a0800000|100%| O|  |TAMS 0x00000000a0800000, 0x00000000a0800000| Untracked 
|   8|0x00000000a0800000, 0x00000000a0900000, 0x00000000a0900000|100%| O|  |TAMS 0x00000000a0900000, 0x00000000a0900000| Untracked 
|   9|0x00000000a0900000, 0x00000000a0a00000, 0x00000000a0a00000|100%| O|  |TAMS 0x00000000a0a00000, 0x00000000a0a00000| Untracked 
|  10|0x00000000a0a00000, 0x00000000a0b00000, 0x00000000a0b00000|100%| O|  |TAMS 0x00000000a0b00000, 0x00000000a0b00000| Untracked 
|  11|0x00000000a0b00000, 0x00000000a0c00000, 0x00000000a0c00000|100%| O|  |TAMS 0x00000000a0c00000, 0x00000000a0c00000| Untracked 
|  12|0x00000000a0c00000, 0x00000000a0d00000, 0x00000000a0d00000|100%| O|  |TAMS 0x00000000a0d00000, 0x00000000a0d00000| Untracked 
|  13|0x00000000a0d00000, 0x00000000a0e00000, 0x00000000a0e00000|100%| O|  |TAMS 0x00000000a0e00000, 0x00000000a0e00000| Untracked 
|  14|0x00000000a0e00000, 0x00000000a0f00000, 0x00000000a0f00000|100%| O|  |TAMS 0x00000000a0f00000, 0x00000000a0f00000| Untracked 
|  15|0x00000000a0f00000, 0x00000000a1000000, 0x00000000a1000000|100%| O|  |TAMS 0x00000000a1000000, 0x00000000a1000000| Untracked 
|  16|0x00000000a1000000, 0x00000000a1100000, 0x00000000a1100000|100%| O|  |TAMS 0x00000000a1100000, 0x00000000a1100000| Untracked 
|  17|0x00000000a1100000, 0x00000000a1200000, 0x00000000a1200000|100%| O|  |TAMS 0x00000000a1200000, 0x00000000a1200000| Untracked 
|  18|0x00000000a1200000, 0x00000000a1300000, 0x00000000a1300000|100%| O|  |TAMS 0x00000000a1300000, 0x00000000a1300000| Untracked 
|  19|0x00000000a1300000, 0x00000000a1400000, 0x00000000a1400000|100%| O|  |TAMS 0x00000000a1400000, 0x00000000a1400000| Untracked 
|  20|0x00000000a1400000, 0x00000000a1500000, 0x00000000a1500000|100%| O|  |TAMS 0x00000000a1500000, 0x00000000a1500000| Untracked 
|  21|0x00000000a1500000, 0x00000000a1600000, 0x00000000a1600000|100%| O|  |TAMS 0x00000000a1600000, 0x00000000a1600000| Untracked 
|  22|0x00000000a1600000, 0x00000000a1700000, 0x00000000a1700000|100%| O|  |TAMS 0x00000000a1700000, 0x00000000a1700000| Untracked 
|  23|0x00000000a1700000, 0x00000000a1800000, 0x00000000a1800000|100%| O|  |TAMS 0x00000000a1800000, 0x00000000a1800000| Untracked 
|  24|0x00000000a1800000, 0x00000000a1900000, 0x00000000a1900000|100%| O|  |TAMS 0x00000000a1900000, 0x00000000a1900000| Untracked 
|  25|0x00000000a1900000, 0x00000000a1a00000, 0x00000000a1a00000|100%| O|  |TAMS 0x00000000a1a00000, 0x00000000a1a00000| Untracked 
|  26|0x00000000a1a00000, 0x00000000a1b00000, 0x00000000a1b00000|100%| O|  |TAMS 0x00000000a1b00000, 0x00000000a1b00000| Untracked 
|  27|0x00000000a1b00000, 0x00000000a1c00000, 0x00000000a1c00000|100%| O|  |TAMS 0x00000000a1c00000, 0x00000000a1c00000| Untracked 
|  28|0x00000000a1c00000, 0x00000000a1d00000, 0x00000000a1d00000|100%| O|  |TAMS 0x00000000a1d00000, 0x00000000a1d00000| Untracked 
|  29|0x00000000a1d00000, 0x00000000a1e00000, 0x00000000a1e00000|100%| O|  |TAMS 0x00000000a1e00000, 0x00000000a1e00000| Untracked 
|  30|0x00000000a1e00000, 0x00000000a1f00000, 0x00000000a1f00000|100%| O|  |TAMS 0x00000000a1f00000, 0x00000000a1f00000| Untracked 
|  31|0x00000000a1f00000, 0x00000000a2000000, 0x00000000a2000000|100%| O|  |TAMS 0x00000000a2000000, 0x00000000a2000000| Untracked 
|  32|0x00000000a2000000, 0x00000000a2100000, 0x00000000a2100000|100%| O|  |TAMS 0x00000000a2100000, 0x00000000a2100000| Untracked 
|  33|0x00000000a2100000, 0x00000000a2200000, 0x00000000a2200000|100%|HS|  |TAMS 0x00000000a2200000, 0x00000000a2200000| Complete 
|  34|0x00000000a2200000, 0x00000000a2300000, 0x00000000a2300000|100%|HS|  |TAMS 0x00000000a2300000, 0x00000000a2300000| Complete 
|  35|0x00000000a2300000, 0x00000000a2400000, 0x00000000a2400000|100%|HS|  |TAMS 0x00000000a2400000, 0x00000000a2400000| Complete 
|  36|0x00000000a2400000, 0x00000000a2500000, 0x00000000a2500000|100%| O|  |TAMS 0x00000000a2500000, 0x00000000a2500000| Untracked 
|  37|0x00000000a2500000, 0x00000000a2600000, 0x00000000a2600000|100%| O|  |TAMS 0x00000000a2600000, 0x00000000a2600000| Untracked 
|  38|0x00000000a2600000, 0x00000000a2700000, 0x00000000a2700000|100%|HS|  |TAMS 0x00000000a2700000, 0x00000000a2700000| Complete 
|  39|0x00000000a2700000, 0x00000000a2800000, 0x00000000a2800000|100%|HC|  |TAMS 0x00000000a2800000, 0x00000000a2800000| Complete 
|  40|0x00000000a2800000, 0x00000000a2900000, 0x00000000a2900000|100%|HC|  |TAMS 0x00000000a2900000, 0x00000000a2900000| Complete 
|  41|0x00000000a2900000, 0x00000000a2a00000, 0x00000000a2a00000|100%|HC|  |TAMS 0x00000000a2a00000, 0x00000000a2a00000| Complete 
|  42|0x00000000a2a00000, 0x00000000a2b00000, 0x00000000a2b00000|100%| O|  |TAMS 0x00000000a2b00000, 0x00000000a2b00000| Untracked 
|  43|0x00000000a2b00000, 0x00000000a2c00000, 0x00000000a2c00000|100%| O|  |TAMS 0x00000000a2c00000, 0x00000000a2c00000| Untracked 
|  44|0x00000000a2c00000, 0x00000000a2d00000, 0x00000000a2d00000|100%| O|  |TAMS 0x00000000a2d00000, 0x00000000a2d00000| Untracked 
|  45|0x00000000a2d00000, 0x00000000a2e00000, 0x00000000a2e00000|100%|HS|  |TAMS 0x00000000a2e00000, 0x00000000a2e00000| Complete 
|  46|0x00000000a2e00000, 0x00000000a2f00000, 0x00000000a2f00000|100%|HC|  |TAMS 0x00000000a2f00000, 0x00000000a2f00000| Complete 
|  47|0x00000000a2f00000, 0x00000000a3000000, 0x00000000a3000000|100%| O|  |TAMS 0x00000000a3000000, 0x00000000a3000000| Untracked 
|  48|0x00000000a3000000, 0x00000000a3100000, 0x00000000a3100000|100%| O|  |TAMS 0x00000000a3100000, 0x00000000a3100000| Untracked 
|  49|0x00000000a3100000, 0x00000000a3200000, 0x00000000a3200000|100%| O|  |TAMS 0x00000000a3200000, 0x00000000a3200000| Untracked 
|  50|0x00000000a3200000, 0x00000000a3300000, 0x00000000a3300000|100%| O|  |TAMS 0x00000000a3300000, 0x00000000a3300000| Untracked 
|  51|0x00000000a3300000, 0x00000000a3400000, 0x00000000a3400000|100%| O|  |TAMS 0x00000000a3400000, 0x00000000a3400000| Untracked 
|  52|0x00000000a3400000, 0x00000000a3500000, 0x00000000a3500000|100%| O|  |TAMS 0x00000000a3500000, 0x00000000a3500000| Untracked 
|  53|0x00000000a3500000, 0x00000000a3600000, 0x00000000a3600000|100%| O|  |TAMS 0x00000000a3600000, 0x00000000a3600000| Untracked 
|  54|0x00000000a3600000, 0x00000000a3700000, 0x00000000a3700000|100%| O|  |TAMS 0x00000000a3700000, 0x00000000a3700000| Untracked 
|  55|0x00000000a3700000, 0x00000000a3800000, 0x00000000a3800000|100%| O|  |TAMS 0x00000000a3800000, 0x00000000a3800000| Untracked 
|  56|0x00000000a3800000, 0x00000000a3900000, 0x00000000a3900000|100%| O|  |TAMS 0x00000000a3900000, 0x00000000a3900000| Untracked 
|  57|0x00000000a3900000, 0x00000000a3a00000, 0x00000000a3a00000|100%| O|  |TAMS 0x00000000a3a00000, 0x00000000a3a00000| Untracked 
|  58|0x00000000a3a00000, 0x00000000a3b00000, 0x00000000a3b00000|100%|HS|  |TAMS 0x00000000a3b00000, 0x00000000a3b00000| Complete 
|  59|0x00000000a3b00000, 0x00000000a3c00000, 0x00000000a3c00000|100%|HS|  |TAMS 0x00000000a3c00000, 0x00000000a3c00000| Complete 
|  60|0x00000000a3c00000, 0x00000000a3d00000, 0x00000000a3d00000|100%| O|  |TAMS 0x00000000a3d00000, 0x00000000a3d00000| Untracked 
|  61|0x00000000a3d00000, 0x00000000a3e00000, 0x00000000a3e00000|100%| O|  |TAMS 0x00000000a3d00000, 0x00000000a3e00000| Untracked 
|  62|0x00000000a3e00000, 0x00000000a3f00000, 0x00000000a3f00000|100%| O|  |TAMS 0x00000000a3f00000, 0x00000000a3f00000| Untracked 
|  63|0x00000000a3f00000, 0x00000000a4000000, 0x00000000a4000000|100%| O|  |TAMS 0x00000000a4000000, 0x00000000a4000000| Untracked 
|  64|0x00000000a4000000, 0x00000000a4100000, 0x00000000a4100000|100%| O|  |TAMS 0x00000000a4100000, 0x00000000a4100000| Untracked 
|  65|0x00000000a4100000, 0x00000000a4200000, 0x00000000a4200000|100%| O|  |TAMS 0x00000000a4200000, 0x00000000a4200000| Untracked 
|  66|0x00000000a4200000, 0x00000000a4300000, 0x00000000a4300000|100%| O|  |TAMS 0x00000000a4300000, 0x00000000a4300000| Untracked 
|  67|0x00000000a4300000, 0x00000000a4400000, 0x00000000a4400000|100%| O|  |TAMS 0x00000000a4400000, 0x00000000a4400000| Untracked 
|  68|0x00000000a4400000, 0x00000000a4500000, 0x00000000a4500000|100%| O|  |TAMS 0x00000000a4500000, 0x00000000a4500000| Untracked 
|  69|0x00000000a4500000, 0x00000000a4600000, 0x00000000a4600000|100%| O|  |TAMS 0x00000000a4600000, 0x00000000a4600000| Untracked 
|  70|0x00000000a4600000, 0x00000000a4700000, 0x00000000a4700000|100%| O|  |TAMS 0x00000000a4700000, 0x00000000a4700000| Untracked 
|  71|0x00000000a4700000, 0x00000000a4800000, 0x00000000a4800000|100%| O|  |TAMS 0x00000000a4800000, 0x00000000a4800000| Untracked 
|  72|0x00000000a4800000, 0x00000000a4900000, 0x00000000a4900000|100%| O|  |TAMS 0x00000000a4900000, 0x00000000a4900000| Untracked 
|  73|0x00000000a4900000, 0x00000000a4a00000, 0x00000000a4a00000|100%| O|  |TAMS 0x00000000a4a00000, 0x00000000a4a00000| Untracked 
|  74|0x00000000a4a00000, 0x00000000a4b00000, 0x00000000a4b00000|100%| O|  |TAMS 0x00000000a4b00000, 0x00000000a4b00000| Untracked 
|  75|0x00000000a4b00000, 0x00000000a4c00000, 0x00000000a4c00000|100%| O|  |TAMS 0x00000000a4c00000, 0x00000000a4c00000| Untracked 
|  76|0x00000000a4c00000, 0x00000000a4d00000, 0x00000000a4d00000|100%| O|  |TAMS 0x00000000a4d00000, 0x00000000a4d00000| Untracked 
|  77|0x00000000a4d00000, 0x00000000a4e00000, 0x00000000a4e00000|100%| O|  |TAMS 0x00000000a4e00000, 0x00000000a4e00000| Untracked 
|  78|0x00000000a4e00000, 0x00000000a4f00000, 0x00000000a4f00000|100%| O|  |TAMS 0x00000000a4f00000, 0x00000000a4f00000| Untracked 
|  79|0x00000000a4f00000, 0x00000000a5000000, 0x00000000a5000000|100%| O|  |TAMS 0x00000000a5000000, 0x00000000a5000000| Untracked 
|  80|0x00000000a5000000, 0x00000000a5100000, 0x00000000a5100000|100%| O|  |TAMS 0x00000000a5100000, 0x00000000a5100000| Untracked 
|  81|0x00000000a5100000, 0x00000000a5200000, 0x00000000a5200000|100%| O|  |TAMS 0x00000000a5200000, 0x00000000a5200000| Untracked 
|  82|0x00000000a5200000, 0x00000000a5300000, 0x00000000a5300000|100%|HS|  |TAMS 0x00000000a5300000, 0x00000000a5300000| Complete 
|  83|0x00000000a5300000, 0x00000000a5400000, 0x00000000a5400000|100%| O|  |TAMS 0x00000000a5400000, 0x00000000a5400000| Untracked 
|  84|0x00000000a5400000, 0x00000000a5500000, 0x00000000a5500000|100%| O|  |TAMS 0x00000000a5500000, 0x00000000a5500000| Untracked 
|  85|0x00000000a5500000, 0x00000000a5500000, 0x00000000a5600000|  0%| F|  |TAMS 0x00000000a5500000, 0x00000000a5500000| Untracked 
|  86|0x00000000a5600000, 0x00000000a5700000, 0x00000000a5700000|100%| O|  |TAMS 0x00000000a5700000, 0x00000000a5700000| Untracked 
|  87|0x00000000a5700000, 0x00000000a5800000, 0x00000000a5800000|100%| O|  |TAMS 0x00000000a5800000, 0x00000000a5800000| Untracked 
|  88|0x00000000a5800000, 0x00000000a5900000, 0x00000000a5900000|100%| O|  |TAMS 0x00000000a5900000, 0x00000000a5900000| Untracked 
|  89|0x00000000a5900000, 0x00000000a5a00000, 0x00000000a5a00000|100%| O|  |TAMS 0x00000000a5a00000, 0x00000000a5a00000| Untracked 
|  90|0x00000000a5a00000, 0x00000000a5b00000, 0x00000000a5b00000|100%| O|  |TAMS 0x00000000a5b00000, 0x00000000a5b00000| Untracked 
|  91|0x00000000a5b00000, 0x00000000a5c00000, 0x00000000a5c00000|100%| O|  |TAMS 0x00000000a5c00000, 0x00000000a5c00000| Untracked 
|  92|0x00000000a5c00000, 0x00000000a5d00000, 0x00000000a5d00000|100%| O|  |TAMS 0x00000000a5d00000, 0x00000000a5d00000| Untracked 
|  93|0x00000000a5d00000, 0x00000000a5e00000, 0x00000000a5e00000|100%| O|  |TAMS 0x00000000a5e00000, 0x00000000a5e00000| Untracked 
|  94|0x00000000a5e00000, 0x00000000a5f00000, 0x00000000a5f00000|100%| O|  |TAMS 0x00000000a5f00000, 0x00000000a5f00000| Untracked 
|  95|0x00000000a5f00000, 0x00000000a6000000, 0x00000000a6000000|100%| O|  |TAMS 0x00000000a6000000, 0x00000000a6000000| Untracked 
|  96|0x00000000a6000000, 0x00000000a6100000, 0x00000000a6100000|100%| O|  |TAMS 0x00000000a6100000, 0x00000000a6100000| Untracked 
|  97|0x00000000a6100000, 0x00000000a6200000, 0x00000000a6200000|100%| O|  |TAMS 0x00000000a6200000, 0x00000000a6200000| Untracked 
|  98|0x00000000a6200000, 0x00000000a6300000, 0x00000000a6300000|100%| O|  |TAMS 0x00000000a6300000, 0x00000000a6300000| Untracked 
|  99|0x00000000a6300000, 0x00000000a6400000, 0x00000000a6400000|100%| O|  |TAMS 0x00000000a6400000, 0x00000000a6400000| Untracked 
| 100|0x00000000a6400000, 0x00000000a6500000, 0x00000000a6500000|100%| O|  |TAMS 0x00000000a6500000, 0x00000000a6500000| Untracked 
| 101|0x00000000a6500000, 0x00000000a6600000, 0x00000000a6600000|100%| O|  |TAMS 0x00000000a6600000, 0x00000000a6600000| Untracked 
| 102|0x00000000a6600000, 0x00000000a6700000, 0x00000000a6700000|100%| O|  |TAMS 0x00000000a6700000, 0x00000000a6700000| Untracked 
| 103|0x00000000a6700000, 0x00000000a6800000, 0x00000000a6800000|100%| O|  |TAMS 0x00000000a6800000, 0x00000000a6800000| Untracked 
| 104|0x00000000a6800000, 0x00000000a6900000, 0x00000000a6900000|100%| O|  |TAMS 0x00000000a6900000, 0x00000000a6900000| Untracked 
| 105|0x00000000a6900000, 0x00000000a6a00000, 0x00000000a6a00000|100%| O|  |TAMS 0x00000000a6a00000, 0x00000000a6a00000| Untracked 
| 106|0x00000000a6a00000, 0x00000000a6b00000, 0x00000000a6b00000|100%| O|  |TAMS 0x00000000a6b00000, 0x00000000a6b00000| Untracked 
| 107|0x00000000a6b00000, 0x00000000a6c00000, 0x00000000a6c00000|100%| O|  |TAMS 0x00000000a6b9e200, 0x00000000a6c00000| Untracked 
| 108|0x00000000a6c00000, 0x00000000a6d00000, 0x00000000a6d00000|100%| O|  |TAMS 0x00000000a6c00000, 0x00000000a6d00000| Untracked 
| 109|0x00000000a6d00000, 0x00000000a6e00000, 0x00000000a6e00000|100%| O|  |TAMS 0x00000000a6d00000, 0x00000000a6e00000| Untracked 
| 110|0x00000000a6e00000, 0x00000000a6f00000, 0x00000000a6f00000|100%| O|  |TAMS 0x00000000a6e00000, 0x00000000a6f00000| Untracked 
| 111|0x00000000a6f00000, 0x00000000a7000000, 0x00000000a7000000|100%| O|  |TAMS 0x00000000a6f00000, 0x00000000a7000000| Untracked 
| 112|0x00000000a7000000, 0x00000000a7100000, 0x00000000a7100000|100%| O|  |TAMS 0x00000000a7000000, 0x00000000a7100000| Untracked 
| 113|0x00000000a7100000, 0x00000000a7200000, 0x00000000a7200000|100%| O|  |TAMS 0x00000000a7100000, 0x00000000a7200000| Untracked 
| 114|0x00000000a7200000, 0x00000000a7300000, 0x00000000a7300000|100%| O|  |TAMS 0x00000000a7200000, 0x00000000a7300000| Untracked 
| 115|0x00000000a7300000, 0x00000000a7400000, 0x00000000a7400000|100%| O|  |TAMS 0x00000000a7300000, 0x00000000a7400000| Untracked 
| 116|0x00000000a7400000, 0x00000000a7500000, 0x00000000a7500000|100%| O|  |TAMS 0x00000000a7400000, 0x00000000a7500000| Untracked 
| 117|0x00000000a7500000, 0x00000000a7600000, 0x00000000a7600000|100%| O|  |TAMS 0x00000000a7500000, 0x00000000a7600000| Untracked 
| 118|0x00000000a7600000, 0x00000000a7700000, 0x00000000a7700000|100%| O|  |TAMS 0x00000000a7600000, 0x00000000a7700000| Untracked 
| 119|0x00000000a7700000, 0x00000000a7800000, 0x00000000a7800000|100%| O|  |TAMS 0x00000000a7700000, 0x00000000a7800000| Untracked 
| 120|0x00000000a7800000, 0x00000000a7900000, 0x00000000a7900000|100%| O|  |TAMS 0x00000000a7800000, 0x00000000a7900000| Untracked 
| 121|0x00000000a7900000, 0x00000000a795b600, 0x00000000a7a00000| 35%| O|  |TAMS 0x00000000a7900000, 0x00000000a795b600| Untracked 
| 122|0x00000000a7a00000, 0x00000000a7a00000, 0x00000000a7b00000|  0%| F|  |TAMS 0x00000000a7a00000, 0x00000000a7a00000| Untracked 
| 123|0x00000000a7b00000, 0x00000000a7b00000, 0x00000000a7c00000|  0%| F|  |TAMS 0x00000000a7b00000, 0x00000000a7b00000| Untracked 
| 124|0x00000000a7c00000, 0x00000000a7c00000, 0x00000000a7d00000|  0%| F|  |TAMS 0x00000000a7c00000, 0x00000000a7c00000| Untracked 
| 125|0x00000000a7d00000, 0x00000000a7d00000, 0x00000000a7e00000|  0%| F|  |TAMS 0x00000000a7d00000, 0x00000000a7d00000| Untracked 
| 126|0x00000000a7e00000, 0x00000000a7e00000, 0x00000000a7f00000|  0%| F|  |TAMS 0x00000000a7e00000, 0x00000000a7e00000| Untracked 
| 127|0x00000000a7f00000, 0x00000000a7f00000, 0x00000000a8000000|  0%| F|  |TAMS 0x00000000a7f00000, 0x00000000a7f00000| Untracked 
| 128|0x00000000a8000000, 0x00000000a8000000, 0x00000000a8100000|  0%| F|  |TAMS 0x00000000a8000000, 0x00000000a8000000| Untracked 
| 129|0x00000000a8100000, 0x00000000a8100000, 0x00000000a8200000|  0%| F|  |TAMS 0x00000000a8100000, 0x00000000a8100000| Untracked 
| 130|0x00000000a8200000, 0x00000000a8200000, 0x00000000a8300000|  0%| F|  |TAMS 0x00000000a8200000, 0x00000000a8200000| Untracked 
| 131|0x00000000a8300000, 0x00000000a8300000, 0x00000000a8400000|  0%| F|  |TAMS 0x00000000a8300000, 0x00000000a8300000| Untracked 
| 132|0x00000000a8400000, 0x00000000a8400000, 0x00000000a8500000|  0%| F|  |TAMS 0x00000000a8400000, 0x00000000a8400000| Untracked 
| 133|0x00000000a8500000, 0x00000000a8500000, 0x00000000a8600000|  0%| F|  |TAMS 0x00000000a8500000, 0x00000000a8500000| Untracked 
| 134|0x00000000a8600000, 0x00000000a8600000, 0x00000000a8700000|  0%| F|  |TAMS 0x00000000a8600000, 0x00000000a8600000| Untracked 
| 135|0x00000000a8700000, 0x00000000a8700000, 0x00000000a8800000|  0%| F|  |TAMS 0x00000000a8700000, 0x00000000a8700000| Untracked 
| 136|0x00000000a8800000, 0x00000000a8800000, 0x00000000a8900000|  0%| F|  |TAMS 0x00000000a8800000, 0x00000000a8800000| Untracked 
| 137|0x00000000a8900000, 0x00000000a8900000, 0x00000000a8a00000|  0%| F|  |TAMS 0x00000000a8900000, 0x00000000a8900000| Untracked 
| 138|0x00000000a8a00000, 0x00000000a8a00000, 0x00000000a8b00000|  0%| F|  |TAMS 0x00000000a8a00000, 0x00000000a8a00000| Untracked 
| 139|0x00000000a8b00000, 0x00000000a8b00000, 0x00000000a8c00000|  0%| F|  |TAMS 0x00000000a8b00000, 0x00000000a8b00000| Untracked 
| 140|0x00000000a8c00000, 0x00000000a8c00000, 0x00000000a8d00000|  0%| F|  |TAMS 0x00000000a8c00000, 0x00000000a8c00000| Untracked 
| 141|0x00000000a8d00000, 0x00000000a8d00000, 0x00000000a8e00000|  0%| F|  |TAMS 0x00000000a8d00000, 0x00000000a8d00000| Untracked 
| 142|0x00000000a8e00000, 0x00000000a8e00000, 0x00000000a8f00000|  0%| F|  |TAMS 0x00000000a8e00000, 0x00000000a8e00000| Untracked 
| 143|0x00000000a8f00000, 0x00000000a8f00000, 0x00000000a9000000|  0%| F|  |TAMS 0x00000000a8f00000, 0x00000000a8f00000| Untracked 
| 144|0x00000000a9000000, 0x00000000a9000000, 0x00000000a9100000|  0%| F|  |TAMS 0x00000000a9000000, 0x00000000a9000000| Untracked 
| 145|0x00000000a9100000, 0x00000000a9100000, 0x00000000a9200000|  0%| F|  |TAMS 0x00000000a9100000, 0x00000000a9100000| Untracked 
| 146|0x00000000a9200000, 0x00000000a9200000, 0x00000000a9300000|  0%| F|  |TAMS 0x00000000a9200000, 0x00000000a9200000| Untracked 
| 147|0x00000000a9300000, 0x00000000a9300000, 0x00000000a9400000|  0%| F|  |TAMS 0x00000000a9300000, 0x00000000a9300000| Untracked 
| 148|0x00000000a9400000, 0x00000000a9400000, 0x00000000a9500000|  0%| F|  |TAMS 0x00000000a9400000, 0x00000000a9400000| Untracked 
| 149|0x00000000a9500000, 0x00000000a9500000, 0x00000000a9600000|  0%| F|  |TAMS 0x00000000a9500000, 0x00000000a9500000| Untracked 
| 150|0x00000000a9600000, 0x00000000a9600000, 0x00000000a9700000|  0%| F|  |TAMS 0x00000000a9600000, 0x00000000a9600000| Untracked 
| 151|0x00000000a9700000, 0x00000000a9700000, 0x00000000a9800000|  0%| F|  |TAMS 0x00000000a9700000, 0x00000000a9700000| Untracked 
| 152|0x00000000a9800000, 0x00000000a9800000, 0x00000000a9900000|  0%| F|  |TAMS 0x00000000a9800000, 0x00000000a9800000| Untracked 
| 153|0x00000000a9900000, 0x00000000a9900000, 0x00000000a9a00000|  0%| F|  |TAMS 0x00000000a9900000, 0x00000000a9900000| Untracked 
| 154|0x00000000a9a00000, 0x00000000a9a00000, 0x00000000a9b00000|  0%| F|  |TAMS 0x00000000a9a00000, 0x00000000a9a00000| Untracked 
| 155|0x00000000a9b00000, 0x00000000a9b00000, 0x00000000a9c00000|  0%| F|  |TAMS 0x00000000a9b00000, 0x00000000a9b00000| Untracked 
| 156|0x00000000a9c00000, 0x00000000a9c00000, 0x00000000a9d00000|  0%| F|  |TAMS 0x00000000a9c00000, 0x00000000a9c00000| Untracked 
| 157|0x00000000a9d00000, 0x00000000a9d00000, 0x00000000a9e00000|  0%| F|  |TAMS 0x00000000a9d00000, 0x00000000a9d00000| Untracked 
| 158|0x00000000a9e00000, 0x00000000a9e00000, 0x00000000a9f00000|  0%| F|  |TAMS 0x00000000a9e00000, 0x00000000a9e00000| Untracked 
| 159|0x00000000a9f00000, 0x00000000a9f00000, 0x00000000aa000000|  0%| F|  |TAMS 0x00000000a9f00000, 0x00000000a9f00000| Untracked 
| 160|0x00000000aa000000, 0x00000000aa000000, 0x00000000aa100000|  0%| F|  |TAMS 0x00000000aa000000, 0x00000000aa000000| Untracked 
| 161|0x00000000aa100000, 0x00000000aa100000, 0x00000000aa200000|  0%| F|  |TAMS 0x00000000aa100000, 0x00000000aa100000| Untracked 
| 162|0x00000000aa200000, 0x00000000aa200000, 0x00000000aa300000|  0%| F|  |TAMS 0x00000000aa200000, 0x00000000aa200000| Untracked 
| 163|0x00000000aa300000, 0x00000000aa300000, 0x00000000aa400000|  0%| F|  |TAMS 0x00000000aa300000, 0x00000000aa300000| Untracked 
| 164|0x00000000aa400000, 0x00000000aa400000, 0x00000000aa500000|  0%| F|  |TAMS 0x00000000aa400000, 0x00000000aa400000| Untracked 
| 165|0x00000000aa500000, 0x00000000aa500000, 0x00000000aa600000|  0%| F|  |TAMS 0x00000000aa500000, 0x00000000aa500000| Untracked 
| 166|0x00000000aa600000, 0x00000000aa600000, 0x00000000aa700000|  0%| F|  |TAMS 0x00000000aa600000, 0x00000000aa600000| Untracked 
| 167|0x00000000aa700000, 0x00000000aa700000, 0x00000000aa800000|  0%| F|  |TAMS 0x00000000aa700000, 0x00000000aa700000| Untracked 
| 168|0x00000000aa800000, 0x00000000aa800000, 0x00000000aa900000|  0%| F|  |TAMS 0x00000000aa800000, 0x00000000aa800000| Untracked 
| 169|0x00000000aa900000, 0x00000000aa968220, 0x00000000aaa00000| 40%| S|CS|TAMS 0x00000000aa900000, 0x00000000aa900000| Complete 
| 170|0x00000000aaa00000, 0x00000000aab00000, 0x00000000aab00000|100%| S|CS|TAMS 0x00000000aaa00000, 0x00000000aaa00000| Complete 
| 171|0x00000000aab00000, 0x00000000aac00000, 0x00000000aac00000|100%| S|CS|TAMS 0x00000000aab00000, 0x00000000aab00000| Complete 
| 172|0x00000000aac00000, 0x00000000aad00000, 0x00000000aad00000|100%| S|CS|TAMS 0x00000000aac00000, 0x00000000aac00000| Complete 
| 173|0x00000000aad00000, 0x00000000aae00000, 0x00000000aae00000|100%| S|CS|TAMS 0x00000000aad00000, 0x00000000aad00000| Complete 
| 174|0x00000000aae00000, 0x00000000aaf00000, 0x00000000aaf00000|100%| S|CS|TAMS 0x00000000aae00000, 0x00000000aae00000| Complete 
| 175|0x00000000aaf00000, 0x00000000aaf00000, 0x00000000ab000000|  0%| F|  |TAMS 0x00000000aaf00000, 0x00000000aaf00000| Untracked 
| 176|0x00000000ab000000, 0x00000000ab000000, 0x00000000ab100000|  0%| F|  |TAMS 0x00000000ab000000, 0x00000000ab000000| Untracked 
| 177|0x00000000ab100000, 0x00000000ab100000, 0x00000000ab200000|  0%| F|  |TAMS 0x00000000ab100000, 0x00000000ab100000| Untracked 
| 178|0x00000000ab200000, 0x00000000ab200000, 0x00000000ab300000|  0%| F|  |TAMS 0x00000000ab200000, 0x00000000ab200000| Untracked 
| 179|0x00000000ab300000, 0x00000000ab300000, 0x00000000ab400000|  0%| F|  |TAMS 0x00000000ab300000, 0x00000000ab300000| Untracked 
| 180|0x00000000ab400000, 0x00000000ab400000, 0x00000000ab500000|  0%| F|  |TAMS 0x00000000ab400000, 0x00000000ab400000| Untracked 
| 181|0x00000000ab500000, 0x00000000ab500000, 0x00000000ab600000|  0%| F|  |TAMS 0x00000000ab500000, 0x00000000ab500000| Untracked 
| 182|0x00000000ab600000, 0x00000000ab600000, 0x00000000ab700000|  0%| F|  |TAMS 0x00000000ab600000, 0x00000000ab600000| Untracked 
| 183|0x00000000ab700000, 0x00000000ab700000, 0x00000000ab800000|  0%| F|  |TAMS 0x00000000ab700000, 0x00000000ab700000| Untracked 
| 184|0x00000000ab800000, 0x00000000ab800000, 0x00000000ab900000|  0%| F|  |TAMS 0x00000000ab800000, 0x00000000ab800000| Untracked 
| 185|0x00000000ab900000, 0x00000000ab900000, 0x00000000aba00000|  0%| F|  |TAMS 0x00000000ab900000, 0x00000000ab900000| Untracked 
| 186|0x00000000aba00000, 0x00000000aba00000, 0x00000000abb00000|  0%| F|  |TAMS 0x00000000aba00000, 0x00000000aba00000| Untracked 
| 187|0x00000000abb00000, 0x00000000abb00000, 0x00000000abc00000|  0%| F|  |TAMS 0x00000000abb00000, 0x00000000abb00000| Untracked 
| 188|0x00000000abc00000, 0x00000000abc00000, 0x00000000abd00000|  0%| F|  |TAMS 0x00000000abc00000, 0x00000000abc00000| Untracked 
| 189|0x00000000abd00000, 0x00000000abd00000, 0x00000000abe00000|  0%| F|  |TAMS 0x00000000abd00000, 0x00000000abd00000| Untracked 
| 190|0x00000000abe00000, 0x00000000abe00000, 0x00000000abf00000|  0%| F|  |TAMS 0x00000000abe00000, 0x00000000abe00000| Untracked 
| 191|0x00000000abf00000, 0x00000000abf00000, 0x00000000ac000000|  0%| F|  |TAMS 0x00000000abf00000, 0x00000000abf00000| Untracked 
| 192|0x00000000ac000000, 0x00000000ac000000, 0x00000000ac100000|  0%| F|  |TAMS 0x00000000ac000000, 0x00000000ac000000| Untracked 
| 193|0x00000000ac100000, 0x00000000ac100000, 0x00000000ac200000|  0%| F|  |TAMS 0x00000000ac100000, 0x00000000ac100000| Untracked 
| 194|0x00000000ac200000, 0x00000000ac200000, 0x00000000ac300000|  0%| F|  |TAMS 0x00000000ac200000, 0x00000000ac200000| Untracked 
| 195|0x00000000ac300000, 0x00000000ac300000, 0x00000000ac400000|  0%| F|  |TAMS 0x00000000ac300000, 0x00000000ac300000| Untracked 
| 196|0x00000000ac400000, 0x00000000ac400000, 0x00000000ac500000|  0%| F|  |TAMS 0x00000000ac400000, 0x00000000ac400000| Untracked 
| 197|0x00000000ac500000, 0x00000000ac500000, 0x00000000ac600000|  0%| F|  |TAMS 0x00000000ac500000, 0x00000000ac500000| Untracked 
| 198|0x00000000ac600000, 0x00000000ac600000, 0x00000000ac700000|  0%| F|  |TAMS 0x00000000ac600000, 0x00000000ac600000| Untracked 
| 199|0x00000000ac700000, 0x00000000ac700000, 0x00000000ac800000|  0%| F|  |TAMS 0x00000000ac700000, 0x00000000ac700000| Untracked 
| 200|0x00000000ac800000, 0x00000000ac800000, 0x00000000ac900000|  0%| F|  |TAMS 0x00000000ac800000, 0x00000000ac800000| Untracked 
| 201|0x00000000ac900000, 0x00000000ac900000, 0x00000000aca00000|  0%| F|  |TAMS 0x00000000ac900000, 0x00000000ac900000| Untracked 
| 202|0x00000000aca00000, 0x00000000aca00000, 0x00000000acb00000|  0%| F|  |TAMS 0x00000000aca00000, 0x00000000aca00000| Untracked 
| 203|0x00000000acb00000, 0x00000000acb00000, 0x00000000acc00000|  0%| F|  |TAMS 0x00000000acb00000, 0x00000000acb00000| Untracked 
| 204|0x00000000acc00000, 0x00000000acc00000, 0x00000000acd00000|  0%| F|  |TAMS 0x00000000acc00000, 0x00000000acc00000| Untracked 
| 205|0x00000000acd00000, 0x00000000acd00000, 0x00000000ace00000|  0%| F|  |TAMS 0x00000000acd00000, 0x00000000acd00000| Untracked 
| 206|0x00000000ace00000, 0x00000000ace00000, 0x00000000acf00000|  0%| F|  |TAMS 0x00000000ace00000, 0x00000000ace00000| Untracked 
| 207|0x00000000acf00000, 0x00000000acf00000, 0x00000000ad000000|  0%| F|  |TAMS 0x00000000acf00000, 0x00000000acf00000| Untracked 
| 208|0x00000000ad000000, 0x00000000ad000000, 0x00000000ad100000|  0%| F|  |TAMS 0x00000000ad000000, 0x00000000ad000000| Untracked 
| 209|0x00000000ad100000, 0x00000000ad100000, 0x00000000ad200000|  0%| F|  |TAMS 0x00000000ad100000, 0x00000000ad100000| Untracked 
| 210|0x00000000ad200000, 0x00000000ad200000, 0x00000000ad300000|  0%| F|  |TAMS 0x00000000ad200000, 0x00000000ad200000| Untracked 
| 211|0x00000000ad300000, 0x00000000ad300000, 0x00000000ad400000|  0%| F|  |TAMS 0x00000000ad300000, 0x00000000ad300000| Untracked 
| 212|0x00000000ad400000, 0x00000000ad400000, 0x00000000ad500000|  0%| F|  |TAMS 0x00000000ad400000, 0x00000000ad400000| Untracked 
| 213|0x00000000ad500000, 0x00000000ad500000, 0x00000000ad600000|  0%| F|  |TAMS 0x00000000ad500000, 0x00000000ad500000| Untracked 
| 214|0x00000000ad600000, 0x00000000ad600000, 0x00000000ad700000|  0%| F|  |TAMS 0x00000000ad600000, 0x00000000ad600000| Untracked 
| 215|0x00000000ad700000, 0x00000000ad700000, 0x00000000ad800000|  0%| F|  |TAMS 0x00000000ad700000, 0x00000000ad700000| Untracked 
| 216|0x00000000ad800000, 0x00000000ad800000, 0x00000000ad900000|  0%| F|  |TAMS 0x00000000ad800000, 0x00000000ad800000| Untracked 
| 217|0x00000000ad900000, 0x00000000ad900000, 0x00000000ada00000|  0%| F|  |TAMS 0x00000000ad900000, 0x00000000ad900000| Untracked 
| 218|0x00000000ada00000, 0x00000000ada00000, 0x00000000adb00000|  0%| F|  |TAMS 0x00000000ada00000, 0x00000000ada00000| Untracked 
| 219|0x00000000adb00000, 0x00000000adb00000, 0x00000000adc00000|  0%| F|  |TAMS 0x00000000adb00000, 0x00000000adb00000| Untracked 
| 220|0x00000000adc00000, 0x00000000adc00000, 0x00000000add00000|  0%| F|  |TAMS 0x00000000adc00000, 0x00000000adc00000| Untracked 
| 221|0x00000000add00000, 0x00000000add00000, 0x00000000ade00000|  0%| F|  |TAMS 0x00000000add00000, 0x00000000add00000| Untracked 
| 222|0x00000000ade00000, 0x00000000ade00000, 0x00000000adf00000|  0%| F|  |TAMS 0x00000000ade00000, 0x00000000ade00000| Untracked 
| 223|0x00000000adf00000, 0x00000000adf00000, 0x00000000ae000000|  0%| F|  |TAMS 0x00000000adf00000, 0x00000000adf00000| Untracked 
| 224|0x00000000ae000000, 0x00000000ae000000, 0x00000000ae100000|  0%| F|  |TAMS 0x00000000ae000000, 0x00000000ae000000| Untracked 
| 225|0x00000000ae100000, 0x00000000ae100000, 0x00000000ae200000|  0%| F|  |TAMS 0x00000000ae100000, 0x00000000ae100000| Untracked 
| 226|0x00000000ae200000, 0x00000000ae200000, 0x00000000ae300000|  0%| F|  |TAMS 0x00000000ae200000, 0x00000000ae200000| Untracked 
| 227|0x00000000ae300000, 0x00000000ae300000, 0x00000000ae400000|  0%| F|  |TAMS 0x00000000ae300000, 0x00000000ae300000| Untracked 
| 228|0x00000000ae400000, 0x00000000ae400000, 0x00000000ae500000|  0%| F|  |TAMS 0x00000000ae400000, 0x00000000ae400000| Untracked 
| 229|0x00000000ae500000, 0x00000000ae500000, 0x00000000ae600000|  0%| F|  |TAMS 0x00000000ae500000, 0x00000000ae500000| Untracked 
| 230|0x00000000ae600000, 0x00000000ae600000, 0x00000000ae700000|  0%| F|  |TAMS 0x00000000ae600000, 0x00000000ae600000| Untracked 
| 231|0x00000000ae700000, 0x00000000ae700000, 0x00000000ae800000|  0%| F|  |TAMS 0x00000000ae700000, 0x00000000ae700000| Untracked 
| 232|0x00000000ae800000, 0x00000000ae800000, 0x00000000ae900000|  0%| F|  |TAMS 0x00000000ae800000, 0x00000000ae800000| Untracked 
| 233|0x00000000ae900000, 0x00000000ae900000, 0x00000000aea00000|  0%| F|  |TAMS 0x00000000ae900000, 0x00000000ae900000| Untracked 
| 234|0x00000000aea00000, 0x00000000aea00000, 0x00000000aeb00000|  0%| F|  |TAMS 0x00000000aea00000, 0x00000000aea00000| Untracked 
| 235|0x00000000aeb00000, 0x00000000aeb00000, 0x00000000aec00000|  0%| F|  |TAMS 0x00000000aeb00000, 0x00000000aeb00000| Untracked 
| 236|0x00000000aec00000, 0x00000000aec00000, 0x00000000aed00000|  0%| F|  |TAMS 0x00000000aec00000, 0x00000000aec00000| Untracked 
| 237|0x00000000aed00000, 0x00000000aedeb3b0, 0x00000000aee00000| 91%| E|  |TAMS 0x00000000aed00000, 0x00000000aed00000| Complete 
| 238|0x00000000aee00000, 0x00000000aef00000, 0x00000000aef00000|100%| E|CS|TAMS 0x00000000aee00000, 0x00000000aee00000| Complete 

Card table byte_map: [0x00000243f7c60000,0x00000243f7f60000] _byte_map_base: 0x00000243f7760000

Marking Bits (Prev, Next): (CMBitMap*) 0x00000243f41ae380, (CMBitMap*) 0x00000243f41ae3c0
 Prev Bits: [0x00000243f8260000, 0x00000243f9a60000)
 Next Bits: [0x00000243f9a60000, 0x00000243fb260000)

Polling page: 0x00000243f2080000

Metaspace:

Usage:
  Non-class:     79.16 MB used.
      Class:     12.54 MB used.
       Both:     91.71 MB used.

Virtual space:
  Non-class space:       88.00 MB reserved,      79.69 MB ( 91%) committed,  11 nodes.
      Class space:        1.00 GB reserved,      12.94 MB (  1%) committed,  1 nodes.
             Both:        1.09 GB reserved,      92.62 MB (  8%) committed. 

Chunk freelists:
   Non-Class:  3.91 MB
       Class:  3.02 MB
        Both:  6.92 MB

MaxMetaspaceSize: unlimited
CompressedClassSpaceSize: 1.00 GB
Initial GC threshold: 21.00 MB
Current GC threshold: 150.56 MB
CDS: off
MetaspaceReclaimPolicy: balanced
 - commit_granule_bytes: 65536.
 - commit_granule_words: 8192.
 - virtual_space_node_default_size: 1048576.
 - enlarge_chunks_in_place: 1.
 - new_chunks_are_fully_committed: 0.
 - uncommit_free_chunks: 1.
 - use_allocation_guard: 0.
 - handle_deallocations: 1.


Internal statistics:

num_allocs_failed_limit: 6.
num_arena_births: 1182.
num_arena_deaths: 0.
num_vsnodes_births: 12.
num_vsnodes_deaths: 0.
num_space_committed: 1482.
num_space_uncommitted: 0.
num_chunks_returned_to_freelist: 6.
num_chunks_taken_from_freelist: 4884.
num_chunk_merges: 3.
num_chunk_splits: 3102.
num_chunks_enlarged: 1913.
num_purges: 0.
num_inconsistent_stats: 0.

CodeHeap 'non-profiled nmethods': size=120000Kb used=6961Kb max_used=6962Kb free=113039Kb
 bounds [0x0000024387ad0000, 0x00000243881a0000, 0x000002438f000000]
CodeHeap 'profiled nmethods': size=120000Kb used=21905Kb max_used=21905Kb free=98094Kb
 bounds [0x0000024380000000, 0x0000024381570000, 0x0000024387530000]
CodeHeap 'non-nmethods': size=5760Kb used=2387Kb max_used=2525Kb free=3372Kb
 bounds [0x0000024387530000, 0x00000243877b0000, 0x0000024387ad0000]
 total_blobs=12095 nmethods=11175 adapters=832
 compilation: enabled
              stopped_count=0, restarted_count=0
 full_count=0

Compilation events (20 events):
Event: 29.844 Thread 0x00000243fe843180 12754       3       com.google.common.collect.Platform::preservesInsertionOrderOnPutsMap (4 bytes)
Event: 29.857 Thread 0x00000243fe843180 nmethod 12754 0x000002438155c690 code [0x000002438155c840, 0x000002438155cb78]
Event: 29.857 Thread 0x00000243fe843180 12755       3       com.google.common.collect.ImmutableListMultimap::builder (8 bytes)
Event: 29.858 Thread 0x00000243fe843180 nmethod 12755 0x000002438155cd10 code [0x000002438155cf00, 0x000002438155d458]
Event: 29.858 Thread 0x00000243fe843180 12757       3       com.google.common.collect.ImmutableMultimap$Builder::build (41 bytes)
Event: 29.859 Thread 0x00000243fe843180 nmethod 12757 0x000002438155d690 code [0x000002438155d900, 0x000002438155e668]
Event: 29.859 Thread 0x00000243fe843180 12763   !   3       java.util.concurrent.ConcurrentHashMap::replaceNode (437 bytes)
Event: 29.861 Thread 0x00000243fe843180 nmethod 12763 0x000002438155ea10 code [0x000002438155ed60, 0x00000243815605f8]
Event: 29.861 Thread 0x00000243fe843180 12758       3       com.google.common.collect.ImmutableListMultimap$Builder::build (8 bytes)
Event: 29.861 Thread 0x00000243fe843180 nmethod 12758 0x0000024381561310 code [0x00000243815614c0, 0x00000243815616e8]
Event: 29.862 Thread 0x00000243fe843180 12759       3       org.gradle.internal.snapshot.SnapshotUtil::getRootHashes (33 bytes)
Event: 29.862 Thread 0x00000243fe843180 nmethod 12759 0x0000024381561790 code [0x0000024381561a40, 0x0000024381562888]
Event: 29.862 Thread 0x00000243fe843180 12760       3       org.gradle.internal.snapshot.SnapshotUtil$$Lambda$626/0x00000001006a79f0::<init> (10 bytes)
Event: 29.863 Thread 0x00000243fe843180 nmethod 12760 0x0000024381562d90 code [0x0000024381562f20, 0x00000243815630d8]
Event: 29.863 Thread 0x00000243fe843180 12761       3       com.google.common.collect.ImmutableListMultimap$Builder::build (5 bytes)
Event: 29.863 Thread 0x00000243fe843180 nmethod 12761 0x0000024381563190 code [0x0000024381563340, 0x00000243815635c8]
Event: 29.863 Thread 0x00000243fe843180 12762       3       com.google.common.collect.ImmutableMultimap::entries (8 bytes)
Event: 29.863 Thread 0x00000243fe843180 nmethod 12762 0x0000024381563690 code [0x0000024381563880, 0x0000024381563f58]
Event: 29.864 Thread 0x00000243fe843180 12764       1       org.gradle.internal.execution.history.impl.DefaultOutputFilesRepository::access$000 (5 bytes)
Event: 29.864 Thread 0x00000243fe843180 nmethod 12764 0x0000024387da9f90 code [0x0000024387daa120, 0x0000024387daa1d8]

GC Heap History (20 events):
Event: 23.406 GC heap before
{Heap before GC invocations=57 (full 0):
 garbage-first heap   total 150528K, used 120165K [0x00000000a0000000, 0x0000000100000000)
  region size 1024K, 36 young (36864K), 2 survivors (2048K)
 Metaspace       used 81470K, committed 82176K, reserved 1122304K
  class space    used 11073K, committed 11392K, reserved 1048576K
}
Event: 23.412 GC heap after
{Heap after GC invocations=58 (full 0):
 garbage-first heap   total 150528K, used 92805K [0x00000000a0000000, 0x0000000100000000)
  region size 1024K, 5 young (5120K), 5 survivors (5120K)
 Metaspace       used 81470K, committed 82176K, reserved 1122304K
  class space    used 11073K, committed 11392K, reserved 1048576K
}
Event: 24.335 GC heap before
{Heap before GC invocations=58 (full 0):
 garbage-first heap   total 150528K, used 122501K [0x00000000a0000000, 0x0000000100000000)
  region size 1024K, 35 young (35840K), 5 survivors (5120K)
 Metaspace       used 81898K, committed 82752K, reserved 1122304K
  class space    used 11121K, committed 11456K, reserved 1048576K
}
Event: 24.345 GC heap after
{Heap after GC invocations=59 (full 0):
 garbage-first heap   total 150528K, used 97925K [0x00000000a0000000, 0x0000000100000000)
  region size 1024K, 5 young (5120K), 5 survivors (5120K)
 Metaspace       used 81898K, committed 82752K, reserved 1122304K
  class space    used 11121K, committed 11456K, reserved 1048576K
}
Event: 25.006 GC heap before
{Heap before GC invocations=60 (full 0):
 garbage-first heap   total 173056K, used 123525K [0x00000000a0000000, 0x0000000100000000)
  region size 1024K, 30 young (30720K), 5 survivors (5120K)
 Metaspace       used 82479K, committed 83328K, reserved 1122304K
  class space    used 11206K, committed 11584K, reserved 1048576K
}
Event: 25.015 GC heap after
{Heap after GC invocations=61 (full 0):
 garbage-first heap   total 173056K, used 102280K [0x00000000a0000000, 0x0000000100000000)
  region size 1024K, 4 young (4096K), 4 survivors (4096K)
 Metaspace       used 82479K, committed 83328K, reserved 1122304K
  class space    used 11206K, committed 11584K, reserved 1048576K
}
Event: 26.086 GC heap before
{Heap before GC invocations=61 (full 0):
 garbage-first heap   total 173056K, used 139144K [0x00000000a0000000, 0x0000000100000000)
  region size 1024K, 40 young (40960K), 4 survivors (4096K)
 Metaspace       used 86461K, committed 87296K, reserved 1130496K
  class space    used 11846K, committed 12224K, reserved 1048576K
}
Event: 26.094 GC heap after
{Heap after GC invocations=62 (full 0):
 garbage-first heap   total 173056K, used 106396K [0x00000000a0000000, 0x0000000100000000)
  region size 1024K, 4 young (4096K), 4 survivors (4096K)
 Metaspace       used 86461K, committed 87296K, reserved 1130496K
  class space    used 11846K, committed 12224K, reserved 1048576K
}
Event: 27.005 GC heap before
{Heap before GC invocations=63 (full 0):
 garbage-first heap   total 184320K, used 140188K [0x00000000a0000000, 0x0000000100000000)
  region size 1024K, 37 young (37888K), 4 survivors (4096K)
 Metaspace       used 90239K, committed 91072K, reserved 1130496K
  class space    used 12299K, committed 12672K, reserved 1048576K
}
Event: 27.014 GC heap after
{Heap after GC invocations=64 (full 0):
 garbage-first heap   total 184320K, used 109759K [0x00000000a0000000, 0x0000000100000000)
  region size 1024K, 4 young (4096K), 4 survivors (4096K)
 Metaspace       used 90239K, committed 91072K, reserved 1130496K
  class space    used 12299K, committed 12672K, reserved 1048576K
}
Event: 27.091 GC heap before
{Heap before GC invocations=64 (full 0):
 garbage-first heap   total 184320K, used 114879K [0x00000000a0000000, 0x0000000100000000)
  region size 1024K, 9 young (9216K), 4 survivors (4096K)
 Metaspace       used 90518K, committed 91392K, reserved 1130496K
  class space    used 12336K, committed 12736K, reserved 1048576K
}
Event: 27.096 GC heap after
{Heap after GC invocations=65 (full 0):
 garbage-first heap   total 184320K, used 109906K [0x00000000a0000000, 0x0000000100000000)
  region size 1024K, 1 young (1024K), 1 survivors (1024K)
 Metaspace       used 90518K, committed 91392K, reserved 1130496K
  class space    used 12336K, committed 12736K, reserved 1048576K
}
Event: 27.823 GC heap before
{Heap before GC invocations=65 (full 0):
 garbage-first heap   total 184320K, used 148818K [0x00000000a0000000, 0x0000000100000000)
  region size 1024K, 39 young (39936K), 1 survivors (1024K)
 Metaspace       used 91493K, committed 92416K, reserved 1130496K
  class space    used 12452K, committed 12864K, reserved 1048576K
}
Event: 27.835 GC heap after
{Heap after GC invocations=66 (full 0):
 garbage-first heap   total 184320K, used 119132K [0x00000000a0000000, 0x0000000100000000)
  region size 1024K, 5 young (5120K), 5 survivors (5120K)
 Metaspace       used 91493K, committed 92416K, reserved 1130496K
  class space    used 12452K, committed 12864K, reserved 1048576K
}
Event: 28.395 GC heap before
{Heap before GC invocations=67 (full 0):
 garbage-first heap   total 203776K, used 147804K [0x00000000a0000000, 0x0000000100000000)
  region size 1024K, 33 young (33792K), 5 survivors (5120K)
 Metaspace       used 92381K, committed 93376K, reserved 1130496K
  class space    used 12564K, committed 12992K, reserved 1048576K
}
Event: 28.403 GC heap after
{Heap after GC invocations=68 (full 0):
 garbage-first heap   total 203776K, used 123621K [0x00000000a0000000, 0x0000000100000000)
  region size 1024K, 4 young (4096K), 4 survivors (4096K)
 Metaspace       used 92381K, committed 93376K, reserved 1130496K
  class space    used 12564K, committed 12992K, reserved 1048576K
}
Event: 28.531 GC heap before
{Heap before GC invocations=68 (full 0):
 garbage-first heap   total 203776K, used 128741K [0x00000000a0000000, 0x0000000100000000)
  region size 1024K, 9 young (9216K), 4 survivors (4096K)
 Metaspace       used 92612K, committed 93568K, reserved 1130496K
  class space    used 12597K, committed 12992K, reserved 1048576K
}
Event: 28.538 GC heap after
{Heap after GC invocations=69 (full 0):
 garbage-first heap   total 244736K, used 124640K [0x00000000a0000000, 0x0000000100000000)
  region size 1024K, 2 young (2048K), 2 survivors (2048K)
 Metaspace       used 92612K, committed 93568K, reserved 1130496K
  class space    used 12597K, committed 12992K, reserved 1048576K
}
Event: 29.844 GC heap before
{Heap before GC invocations=69 (full 0):
 garbage-first heap   total 244736K, used 188128K [0x00000000a0000000, 0x0000000100000000)
  region size 1024K, 64 young (65536K), 2 survivors (2048K)
 Metaspace       used 93882K, committed 94848K, reserved 1138688K
  class space    used 12840K, committed 13248K, reserved 1048576K
}
Event: 29.857 GC heap after
{Heap after GC invocations=70 (full 0):
 garbage-first heap   total 244736K, used 128782K [0x00000000a0000000, 0x0000000100000000)
  region size 1024K, 6 young (6144K), 6 survivors (6144K)
 Metaspace       used 93882K, committed 94848K, reserved 1138688K
  class space    used 12840K, committed 13248K, reserved 1048576K
}

Dll operation events (2 events):
Event: 0.006 Loaded shared library D:\Android\Android Studio\jbr\bin\java.dll
Event: 0.587 Loaded shared library D:\Android\Android Studio\jbr\bin\verify.dll

Deoptimization events (20 events):
Event: 29.817 Thread 0x0000024399ae9a50 Uncommon trap: trap_request=0xffffffc6 fr.pc=0x0000024387e76e04 relative=0x0000000000000984
Event: 29.817 Thread 0x0000024399ae9a50 Uncommon trap: reason=bimorphic_or_optimized_type_check action=maybe_recompile pc=0x0000024387e76e04 method=com.google.common.collect.AbstractMapBasedMultimap$WrappedCollection.refreshIfEmpty()V @ 59 c2
Event: 29.817 Thread 0x0000024399ae9a50 DEOPT PACKING pc=0x0000024387e76e04 sp=0x000000824d3faf60
Event: 29.817 Thread 0x0000024399ae9a50 DEOPT UNPACKING pc=0x00000243875869a3 sp=0x000000824d3faf18 mode 2
Event: 29.817 Thread 0x0000024399ae9a50 Uncommon trap: trap_request=0xffffffc6 fr.pc=0x0000024388100824 relative=0x0000000000000a04
Event: 29.817 Thread 0x0000024399ae9a50 Uncommon trap: reason=bimorphic_or_optimized_type_check action=maybe_recompile pc=0x0000024388100824 method=com.google.common.collect.AbstractMapBasedMultimap.get(Ljava/lang/Object;)Ljava/util/Collection; @ 5 c2
Event: 29.817 Thread 0x0000024399ae9a50 DEOPT PACKING pc=0x0000024388100824 sp=0x000000824d3faf90
Event: 29.817 Thread 0x0000024399ae9a50 DEOPT UNPACKING pc=0x00000243875869a3 sp=0x000000824d3faee8 mode 2
Event: 29.817 Thread 0x0000024399ae9a50 Uncommon trap: trap_request=0xffffff45 fr.pc=0x00000243880a1ff8 relative=0x0000000000004f18
Event: 29.817 Thread 0x0000024399ae9a50 Uncommon trap: reason=unstable_if action=reinterpret pc=0x00000243880a1ff8 method=org.gradle.internal.operations.DefaultBuildOperationExecutor$ListenerAdapter.stop(Lorg/gradle/internal/operations/BuildOperationDescriptor;Lorg/gradle/internal/operations/Bu
Event: 29.817 Thread 0x0000024399ae9a50 DEOPT PACKING pc=0x00000243880a1ff8 sp=0x000000824d3fb250
Event: 29.817 Thread 0x0000024399ae9a50 DEOPT UNPACKING pc=0x00000243875869a3 sp=0x000000824d3fb020 mode 2
Event: 29.824 Thread 0x0000024399ae9a50 Uncommon trap: trap_request=0xffffff45 fr.pc=0x0000024388171d04 relative=0x00000000000009e4
Event: 29.824 Thread 0x0000024399ae9a50 Uncommon trap: reason=unstable_if action=reinterpret pc=0x0000024388171d04 method=org.gradle.internal.snapshot.VfsRelativePath.lengthOfCommonPrefix(Ljava/lang/String;Lorg/gradle/internal/snapshot/CaseSensitivity;)I @ 107 c2
Event: 29.824 Thread 0x0000024399ae9a50 DEOPT PACKING pc=0x0000024388171d04 sp=0x000000824d3fa6b0
Event: 29.824 Thread 0x0000024399ae9a50 DEOPT UNPACKING pc=0x00000243875869a3 sp=0x000000824d3fa638 mode 2
Event: 29.824 Thread 0x0000024399ae9a50 Uncommon trap: trap_request=0xffffff45 fr.pc=0x0000024388194294 relative=0x0000000000001134
Event: 29.824 Thread 0x0000024399ae9a50 Uncommon trap: reason=unstable_if action=reinterpret pc=0x0000024388194294 method=org.gradle.internal.snapshot.ChildMap$Entry.handlePath(Lorg/gradle/internal/snapshot/VfsRelativePath;Lorg/gradle/internal/snapshot/CaseSensitivity;Lorg/gradle/internal/snaps
Event: 29.824 Thread 0x0000024399ae9a50 DEOPT PACKING pc=0x0000024388194294 sp=0x000000824d3fa710
Event: 29.824 Thread 0x0000024399ae9a50 DEOPT UNPACKING pc=0x00000243875869a3 sp=0x000000824d3fa6a8 mode 2

Classes unloaded (0 events):
No events

Classes redefined (0 events):
No events

Internal exceptions (20 events):
Event: 29.660 Thread 0x0000024399ae9a50 Exception <a 'java/lang/NoSuchMethodError'{0x00000000ab323fe0}: 'void java.lang.invoke.DirectMethodHandle$Holder.invokeVirtual(java.lang.Object, java.lang.Object)'> (0x00000000ab323fe0) 
thrown [s\src\hotspot\share\interpreter\linkResolver.cpp, line 771]
Event: 29.699 Thread 0x0000024399ae9a50 Exception <a 'java/lang/ClassNotFoundException'{0x00000000ab293318}: org/gradle/process/internal/DefaultExecAction_DecoratedBeanInfo> (0x00000000ab293318) 
thrown [s\src\hotspot\share\classfile\systemDictionary.cpp, line 256]
Event: 29.700 Thread 0x0000024399ae9a50 Exception <a 'java/lang/ClassNotFoundException'{0x00000000ab2a6538}: org/gradle/process/internal/DefaultExecActionBeanInfo> (0x00000000ab2a6538) 
thrown [s\src\hotspot\share\classfile\systemDictionary.cpp, line 256]
Event: 29.701 Thread 0x0000024399ae9a50 Exception <a 'java/lang/ClassNotFoundException'{0x00000000ab2ba668}: org/gradle/process/internal/DefaultExecHandleBuilderBeanInfo> (0x00000000ab2ba668) 
thrown [s\src\hotspot\share\classfile\systemDictionary.cpp, line 256]
Event: 29.703 Thread 0x0000024399ae9a50 Exception <a 'java/lang/ClassNotFoundException'{0x00000000ab2cea10}: org/gradle/process/internal/AbstractExecHandleBuilderBeanInfo> (0x00000000ab2cea10) 
thrown [s\src\hotspot\share\classfile\systemDictionary.cpp, line 256]
Event: 29.704 Thread 0x0000024399ae9a50 Exception <a 'java/lang/ClassNotFoundException'{0x00000000ab2e3310}: org/gradle/process/internal/DefaultProcessForkOptionsBeanInfo> (0x00000000ab2e3310) 
thrown [s\src\hotspot\share\classfile\systemDictionary.cpp, line 256]
Event: 29.705 Thread 0x0000024399ae9a50 Exception <a 'java/lang/ClassNotFoundException'{0x00000000ab2f7cc8}: org/gradle/process/internal/DefaultProcessForkOptionsCustomizer> (0x00000000ab2f7cc8) 
thrown [s\src\hotspot\share\classfile\systemDictionary.cpp, line 256]
Event: 29.706 Thread 0x0000024399ae9a50 Exception <a 'java/lang/ClassNotFoundException'{0x00000000ab1199a8}: org/gradle/process/internal/AbstractExecHandleBuilderCustomizer> (0x00000000ab1199a8) 
thrown [s\src\hotspot\share\classfile\systemDictionary.cpp, line 256]
Event: 29.708 Thread 0x0000024399ae9a50 Exception <a 'java/lang/ClassNotFoundException'{0x00000000ab13f830}: org/gradle/process/internal/DefaultExecHandleBuilderCustomizer> (0x00000000ab13f830) 
thrown [s\src\hotspot\share\classfile\systemDictionary.cpp, line 256]
Event: 29.710 Thread 0x0000024399ae9a50 Exception <a 'java/lang/ClassNotFoundException'{0x00000000ab181088}: org/gradle/process/internal/DefaultExecActionCustomizer> (0x00000000ab181088) 
thrown [s\src\hotspot\share\classfile\systemDictionary.cpp, line 256]
Event: 29.711 Thread 0x0000024399ae9a50 Exception <a 'java/lang/ClassNotFoundException'{0x00000000ab19e7d8}: org/gradle/process/internal/DefaultExecAction_DecoratedCustomizer> (0x00000000ab19e7d8) 
thrown [s\src\hotspot\share\classfile\systemDictionary.cpp, line 256]
Event: 29.714 Thread 0x0000024399ae9a50 Exception <a 'java/lang/ClassNotFoundException'{0x00000000ab1d9760}: org/gradle/api/logging/LogLevelBeanInfo> (0x00000000ab1d9760) 
thrown [s\src\hotspot\share\classfile\systemDictionary.cpp, line 256]
Event: 29.716 Thread 0x0000024399ae9a50 Exception <a 'java/lang/ClassNotFoundException'{0x00000000ab1ec778}: org/gradle/api/logging/LogLevelCustomizer> (0x00000000ab1ec778) 
thrown [s\src\hotspot\share\classfile\systemDictionary.cpp, line 256]
Event: 29.720 Thread 0x0000024399ae9a50 Exception <a 'java/lang/ClassNotFoundException'{0x00000000ab0368e0}: org/gradle/internal/logging/services/DefaultLoggingManagerBeanInfo> (0x00000000ab0368e0) 
thrown [s\src\hotspot\share\classfile\systemDictionary.cpp, line 256]
Event: 29.721 Thread 0x0000024399ae9a50 Exception <a 'java/lang/ClassNotFoundException'{0x00000000ab04a038}: org/gradle/internal/logging/services/DefaultLoggingManagerCustomizer> (0x00000000ab04a038) 
thrown [s\src\hotspot\share\classfile\systemDictionary.cpp, line 256]
Event: 29.724 Thread 0x0000024399ae9a50 Exception <a 'java/lang/ClassNotFoundException'{0x00000000ab07c938}: java/lang/BooleanBeanInfo> (0x00000000ab07c938) 
thrown [s\src\hotspot\share\classfile\systemDictionary.cpp, line 256]
Event: 29.725 Thread 0x0000024399ae9a50 Exception <a 'java/lang/ClassNotFoundException'{0x00000000ab0846e0}: java/lang/BooleanCustomizer> (0x00000000ab0846e0) 
thrown [s\src\hotspot\share\classfile\systemDictionary.cpp, line 256]
Event: 29.786 Thread 0x0000024399aebc00 Exception <a 'java/io/IOException'{0x00000000ab0ee7e0}: CreateProcess error=1455, The paging file is too small for this operation to complete> (0x00000000ab0ee7e0) 
thrown [s\src\hotspot\share\prims\jni.cpp, line 536]
Event: 29.787 Thread 0x0000024399aebc00 Implicit null exception at 0x0000024387eeb740 to 0x0000024387eebfe4
Event: 29.816 Thread 0x0000024399ae9a50 Exception <a 'java/lang/reflect/InvocationTargetException'{0x00000000ab0dee10}> (0x00000000ab0dee10) 
thrown [s\src\hotspot\share\runtime\reflection.cpp, line 1127]

VM Operations (20 events):
Event: 29.455 Executing VM operation: HandshakeAllThreads
Event: 29.455 Executing VM operation: HandshakeAllThreads done
Event: 29.628 Executing VM operation: HandshakeAllThreads
Event: 29.628 Executing VM operation: HandshakeAllThreads done
Event: 29.630 Executing VM operation: HandshakeAllThreads
Event: 29.630 Executing VM operation: HandshakeAllThreads done
Event: 29.633 Executing VM operation: HandshakeAllThreads
Event: 29.634 Executing VM operation: HandshakeAllThreads done
Event: 29.648 Executing VM operation: HandshakeAllThreads
Event: 29.648 Executing VM operation: HandshakeAllThreads done
Event: 29.787 Executing VM operation: HandshakeAllThreads
Event: 29.787 Executing VM operation: HandshakeAllThreads done
Event: 29.801 Executing VM operation: HandshakeAllThreads
Event: 29.816 Executing VM operation: HandshakeAllThreads done
Event: 29.816 Executing VM operation: ICBufferFull
Event: 29.816 Executing VM operation: ICBufferFull done
Event: 29.822 Executing VM operation: HandshakeAllThreads
Event: 29.822 Executing VM operation: HandshakeAllThreads done
Event: 29.844 Executing VM operation: G1CollectForAllocation
Event: 29.858 Executing VM operation: G1CollectForAllocation done

Events (20 events):
Event: 28.631 Thread 0x0000024399ae73d0 Thread added: 0x0000024399ae73d0
Event: 28.631 Thread 0x0000024399ae8be0 Thread added: 0x0000024399ae8be0
Event: 28.631 Thread 0x0000024399aeb730 Thread added: 0x0000024399aeb730
Event: 28.631 Thread 0x0000024399aeddb0 Thread added: 0x0000024399aeddb0
Event: 28.680 Thread 0x0000024399aec0d0 Thread added: 0x0000024399aec0d0
Event: 29.724 loading class java/lang/BooleanBeanInfo
Event: 29.724 loading class java/lang/BooleanBeanInfo done
Event: 29.724 loading class java/lang/BooleanBeanInfo
Event: 29.724 loading class java/lang/BooleanBeanInfo done
Event: 29.724 loading class java/lang/BooleanCustomizer
Event: 29.724 loading class java/lang/BooleanCustomizer done
Event: 29.725 loading class java/lang/BooleanCustomizer
Event: 29.725 loading class java/lang/BooleanCustomizer done
Event: 29.734 Thread 0x0000024399aebc00 Thread added: 0x0000024399aebc00
Event: 29.752 loading class java/lang/ProcessImpl
Event: 29.757 loading class java/lang/ProcessImpl done
Event: 29.789 Thread 0x00000243fe84eab0 flushing nmethod 0x0000024387da9910
Event: 29.795 Thread 0x00000243fe84eab0 flushing nmethod 0x0000024380579d10
Event: 29.798 Thread 0x00000243fe84eab0 flushing nmethod 0x000002438091c910
Event: 29.804 Thread 0x00000243fe84eab0 flushing nmethod 0x0000024380ec2890


Dynamic libraries:
0x00007ff7890b0000 - 0x00007ff7890ba000 	D:\Android\Android Studio\jbr\bin\java.exe
0x00007ffe11ef0000 - 0x00007ffe120e8000 	C:\WINDOWS\SYSTEM32\ntdll.dll
0x00007ffe10860000 - 0x00007ffe1091d000 	C:\WINDOWS\System32\KERNEL32.DLL
0x00007ffe0f880000 - 0x00007ffe0fb76000 	C:\WINDOWS\System32\KERNELBASE.dll
0x00007ffe0fb80000 - 0x00007ffe0fc80000 	C:\WINDOWS\System32\ucrtbase.dll
0x00007ffde6a20000 - 0x00007ffde6a37000 	D:\Android\Android Studio\jbr\bin\jli.dll
0x00007ffe118c0000 - 0x00007ffe11a5e000 	C:\WINDOWS\System32\USER32.dll
0x00007ffe091b0000 - 0x00007ffe091cb000 	D:\Android\Android Studio\jbr\bin\VCRUNTIME140.dll
0x00007ffe0fdd0000 - 0x00007ffe0fdf2000 	C:\WINDOWS\System32\win32u.dll
0x00007ffdfba90000 - 0x00007ffdfbd2a000 	C:\WINDOWS\WinSxS\amd64_microsoft.windows.common-controls_6595b64144ccf1df_6.0.19041.3636_none_60b6a03d71f818d5\COMCTL32.dll
0x00007ffe11b00000 - 0x00007ffe11b2c000 	C:\WINDOWS\System32\GDI32.dll
0x00007ffe0ff50000 - 0x00007ffe0ffee000 	C:\WINDOWS\System32\msvcrt.dll
0x00007ffe0fe00000 - 0x00007ffe0ff1a000 	C:\WINDOWS\System32\gdi32full.dll
0x00007ffe0fd30000 - 0x00007ffe0fdcd000 	C:\WINDOWS\System32\msvcp_win.dll
0x00007ffe10e60000 - 0x00007ffe10e90000 	C:\WINDOWS\System32\IMM32.DLL
0x00007ffdf7ba0000 - 0x00007ffdf7bac000 	D:\Android\Android Studio\jbr\bin\vcruntime140_1.dll
0x00007ffdbfd70000 - 0x00007ffdbfdfd000 	D:\Android\Android Studio\jbr\bin\msvcp140.dll
0x00007ffdab8e0000 - 0x00007ffdac54e000 	D:\Android\Android Studio\jbr\bin\server\jvm.dll
0x00007ffe107b0000 - 0x00007ffe1085f000 	C:\WINDOWS\System32\ADVAPI32.dll
0x00007ffe11a60000 - 0x00007ffe11afc000 	C:\WINDOWS\System32\sechost.dll
0x00007ffe11d10000 - 0x00007ffe11e36000 	C:\WINDOWS\System32\RPCRT4.dll
0x00007ffdf5020000 - 0x00007ffdf5029000 	C:\WINDOWS\SYSTEM32\WSOCK32.dll
0x00007ffe11e40000 - 0x00007ffe11eab000 	C:\WINDOWS\System32\WS2_32.dll
0x00007ffdfd5e0000 - 0x00007ffdfd607000 	C:\WINDOWS\SYSTEM32\WINMM.dll
0x00007ffe07e00000 - 0x00007ffe07e0a000 	C:\WINDOWS\SYSTEM32\VERSION.dll
0x00007ffe0de20000 - 0x00007ffe0de32000 	C:\WINDOWS\SYSTEM32\kernel.appcore.dll
0x00007ffdef260000 - 0x00007ffdef26a000 	D:\Android\Android Studio\jbr\bin\jimage.dll
0x00007ffe0d200000 - 0x00007ffe0d3e4000 	C:\WINDOWS\SYSTEM32\DBGHELP.DLL
0x00007ffddf8e0000 - 0x00007ffddf914000 	C:\WINDOWS\SYSTEM32\dbgcore.DLL
0x00007ffe0f640000 - 0x00007ffe0f6c2000 	C:\WINDOWS\System32\bcryptPrimitives.dll
0x00007ffdcca20000 - 0x00007ffdcca45000 	D:\Android\Android Studio\jbr\bin\java.dll
0x00007ffdd6940000 - 0x00007ffdd6958000 	D:\Android\Android Studio\jbr\bin\zip.dll
0x00007ffe0fff0000 - 0x00007ffe10734000 	C:\WINDOWS\System32\SHELL32.dll
0x00007ffe0d670000 - 0x00007ffe0de0b000 	C:\WINDOWS\SYSTEM32\windows.storage.dll
0x00007ffe10980000 - 0x00007ffe10cd4000 	C:\WINDOWS\System32\combase.dll
0x00007ffe0f010000 - 0x00007ffe0f03d000 	C:\WINDOWS\SYSTEM32\Wldp.dll
0x00007ffe11c60000 - 0x00007ffe11d0d000 	C:\WINDOWS\System32\SHCORE.dll
0x00007ffe10e90000 - 0x00007ffe10ee5000 	C:\WINDOWS\System32\shlwapi.dll
0x00007ffe0f500000 - 0x00007ffe0f525000 	C:\WINDOWS\SYSTEM32\profapi.dll
0x00007ffdd5d10000 - 0x00007ffdd5d29000 	D:\Android\Android Studio\jbr\bin\net.dll
0x00007ffe037c0000 - 0x00007ffe038ca000 	C:\WINDOWS\SYSTEM32\WINHTTP.dll
0x00007ffe0ed70000 - 0x00007ffe0edda000 	C:\WINDOWS\system32\mswsock.dll
0x00007ffdd33e0000 - 0x00007ffdd33f6000 	D:\Android\Android Studio\jbr\bin\nio.dll
0x00007ffded850000 - 0x00007ffded860000 	D:\Android\Android Studio\jbr\bin\verify.dll
0x00007ffdcc040000 - 0x00007ffdcc067000 	C:\Users\Blue\.gradle\native\e1d6ef7f7dcc3fd88c89a11ec53ec762bb8ba0a96d01ffa2cd45eb1d1d8dd5c5\windows-amd64\native-platform.dll
0x00007ffdbcf50000 - 0x00007ffdbd094000 	C:\Users\Blue\.gradle\native\0d407fdbe67a94daf76414ababcb853783967236a71b16ec16e742cd7a986fd3\windows-amd64\native-platform-file-events.dll
0x00007ffde8bc0000 - 0x00007ffde8bc9000 	D:\Android\Android Studio\jbr\bin\management.dll
0x00007ffde6d90000 - 0x00007ffde6d9b000 	D:\Android\Android Studio\jbr\bin\management_ext.dll
0x00007ffe116b0000 - 0x00007ffe116b8000 	C:\WINDOWS\System32\PSAPI.DLL
0x00007ffe0ef60000 - 0x00007ffe0ef78000 	C:\WINDOWS\SYSTEM32\CRYPTSP.dll
0x00007ffe0e630000 - 0x00007ffe0e664000 	C:\WINDOWS\system32\rsaenh.dll
0x00007ffe0ff20000 - 0x00007ffe0ff47000 	C:\WINDOWS\System32\bcrypt.dll
0x00007ffe0f480000 - 0x00007ffe0f4ae000 	C:\WINDOWS\SYSTEM32\USERENV.dll
0x00007ffe0ef80000 - 0x00007ffe0ef8c000 	C:\WINDOWS\SYSTEM32\CRYPTBASE.dll
0x00007ffe0ea10000 - 0x00007ffe0ea4b000 	C:\WINDOWS\SYSTEM32\IPHLPAPI.DLL
0x00007ffe10740000 - 0x00007ffe10748000 	C:\WINDOWS\System32\NSI.dll
0x00007ffe070b0000 - 0x00007ffe070c7000 	C:\WINDOWS\SYSTEM32\dhcpcsvc6.DLL
0x00007ffe07090000 - 0x00007ffe070ad000 	C:\WINDOWS\SYSTEM32\dhcpcsvc.DLL
0x00007ffe0ea60000 - 0x00007ffe0eb2a000 	C:\WINDOWS\SYSTEM32\DNSAPI.dll
0x00007ffdf9700000 - 0x00007ffdf9707000 	C:\WINDOWS\system32\wshunix.dll

dbghelp: loaded successfully - version: 4.0.5 - missing functions: none
symbol engine: initialized successfully - sym options: 0x614 - pdb path: .;D:\Android\Android Studio\jbr\bin;C:\WINDOWS\SYSTEM32;C:\WINDOWS\WinSxS\amd64_microsoft.windows.common-controls_6595b64144ccf1df_6.0.19041.3636_none_60b6a03d71f818d5;D:\Android\Android Studio\jbr\bin\server;C:\Users\Blue\.gradle\native\e1d6ef7f7dcc3fd88c89a11ec53ec762bb8ba0a96d01ffa2cd45eb1d1d8dd5c5\windows-amd64;C:\Users\Blue\.gradle\native\0d407fdbe67a94daf76414ababcb853783967236a71b16ec16e742cd7a986fd3\windows-amd64

VM Arguments:
jvm_args: --add-opens=java.base/java.util=ALL-UNNAMED --add-opens=java.base/java.lang=ALL-UNNAMED --add-opens=java.base/java.lang.invoke=ALL-UNNAMED --add-opens=java.base/java.util=ALL-UNNAMED --add-opens=java.prefs/java.util.prefs=ALL-UNNAMED --add-opens=java.prefs/java.util.prefs=ALL-UNNAMED --add-opens=java.base/java.nio.charset=ALL-UNNAMED --add-opens=java.base/java.net=ALL-UNNAMED --add-opens=java.base/java.util.concurrent.atomic=ALL-UNNAMED -Xmx1536M -Dfile.encoding=windows-1252 -Duser.country=US -Duser.language=en -Duser.variant 
java_command: org.gradle.launcher.daemon.bootstrap.GradleDaemon 7.5
java_class_path (initial): C:\Users\Blue\.gradle\wrapper\dists\gradle-7.5-all\6qsw290k5lz422uaf8jf6m7co\gradle-7.5\lib\gradle-launcher-7.5.jar
Launcher Type: SUN_STANDARD

[Global flags]
     intx CICompilerCount                          = 4                                         {product} {ergonomic}
     uint ConcGCThreads                            = 2                                         {product} {ergonomic}
     uint G1ConcRefinementThreads                  = 8                                         {product} {ergonomic}
   size_t G1HeapRegionSize                         = 1048576                                   {product} {ergonomic}
    uintx GCDrainStackTargetSize                   = 64                                        {product} {ergonomic}
   size_t InitialHeapSize                          = 132120576                                 {product} {ergonomic}
   size_t MarkStackSize                            = 4194304                                   {product} {ergonomic}
   size_t MaxHeapSize                              = 1610612736                                {product} {command line}
   size_t MaxNewSize                               = 965738496                                 {product} {ergonomic}
   size_t MinHeapDeltaBytes                        = 1048576                                   {product} {ergonomic}
   size_t MinHeapSize                              = 8388608                                   {product} {ergonomic}
    uintx NonNMethodCodeHeapSize                   = 5839372                                {pd product} {ergonomic}
    uintx NonProfiledCodeHeapSize                  = 122909434                              {pd product} {ergonomic}
    uintx ProfiledCodeHeapSize                     = 122909434                              {pd product} {ergonomic}
    uintx ReservedCodeCacheSize                    = 251658240                              {pd product} {ergonomic}
     bool SegmentedCodeCache                       = true                                      {product} {ergonomic}
   size_t SoftMaxHeapSize                          = 1610612736                             {manageable} {ergonomic}
     bool UseCompressedClassPointers               = true                           {product lp64_product} {ergonomic}
     bool UseCompressedOops                        = true                           {product lp64_product} {ergonomic}
     bool UseG1GC                                  = true                                      {product} {ergonomic}
     bool UseLargePagesIndividualAllocation        = false                                  {pd product} {ergonomic}

Logging:
Log output configuration:
 #0: stdout all=warning uptime,level,tags
 #1: stderr all=off uptime,level,tags

Environment Variables:
JAVA_HOME=D:\Android\Android Studio\jbr
CLASSPATH=D:\AndroidStudioProjects\error_404_s_application7\android\\gradle\wrapper\gradle-wrapper.jar
PATH=D:\Android\Android Studio\jbr\bin;D:\flutter_windows_3.13.7-stable\flutter\bin\;D:\Oracle\dbhomeXE\bin;D:\app\Blue\product\21c\dbhomeXE\bin;C:\Program Files\Common Files\Oracle\Java\javapath;C:\Program Files (x86)\Common Files\Oracle\Java\javapath;C:\WINDOWS\system32;C:\WINDOWS;C:\WINDOWS\System32\Wbem;C:\WINDOWS\System32\WindowsPowerShell\v1.0\;C:\WINDOWS\System32\OpenSSH\;C:\Program Files\Microsoft SQL Server\150\Tools\Binn\;C:\Program Files\dotnet\;D:\nodejs\;C:\Program Files (x86)\NVIDIA Corporation\PhysX\Common;C:\Program Files\NVIDIA Corporation\NVIDIA NvDLISR;C:\PHP;C:\composer;C:\Program Files\OpenSSL-Win64\bin;C:\Program Files\Redis\;c:\page;C:\Program Files\CMake\bin;d:\page;D:\Git\cmd;C:\Users\Blue\AppData\Local\Microsoft\WindowsApps;C:\Users\Blue\.dotnet\tools;C:\Users\Blue\AppData\Roaming\npm;C:\Users\Blue\ffmpeg-git-full\ffmpeg-2022-09-22-git-af919cf780-full_build\bin;D:\CodeBlocks\MinGW\bin;D:\IntelliJ IDEA Community Edition 2022.3.2\bin;C:\Users\Blue\AppData\Roaming\Composer\vendor\bin;D:\Microsoft VS Code\bin;C:\MinGW\bin;C:\Program Files\apache-maven-3.9.4-bin\apache-maven-3.9.4\bin;C:\Program Files\kotlin-compiler-1.2.21\kotlinc\bin;D:\spark-3.5.0-bin-hadoop3\spark-3.5.0-bin-hadoop3\bin;D:\winutils\bin;D:\dartsdk-windows-x64-release\dart-sdk\bin;D:\flutter_windows_3.13.7-stable\flutter\bin;D:\anaconda3;D:\anaconda3\Scripts;D:\anaconda3\Library\bin;D:\anaconda3\Library\usr\bin;D:\anaconda3\Library\mingw-w64\bin;C:\Windows\System32;D:\Git\bin;D:\Git\bin\git.exe;D:\flutter_windows_3.13.7-stable\flutter\bin\mingit\cmd
USERNAME=Blue
LANG=en_US.UTF-8
OS=Windows_NT
PROCESSOR_IDENTIFIER=Intel64 Family 6 Model 165 Stepping 2, GenuineIntel
TMP=C:\Users\Blue\AppData\Local\Temp
TEMP=C:\Users\Blue\AppData\Local\Temp


JNI global refs:
JNI global refs: 24, weak refs: 6

JNI global refs memory usage: 843, weak refs: 841


---------------  S Y S T E M  ---------------

OS:
 Windows 10 , 64 bit Build 19041 (10.0.19041.3636)
OS uptime: 0 days 2:05 hours

CPU: total 8 (initial active 8) (4 cores per cpu, 2 threads per core) family 6 model 165 stepping 2 microcode 0xe2, cx8, cmov, fxsr, ht, mmx, 3dnowpref, sse, sse2, sse3, ssse3, sse4.1, sse4.2, popcnt, lzcnt, tsc, tscinvbit, avx, avx2, aes, erms, clmul, bmi1, bmi2, adx, fma, vzeroupper, clflush, clflushopt

Memory: 4k page, system-wide physical 8023M (283M free)
TotalPageFile size 19461M (AvailPageFile size 0M)
current process WorkingSet (physical memory assigned to process): 439M, peak: 459M
current process commit charge ("private bytes"): 549M, peak: 555M

vm_info: OpenJDK 64-Bit Server VM (17.0.6+0-b2043.56-10027231) for windows-amd64 JRE (17.0.6+0-b2043.56-10027231), built on Apr 28 2023 00:43:19 by "androidbuild" with MS VC++ 16.10 / 16.11 (VS2019)

END.
