#
# There is insufficient memory for the Java Runtime Environment to continue.
# Native memory allocation (malloc) failed to allocate 1111136 bytes for Chunk::new
# Possible reasons:
#   The system is out of physical RAM or swap space
#   The process is running with CompressedOops enabled, and the Java Heap may be blocking the growth of the native heap
# Possible solutions:
#   Reduce memory load on the system
#   Increase physical memory or swap space
#   Check if swap backing store is full
#   Decrease Java heap size (-Xmx/-Xms)
#   Decrease number of Java threads
#   Decrease Java thread stack sizes (-Xss)
#   Set larger code cache with -XX:ReservedCodeCacheSize=
#   JVM is running with Unscaled Compressed Oops mode in which the Java heap is
#     placed in the first 4GB address space. The Java Heap base address is the
#     maximum limit for the native heap growth. Please use -XX:HeapBaseMinAddress
#     to set the Java Heap base and to place the Java Heap above 4GB virtual address.
# This output file may be truncated or incomplete.
#
#  Out of Memory Error (arena.cpp:189), pid=23376, tid=9696
#
# JRE version: OpenJDK Runtime Environment (17.0.6) (build 17.0.6+0-b2043.56-10027231)
# Java VM: OpenJDK 64-Bit Server VM (17.0.6+0-b2043.56-10027231, mixed mode, tiered, compressed oops, compressed class ptrs, g1 gc, windows-amd64)
# No core dump will be written. Minidumps are not enabled by default on client versions of Windows
#

---------------  S U M M A R Y ------------

Command Line: --add-opens=java.base/java.util=ALL-UNNAMED --add-opens=java.base/java.lang=ALL-UNNAMED --add-opens=java.base/java.lang.invoke=ALL-UNNAMED --add-opens=java.base/java.util=ALL-UNNAMED --add-opens=java.prefs/java.util.prefs=ALL-UNNAMED --add-opens=java.prefs/java.util.prefs=ALL-UNNAMED --add-opens=java.base/java.nio.charset=ALL-UNNAMED --add-opens=java.base/java.net=ALL-UNNAMED --add-opens=java.base/java.util.concurrent.atomic=ALL-UNNAMED -Xmx1536M -Dfile.encoding=windows-1252 -Duser.country=US -Duser.language=en -Duser.variant org.gradle.launcher.daemon.bootstrap.GradleDaemon 7.5

Host: Intel(R) Core(TM) i5-10300H CPU @ 2.50GHz, 8 cores, 7G,  Windows 10 , 64 bit Build 19041 (10.0.19041.3636)
Time: Fri Dec  8 10:49:40 2023 Romance Standard Time elapsed time: 25.133544 seconds (0d 0h 0m 25s)

---------------  T H R E A D  ---------------

Current thread (0x000001c5801f19b0):  JavaThread "C2 CompilerThread1" daemon [_thread_in_native, id=9696, stack(0x0000006dff300000,0x0000006dff400000)]


Current CompileTask:
C2:  25133 8041 %     4       groovy.lang.MetaClassImpl::inheritInterfaceNewMetaMethods @ 100 (195 bytes)

Stack: [0x0000006dff300000,0x0000006dff400000]
Native frames: (J=compiled Java code, j=interpreted, Vv=VM code, C=native code)
V  [jvm.dll+0x683c9a]
V  [jvm.dll+0x8427a4]
V  [jvm.dll+0x843f9e]
V  [jvm.dll+0x844603]
V  [jvm.dll+0x249b75]
V  [jvm.dll+0xabcac]
V  [jvm.dll+0xac27c]
V  [jvm.dll+0x2b0eef]
V  [jvm.dll+0x58a267]
V  [jvm.dll+0x2243b2]
V  [jvm.dll+0x22478f]
V  [jvm.dll+0x21e055]
V  [jvm.dll+0x21b51b]
V  [jvm.dll+0x1a4fdd]
V  [jvm.dll+0x22b098]
V  [jvm.dll+0x229159]
V  [jvm.dll+0x7f81ec]
V  [jvm.dll+0x7f274a]
V  [jvm.dll+0x682ad5]
C  [ucrtbase.dll+0x21bb2]
C  [KERNEL32.DLL+0x17344]
C  [ntdll.dll+0x526b1]


---------------  P R O C E S S  ---------------

Threads class SMR info:
_java_thread_list=0x000001c582654210, length=127, elements={
0x000001c5e38d08a0, 0x000001c5fe3c7270, 0x000001c5fe3c7d30, 0x000001c5fe3d5b60,
0x000001c5fe3d6520, 0x000001c5fe3d6de0, 0x000001c5fe3d76a0, 0x000001c5fed26340,
0x000001c5fed26cf0, 0x000001c5fed29de0, 0x000001c5feea67b0, 0x000001c5feea7090,
0x000001c580ea9230, 0x000001c580ab7270, 0x000001c581b8ce80, 0x000001c581c6e980,
0x000001c581c6ee50, 0x000001c5ff8a2410, 0x000001c5ff8a2db0, 0x000001c5ff8a10d0,
0x000001c5ff8a1a70, 0x000001c5ff8a1f40, 0x000001c5ff8a3750, 0x000001c5ff8a15a0,
0x000001c5ff8a28e0, 0x000001c5ff8a3280, 0x000001c5ff8a3c20, 0x000001c5ff8a40f0,
0x000001c5ff8a45c0, 0x000001c5ff8a4a90, 0x000001c5826ab590, 0x000001c5826afdc0,
0x000001c5826b1100, 0x000001c5826ae0e0, 0x000001c5826b0c30, 0x000001c5826aba60,
0x000001c5826aef50, 0x000001c5826b0290, 0x000001c5826af420, 0x000001c5826ac400,
0x000001c5826b0760, 0x000001c5826b1aa0, 0x000001c5826af8f0, 0x000001c5826acda0,
0x000001c5826ab0c0, 0x000001c5826abf30, 0x000001c5826ad270, 0x000001c5826ad740,
0x000001c5826adc10, 0x000001c5ff0af380, 0x000001c5ff0b2870, 0x000001c5ff0ad1d0,
0x000001c5ff0b4080, 0x000001c5ff0b06c0, 0x000001c5ff0aeeb0, 0x000001c5ff0b1a00,
0x000001c5ff0adb70, 0x000001c5ff0b23a0, 0x000001c5ff0b01f0, 0x000001c5ff0af850,
0x000001c5ff0ae510, 0x000001c5ff0b1060, 0x000001c5ff0afd20, 0x000001c5ff0b4a20,
0x000001c5ff0b0b90, 0x000001c5ff0ae9e0, 0x000001c5ff0b1530, 0x000001c5ff0b1ed0,
0x000001c5ff0b2d40, 0x000001c5ff0b3210, 0x000001c5ff0b36e0, 0x000001c5ff0b3bb0,
0x000001c5ff0b4550, 0x000001c5ff0ad6a0, 0x000001c5ff0ae040, 0x000001c5822834a0,
0x000001c58227f140, 0x000001c58227de00, 0x000001c58227e7a0, 0x000001c582281c90,
0x000001c5822847e0, 0x000001c582283970, 0x000001c58227ec70, 0x000001c58227d930,
0x000001c5822817c0, 0x000001c582282160, 0x000001c582282630, 0x000001c58227f610,
0x000001c582280480, 0x000001c582282b00, 0x000001c58227fae0, 0x000001c582282fd0,
0x000001c582280950, 0x000001c582284310, 0x000001c582283e40, 0x000001c582284cb0,
0x000001c5822812f0, 0x000001c58227d460, 0x000001c58227e2d0, 0x000001c58227ffb0,
0x000001c582280e20, 0x000001c5827a18a0, 0x000001c5827a48c0, 0x000001c58279fbc0,
0x000001c5827a43f0, 0x000001c5827a2240, 0x000001c5827a4d90, 0x000001c5827a0560,
0x000001c5827a1d70, 0x000001c5827a5730, 0x000001c5827a0090, 0x000001c5827a3580,
0x000001c5827a0a30, 0x000001c5827a3a50, 0x000001c5827a5c00, 0x000001c5827a60d0,
0x000001c5827a5260, 0x000001c5827a0f00, 0x000001c5827a2710, 0x000001c58279e880,
0x000001c58279ed50, 0x000001c58279f220, 0x000001c58279f6f0, 0x000001c5827a30b0,
0x000001c5801f19b0, 0x000001c5801f28e0, 0x000001c5876d0260
}

Java Threads: ( => current thread )
  0x000001c5e38d08a0 JavaThread "main" [_thread_blocked, id=19928, stack(0x0000006df6900000,0x0000006df6a00000)]
  0x000001c5fe3c7270 JavaThread "Reference Handler" daemon [_thread_blocked, id=12212, stack(0x0000006df7000000,0x0000006df7100000)]
  0x000001c5fe3c7d30 JavaThread "Finalizer" daemon [_thread_blocked, id=1300, stack(0x0000006df7100000,0x0000006df7200000)]
  0x000001c5fe3d5b60 JavaThread "Signal Dispatcher" daemon [_thread_blocked, id=23400, stack(0x0000006df7200000,0x0000006df7300000)]
  0x000001c5fe3d6520 JavaThread "Attach Listener" daemon [_thread_blocked, id=19596, stack(0x0000006df7300000,0x0000006df7400000)]
  0x000001c5fe3d6de0 JavaThread "Service Thread" daemon [_thread_blocked, id=16812, stack(0x0000006df7400000,0x0000006df7500000)]
  0x000001c5fe3d76a0 JavaThread "Monitor Deflation Thread" daemon [_thread_blocked, id=908, stack(0x0000006df7500000,0x0000006df7600000)]
  0x000001c5fed26340 JavaThread "C2 CompilerThread0" daemon [_thread_in_native, id=22924, stack(0x0000006df7600000,0x0000006df7700000)]
  0x000001c5fed26cf0 JavaThread "C1 CompilerThread0" daemon [_thread_in_native, id=3764, stack(0x0000006df7700000,0x0000006df7800000)]
  0x000001c5fed29de0 JavaThread "Sweeper thread" daemon [_thread_blocked, id=8376, stack(0x0000006df7800000,0x0000006df7900000)]
  0x000001c5feea67b0 JavaThread "Common-Cleaner" daemon [_thread_blocked, id=8472, stack(0x0000006df7900000,0x0000006df7a00000)]
  0x000001c5feea7090 JavaThread "Notification Thread" daemon [_thread_blocked, id=7720, stack(0x0000006df7a00000,0x0000006df7b00000)]
  0x000001c580ea9230 JavaThread "Daemon health stats" [_thread_blocked, id=10408, stack(0x0000006df8000000,0x0000006df8100000)]
  0x000001c580ab7270 JavaThread "Incoming local TCP Connector on port 61343" [_thread_in_native, id=23116, stack(0x0000006df8100000,0x0000006df8200000)]
  0x000001c581b8ce80 JavaThread "Daemon periodic checks" [_thread_blocked, id=23144, stack(0x0000006df8200000,0x0000006df8300000)]
  0x000001c581c6e980 JavaThread "Daemon" [_thread_blocked, id=22516, stack(0x0000006df8400000,0x0000006df8500000)]
  0x000001c581c6ee50 JavaThread "Handler for socket connection from /127.0.0.1:61343 to /127.0.0.1:61344" [_thread_in_native, id=22940, stack(0x0000006df8500000,0x0000006df8600000)]
  0x000001c5ff8a2410 JavaThread "Cancel handler" [_thread_blocked, id=20412, stack(0x0000006df8300000,0x0000006df8400000)]
  0x000001c5ff8a2db0 JavaThread "Daemon worker" [_thread_in_native, id=22456, stack(0x0000006df8600000,0x0000006df8700000)]
  0x000001c5ff8a10d0 JavaThread "Asynchronous log dispatcher for DefaultDaemonConnection: socket connection from /127.0.0.1:61343 to /127.0.0.1:61344" [_thread_blocked, id=13764, stack(0x0000006df8700000,0x0000006df8800000)]
  0x000001c5ff8a1a70 JavaThread "Stdin handler" [_thread_blocked, id=1340, stack(0x0000006df8800000,0x0000006df8900000)]
  0x000001c5ff8a1f40 JavaThread "Daemon client event forwarder" [_thread_blocked, id=11288, stack(0x0000006df8900000,0x0000006df8a00000)]
  0x000001c5ff8a3750 JavaThread "Cache worker for journal cache (C:\Users\Blue\.gradle\caches\journal-1)" [_thread_blocked, id=22704, stack(0x0000006df8b00000,0x0000006df8c00000)]
  0x000001c5ff8a15a0 JavaThread "File lock request listener" [_thread_in_native, id=10796, stack(0x0000006df8c00000,0x0000006df8d00000)]
  0x000001c5ff8a28e0 JavaThread "Cache worker for file hash cache (C:\Users\Blue\.gradle\caches\7.5\fileHashes)" [_thread_blocked, id=12216, stack(0x0000006df9000000,0x0000006df9100000)]
  0x000001c5ff8a3280 JavaThread "File watcher server" daemon [_thread_in_native, id=23024, stack(0x0000006df9300000,0x0000006df9400000)]
  0x000001c5ff8a3c20 JavaThread "File watcher consumer" daemon [_thread_blocked, id=22436, stack(0x0000006df9400000,0x0000006df9500000)]
  0x000001c5ff8a40f0 JavaThread "Cache worker for checksums cache (D:\AndroidStudioProjects\error_404_s_application7\android\.gradle\7.5\checksums)" [_thread_blocked, id=16112, stack(0x0000006df9500000,0x0000006df9600000)]
  0x000001c5ff8a45c0 JavaThread "Cache worker for cache directory md-rule (C:\Users\Blue\.gradle\caches\7.5\md-rule)" [_thread_blocked, id=5040, stack(0x0000006df9600000,0x0000006df9700000)]
  0x000001c5ff8a4a90 JavaThread "Cache worker for file content cache (C:\Users\Blue\.gradle\caches\7.5\fileContent)" [_thread_blocked, id=6216, stack(0x0000006df9700000,0x0000006df9800000)]
  0x000001c5826ab590 JavaThread "Cache worker for file hash cache (D:\AndroidStudioProjects\error_404_s_application7\android\.gradle\7.5\fileHashes)" [_thread_blocked, id=14924, stack(0x0000006df9800000,0x0000006df9900000)]
  0x000001c5826afdc0 JavaThread "Cache worker for cache directory md-supplier (C:\Users\Blue\.gradle\caches\7.5\md-supplier)" [_thread_blocked, id=16488, stack(0x0000006df9900000,0x0000006df9a00000)]
  0x000001c5826b1100 JavaThread "Cache worker for execution history cache (C:\Users\Blue\.gradle\caches\7.5\executionHistory)" [_thread_blocked, id=16564, stack(0x0000006df9a00000,0x0000006df9b00000)]
  0x000001c5826ae0e0 JavaThread "jar transforms" [_thread_blocked, id=16416, stack(0x0000006df9c00000,0x0000006df9d00000)]
  0x000001c5826b0c30 JavaThread "jar transforms Thread 2" [_thread_blocked, id=23484, stack(0x0000006df9d00000,0x0000006df9e00000)]
  0x000001c5826aba60 JavaThread "jar transforms Thread 3" [_thread_blocked, id=3800, stack(0x0000006df9e00000,0x0000006df9f00000)]
  0x000001c5826aef50 JavaThread "jar transforms Thread 4" [_thread_blocked, id=21200, stack(0x0000006df9f00000,0x0000006dfa000000)]
  0x000001c5826b0290 JavaThread "jar transforms Thread 5" [_thread_blocked, id=15684, stack(0x0000006dfa000000,0x0000006dfa100000)]
  0x000001c5826af420 JavaThread "jar transforms Thread 6" [_thread_blocked, id=8920, stack(0x0000006dfa100000,0x0000006dfa200000)]
  0x000001c5826ac400 JavaThread "Cache worker for dependencies-accessors (D:\AndroidStudioProjects\error_404_s_application7\android\.gradle\7.5\dependencies-accessors)" [_thread_blocked, id=16788, stack(0x0000006dfa200000,0x0000006dfa300000)]
  0x000001c5826b0760 JavaThread "jar transforms Thread 7" [_thread_blocked, id=2704, stack(0x0000006dfa300000,0x0000006dfa400000)]
  0x000001c5826b1aa0 JavaThread "Cache worker for Build Output Cleanup Cache (D:\AndroidStudioProjects\error_404_s_application7\android\.gradle\buildOutputCleanup)" [_thread_blocked, id=16480, stack(0x0000006dfa400000,0x0000006dfa500000)]
  0x000001c5826af8f0 JavaThread "Unconstrained build operations" [_thread_blocked, id=19588, stack(0x0000006df9100000,0x0000006df9200000)]
  0x000001c5826acda0 JavaThread "Unconstrained build operations Thread 2" [_thread_blocked, id=20060, stack(0x0000006df9200000,0x0000006df9300000)]
  0x000001c5826ab0c0 JavaThread "Unconstrained build operations Thread 3" [_thread_blocked, id=3280, stack(0x0000006dfa500000,0x0000006dfa600000)]
  0x000001c5826abf30 JavaThread "Unconstrained build operations Thread 4" [_thread_blocked, id=22668, stack(0x0000006dfa600000,0x0000006dfa700000)]
  0x000001c5826ad270 JavaThread "Unconstrained build operations Thread 5" [_thread_blocked, id=11136, stack(0x0000006dfa700000,0x0000006dfa800000)]
  0x000001c5826ad740 JavaThread "Unconstrained build operations Thread 6" [_thread_blocked, id=23424, stack(0x0000006dfa800000,0x0000006dfa900000)]
  0x000001c5826adc10 JavaThread "Unconstrained build operations Thread 7" [_thread_blocked, id=13104, stack(0x0000006dfa900000,0x0000006dfaa00000)]
  0x000001c5ff0af380 JavaThread "Unconstrained build operations Thread 8" [_thread_blocked, id=22880, stack(0x0000006dfaa00000,0x0000006dfab00000)]
  0x000001c5ff0b2870 JavaThread "Unconstrained build operations Thread 9" [_thread_blocked, id=23040, stack(0x0000006dfab00000,0x0000006dfac00000)]
  0x000001c5ff0ad1d0 JavaThread "Unconstrained build operations Thread 10" [_thread_blocked, id=5820, stack(0x0000006dfac00000,0x0000006dfad00000)]
  0x000001c5ff0b4080 JavaThread "Unconstrained build operations Thread 11" [_thread_blocked, id=13984, stack(0x0000006dfad00000,0x0000006dfae00000)]
  0x000001c5ff0b06c0 JavaThread "Unconstrained build operations Thread 12" [_thread_blocked, id=2600, stack(0x0000006dfae00000,0x0000006dfaf00000)]
  0x000001c5ff0aeeb0 JavaThread "Unconstrained build operations Thread 13" [_thread_blocked, id=19248, stack(0x0000006dfaf00000,0x0000006dfb000000)]
  0x000001c5ff0b1a00 JavaThread "Unconstrained build operations Thread 14" [_thread_blocked, id=14940, stack(0x0000006dfb000000,0x0000006dfb100000)]
  0x000001c5ff0adb70 JavaThread "Unconstrained build operations Thread 15" [_thread_blocked, id=3212, stack(0x0000006dfb100000,0x0000006dfb200000)]
  0x000001c5ff0b23a0 JavaThread "Unconstrained build operations Thread 16" [_thread_blocked, id=19640, stack(0x0000006dfb200000,0x0000006dfb300000)]
  0x000001c5ff0b01f0 JavaThread "Unconstrained build operations Thread 17" [_thread_blocked, id=18052, stack(0x0000006dfb300000,0x0000006dfb400000)]
  0x000001c5ff0af850 JavaThread "Unconstrained build operations Thread 18" [_thread_blocked, id=10248, stack(0x0000006dfb400000,0x0000006dfb500000)]
  0x000001c5ff0ae510 JavaThread "Unconstrained build operations Thread 19" [_thread_blocked, id=23044, stack(0x0000006dfb500000,0x0000006dfb600000)]
  0x000001c5ff0b1060 JavaThread "Unconstrained build operations Thread 20" [_thread_blocked, id=11668, stack(0x0000006dfb600000,0x0000006dfb700000)]
  0x000001c5ff0afd20 JavaThread "Unconstrained build operations Thread 21" [_thread_blocked, id=10872, stack(0x0000006dfb700000,0x0000006dfb800000)]
  0x000001c5ff0b4a20 JavaThread "Unconstrained build operations Thread 22" [_thread_blocked, id=8504, stack(0x0000006dfb800000,0x0000006dfb900000)]
  0x000001c5ff0b0b90 JavaThread "Unconstrained build operations Thread 23" [_thread_blocked, id=16264, stack(0x0000006dfb900000,0x0000006dfba00000)]
  0x000001c5ff0ae9e0 JavaThread "Unconstrained build operations Thread 24" [_thread_blocked, id=23156, stack(0x0000006dfba00000,0x0000006dfbb00000)]
  0x000001c5ff0b1530 JavaThread "Unconstrained build operations Thread 25" [_thread_blocked, id=21236, stack(0x0000006dfbb00000,0x0000006dfbc00000)]
  0x000001c5ff0b1ed0 JavaThread "Unconstrained build operations Thread 26" [_thread_blocked, id=22856, stack(0x0000006dfbc00000,0x0000006dfbd00000)]
  0x000001c5ff0b2d40 JavaThread "Unconstrained build operations Thread 27" [_thread_blocked, id=22944, stack(0x0000006dfbd00000,0x0000006dfbe00000)]
  0x000001c5ff0b3210 JavaThread "Unconstrained build operations Thread 28" [_thread_blocked, id=12880, stack(0x0000006dfbe00000,0x0000006dfbf00000)]
  0x000001c5ff0b36e0 JavaThread "Unconstrained build operations Thread 29" [_thread_blocked, id=9468, stack(0x0000006dfbf00000,0x0000006dfc000000)]
  0x000001c5ff0b3bb0 JavaThread "Unconstrained build operations Thread 30" [_thread_blocked, id=1664, stack(0x0000006dfc000000,0x0000006dfc100000)]
  0x000001c5ff0b4550 JavaThread "Unconstrained build operations Thread 31" [_thread_blocked, id=17320, stack(0x0000006dfc100000,0x0000006dfc200000)]
  0x000001c5ff0ad6a0 JavaThread "Unconstrained build operations Thread 32" [_thread_blocked, id=14628, stack(0x0000006dfc200000,0x0000006dfc300000)]
  0x000001c5ff0ae040 JavaThread "Unconstrained build operations Thread 33" [_thread_blocked, id=17880, stack(0x0000006dfc300000,0x0000006dfc400000)]
  0x000001c5822834a0 JavaThread "Unconstrained build operations Thread 34" [_thread_blocked, id=15900, stack(0x0000006dfc400000,0x0000006dfc500000)]
  0x000001c58227f140 JavaThread "Unconstrained build operations Thread 35" [_thread_blocked, id=19140, stack(0x0000006dfc500000,0x0000006dfc600000)]
  0x000001c58227de00 JavaThread "Unconstrained build operations Thread 36" [_thread_blocked, id=3644, stack(0x0000006dfc600000,0x0000006dfc700000)]
  0x000001c58227e7a0 JavaThread "Unconstrained build operations Thread 37" [_thread_blocked, id=3492, stack(0x0000006dfc700000,0x0000006dfc800000)]
  0x000001c582281c90 JavaThread "Unconstrained build operations Thread 38" [_thread_blocked, id=7216, stack(0x0000006dfc800000,0x0000006dfc900000)]
  0x000001c5822847e0 JavaThread "Unconstrained build operations Thread 39" [_thread_blocked, id=19232, stack(0x0000006dfc900000,0x0000006dfca00000)]
  0x000001c582283970 JavaThread "Unconstrained build operations Thread 40" [_thread_blocked, id=22440, stack(0x0000006dfca00000,0x0000006dfcb00000)]
  0x000001c58227ec70 JavaThread "Unconstrained build operations Thread 41" [_thread_blocked, id=8640, stack(0x0000006dfcb00000,0x0000006dfcc00000)]
  0x000001c58227d930 JavaThread "Unconstrained build operations Thread 42" [_thread_blocked, id=22448, stack(0x0000006dfcc00000,0x0000006dfcd00000)]
  0x000001c5822817c0 JavaThread "Unconstrained build operations Thread 43" [_thread_blocked, id=10136, stack(0x0000006dfcd00000,0x0000006dfce00000)]
  0x000001c582282160 JavaThread "Unconstrained build operations Thread 44" [_thread_blocked, id=8868, stack(0x0000006dfce00000,0x0000006dfcf00000)]
  0x000001c582282630 JavaThread "Unconstrained build operations Thread 45" [_thread_blocked, id=2336, stack(0x0000006dfcf00000,0x0000006dfd000000)]
  0x000001c58227f610 JavaThread "Unconstrained build operations Thread 46" [_thread_blocked, id=22468, stack(0x0000006dfd000000,0x0000006dfd100000)]
  0x000001c582280480 JavaThread "Unconstrained build operations Thread 47" [_thread_blocked, id=21016, stack(0x0000006dfd100000,0x0000006dfd200000)]
  0x000001c582282b00 JavaThread "Unconstrained build operations Thread 48" [_thread_blocked, id=3996, stack(0x0000006dfd200000,0x0000006dfd300000)]
  0x000001c58227fae0 JavaThread "Unconstrained build operations Thread 49" [_thread_blocked, id=23276, stack(0x0000006dfd300000,0x0000006dfd400000)]
  0x000001c582282fd0 JavaThread "Unconstrained build operations Thread 50" [_thread_blocked, id=22980, stack(0x0000006dfd400000,0x0000006dfd500000)]
  0x000001c582280950 JavaThread "Unconstrained build operations Thread 51" [_thread_blocked, id=15436, stack(0x0000006dfd500000,0x0000006dfd600000)]
  0x000001c582284310 JavaThread "Unconstrained build operations Thread 52" [_thread_blocked, id=7636, stack(0x0000006dfd600000,0x0000006dfd700000)]
  0x000001c582283e40 JavaThread "Unconstrained build operations Thread 53" [_thread_blocked, id=19460, stack(0x0000006dfd700000,0x0000006dfd800000)]
  0x000001c582284cb0 JavaThread "Unconstrained build operations Thread 54" [_thread_blocked, id=23492, stack(0x0000006dfd800000,0x0000006dfd900000)]
  0x000001c5822812f0 JavaThread "Unconstrained build operations Thread 55" [_thread_blocked, id=3348, stack(0x0000006dfd900000,0x0000006dfda00000)]
  0x000001c58227d460 JavaThread "Unconstrained build operations Thread 56" [_thread_blocked, id=15788, stack(0x0000006dfda00000,0x0000006dfdb00000)]
  0x000001c58227e2d0 JavaThread "Unconstrained build operations Thread 57" [_thread_blocked, id=5156, stack(0x0000006dfdb00000,0x0000006dfdc00000)]
  0x000001c58227ffb0 JavaThread "Unconstrained build operations Thread 58" [_thread_blocked, id=23176, stack(0x0000006dfdc00000,0x0000006dfdd00000)]
  0x000001c582280e20 JavaThread "Unconstrained build operations Thread 59" [_thread_blocked, id=14844, stack(0x0000006dfdd00000,0x0000006dfde00000)]
  0x000001c5827a18a0 JavaThread "Unconstrained build operations Thread 60" [_thread_blocked, id=9928, stack(0x0000006dfde00000,0x0000006dfdf00000)]
  0x000001c5827a48c0 JavaThread "Unconstrained build operations Thread 61" [_thread_blocked, id=864, stack(0x0000006dfdf00000,0x0000006dfe000000)]
  0x000001c58279fbc0 JavaThread "Unconstrained build operations Thread 62" [_thread_blocked, id=18656, stack(0x0000006dfe000000,0x0000006dfe100000)]
  0x000001c5827a43f0 JavaThread "Unconstrained build operations Thread 63" [_thread_blocked, id=22504, stack(0x0000006dfe100000,0x0000006dfe200000)]
  0x000001c5827a2240 JavaThread "Unconstrained build operations Thread 64" [_thread_blocked, id=13428, stack(0x0000006dfe200000,0x0000006dfe300000)]
  0x000001c5827a4d90 JavaThread "Unconstrained build operations Thread 65" [_thread_blocked, id=13972, stack(0x0000006dfe300000,0x0000006dfe400000)]
  0x000001c5827a0560 JavaThread "Unconstrained build operations Thread 66" [_thread_blocked, id=22868, stack(0x0000006dfe400000,0x0000006dfe500000)]
  0x000001c5827a1d70 JavaThread "Unconstrained build operations Thread 67" [_thread_blocked, id=16212, stack(0x0000006dfe500000,0x0000006dfe600000)]
  0x000001c5827a5730 JavaThread "Unconstrained build operations Thread 68" [_thread_blocked, id=15440, stack(0x0000006dfe600000,0x0000006dfe700000)]
  0x000001c5827a0090 JavaThread "Unconstrained build operations Thread 69" [_thread_blocked, id=2800, stack(0x0000006dfe700000,0x0000006dfe800000)]
  0x000001c5827a3580 JavaThread "Unconstrained build operations Thread 70" [_thread_blocked, id=2724, stack(0x0000006dfe800000,0x0000006dfe900000)]
  0x000001c5827a0a30 JavaThread "Unconstrained build operations Thread 71" [_thread_blocked, id=4668, stack(0x0000006dfe900000,0x0000006dfea00000)]
  0x000001c5827a3a50 JavaThread "Unconstrained build operations Thread 72" [_thread_blocked, id=23444, stack(0x0000006dfea00000,0x0000006dfeb00000)]
  0x000001c5827a5c00 JavaThread "Unconstrained build operations Thread 73" [_thread_blocked, id=13444, stack(0x0000006dfeb00000,0x0000006dfec00000)]
  0x000001c5827a60d0 JavaThread "Unconstrained build operations Thread 74" [_thread_blocked, id=4644, stack(0x0000006dfec00000,0x0000006dfed00000)]
  0x000001c5827a5260 JavaThread "Unconstrained build operations Thread 75" [_thread_blocked, id=12348, stack(0x0000006dfed00000,0x0000006dfee00000)]
  0x000001c5827a0f00 JavaThread "Unconstrained build operations Thread 76" [_thread_blocked, id=9756, stack(0x0000006dfee00000,0x0000006dfef00000)]
  0x000001c5827a2710 JavaThread "Unconstrained build operations Thread 77" [_thread_blocked, id=4104, stack(0x0000006dfef00000,0x0000006dff000000)]
  0x000001c58279e880 JavaThread "Unconstrained build operations Thread 78" [_thread_blocked, id=16708, stack(0x0000006dff000000,0x0000006dff100000)]
  0x000001c58279ed50 JavaThread "Unconstrained build operations Thread 79" [_thread_blocked, id=12200, stack(0x0000006dff100000,0x0000006dff200000)]
  0x000001c58279f220 JavaThread "Unconstrained build operations Thread 80" [_thread_blocked, id=1044, stack(0x0000006dff200000,0x0000006dff300000)]
  0x000001c58279f6f0 JavaThread "jar transforms Thread 8" [_thread_blocked, id=5496, stack(0x0000006dff400000,0x0000006dff500000)]
  0x000001c5827a30b0 JavaThread "Memory manager" [_thread_blocked, id=21260, stack(0x0000006dff600000,0x0000006dff700000)]
=>0x000001c5801f19b0 JavaThread "C2 CompilerThread1" daemon [_thread_in_native, id=9696, stack(0x0000006dff300000,0x0000006dff400000)]
  0x000001c5801f28e0 JavaThread "C2 CompilerThread2" daemon [_thread_in_native, id=22776, stack(0x0000006dff500000,0x0000006dff600000)]
  0x000001c5876d0260 JavaThread "Cache worker for kotlin-dsl (C:\Users\Blue\.gradle\caches\7.5\kotlin-dsl)" [_thread_blocked, id=22568, stack(0x0000006dff700000,0x0000006dff800000)]

Other Threads:
  0x000001c5fe3a4c50 VMThread "VM Thread" [stack: 0x0000006df6f00000,0x0000006df7000000] [id=8880]
  0x000001c5e394b8c0 WatcherThread [stack: 0x0000006df7b00000,0x0000006df7c00000] [id=19924]
  0x000001c5e391edc0 GCTaskThread "GC Thread#0" [stack: 0x0000006df6a00000,0x0000006df6b00000] [id=2920]
  0x000001c58081a3c0 GCTaskThread "GC Thread#1" [stack: 0x0000006df7c00000,0x0000006df7d00000] [id=1532]
  0x000001c5ff8e75c0 GCTaskThread "GC Thread#2" [stack: 0x0000006df7d00000,0x0000006df7e00000] [id=22748]
  0x000001c5ff8e7060 GCTaskThread "GC Thread#3" [stack: 0x0000006df7e00000,0x0000006df7f00000] [id=21220]
  0x000001c5ff8e5d90 GCTaskThread "GC Thread#4" [stack: 0x0000006df7f00000,0x0000006df8000000] [id=23212]
  0x000001c5ff8e6b00 GCTaskThread "GC Thread#5" [stack: 0x0000006df8a00000,0x0000006df8b00000] [id=23252]
  0x000001c5ff8e6db0 GCTaskThread "GC Thread#6" [stack: 0x0000006df8d00000,0x0000006df8e00000] [id=13688]
  0x000001c5ff8e6040 GCTaskThread "GC Thread#7" [stack: 0x0000006df8e00000,0x0000006df8f00000] [id=6076]
  0x000001c5e392cc20 ConcurrentGCThread "G1 Main Marker" [stack: 0x0000006df6b00000,0x0000006df6c00000] [id=22540]
  0x000001c5e392dce0 ConcurrentGCThread "G1 Conc#0" [stack: 0x0000006df6c00000,0x0000006df6d00000] [id=9164]
  0x000001c581d208a0 ConcurrentGCThread "G1 Conc#1" [stack: 0x0000006df8f00000,0x0000006df9000000] [id=11692]
  0x000001c5fe2000a0 ConcurrentGCThread "G1 Refine#0" [stack: 0x0000006df6d00000,0x0000006df6e00000] [id=2732]
  0x000001c584d4a150 ConcurrentGCThread "G1 Refine#1" [stack: 0x0000006df9b00000,0x0000006df9c00000] [id=10032]
  0x000001c5fe2008d0 ConcurrentGCThread "G1 Service" [stack: 0x0000006df6e00000,0x0000006df6f00000] [id=14136]

Threads with active compile tasks:
C2 CompilerThread0    25173 8112       4       java.beans.MethodRef::set (58 bytes)
C2 CompilerThread1    25173 8041 %     4       groovy.lang.MetaClassImpl::inheritInterfaceNewMetaMethods @ 100 (195 bytes)
C2 CompilerThread2    25173 8030   !   4       org.codehaus.groovy.reflection.stdclasses.CachedSAMClass::hasUsableImplementation (72 bytes)

VM state: not at safepoint (normal execution)

VM Mutex/Monitor currently owned by a thread: None

Heap address: 0x00000000a0000000, size: 1536 MB, Compressed Oops mode: 32-bit

CDS archive(s) not mapped
Compressed class space mapped at: 0x0000000100000000-0x0000000140000000, reserved size: 1073741824
Narrow klass base: 0x0000000000000000, Narrow klass shift: 3, Narrow klass range: 0x140000000

GC Precious Log:
 CPUs: 8 total, 8 available
 Memory: 8023M
 Large Page Support: Disabled
 NUMA Support: Disabled
 Compressed Oops: Enabled (32-bit)
 Heap Region Size: 1M
 Heap Min Capacity: 8M
 Heap Initial Capacity: 126M
 Heap Max Capacity: 1536M
 Pre-touch: Disabled
 Parallel Workers: 8
 Concurrent Workers: 2
 Concurrent Refinement Workers: 8
 Periodic GC: Disabled

Heap:
 garbage-first heap   total 133120K, used 81866K [0x00000000a0000000, 0x0000000100000000)
  region size 1024K, 14 young (14336K), 3 survivors (3072K)
 Metaspace       used 70960K, committed 71680K, reserved 1114112K
  class space    used 9348K, committed 9664K, reserved 1048576K

Heap Regions: E=young(eden), S=young(survivor), O=old, HS=humongous(starts), HC=humongous(continues), CS=collection set, F=free, OA=open archive, CA=closed archive, TAMS=top-at-mark-start (previous, next)
|   0|0x00000000a0000000, 0x00000000a0100000, 0x00000000a0100000|100%| O|  |TAMS 0x00000000a0100000, 0x00000000a0000000| Untracked 
|   1|0x00000000a0100000, 0x00000000a0200000, 0x00000000a0200000|100%| O|  |TAMS 0x00000000a0200000, 0x00000000a0100000| Untracked 
|   2|0x00000000a0200000, 0x00000000a0300000, 0x00000000a0300000|100%| O|  |TAMS 0x00000000a0300000, 0x00000000a0200000| Untracked 
|   3|0x00000000a0300000, 0x00000000a0400000, 0x00000000a0400000|100%|HS|  |TAMS 0x00000000a0400000, 0x00000000a0300000| Complete 
|   4|0x00000000a0400000, 0x00000000a0500000, 0x00000000a0500000|100%|HC|  |TAMS 0x00000000a0500000, 0x00000000a0400000| Complete 
|   5|0x00000000a0500000, 0x00000000a0600000, 0x00000000a0600000|100%|HC|  |TAMS 0x00000000a0600000, 0x00000000a0500000| Complete 
|   6|0x00000000a0600000, 0x00000000a0700000, 0x00000000a0700000|100%| O|  |TAMS 0x00000000a0700000, 0x00000000a0600000| Untracked 
|   7|0x00000000a0700000, 0x00000000a0800000, 0x00000000a0800000|100%| O|  |TAMS 0x00000000a0800000, 0x00000000a0700000| Untracked 
|   8|0x00000000a0800000, 0x00000000a0900000, 0x00000000a0900000|100%| O|  |TAMS 0x00000000a0900000, 0x00000000a0800000| Untracked 
|   9|0x00000000a0900000, 0x00000000a0a00000, 0x00000000a0a00000|100%| O|  |TAMS 0x00000000a0a00000, 0x00000000a0900000| Untracked 
|  10|0x00000000a0a00000, 0x00000000a0b00000, 0x00000000a0b00000|100%| O|  |TAMS 0x00000000a0b00000, 0x00000000a0a00000| Untracked 
|  11|0x00000000a0b00000, 0x00000000a0c00000, 0x00000000a0c00000|100%| O|  |TAMS 0x00000000a0c00000, 0x00000000a0b00000| Untracked 
|  12|0x00000000a0c00000, 0x00000000a0d00000, 0x00000000a0d00000|100%| O|  |TAMS 0x00000000a0d00000, 0x00000000a0c00000| Untracked 
|  13|0x00000000a0d00000, 0x00000000a0e00000, 0x00000000a0e00000|100%| O|  |TAMS 0x00000000a0e00000, 0x00000000a0d00000| Untracked 
|  14|0x00000000a0e00000, 0x00000000a0f00000, 0x00000000a0f00000|100%| O|  |TAMS 0x00000000a0f00000, 0x00000000a0e00000| Untracked 
|  15|0x00000000a0f00000, 0x00000000a1000000, 0x00000000a1000000|100%| O|  |TAMS 0x00000000a1000000, 0x00000000a0f00000| Untracked 
|  16|0x00000000a1000000, 0x00000000a1100000, 0x00000000a1100000|100%| O|  |TAMS 0x00000000a1100000, 0x00000000a1000000| Untracked 
|  17|0x00000000a1100000, 0x00000000a1200000, 0x00000000a1200000|100%| O|  |TAMS 0x00000000a1200000, 0x00000000a1100000| Untracked 
|  18|0x00000000a1200000, 0x00000000a1300000, 0x00000000a1300000|100%| O|  |TAMS 0x00000000a1300000, 0x00000000a1200000| Untracked 
|  19|0x00000000a1300000, 0x00000000a1400000, 0x00000000a1400000|100%| O|  |TAMS 0x00000000a1400000, 0x00000000a1300000| Untracked 
|  20|0x00000000a1400000, 0x00000000a1500000, 0x00000000a1500000|100%| O|  |TAMS 0x00000000a1500000, 0x00000000a1400000| Untracked 
|  21|0x00000000a1500000, 0x00000000a1600000, 0x00000000a1600000|100%| O|  |TAMS 0x00000000a1600000, 0x00000000a1500000| Untracked 
|  22|0x00000000a1600000, 0x00000000a1700000, 0x00000000a1700000|100%| O|  |TAMS 0x00000000a1700000, 0x00000000a1600000| Untracked 
|  23|0x00000000a1700000, 0x00000000a1800000, 0x00000000a1800000|100%| O|  |TAMS 0x00000000a1800000, 0x00000000a1700000| Untracked 
|  24|0x00000000a1800000, 0x00000000a1800000, 0x00000000a1900000|  0%| F|  |TAMS 0x00000000a1800000, 0x00000000a1800000| Untracked 
|  25|0x00000000a1900000, 0x00000000a1a00000, 0x00000000a1a00000|100%| O|  |TAMS 0x00000000a1a00000, 0x00000000a1900000| Untracked 
|  26|0x00000000a1a00000, 0x00000000a1b00000, 0x00000000a1b00000|100%| O|  |TAMS 0x00000000a1b00000, 0x00000000a1a00000| Untracked 
|  27|0x00000000a1b00000, 0x00000000a1c00000, 0x00000000a1c00000|100%| O|  |TAMS 0x00000000a1c00000, 0x00000000a1b00000| Untracked 
|  28|0x00000000a1c00000, 0x00000000a1d00000, 0x00000000a1d00000|100%| O|  |TAMS 0x00000000a1d00000, 0x00000000a1c00000| Untracked 
|  29|0x00000000a1d00000, 0x00000000a1e00000, 0x00000000a1e00000|100%| O|  |TAMS 0x00000000a1e00000, 0x00000000a1d00000| Untracked 
|  30|0x00000000a1e00000, 0x00000000a1f00000, 0x00000000a1f00000|100%| O|  |TAMS 0x00000000a1f00000, 0x00000000a1e00000| Untracked 
|  31|0x00000000a1f00000, 0x00000000a2000000, 0x00000000a2000000|100%| O|  |TAMS 0x00000000a2000000, 0x00000000a1f00000| Untracked 
|  32|0x00000000a2000000, 0x00000000a2100000, 0x00000000a2100000|100%| O|  |TAMS 0x00000000a2100000, 0x00000000a2000000| Untracked 
|  33|0x00000000a2100000, 0x00000000a2200000, 0x00000000a2200000|100%|HS|  |TAMS 0x00000000a2200000, 0x00000000a2100000| Complete 
|  34|0x00000000a2200000, 0x00000000a2300000, 0x00000000a2300000|100%|HS|  |TAMS 0x00000000a2300000, 0x00000000a2200000| Complete 
|  35|0x00000000a2300000, 0x00000000a2400000, 0x00000000a2400000|100%| O|  |TAMS 0x00000000a2400000, 0x00000000a2300000| Untracked 
|  36|0x00000000a2400000, 0x00000000a2500000, 0x00000000a2500000|100%|HS|  |TAMS 0x00000000a2500000, 0x00000000a2400000| Complete 
|  37|0x00000000a2500000, 0x00000000a2600000, 0x00000000a2600000|100%| O|  |TAMS 0x00000000a2600000, 0x00000000a2500000| Complete 
|  38|0x00000000a2600000, 0x00000000a2700000, 0x00000000a2700000|100%| O|  |TAMS 0x00000000a2700000, 0x00000000a2600000| Untracked 
|  39|0x00000000a2700000, 0x00000000a2800000, 0x00000000a2800000|100%|HS|  |TAMS 0x00000000a2800000, 0x00000000a2700000| Complete 
|  40|0x00000000a2800000, 0x00000000a2900000, 0x00000000a2900000|100%|HC|  |TAMS 0x00000000a2900000, 0x00000000a2800000| Complete 
|  41|0x00000000a2900000, 0x00000000a2a00000, 0x00000000a2a00000|100%|HC|  |TAMS 0x00000000a2a00000, 0x00000000a2900000| Complete 
|  42|0x00000000a2a00000, 0x00000000a2b00000, 0x00000000a2b00000|100%|HC|  |TAMS 0x00000000a2b00000, 0x00000000a2a00000| Complete 
|  43|0x00000000a2b00000, 0x00000000a2c00000, 0x00000000a2c00000|100%| O|  |TAMS 0x00000000a2c00000, 0x00000000a2b00000| Untracked 
|  44|0x00000000a2c00000, 0x00000000a2d00000, 0x00000000a2d00000|100%| O|  |TAMS 0x00000000a2d00000, 0x00000000a2c00000| Untracked 
|  45|0x00000000a2d00000, 0x00000000a2e00000, 0x00000000a2e00000|100%| O|  |TAMS 0x00000000a2e00000, 0x00000000a2d00000| Untracked 
|  46|0x00000000a2e00000, 0x00000000a2f00000, 0x00000000a2f00000|100%|HS|  |TAMS 0x00000000a2f00000, 0x00000000a2e00000| Complete 
|  47|0x00000000a2f00000, 0x00000000a3000000, 0x00000000a3000000|100%|HC|  |TAMS 0x00000000a3000000, 0x00000000a2f00000| Complete 
|  48|0x00000000a3000000, 0x00000000a3100000, 0x00000000a3100000|100%| O|  |TAMS 0x00000000a3100000, 0x00000000a3000000| Untracked 
|  49|0x00000000a3100000, 0x00000000a3200000, 0x00000000a3200000|100%| O|  |TAMS 0x00000000a3200000, 0x00000000a3100000| Untracked 
|  50|0x00000000a3200000, 0x00000000a3300000, 0x00000000a3300000|100%| O|  |TAMS 0x00000000a3300000, 0x00000000a3200000| Untracked 
|  51|0x00000000a3300000, 0x00000000a3400000, 0x00000000a3400000|100%| O|  |TAMS 0x00000000a3400000, 0x00000000a3300000| Untracked 
|  52|0x00000000a3400000, 0x00000000a3500000, 0x00000000a3500000|100%| O|  |TAMS 0x00000000a3500000, 0x00000000a3400000| Untracked 
|  53|0x00000000a3500000, 0x00000000a3600000, 0x00000000a3600000|100%| O|  |TAMS 0x00000000a3600000, 0x00000000a3500000| Untracked 
|  54|0x00000000a3600000, 0x00000000a3700000, 0x00000000a3700000|100%| O|  |TAMS 0x00000000a3700000, 0x00000000a3600000| Untracked 
|  55|0x00000000a3700000, 0x00000000a3800000, 0x00000000a3800000|100%| O|  |TAMS 0x00000000a3800000, 0x00000000a3700000| Untracked 
|  56|0x00000000a3800000, 0x00000000a3900000, 0x00000000a3900000|100%| O|  |TAMS 0x00000000a3900000, 0x00000000a3800000| Untracked 
|  57|0x00000000a3900000, 0x00000000a3a00000, 0x00000000a3a00000|100%|HS|  |TAMS 0x00000000a3a00000, 0x00000000a3900000| Complete 
|  58|0x00000000a3a00000, 0x00000000a3b00000, 0x00000000a3b00000|100%| O|  |TAMS 0x00000000a3b00000, 0x00000000a3a00000| Untracked 
|  59|0x00000000a3b00000, 0x00000000a3c00000, 0x00000000a3c00000|100%|HS|  |TAMS 0x00000000a3c00000, 0x00000000a3b00000| Complete 
|  60|0x00000000a3c00000, 0x00000000a3d00000, 0x00000000a3d00000|100%| O|  |TAMS 0x00000000a3d00000, 0x00000000a3c00000| Untracked 
|  61|0x00000000a3d00000, 0x00000000a3e00000, 0x00000000a3e00000|100%| O|  |TAMS 0x00000000a3e00000, 0x00000000a3d00000| Untracked 
|  62|0x00000000a3e00000, 0x00000000a3f00000, 0x00000000a3f00000|100%| O|  |TAMS 0x00000000a3f00000, 0x00000000a3e00000| Untracked 
|  63|0x00000000a3f00000, 0x00000000a4000000, 0x00000000a4000000|100%| O|  |TAMS 0x00000000a4000000, 0x00000000a3f00000| Untracked 
|  64|0x00000000a4000000, 0x00000000a4100000, 0x00000000a4100000|100%| O|  |TAMS 0x00000000a4100000, 0x00000000a4000000| Untracked 
|  65|0x00000000a4100000, 0x00000000a4200000, 0x00000000a4200000|100%| O|  |TAMS 0x00000000a4200000, 0x00000000a4100000| Untracked 
|  66|0x00000000a4200000, 0x00000000a4300000, 0x00000000a4300000|100%| O|  |TAMS 0x00000000a4300000, 0x00000000a4200000| Untracked 
|  67|0x00000000a4300000, 0x00000000a4400000, 0x00000000a4400000|100%| O|  |TAMS 0x00000000a4400000, 0x00000000a4300000| Untracked 
|  68|0x00000000a4400000, 0x00000000a44bbc00, 0x00000000a4500000| 73%| O|  |TAMS 0x00000000a44bbc00, 0x00000000a4400000| Untracked 
|  69|0x00000000a4500000, 0x00000000a4500000, 0x00000000a4600000|  0%| F|  |TAMS 0x00000000a4500000, 0x00000000a4500000| Untracked 
|  70|0x00000000a4600000, 0x00000000a4600000, 0x00000000a4700000|  0%| F|  |TAMS 0x00000000a4600000, 0x00000000a4600000| Untracked 
|  71|0x00000000a4700000, 0x00000000a4700000, 0x00000000a4800000|  0%| F|  |TAMS 0x00000000a4700000, 0x00000000a4700000| Untracked 
|  72|0x00000000a4800000, 0x00000000a4800000, 0x00000000a4900000|  0%| F|  |TAMS 0x00000000a4800000, 0x00000000a4800000| Untracked 
|  73|0x00000000a4900000, 0x00000000a4900000, 0x00000000a4a00000|  0%| F|  |TAMS 0x00000000a4900000, 0x00000000a4900000| Untracked 
|  74|0x00000000a4a00000, 0x00000000a4a00000, 0x00000000a4b00000|  0%| F|  |TAMS 0x00000000a4a00000, 0x00000000a4a00000| Untracked 
|  75|0x00000000a4b00000, 0x00000000a4b00000, 0x00000000a4c00000|  0%| F|  |TAMS 0x00000000a4b00000, 0x00000000a4b00000| Untracked 
|  76|0x00000000a4c00000, 0x00000000a4c00000, 0x00000000a4d00000|  0%| F|  |TAMS 0x00000000a4c00000, 0x00000000a4c00000| Untracked 
|  77|0x00000000a4d00000, 0x00000000a4d00000, 0x00000000a4e00000|  0%| F|  |TAMS 0x00000000a4d00000, 0x00000000a4d00000| Untracked 
|  78|0x00000000a4e00000, 0x00000000a4e00000, 0x00000000a4f00000|  0%| F|  |TAMS 0x00000000a4e00000, 0x00000000a4e00000| Untracked 
|  79|0x00000000a4f00000, 0x00000000a4f00000, 0x00000000a5000000|  0%| F|  |TAMS 0x00000000a4f00000, 0x00000000a4f00000| Untracked 
|  80|0x00000000a5000000, 0x00000000a5000000, 0x00000000a5100000|  0%| F|  |TAMS 0x00000000a5000000, 0x00000000a5000000| Untracked 
|  81|0x00000000a5100000, 0x00000000a5100000, 0x00000000a5200000|  0%| F|  |TAMS 0x00000000a5100000, 0x00000000a5100000| Untracked 
|  82|0x00000000a5200000, 0x00000000a5200000, 0x00000000a5300000|  0%| F|  |TAMS 0x00000000a5200000, 0x00000000a5200000| Untracked 
|  83|0x00000000a5300000, 0x00000000a5300000, 0x00000000a5400000|  0%| F|  |TAMS 0x00000000a5300000, 0x00000000a5300000| Untracked 
|  84|0x00000000a5400000, 0x00000000a5400000, 0x00000000a5500000|  0%| F|  |TAMS 0x00000000a5400000, 0x00000000a5400000| Untracked 
|  85|0x00000000a5500000, 0x00000000a5500000, 0x00000000a5600000|  0%| F|  |TAMS 0x00000000a5500000, 0x00000000a5500000| Untracked 
|  86|0x00000000a5600000, 0x00000000a5600000, 0x00000000a5700000|  0%| F|  |TAMS 0x00000000a5600000, 0x00000000a5600000| Untracked 
|  87|0x00000000a5700000, 0x00000000a5700000, 0x00000000a5800000|  0%| F|  |TAMS 0x00000000a5700000, 0x00000000a5700000| Untracked 
|  88|0x00000000a5800000, 0x00000000a5800000, 0x00000000a5900000|  0%| F|  |TAMS 0x00000000a5800000, 0x00000000a5800000| Untracked 
|  89|0x00000000a5900000, 0x00000000a5900000, 0x00000000a5a00000|  0%| F|  |TAMS 0x00000000a5900000, 0x00000000a5900000| Untracked 
|  90|0x00000000a5a00000, 0x00000000a5a00000, 0x00000000a5b00000|  0%| F|  |TAMS 0x00000000a5a00000, 0x00000000a5a00000| Untracked 
|  91|0x00000000a5b00000, 0x00000000a5b00000, 0x00000000a5c00000|  0%| F|  |TAMS 0x00000000a5b00000, 0x00000000a5b00000| Untracked 
|  92|0x00000000a5c00000, 0x00000000a5c00000, 0x00000000a5d00000|  0%| F|  |TAMS 0x00000000a5c00000, 0x00000000a5c00000| Untracked 
|  93|0x00000000a5d00000, 0x00000000a5d36e48, 0x00000000a5e00000| 21%| S|CS|TAMS 0x00000000a5d00000, 0x00000000a5d00000| Complete 
|  94|0x00000000a5e00000, 0x00000000a5f00000, 0x00000000a5f00000|100%| S|CS|TAMS 0x00000000a5e00000, 0x00000000a5e00000| Complete 
|  95|0x00000000a5f00000, 0x00000000a6000000, 0x00000000a6000000|100%| S|CS|TAMS 0x00000000a5f00000, 0x00000000a5f00000| Complete 
|  96|0x00000000a6000000, 0x00000000a6000000, 0x00000000a6100000|  0%| F|  |TAMS 0x00000000a6000000, 0x00000000a6000000| Untracked 
|  97|0x00000000a6100000, 0x00000000a6100000, 0x00000000a6200000|  0%| F|  |TAMS 0x00000000a6100000, 0x00000000a6100000| Untracked 
|  98|0x00000000a6200000, 0x00000000a6200000, 0x00000000a6300000|  0%| F|  |TAMS 0x00000000a6200000, 0x00000000a6200000| Untracked 
|  99|0x00000000a6300000, 0x00000000a6300000, 0x00000000a6400000|  0%| F|  |TAMS 0x00000000a6300000, 0x00000000a6300000| Untracked 
| 100|0x00000000a6400000, 0x00000000a6400000, 0x00000000a6500000|  0%| F|  |TAMS 0x00000000a6400000, 0x00000000a6400000| Untracked 
| 101|0x00000000a6500000, 0x00000000a6500000, 0x00000000a6600000|  0%| F|  |TAMS 0x00000000a6500000, 0x00000000a6500000| Untracked 
| 102|0x00000000a6600000, 0x00000000a6600000, 0x00000000a6700000|  0%| F|  |TAMS 0x00000000a6600000, 0x00000000a6600000| Untracked 
| 103|0x00000000a6700000, 0x00000000a6700000, 0x00000000a6800000|  0%| F|  |TAMS 0x00000000a6700000, 0x00000000a6700000| Untracked 
| 104|0x00000000a6800000, 0x00000000a6800000, 0x00000000a6900000|  0%| F|  |TAMS 0x00000000a6800000, 0x00000000a6800000| Untracked 
| 105|0x00000000a6900000, 0x00000000a6900000, 0x00000000a6a00000|  0%| F|  |TAMS 0x00000000a6900000, 0x00000000a6900000| Untracked 
| 106|0x00000000a6a00000, 0x00000000a6a00000, 0x00000000a6b00000|  0%| F|  |TAMS 0x00000000a6a00000, 0x00000000a6a00000| Untracked 
| 107|0x00000000a6b00000, 0x00000000a6b00000, 0x00000000a6c00000|  0%| F|  |TAMS 0x00000000a6b00000, 0x00000000a6b00000| Untracked 
| 108|0x00000000a6c00000, 0x00000000a6c00000, 0x00000000a6d00000|  0%| F|  |TAMS 0x00000000a6c00000, 0x00000000a6c00000| Untracked 
| 109|0x00000000a6d00000, 0x00000000a6d00000, 0x00000000a6e00000|  0%| F|  |TAMS 0x00000000a6d00000, 0x00000000a6d00000| Untracked 
| 110|0x00000000a6e00000, 0x00000000a6e00000, 0x00000000a6f00000|  0%| F|  |TAMS 0x00000000a6e00000, 0x00000000a6e00000| Untracked 
| 111|0x00000000a6f00000, 0x00000000a6f00000, 0x00000000a7000000|  0%| F|  |TAMS 0x00000000a6f00000, 0x00000000a6f00000| Untracked 
| 112|0x00000000a7000000, 0x00000000a7000000, 0x00000000a7100000|  0%| F|  |TAMS 0x00000000a7000000, 0x00000000a7000000| Untracked 
| 113|0x00000000a7100000, 0x00000000a7200000, 0x00000000a7200000|100%| E|CS|TAMS 0x00000000a7100000, 0x00000000a7100000| Complete 
| 114|0x00000000a7200000, 0x00000000a7300000, 0x00000000a7300000|100%| E|CS|TAMS 0x00000000a7200000, 0x00000000a7200000| Complete 
| 115|0x00000000a7300000, 0x00000000a7400000, 0x00000000a7400000|100%| E|CS|TAMS 0x00000000a7300000, 0x00000000a7300000| Complete 
| 116|0x00000000a7400000, 0x00000000a7500000, 0x00000000a7500000|100%| E|CS|TAMS 0x00000000a7400000, 0x00000000a7400000| Complete 
| 117|0x00000000a7500000, 0x00000000a7600000, 0x00000000a7600000|100%| E|CS|TAMS 0x00000000a7500000, 0x00000000a7500000| Complete 
| 118|0x00000000a7600000, 0x00000000a7700000, 0x00000000a7700000|100%| E|CS|TAMS 0x00000000a7600000, 0x00000000a7600000| Complete 
| 119|0x00000000a7700000, 0x00000000a7700000, 0x00000000a7800000|  0%| F|  |TAMS 0x00000000a7700000, 0x00000000a7700000| Untracked 
| 120|0x00000000a7800000, 0x00000000a7800000, 0x00000000a7900000|  0%| F|  |TAMS 0x00000000a7800000, 0x00000000a7800000| Untracked 
| 121|0x00000000a7900000, 0x00000000a7900000, 0x00000000a7a00000|  0%| F|  |TAMS 0x00000000a7900000, 0x00000000a7900000| Untracked 
| 122|0x00000000a7a00000, 0x00000000a7a00000, 0x00000000a7b00000|  0%| F|  |TAMS 0x00000000a7a00000, 0x00000000a7a00000| Untracked 
| 123|0x00000000a7b00000, 0x00000000a7b00000, 0x00000000a7c00000|  0%| F|  |TAMS 0x00000000a7b00000, 0x00000000a7b00000| Untracked 
| 124|0x00000000a7c00000, 0x00000000a7c00000, 0x00000000a7d00000|  0%| F|  |TAMS 0x00000000a7c00000, 0x00000000a7c00000| Untracked 
| 125|0x00000000a7d00000, 0x00000000a7e00000, 0x00000000a7e00000|100%| E|CS|TAMS 0x00000000a7d00000, 0x00000000a7d00000| Complete 
| 126|0x00000000a7e00000, 0x00000000a7f00000, 0x00000000a7f00000|100%| E|  |TAMS 0x00000000a7e00000, 0x00000000a7e00000| Complete 
| 127|0x00000000a7f00000, 0x00000000a8000000, 0x00000000a8000000|100%| E|CS|TAMS 0x00000000a7f00000, 0x00000000a7f00000| Complete 
| 128|0x00000000a8000000, 0x00000000a8100000, 0x00000000a8100000|100%| E|CS|TAMS 0x00000000a8000000, 0x00000000a8000000| Complete 
| 129|0x00000000a8100000, 0x00000000a8200000, 0x00000000a8200000|100%| E|CS|TAMS 0x00000000a8100000, 0x00000000a8100000| Complete 

Card table byte_map: [0x000001c5f82e0000,0x000001c5f85e0000] _byte_map_base: 0x000001c5f7de0000

Marking Bits (Prev, Next): (CMBitMap*) 0x000001c5e391f2e0, (CMBitMap*) 0x000001c5e391f320
 Prev Bits: [0x000001c5f88e0000, 0x000001c5fa0e0000)
 Next Bits: [0x000001c5fa0e0000, 0x000001c5fb8e0000)

Polling page: 0x000001c5e39a0000

Metaspace:

Usage:
  Non-class:     60.18 MB used.
      Class:      9.13 MB used.
       Both:     69.31 MB used.

Virtual space:
  Non-class space:       64.00 MB reserved,      60.56 MB ( 95%) committed,  8 nodes.
      Class space:        1.00 GB reserved,       9.44 MB ( <1%) committed,  1 nodes.
             Both:        1.06 GB reserved,      70.00 MB (  6%) committed. 

Chunk freelists:
   Non-Class:  2.59 MB
       Class:  2.48 MB
        Both:  5.07 MB

MaxMetaspaceSize: unlimited
CompressedClassSpaceSize: 1.00 GB
Initial GC threshold: 21.00 MB
Current GC threshold: 116.56 MB
CDS: off
MetaspaceReclaimPolicy: balanced
 - commit_granule_bytes: 65536.
 - commit_granule_words: 8192.
 - virtual_space_node_default_size: 1048576.
 - enlarge_chunks_in_place: 1.
 - new_chunks_are_fully_committed: 0.
 - uncommit_free_chunks: 1.
 - use_allocation_guard: 0.
 - handle_deallocations: 1.


Internal statistics:

num_allocs_failed_limit: 6.
num_arena_births: 690.
num_arena_deaths: 0.
num_vsnodes_births: 9.
num_vsnodes_deaths: 0.
num_space_committed: 1120.
num_space_uncommitted: 0.
num_chunks_returned_to_freelist: 6.
num_chunks_taken_from_freelist: 3098.
num_chunk_merges: 3.
num_chunk_splits: 2070.
num_chunks_enlarged: 1393.
num_purges: 0.
num_inconsistent_stats: 0.

CodeHeap 'non-profiled nmethods': size=120000Kb used=4354Kb max_used=4354Kb free=115645Kb
 bounds [0x000001c5f0040000, 0x000001c5f0490000, 0x000001c5f7570000]
CodeHeap 'profiled nmethods': size=120000Kb used=14565Kb max_used=14565Kb free=105434Kb
 bounds [0x000001c5e8570000, 0x000001c5e93b0000, 0x000001c5efaa0000]
CodeHeap 'non-nmethods': size=5760Kb used=2356Kb max_used=2467Kb free=3404Kb
 bounds [0x000001c5efaa0000, 0x000001c5efd30000, 0x000001c5f0040000]
 total_blobs=8166 nmethods=7282 adapters=796
 compilation: enabled
              stopped_count=0, restarted_count=0
 full_count=0

Compilation events (20 events):
Event: 25.104 Thread 0x000001c5fed26340 nmethod 8096 0x000001c5f047d710 code [0x000001c5f047d8a0, 0x000001c5f047de68]
Event: 25.104 Thread 0x000001c5fed26340 8104       4       java.lang.String::indexOf (18 bytes)
Event: 25.108 Thread 0x000001c5fed26340 nmethod 8104 0x000001c5f047e110 code [0x000001c5f047e2a0, 0x000001c5f047ea38]
Event: 25.108 Thread 0x000001c5fed26340 8109       4       com.sun.beans.TypeResolver::resolve (37 bytes)
Event: 25.109 Thread 0x000001c5fed26cf0 8110       3       com.sun.beans.util.Cache$Kind$2::create (27 bytes)
Event: 25.110 Thread 0x000001c5fed26cf0 nmethod 8110 0x000001c5e939ff10 code [0x000001c5e93a0100, 0x000001c5e93a0668]
Event: 25.110 Thread 0x000001c5fed26cf0 8111       3       com.sun.beans.util.Cache$Kind$Soft::<init> (12 bytes)
Event: 25.110 Thread 0x000001c5fed26cf0 nmethod 8111 0x000001c5e93a0810 code [0x000001c5e93a09c0, 0x000001c5e93a0d78]
Event: 25.111 Thread 0x000001c5fed26cf0 8115       1       java.beans.Introspector::getTargetDefaultEventIndex (5 bytes)
Event: 25.111 Thread 0x000001c5fed26cf0 nmethod 8115 0x000001c5f047ec90 code [0x000001c5f047ee20, 0x000001c5f047eef8]
Event: 25.111 Thread 0x000001c5fed26cf0 8116       1       java.beans.Introspector::getTargetDefaultPropertyIndex (5 bytes)
Event: 25.111 Thread 0x000001c5fed26cf0 nmethod 8116 0x000001c5f047ef90 code [0x000001c5f047f120, 0x000001c5f047f1f8]
Event: 25.111 Thread 0x000001c5fed26cf0 8117       3       org.codehaus.groovy.util.ComplexKeyHashMap::resize (103 bytes)
Event: 25.112 Thread 0x000001c5fed26cf0 nmethod 8117 0x000001c5e93a0e90 code [0x000001c5e93a1060, 0x000001c5e93a1618]
Event: 25.113 Thread 0x000001c5fed26cf0 8118       3       java.util.WeakHashMap::put (160 bytes)
Event: 25.113 Thread 0x000001c5fed26340 nmethod 8109 0x000001c5f047f290 code [0x000001c5f047f420, 0x000001c5f047f788]
Event: 25.113 Thread 0x000001c5fed26340 8112       4       java.beans.MethodRef::set (58 bytes)
Event: 25.114 Thread 0x000001c5fed26cf0 nmethod 8118 0x000001c5e93a1810 code [0x000001c5e93a1aa0, 0x000001c5e93a2aa8]
Event: 25.128 Thread 0x000001c5fed26cf0 8121       3       org.codehaus.groovy.runtime.metaclass.MetaMethodIndex::copyNonPrivateMethods (24 bytes)
Event: 25.128 Thread 0x000001c5fed26cf0 nmethod 8121 0x000001c5e93a3010 code [0x000001c5e93a31c0, 0x000001c5e93a33e8]

GC Heap History (20 events):
Event: 19.954 GC heap before
{Heap before GC invocations=35 (full 0):
 garbage-first heap   total 97280K, used 75187K [0x00000000a0000000, 0x0000000100000000)
  region size 1024K, 21 young (21504K), 2 survivors (2048K)
 Metaspace       used 65563K, committed 66048K, reserved 1114112K
  class space    used 8566K, committed 8768K, reserved 1048576K
}
Event: 19.958 GC heap after
{Heap after GC invocations=36 (full 0):
 garbage-first heap   total 116736K, used 58071K [0x00000000a0000000, 0x0000000100000000)
  region size 1024K, 3 young (3072K), 3 survivors (3072K)
 Metaspace       used 65563K, committed 66048K, reserved 1114112K
  class space    used 8566K, committed 8768K, reserved 1048576K
}
Event: 20.780 GC heap before
{Heap before GC invocations=37 (full 0):
 garbage-first heap   total 116736K, used 91863K [0x00000000a0000000, 0x0000000100000000)
  region size 1024K, 35 young (35840K), 3 survivors (3072K)
 Metaspace       used 68688K, committed 69248K, reserved 1114112K
  class space    used 8977K, committed 9216K, reserved 1048576K
}
Event: 20.786 GC heap after
{Heap after GC invocations=38 (full 0):
 garbage-first heap   total 116736K, used 59380K [0x00000000a0000000, 0x0000000100000000)
  region size 1024K, 4 young (4096K), 4 survivors (4096K)
 Metaspace       used 68688K, committed 69248K, reserved 1114112K
  class space    used 8977K, committed 9216K, reserved 1048576K
}
Event: 22.265 GC heap before
{Heap before GC invocations=38 (full 0):
 garbage-first heap   total 116736K, used 84980K [0x00000000a0000000, 0x0000000100000000)
  region size 1024K, 30 young (30720K), 4 survivors (4096K)
 Metaspace       used 69162K, committed 69696K, reserved 1114112K
  class space    used 9015K, committed 9280K, reserved 1048576K
}
Event: 22.271 GC heap after
{Heap after GC invocations=39 (full 0):
 garbage-first heap   total 116736K, used 61199K [0x00000000a0000000, 0x0000000100000000)
  region size 1024K, 4 young (4096K), 4 survivors (4096K)
 Metaspace       used 69162K, committed 69696K, reserved 1114112K
  class space    used 9015K, committed 9280K, reserved 1048576K
}
Event: 22.640 GC heap before
{Heap before GC invocations=40 (full 0):
 garbage-first heap   total 116736K, used 63247K [0x00000000a0000000, 0x0000000100000000)
  region size 1024K, 6 young (6144K), 4 survivors (4096K)
 Metaspace       used 69162K, committed 69696K, reserved 1114112K
  class space    used 9015K, committed 9280K, reserved 1048576K
}
Event: 22.645 GC heap after
{Heap after GC invocations=41 (full 0):
 garbage-first heap   total 116736K, used 63269K [0x00000000a0000000, 0x0000000100000000)
  region size 1024K, 3 young (3072K), 3 survivors (3072K)
 Metaspace       used 69162K, committed 69696K, reserved 1114112K
  class space    used 9015K, committed 9280K, reserved 1048576K
}
Event: 23.315 GC heap before
{Heap before GC invocations=42 (full 0):
 garbage-first heap   total 116736K, used 66341K [0x00000000a0000000, 0x0000000100000000)
  region size 1024K, 7 young (7168K), 3 survivors (3072K)
 Metaspace       used 69165K, committed 69696K, reserved 1114112K
  class space    used 9015K, committed 9280K, reserved 1048576K
}
Event: 23.319 GC heap after
{Heap after GC invocations=43 (full 0):
 garbage-first heap   total 116736K, used 66560K [0x00000000a0000000, 0x0000000100000000)
  region size 1024K, 3 young (3072K), 3 survivors (3072K)
 Metaspace       used 69165K, committed 69696K, reserved 1114112K
  class space    used 9015K, committed 9280K, reserved 1048576K
}
Event: 24.074 GC heap before
{Heap before GC invocations=44 (full 0):
 garbage-first heap   total 116736K, used 84992K [0x00000000a0000000, 0x0000000100000000)
  region size 1024K, 20 young (20480K), 3 survivors (3072K)
 Metaspace       used 69399K, committed 70016K, reserved 1114112K
  class space    used 9051K, committed 9344K, reserved 1048576K
}
Event: 24.077 GC heap after
{Heap after GC invocations=45 (full 0):
 garbage-first heap   total 116736K, used 68745K [0x00000000a0000000, 0x0000000100000000)
  region size 1024K, 3 young (3072K), 3 survivors (3072K)
 Metaspace       used 69399K, committed 70016K, reserved 1114112K
  class space    used 9051K, committed 9344K, reserved 1048576K
}
Event: 24.277 GC heap before
{Heap before GC invocations=45 (full 0):
 garbage-first heap   total 116736K, used 86153K [0x00000000a0000000, 0x0000000100000000)
  region size 1024K, 20 young (20480K), 3 survivors (3072K)
 Metaspace       used 69827K, committed 70464K, reserved 1114112K
  class space    used 9127K, committed 9408K, reserved 1048576K
}
Event: 24.281 GC heap after
{Heap after GC invocations=46 (full 0):
 garbage-first heap   total 116736K, used 69855K [0x00000000a0000000, 0x0000000100000000)
  region size 1024K, 2 young (2048K), 2 survivors (2048K)
 Metaspace       used 69827K, committed 70464K, reserved 1114112K
  class space    used 9127K, committed 9408K, reserved 1048576K
}
Event: 24.662 GC heap before
{Heap before GC invocations=47 (full 0):
 garbage-first heap   total 122880K, used 87263K [0x00000000a0000000, 0x0000000100000000)
  region size 1024K, 19 young (19456K), 2 survivors (2048K)
 Metaspace       used 70586K, committed 71232K, reserved 1114112K
  class space    used 9283K, committed 9600K, reserved 1048576K
}
Event: 24.666 GC heap after
{Heap after GC invocations=48 (full 0):
 garbage-first heap   total 122880K, used 70328K [0x00000000a0000000, 0x0000000100000000)
  region size 1024K, 2 young (2048K), 2 survivors (2048K)
 Metaspace       used 70586K, committed 71232K, reserved 1114112K
  class space    used 9283K, committed 9600K, reserved 1048576K
}
Event: 24.771 GC heap before
{Heap before GC invocations=48 (full 0):
 garbage-first heap   total 122880K, used 73400K [0x00000000a0000000, 0x0000000100000000)
  region size 1024K, 6 young (6144K), 2 survivors (2048K)
 Metaspace       used 70723K, committed 71360K, reserved 1114112K
  class space    used 9306K, committed 9600K, reserved 1048576K
}
Event: 24.774 GC heap after
{Heap after GC invocations=49 (full 0):
 garbage-first heap   total 122880K, used 70056K [0x00000000a0000000, 0x0000000100000000)
  region size 1024K, 1 young (1024K), 1 survivors (1024K)
 Metaspace       used 70723K, committed 71360K, reserved 1114112K
  class space    used 9306K, committed 9600K, reserved 1048576K
}
Event: 25.037 GC heap before
{Heap before GC invocations=49 (full 0):
 garbage-first heap   total 122880K, used 93608K [0x00000000a0000000, 0x0000000100000000)
  region size 1024K, 24 young (24576K), 1 survivors (1024K)
 Metaspace       used 70871K, committed 71488K, reserved 1114112K
  class space    used 9325K, committed 9600K, reserved 1048576K
}
Event: 25.041 GC heap after
{Heap after GC invocations=50 (full 0):
 garbage-first heap   total 122880K, used 71626K [0x00000000a0000000, 0x0000000100000000)
  region size 1024K, 3 young (3072K), 3 survivors (3072K)
 Metaspace       used 70871K, committed 71488K, reserved 1114112K
  class space    used 9325K, committed 9600K, reserved 1048576K
}

Dll operation events (2 events):
Event: 0.009 Loaded shared library D:\Android\Android Studio\jbr\bin\java.dll
Event: 0.700 Loaded shared library D:\Android\Android Studio\jbr\bin\verify.dll

Deoptimization events (20 events):
Event: 24.856 Thread 0x000001c5ff8a2db0 Uncommon trap: trap_request=0xfffffff4 fr.pc=0x000001c5f042cfc8 relative=0x00000000000009c8
Event: 24.856 Thread 0x000001c5ff8a2db0 Uncommon trap: reason=null_check action=make_not_entrant pc=0x000001c5f042cfc8 method=com.sun.beans.introspect.MethodInfo$MethodOrder.compare(Ljava/lang/reflect/Method;Ljava/lang/reflect/Method;)I @ 133 c2
Event: 24.856 Thread 0x000001c5ff8a2db0 DEOPT PACKING pc=0x000001c5f042cfc8 sp=0x0000006df86ef620
Event: 24.856 Thread 0x000001c5ff8a2db0 DEOPT UNPACKING pc=0x000001c5efaf69a3 sp=0x0000006df86ef5d8 mode 2
Event: 24.914 Thread 0x000001c5ff8a2db0 Uncommon trap: trap_request=0xffffff45 fr.pc=0x000001c5f01ae9d4 relative=0x0000000000000894
Event: 24.914 Thread 0x000001c5ff8a2db0 Uncommon trap: reason=unstable_if action=reinterpret pc=0x000001c5f01ae9d4 method=java.util.WeakHashMap.matchesKey(Ljava/util/WeakHashMap$Entry;Ljava/lang/Object;)Z @ 5 c2
Event: 24.914 Thread 0x000001c5ff8a2db0 DEOPT PACKING pc=0x000001c5f01ae9d4 sp=0x0000006df86efd50
Event: 24.914 Thread 0x000001c5ff8a2db0 DEOPT UNPACKING pc=0x000001c5efaf69a3 sp=0x0000006df86efcb8 mode 2
Event: 24.955 Thread 0x000001c5ff8a2db0 Uncommon trap: trap_request=0xfffffff4 fr.pc=0x000001c5f0468eac relative=0x0000000000002dac
Event: 24.955 Thread 0x000001c5ff8a2db0 Uncommon trap: reason=null_check action=make_not_entrant pc=0x000001c5f0468eac method=java.lang.PublicMethods$MethodList.getMostSpecific()Ljava/lang/reflect/Method; @ 41 c2
Event: 24.955 Thread 0x000001c5ff8a2db0 DEOPT PACKING pc=0x000001c5f0468eac sp=0x0000006df86ee330
Event: 24.955 Thread 0x000001c5ff8a2db0 DEOPT UNPACKING pc=0x000001c5efaf69a3 sp=0x0000006df86ee210 mode 2
Event: 25.004 Thread 0x000001c5ff8a2db0 Uncommon trap: trap_request=0xfffffff4 fr.pc=0x000001c5f046c28c relative=0x0000000000000a0c
Event: 25.004 Thread 0x000001c5ff8a2db0 Uncommon trap: reason=null_check action=make_not_entrant pc=0x000001c5f046c28c method=com.sun.beans.introspect.MethodInfo$MethodOrder.compare(Ljava/lang/reflect/Method;Ljava/lang/reflect/Method;)I @ 145 c2
Event: 25.004 Thread 0x000001c5ff8a2db0 DEOPT PACKING pc=0x000001c5f046c28c sp=0x0000006df86eead0
Event: 25.004 Thread 0x000001c5ff8a2db0 DEOPT UNPACKING pc=0x000001c5efaf69a3 sp=0x0000006df86eea70 mode 2
Event: 25.054 Thread 0x000001c5ff8a2db0 Uncommon trap: trap_request=0xffffff45 fr.pc=0x000001c5f0478694 relative=0x0000000000000a14
Event: 25.054 Thread 0x000001c5ff8a2db0 Uncommon trap: reason=unstable_if action=reinterpret pc=0x000001c5f0478694 method=com.sun.beans.introspect.MethodInfo$MethodOrder.compare(Ljava/lang/reflect/Method;Ljava/lang/reflect/Method;)I @ 124 c2
Event: 25.054 Thread 0x000001c5ff8a2db0 DEOPT PACKING pc=0x000001c5f0478694 sp=0x0000006df86ed860
Event: 25.054 Thread 0x000001c5ff8a2db0 DEOPT UNPACKING pc=0x000001c5efaf69a3 sp=0x0000006df86ed800 mode 2

Classes unloaded (0 events):
No events

Classes redefined (0 events):
No events

Internal exceptions (20 events):
Event: 24.914 Thread 0x000001c5ff8a2db0 Exception <a 'java/lang/ClassNotFoundException'{0x00000000a683fbd0}: org/gradle/api/internal/FactoryNamedDomainObjectContainerCustomizer> (0x00000000a683fbd0) 
thrown [s\src\hotspot\share\classfile\systemDictionary.cpp, line 256]
Event: 24.917 Thread 0x000001c5ff8a2db0 Exception <a 'java/lang/ClassNotFoundException'{0x00000000a686b1f8}: org/gradle/api/internal/FactoryNamedDomainObjectContainer_DecoratedCustomizer> (0x00000000a686b1f8) 
thrown [s\src\hotspot\share\classfile\systemDictionary.cpp, line 256]
Event: 24.999 Thread 0x000001c5ff8a2db0 Exception <a 'java/lang/ClassNotFoundException'{0x00000000a625f748}: com/android/build/gradle/internal/dsl/BuildType$AgpDecorated_DecoratedBeanInfo> (0x00000000a625f748) 
thrown [s\src\hotspot\share\classfile\systemDictionary.cpp, line 256]
Event: 25.000 Thread 0x000001c5ff8a2db0 Exception <a 'java/lang/ClassNotFoundException'{0x00000000a6274838}: com/android/build/gradle/internal/dsl/BuildType$AgpDecoratedBeanInfo> (0x00000000a6274838) 
thrown [s\src\hotspot\share\classfile\systemDictionary.cpp, line 256]
Event: 25.001 Thread 0x000001c5ff8a2db0 Exception <a 'java/lang/ClassNotFoundException'{0x00000000a6289f98}: com/android/build/gradle/internal/dsl/BuildTypeBeanInfo> (0x00000000a6289f98) 
thrown [s\src\hotspot\share\classfile\systemDictionary.cpp, line 256]
Event: 25.003 Thread 0x000001c5ff8a2db0 Exception <a 'java/lang/ClassNotFoundException'{0x00000000a629f518}: com/android/builder/core/AbstractBuildTypeBeanInfo> (0x00000000a629f518) 
thrown [s\src\hotspot\share\classfile\systemDictionary.cpp, line 256]
Event: 25.004 Thread 0x000001c5ff8a2db0 Exception <a 'java/lang/ClassNotFoundException'{0x00000000a62b4d38}: com/android/builder/core/AbstractBuildTypeCustomizer> (0x00000000a62b4d38) 
thrown [s\src\hotspot\share\classfile\systemDictionary.cpp, line 256]
Event: 25.005 Thread 0x000001c5ff8a2db0 Exception <a 'java/lang/ClassNotFoundException'{0x00000000a62e6c68}: com/android/build/gradle/internal/dsl/BuildTypeCustomizer> (0x00000000a62e6c68) 
thrown [s\src\hotspot\share\classfile\systemDictionary.cpp, line 256]
Event: 25.008 Thread 0x000001c5ff8a2db0 Exception <a 'java/lang/ClassNotFoundException'{0x00000000a617b050}: com/android/build/gradle/internal/dsl/BuildType$AgpDecoratedCustomizer> (0x00000000a617b050) 
thrown [s\src\hotspot\share\classfile\systemDictionary.cpp, line 256]
Event: 25.011 Thread 0x000001c5ff8a2db0 Exception <a 'java/lang/ClassNotFoundException'{0x00000000a61c58d8}: com/android/build/gradle/internal/dsl/BuildType$AgpDecorated_DecoratedCustomizer> (0x00000000a61c58d8) 
thrown [s\src\hotspot\share\classfile\systemDictionary.cpp, line 256]
Event: 25.050 Thread 0x000001c5ff8a2db0 Exception <a 'java/lang/ClassNotFoundException'{0x00000000a7662e90}: org/gradle/api/internal/plugins/DefaultPluginContainerBeanInfo> (0x00000000a7662e90) 
thrown [s\src\hotspot\share\classfile\systemDictionary.cpp, line 256]
Event: 25.052 Thread 0x000001c5ff8a2db0 Exception <a 'java/lang/ClassNotFoundException'{0x00000000a7687ac0}: org/gradle/api/internal/plugins/DefaultPluginCollectionBeanInfo> (0x00000000a7687ac0) 
thrown [s\src\hotspot\share\classfile\systemDictionary.cpp, line 256]
Event: 25.053 Thread 0x000001c5ff8a2db0 Exception <a 'java/lang/ClassNotFoundException'{0x00000000a76ac3f0}: org/gradle/api/internal/plugins/DefaultPluginCollectionCustomizer> (0x00000000a76ac3f0) 
thrown [s\src\hotspot\share\classfile\systemDictionary.cpp, line 256]
Event: 25.059 Thread 0x000001c5ff8a2db0 Exception <a 'java/lang/ClassNotFoundException'{0x00000000a76f6e08}: org/gradle/api/internal/plugins/DefaultPluginContainerCustomizer> (0x00000000a76f6e08) 
thrown [s\src\hotspot\share\classfile\systemDictionary.cpp, line 256]
Event: 25.096 Thread 0x000001c5ff8a2db0 Exception <a 'java/lang/ClassNotFoundException'{0x00000000a73f7308}: org/gradle/api/internal/artifacts/configurations/DefaultConfigurationContainer_DecoratedBeanInfo> (0x00000000a73f7308) 
thrown [s\src\hotspot\share\classfile\systemDictionary.cpp, line 256]
Event: 25.098 Thread 0x000001c5ff8a2db0 Exception <a 'java/lang/ClassNotFoundException'{0x00000000a72202f0}: org/gradle/api/internal/artifacts/configurations/DefaultConfigurationContainerBeanInfo> (0x00000000a72202f0) 
thrown [s\src\hotspot\share\classfile\systemDictionary.cpp, line 256]
Event: 25.100 Thread 0x000001c5ff8a2db0 Exception <a 'java/lang/ClassNotFoundException'{0x00000000a7244c00}: org/gradle/api/internal/AbstractValidatingNamedDomainObjectContainerBeanInfo> (0x00000000a7244c00) 
thrown [s\src\hotspot\share\classfile\systemDictionary.cpp, line 256]
Event: 25.101 Thread 0x000001c5ff8a2db0 Exception <a 'java/lang/ClassNotFoundException'{0x00000000a7269510}: org/gradle/api/internal/AbstractValidatingNamedDomainObjectContainerCustomizer> (0x00000000a7269510) 
thrown [s\src\hotspot\share\classfile\systemDictionary.cpp, line 256]
Event: 25.107 Thread 0x000001c5ff8a2db0 Exception <a 'java/lang/ClassNotFoundException'{0x00000000a729d2a0}: org/gradle/api/internal/artifacts/configurations/DefaultConfigurationContainerCustomizer> (0x00000000a729d2a0) 
thrown [s\src\hotspot\share\classfile\systemDictionary.cpp, line 256]
Event: 25.109 Thread 0x000001c5ff8a2db0 Exception <a 'java/lang/ClassNotFoundException'{0x00000000a72da0f8}: org/gradle/api/internal/artifacts/configurations/DefaultConfigurationContainer_DecoratedCustomizer> (0x00000000a72da0f8) 
thrown [s\src\hotspot\share\classfile\systemDictionary.cpp, line 256]

VM Operations (20 events):
Event: 24.384 Executing VM operation: G1Concurrent
Event: 24.384 Executing VM operation: G1Concurrent done
Event: 24.488 Executing VM operation: HandshakeAllThreads
Event: 24.488 Executing VM operation: HandshakeAllThreads done
Event: 24.492 Executing VM operation: HandshakeAllThreads
Event: 24.492 Executing VM operation: HandshakeAllThreads done
Event: 24.593 Executing VM operation: HandshakeAllThreads
Event: 24.594 Executing VM operation: HandshakeAllThreads done
Event: 24.662 Executing VM operation: G1CollectForAllocation
Event: 24.666 Executing VM operation: G1CollectForAllocation done
Event: 24.771 Executing VM operation: G1CollectForAllocation
Event: 24.775 Executing VM operation: G1CollectForAllocation done
Event: 24.821 Executing VM operation: HandshakeAllThreads
Event: 24.821 Executing VM operation: HandshakeAllThreads done
Event: 25.032 Executing VM operation: HandshakeAllThreads
Event: 25.033 Executing VM operation: HandshakeAllThreads done
Event: 25.037 Executing VM operation: G1CollectForAllocation
Event: 25.042 Executing VM operation: G1CollectForAllocation done
Event: 25.117 Executing VM operation: G1Concurrent
Event: 25.121 Executing VM operation: G1Concurrent done

Events (20 events):
Event: 24.177 loading class java/util/LinkedHashMapCustomizer done
Event: 24.235 loading class jdk/internal/loader/URLClassPath$JarLoader$3
Event: 24.236 loading class jdk/internal/loader/URLClassPath$JarLoader$3 done
Event: 24.253 Thread 0x000001c5801f28e0 Thread added: 0x000001c5801f28e0
Event: 24.286 Thread 0x000001c5876d0260 Thread added: 0x000001c5876d0260
Event: 24.542 loading class java/util/stream/ReferencePipeline$4
Event: 24.542 loading class java/util/stream/ReferencePipeline$4 done
Event: 24.542 loading class java/util/function/IntBinaryOperator
Event: 24.543 loading class java/util/function/IntBinaryOperator done
Event: 24.543 loading class java/util/stream/ReduceOps$6
Event: 24.543 loading class java/util/stream/ReduceOps$6 done
Event: 24.543 loading class java/util/stream/ReduceOps$5ReducingSink
Event: 24.544 loading class java/util/stream/ReduceOps$5ReducingSink done
Event: 24.544 loading class java/util/stream/ReferencePipeline$4$1
Event: 24.544 loading class java/util/stream/ReferencePipeline$4$1 done
Event: 24.822 Thread 0x000001c5fed29de0 flushing nmethod 0x000001c5f029ba10
Event: 24.863 loading class java/beans/IntrospectionException
Event: 24.863 loading class java/beans/IntrospectionException done
Event: 25.031 loading class java/util/AbstractList$ListItr
Event: 25.031 loading class java/util/AbstractList$ListItr done


Dynamic libraries:
0x00007ff6df790000 - 0x00007ff6df79a000 	D:\Android\Android Studio\jbr\bin\java.exe
0x00007ffddbb10000 - 0x00007ffddbd08000 	C:\WINDOWS\SYSTEM32\ntdll.dll
0x00007ffdda570000 - 0x00007ffdda62d000 	C:\WINDOWS\System32\KERNEL32.DLL
0x00007ffdd9870000 - 0x00007ffdd9b66000 	C:\WINDOWS\System32\KERNELBASE.dll
0x00007ffdd93f0000 - 0x00007ffdd94f0000 	C:\WINDOWS\System32\ucrtbase.dll
0x00007ffda5020000 - 0x00007ffda5037000 	D:\Android\Android Studio\jbr\bin\jli.dll
0x00007ffdd65e0000 - 0x00007ffdd65fb000 	D:\Android\Android Studio\jbr\bin\VCRUNTIME140.dll
0x00007ffdd9f30000 - 0x00007ffdda0ce000 	C:\WINDOWS\System32\USER32.dll
0x00007ffdd93c0000 - 0x00007ffdd93e2000 	C:\WINDOWS\System32\win32u.dll
0x00007ffdd9cf0000 - 0x00007ffdd9d1c000 	C:\WINDOWS\System32\GDI32.dll
0x00007ffdc34a0000 - 0x00007ffdc373a000 	C:\WINDOWS\WinSxS\amd64_microsoft.windows.common-controls_6595b64144ccf1df_6.0.19041.3636_none_60b6a03d71f818d5\COMCTL32.dll
0x00007ffdd96a0000 - 0x00007ffdd97ba000 	C:\WINDOWS\System32\gdi32full.dll
0x00007ffddb5b0000 - 0x00007ffddb64e000 	C:\WINDOWS\System32\msvcrt.dll
0x00007ffdd9600000 - 0x00007ffdd969d000 	C:\WINDOWS\System32\msvcp_win.dll
0x00007ffddaf10000 - 0x00007ffddaf40000 	C:\WINDOWS\System32\IMM32.DLL
0x00007ffdd56e0000 - 0x00007ffdd56ec000 	D:\Android\Android Studio\jbr\bin\vcruntime140_1.dll
0x00007ffdc58e0000 - 0x00007ffdc596d000 	D:\Android\Android Studio\jbr\bin\msvcp140.dll
0x00007ffd87e90000 - 0x00007ffd88afe000 	D:\Android\Android Studio\jbr\bin\server\jvm.dll
0x00007ffddaf70000 - 0x00007ffddb01f000 	C:\WINDOWS\System32\ADVAPI32.dll
0x00007ffdda290000 - 0x00007ffdda32c000 	C:\WINDOWS\System32\sechost.dll
0x00007ffdda150000 - 0x00007ffdda276000 	C:\WINDOWS\System32\RPCRT4.dll
0x00007ffdb0420000 - 0x00007ffdb0429000 	C:\WINDOWS\SYSTEM32\WSOCK32.dll
0x00007ffdc6e80000 - 0x00007ffdc6ea7000 	C:\WINDOWS\SYSTEM32\WINMM.dll
0x00007ffdd3350000 - 0x00007ffdd335a000 	C:\WINDOWS\SYSTEM32\VERSION.dll
0x00007ffdd9d20000 - 0x00007ffdd9d8b000 	C:\WINDOWS\System32\WS2_32.dll
0x00007ffdd7a40000 - 0x00007ffdd7a52000 	C:\WINDOWS\SYSTEM32\kernel.appcore.dll
0x00007ffdc82f0000 - 0x00007ffdc82fa000 	D:\Android\Android Studio\jbr\bin\jimage.dll
0x00007ffdd6fb0000 - 0x00007ffdd7194000 	C:\WINDOWS\SYSTEM32\DBGHELP.DLL
0x00007ffdc4860000 - 0x00007ffdc4894000 	C:\WINDOWS\SYSTEM32\dbgcore.DLL
0x00007ffdd9570000 - 0x00007ffdd95f2000 	C:\WINDOWS\System32\bcryptPrimitives.dll
0x00007ffdc6eb0000 - 0x00007ffdc6ed5000 	D:\Android\Android Studio\jbr\bin\java.dll
0x00007ffda8fd0000 - 0x00007ffda8fe8000 	D:\Android\Android Studio\jbr\bin\zip.dll
0x00007ffdda7c0000 - 0x00007ffddaf04000 	C:\WINDOWS\System32\SHELL32.dll
0x00007ffdd71a0000 - 0x00007ffdd793b000 	C:\WINDOWS\SYSTEM32\windows.storage.dll
0x00007ffddb6b0000 - 0x00007ffddba04000 	C:\WINDOWS\System32\combase.dll
0x00007ffdd8c30000 - 0x00007ffdd8c5d000 	C:\WINDOWS\SYSTEM32\Wldp.dll
0x00007ffdd9b70000 - 0x00007ffdd9c1d000 	C:\WINDOWS\System32\SHCORE.dll
0x00007ffddba10000 - 0x00007ffddba65000 	C:\WINDOWS\System32\shlwapi.dll
0x00007ffdd9120000 - 0x00007ffdd9145000 	C:\WINDOWS\SYSTEM32\profapi.dll
0x00007ffda5b50000 - 0x00007ffda5b69000 	D:\Android\Android Studio\jbr\bin\net.dll
0x00007ffdceec0000 - 0x00007ffdcefca000 	C:\WINDOWS\SYSTEM32\WINHTTP.dll
0x00007ffdd8990000 - 0x00007ffdd89fa000 	C:\WINDOWS\system32\mswsock.dll
0x00007ffda5850000 - 0x00007ffda5866000 	D:\Android\Android Studio\jbr\bin\nio.dll
0x00007ffdc5860000 - 0x00007ffdc5870000 	D:\Android\Android Studio\jbr\bin\verify.dll
0x00007ffdc80e0000 - 0x00007ffdc8107000 	C:\Users\Blue\.gradle\native\e1d6ef7f7dcc3fd88c89a11ec53ec762bb8ba0a96d01ffa2cd45eb1d1d8dd5c5\windows-amd64\native-platform.dll
0x00007ffd9a5f0000 - 0x00007ffd9a734000 	C:\Users\Blue\.gradle\native\0d407fdbe67a94daf76414ababcb853783967236a71b16ec16e742cd7a986fd3\windows-amd64\native-platform-file-events.dll
0x00007ffdc57d0000 - 0x00007ffdc57d9000 	D:\Android\Android Studio\jbr\bin\management.dll
0x00007ffdc57a0000 - 0x00007ffdc57ab000 	D:\Android\Android Studio\jbr\bin\management_ext.dll
0x00007ffdd9df0000 - 0x00007ffdd9df8000 	C:\WINDOWS\System32\PSAPI.DLL
0x00007ffdd8b80000 - 0x00007ffdd8b98000 	C:\WINDOWS\SYSTEM32\CRYPTSP.dll
0x00007ffdd8250000 - 0x00007ffdd8284000 	C:\WINDOWS\system32\rsaenh.dll
0x00007ffdd9540000 - 0x00007ffdd9567000 	C:\WINDOWS\System32\bcrypt.dll
0x00007ffdd90a0000 - 0x00007ffdd90ce000 	C:\WINDOWS\SYSTEM32\USERENV.dll
0x00007ffdd8ba0000 - 0x00007ffdd8bac000 	C:\WINDOWS\SYSTEM32\CRYPTBASE.dll
0x00007ffdd8630000 - 0x00007ffdd866b000 	C:\WINDOWS\SYSTEM32\IPHLPAPI.DLL
0x00007ffddaf40000 - 0x00007ffddaf48000 	C:\WINDOWS\System32\NSI.dll
0x00007ffdd1bd0000 - 0x00007ffdd1be7000 	C:\WINDOWS\SYSTEM32\dhcpcsvc6.DLL
0x00007ffdd1bb0000 - 0x00007ffdd1bcd000 	C:\WINDOWS\SYSTEM32\dhcpcsvc.DLL
0x00007ffdd8680000 - 0x00007ffdd874a000 	C:\WINDOWS\SYSTEM32\DNSAPI.dll
0x00007ffdc82e0000 - 0x00007ffdc82e7000 	C:\WINDOWS\system32\wshunix.dll

dbghelp: loaded successfully - version: 4.0.5 - missing functions: none
symbol engine: initialized successfully - sym options: 0x614 - pdb path: .;D:\Android\Android Studio\jbr\bin;C:\WINDOWS\SYSTEM32;C:\WINDOWS\WinSxS\amd64_microsoft.windows.common-controls_6595b64144ccf1df_6.0.19041.3636_none_60b6a03d71f818d5;D:\Android\Android Studio\jbr\bin\server;C:\Users\Blue\.gradle\native\e1d6ef7f7dcc3fd88c89a11ec53ec762bb8ba0a96d01ffa2cd45eb1d1d8dd5c5\windows-amd64;C:\Users\Blue\.gradle\native\0d407fdbe67a94daf76414ababcb853783967236a71b16ec16e742cd7a986fd3\windows-amd64

VM Arguments:
jvm_args: --add-opens=java.base/java.util=ALL-UNNAMED --add-opens=java.base/java.lang=ALL-UNNAMED --add-opens=java.base/java.lang.invoke=ALL-UNNAMED --add-opens=java.base/java.util=ALL-UNNAMED --add-opens=java.prefs/java.util.prefs=ALL-UNNAMED --add-opens=java.prefs/java.util.prefs=ALL-UNNAMED --add-opens=java.base/java.nio.charset=ALL-UNNAMED --add-opens=java.base/java.net=ALL-UNNAMED --add-opens=java.base/java.util.concurrent.atomic=ALL-UNNAMED -Xmx1536M -Dfile.encoding=windows-1252 -Duser.country=US -Duser.language=en -Duser.variant 
java_command: org.gradle.launcher.daemon.bootstrap.GradleDaemon 7.5
java_class_path (initial): C:\Users\Blue\.gradle\wrapper\dists\gradle-7.5-all\6qsw290k5lz422uaf8jf6m7co\gradle-7.5\lib\gradle-launcher-7.5.jar
Launcher Type: SUN_STANDARD

[Global flags]
     intx CICompilerCount                          = 4                                         {product} {ergonomic}
     uint ConcGCThreads                            = 2                                         {product} {ergonomic}
     uint G1ConcRefinementThreads                  = 8                                         {product} {ergonomic}
   size_t G1HeapRegionSize                         = 1048576                                   {product} {ergonomic}
    uintx GCDrainStackTargetSize                   = 64                                        {product} {ergonomic}
   size_t InitialHeapSize                          = 132120576                                 {product} {ergonomic}
   size_t MarkStackSize                            = 4194304                                   {product} {ergonomic}
   size_t MaxHeapSize                              = 1610612736                                {product} {command line}
   size_t MaxNewSize                               = 965738496                                 {product} {ergonomic}
   size_t MinHeapDeltaBytes                        = 1048576                                   {product} {ergonomic}
   size_t MinHeapSize                              = 8388608                                   {product} {ergonomic}
    uintx NonNMethodCodeHeapSize                   = 5839372                                {pd product} {ergonomic}
    uintx NonProfiledCodeHeapSize                  = 122909434                              {pd product} {ergonomic}
    uintx ProfiledCodeHeapSize                     = 122909434                              {pd product} {ergonomic}
    uintx ReservedCodeCacheSize                    = 251658240                              {pd product} {ergonomic}
     bool SegmentedCodeCache                       = true                                      {product} {ergonomic}
   size_t SoftMaxHeapSize                          = 1610612736                             {manageable} {ergonomic}
     bool UseCompressedClassPointers               = true                           {product lp64_product} {ergonomic}
     bool UseCompressedOops                        = true                           {product lp64_product} {ergonomic}
     bool UseG1GC                                  = true                                      {product} {ergonomic}
     bool UseLargePagesIndividualAllocation        = false                                  {pd product} {ergonomic}

Logging:
Log output configuration:
 #0: stdout all=warning uptime,level,tags
 #1: stderr all=off uptime,level,tags

Environment Variables:
JAVA_HOME=D:\Android\Android Studio\jbr
CLASSPATH=D:\AndroidStudioProjects\error_404_s_application7\android\\gradle\wrapper\gradle-wrapper.jar
PATH=D:\Android\Android Studio\jbr\bin;D:\Oracle\dbhomeXE\bin;D:\app\Blue\product\21c\dbhomeXE\bin;C:\Program Files\Common Files\Oracle\Java\javapath;C:\Program Files (x86)\Common Files\Oracle\Java\javapath;C:\WINDOWS\system32;C:\WINDOWS;C:\WINDOWS\System32\Wbem;C:\WINDOWS\System32\WindowsPowerShell\v1.0\;C:\WINDOWS\System32\OpenSSH\;C:\Program Files\Microsoft SQL Server\150\Tools\Binn\;C:\Program Files\dotnet\;D:\nodejs\;C:\Program Files (x86)\NVIDIA Corporation\PhysX\Common;C:\Program Files\NVIDIA Corporation\NVIDIA NvDLISR;C:\PHP;C:\composer;C:\Program Files\OpenSSL-Win64\bin;C:\Program Files\Redis\;c:\page;C:\Program Files\CMake\bin;d:\page;D:\Git\cmd;C:\Users\Blue\AppData\Local\Microsoft\WindowsApps;C:\Users\Blue\.dotnet\tools;C:\Users\Blue\AppData\Roaming\npm;C:\Users\Blue\ffmpeg-git-full\ffmpeg-2022-09-22-git-af919cf780-full_build\bin;D:\CodeBlocks\MinGW\bin;D:\IntelliJ IDEA Community Edition 2022.3.2\bin;;C:\Users\Blue\AppData\Roaming\Composer\vendor\bin;D:\Microsoft VS Code\bin;C:\Program Files\CMake\bin;C:\MinGW\bin;C:\Program Files\apache-maven-3.9.4-bin\apache-maven-3.9.4\bin;C:\Program Files\kotlin-compiler-1.2.21\kotlinc\bin;D:\spark-3.5.0-bin-hadoop3\spark-3.5.0-bin-hadoop3\bin;D:\winutils\bin;D:\dartsdk-windows-x64-release\dart-sdk\bin;D:\flutter_windows_3.13.7-stable\flutter\bin;D:\anaconda3;D:\anaconda3\Scripts;D:\anaconda3\Library\bin;D:\anaconda3\Library\usr\bin;D:\anaconda3\Library\mingw-w64\bin;C:\Windows\System32;D:\Git\bin;D:\Git\bin\git.exe;;D:\flutter_windows_3.13.7-stable\flutter\bin\mingit\cmd
USERNAME=Blue
OS=Windows_NT
PROCESSOR_IDENTIFIER=Intel64 Family 6 Model 165 Stepping 2, GenuineIntel
TMP=C:\Users\Blue\AppData\Local\Temp
TEMP=C:\Users\Blue\AppData\Local\Temp


JNI global refs:
JNI global refs: 25, weak refs: 2

JNI global refs memory usage: 843, weak refs: 841


---------------  S Y S T E M  ---------------

OS:
 Windows 10 , 64 bit Build 19041 (10.0.19041.3636)
OS uptime: 0 days 20:59 hours

CPU: total 8 (initial active 8) (4 cores per cpu, 2 threads per core) family 6 model 165 stepping 2 microcode 0xe2, cx8, cmov, fxsr, ht, mmx, 3dnowpref, sse, sse2, sse3, ssse3, sse4.1, sse4.2, popcnt, lzcnt, tsc, tscinvbit, avx, avx2, aes, erms, clmul, bmi1, bmi2, adx, fma, vzeroupper, clflush, clflushopt

Memory: 4k page, system-wide physical 8023M (572M free)
TotalPageFile size 21676M (AvailPageFile size 5M)
current process WorkingSet (physical memory assigned to process): 359M, peak: 359M
current process commit charge ("private bytes"): 403M, peak: 404M

vm_info: OpenJDK 64-Bit Server VM (17.0.6+0-b2043.56-10027231) for windows-amd64 JRE (17.0.6+0-b2043.56-10027231), built on Apr 28 2023 00:43:19 by "androidbuild" with MS VC++ 16.10 / 16.11 (VS2019)

END.
